[0.019s] Invoking command in '/home/ari/ros_tut/build/ros_tut': CMAKE_PREFIX_PATH=${CMAKE_PREFIX_PATH}:/opt/ros/foxy /usr/bin/cmake --build /home/ari/ros_tut/build/ros_tut -- -j8 -l8
[0.029s] CMake Error: The current CMakeCache.txt directory /home/ari/ros_tut/build/ros_tut/CMakeCache.txt is different than the directory /home/ari/ros-tut/build/ros_tut where CMakeCache.txt was created. This may result in binaries being created in the wrong place. If you are not sure, reedit the CMakeCache.txt
[0.067s] /bin/sh: 1: cd: can't cd to /home/ari/ros-tut/build/ros_tut
[0.067s] make[2]: *** [CMakeFiles/client.dir/build.make:158: CMakeFiles/client.dir/depend] Error 2
[0.070s] make[1]: *** [CMakeFiles/Makefile2:132: CMakeFiles/client.dir/all] Error 2
[0.070s] make[1]: *** Waiting for unfinished jobs....
[0.073s] /bin/sh: 1: cd: can't cd to /home/ari/ros-tut/build/ros_tut
[0.074s] make[2]: *** [CMakeFiles/server.dir/build.make:158: CMakeFiles/server.dir/depend] Error 2
[0.074s] make[1]: *** [CMakeFiles/Makefile2:159: CMakeFiles/server.dir/all] Error 2
[0.076s] /bin/sh: 1: cd: /bin/sh: 1: cd: can't cd to /home/ari/ros-tut/build/ros_tut
[0.076s] can't cd to /home/ari/ros-tut/build/ros_tut
[0.076s] make[2]: *** [CMakeFiles/listener.dir/build.make:143: CMakeFiles/listener.dir/depend] Error 2
[0.076s] /bin/sh: 1: cd: can't cd to /home/ari/ros-tut/build/ros_tut
[0.076s] make[1]: *** [CMakeFiles/Makefile2:186: CMakeFiles/listener.dir/all] Error 2
[0.081s] make[2]: *** [CMakeFiles/talker.dir/build.make:143: CMakeFiles/talker.dir/depend] Error 2
[0.081s] make[2]: *** [CMakeFiles/my_node.dir/build.make:96: CMakeFiles/my_node.dir/depend] Error 2
[0.082s] make[1]: *** [CMakeFiles/Makefile2:213: CMakeFiles/my_node.dir/all] Error 2
[0.082s] make[1]: *** [CMakeFiles/Makefile2:240: CMakeFiles/talker.dir/all] Error 2
[0.082s] make: *** [Makefile:141: all] Error 2
[0.085s] Invoked command in '/home/ari/ros_tut/build/ros_tut' returned '2': CMAKE_PREFIX_PATH=${CMAKE_PREFIX_PATH}:/opt/ros/foxy /usr/bin/cmake --build /home/ari/ros_tut/build/ros_tut -- -j8 -l8
