[  1%] [34m[1mGenerating C code for ROS interfaces[0m
[  3%] [34m[1mGenerating C++ code for ROS interfaces[0m
[  4%] [32mBuilding CXX object CMakeFiles/spawn.dir/src/spawn.cpp.o[0m
[  6%] [32mBuilding CXX object CMakeFiles/circle.dir/src/circle.cpp.o[0m
[  7%] [32mBuilding CXX object CMakeFiles/kill_turtles.dir/src/clear_turtles.cpp.o[0m
[  7%] Built target ros_tut__cpp
[  9%] [32mBuilding C object CMakeFiles/ros_tut__rosidl_generator_c.dir/rosidl_generator_c/ros_tut/msg/detail/num__functions.c.o[0m
[ 11%] [32mBuilding C object CMakeFiles/ros_tut__rosidl_generator_c.dir/rosidl_generator_c/ros_tut/srv/detail/add_three_ints__functions.c.o[0m
[ 12%] [32mBuilding C object CMakeFiles/ros_tut__rosidl_generator_c.dir/rosidl_generator_c/ros_tut/msg/detail/distance__functions.c.o[0m
[ 14%] [32mBuilding C object CMakeFiles/ros_tut__rosidl_generator_c.dir/rosidl_generator_c/ros_tut/srv/detail/success__functions.c.o[0m
[ 15%] [34m[1mGenerating C++ introspection for ROS interfaces[0m
[ 17%] [34m[1mGenerating C++ type support dispatch for ROS interfaces[0m
[ 19%] [34m[1mGenerating C++ type support for eProsima Fast-RTPS[0m
[ 20%] [32m[1mLinking C shared library libros_tut__rosidl_generator_c.so[0m
[ 22%] [32mBuilding CXX object CMakeFiles/ros_tut__rosidl_typesupport_introspection_cpp.dir/rosidl_typesupport_introspection_cpp/ros_tut/msg/detail/num__type_support.cpp.o[0m
[ 23%] [32mBuilding CXX object CMakeFiles/ros_tut__rosidl_typesupport_introspection_cpp.dir/rosidl_typesupport_introspection_cpp/ros_tut/srv/detail/add_three_ints__type_support.cpp.o[0m
[ 23%] Built target ros_tut__rosidl_generator_c
[ 25%] [34m[1mGenerating C type support dispatch for ROS interfaces[0m
[ 26%] [32mBuilding CXX object CMakeFiles/ros_tut__rosidl_typesupport_cpp.dir/rosidl_typesupport_cpp/ros_tut/msg/num__type_support.cpp.o[0m
[ 28%] [32mBuilding CXX object CMakeFiles/ros_tut__rosidl_typesupport_fastrtps_cpp.dir/rosidl_typesupport_fastrtps_cpp/ros_tut/msg/detail/dds_fastrtps/num__type_support.cpp.o[0m
[35m[1mScanning dependencies of target ros_tut__rosidl_typesupport_c[0m
[ 30%] [32mBuilding CXX object CMakeFiles/ros_tut__rosidl_typesupport_introspection_cpp.dir/rosidl_typesupport_introspection_cpp/ros_tut/srv/detail/success__type_support.cpp.o[0m
[ 31%] [32mBuilding CXX object CMakeFiles/ros_tut__rosidl_typesupport_introspection_cpp.dir/rosidl_typesupport_introspection_cpp/ros_tut/msg/detail/distance__type_support.cpp.o[0m
[ 33%] [32mBuilding CXX object CMakeFiles/ros_tut__rosidl_typesupport_c.dir/rosidl_typesupport_c/ros_tut/msg/num__type_support.cpp.o[0m
[ 34%] [32mBuilding CXX object CMakeFiles/ros_tut__rosidl_typesupport_cpp.dir/rosidl_typesupport_cpp/ros_tut/srv/add_three_ints__type_support.cpp.o[0m
[ 36%] [32mBuilding CXX object CMakeFiles/ros_tut__rosidl_typesupport_c.dir/rosidl_typesupport_c/ros_tut/srv/add_three_ints__type_support.cpp.o[0m
[ 38%] [32mBuilding CXX object CMakeFiles/ros_tut__rosidl_typesupport_fastrtps_cpp.dir/rosidl_typesupport_fastrtps_cpp/ros_tut/srv/detail/dds_fastrtps/add_three_ints__type_support.cpp.o[0m
[ 39%] [32mBuilding CXX object CMakeFiles/ros_tut__rosidl_typesupport_c.dir/rosidl_typesupport_c/ros_tut/srv/success__type_support.cpp.o[0m
[ 41%] [32mBuilding CXX object CMakeFiles/ros_tut__rosidl_typesupport_c.dir/rosidl_typesupport_c/ros_tut/msg/distance__type_support.cpp.o[0m
[ 42%] [32mBuilding CXX object CMakeFiles/ros_tut__rosidl_typesupport_cpp.dir/rosidl_typesupport_cpp/ros_tut/srv/success__type_support.cpp.o[0m
[ 44%] [32mBuilding CXX object CMakeFiles/ros_tut__rosidl_typesupport_cpp.dir/rosidl_typesupport_cpp/ros_tut/msg/distance__type_support.cpp.o[0m
[ 46%] [32m[1mLinking CXX shared library libros_tut__rosidl_typesupport_c.so[0m
[ 47%] [32m[1mLinking CXX shared library libros_tut__rosidl_typesupport_introspection_cpp.so[0m
[ 47%] Built target ros_tut__rosidl_typesupport_c
[ 47%] Built target ros_tut__rosidl_typesupport_introspection_cpp
[ 49%] [34m[1mGenerating C introspection for ROS interfaces[0m
[ 50%] [32mBuilding CXX object CMakeFiles/ros_tut__rosidl_typesupport_fastrtps_cpp.dir/rosidl_typesupport_fastrtps_cpp/ros_tut/srv/detail/dds_fastrtps/success__type_support.cpp.o[0m
[ 52%] [32mBuilding CXX object CMakeFiles/ros_tut__rosidl_typesupport_fastrtps_cpp.dir/rosidl_typesupport_fastrtps_cpp/ros_tut/msg/detail/dds_fastrtps/distance__type_support.cpp.o[0m
[ 53%] [32m[1mLinking CXX shared library libros_tut__rosidl_typesupport_cpp.so[0m
[ 53%] Built target ros_tut__rosidl_typesupport_cpp
[35m[1mScanning dependencies of target ros_tut__rosidl_typesupport_introspection_c[0m
[ 55%] [32mBuilding C object CMakeFiles/ros_tut__rosidl_typesupport_introspection_c.dir/rosidl_typesupport_introspection_c/ros_tut/msg/detail/num__type_support.c.o[0m
[ 57%] [32mBuilding C object CMakeFiles/ros_tut__rosidl_typesupport_introspection_c.dir/rosidl_typesupport_introspection_c/ros_tut/srv/detail/add_three_ints__type_support.c.o[0m
[ 58%] [32mBuilding C object CMakeFiles/ros_tut__rosidl_typesupport_introspection_c.dir/rosidl_typesupport_introspection_c/ros_tut/srv/detail/success__type_support.c.o[0m
[ 60%] [32mBuilding C object CMakeFiles/ros_tut__rosidl_typesupport_introspection_c.dir/rosidl_typesupport_introspection_c/ros_tut/msg/detail/distance__type_support.c.o[0m
[ 61%] [32m[1mLinking C shared library libros_tut__rosidl_typesupport_introspection_c.so[0m
[ 61%] Built target ros_tut__rosidl_typesupport_introspection_c
[ 63%] [32m[1mLinking CXX shared library libros_tut__rosidl_typesupport_fastrtps_cpp.so[0m
[ 63%] Built target ros_tut__rosidl_typesupport_fastrtps_cpp
[ 65%] [34m[1mGenerating C type support for eProsima Fast-RTPS[0m
[35m[1mScanning dependencies of target ros_tut__rosidl_typesupport_fastrtps_c[0m
[ 66%] [32mBuilding CXX object CMakeFiles/ros_tut__rosidl_typesupport_fastrtps_c.dir/rosidl_typesupport_fastrtps_c/ros_tut/msg/detail/num__type_support_c.cpp.o[0m
[ 68%] [32mBuilding CXX object CMakeFiles/ros_tut__rosidl_typesupport_fastrtps_c.dir/rosidl_typesupport_fastrtps_c/ros_tut/msg/detail/distance__type_support_c.cpp.o[0m
[ 69%] [32mBuilding CXX object CMakeFiles/ros_tut__rosidl_typesupport_fastrtps_c.dir/rosidl_typesupport_fastrtps_c/ros_tut/srv/detail/success__type_support_c.cpp.o[0m
[ 71%] [32mBuilding CXX object CMakeFiles/ros_tut__rosidl_typesupport_fastrtps_c.dir/rosidl_typesupport_fastrtps_c/ros_tut/srv/detail/add_three_ints__type_support_c.cpp.o[0m
[ 73%] [32m[1mLinking CXX shared library libros_tut__rosidl_typesupport_fastrtps_c.so[0m
[ 73%] Built target ros_tut__rosidl_typesupport_fastrtps_c
[35m[1mScanning dependencies of target ros_tut[0m
[ 73%] Built target ros_tut
[35m[1mScanning dependencies of target reset[0m
[35m[1mScanning dependencies of target ros_tut__py[0m
[ 74%] [34m[1mGenerating Python code for ROS interfaces[0m
[ 76%] [32mBuilding CXX object CMakeFiles/reset.dir/src/reset.cpp.o[0m
[ 77%] [32m[1mLinking CXX shared library libspawn.so[0m
[ 79%] [32m[1mLinking CXX shared library libkill_turtles.so[0m
[ 79%] Built target ros_tut__py
[35m[1mScanning dependencies of target ros_tut__python[0m
[ 80%] [32mBuilding C object CMakeFiles/ros_tut__python.dir/rosidl_generator_py/ros_tut/msg/_num_s.c.o[0m
[ 82%] [32mBuilding C object CMakeFiles/ros_tut__python.dir/rosidl_generator_py/ros_tut/srv/_add_three_ints_s.c.o[0m
[ 84%] [32mBuilding C object CMakeFiles/ros_tut__python.dir/rosidl_generator_py/ros_tut/srv/_success_s.c.o[0m
[ 85%] [32mBuilding C object CMakeFiles/ros_tut__python.dir/rosidl_generator_py/ros_tut/msg/_distance_s.c.o[0m
[ 85%] Built target kill_turtles
[ 85%] Built target spawn
[ 87%] [32m[1mLinking C shared library rosidl_generator_py/ros_tut/libros_tut__python.so[0m
[ 87%] Built target ros_tut__python
[ 88%] [32m[1mLinking CXX shared library libcircle.so[0m
[35m[1mScanning dependencies of target ros_tut__rosidl_typesupport_fastrtps_c__pyext[0m
[35m[1mScanning dependencies of target ros_tut__rosidl_typesupport_c__pyext[0m
[35m[1mScanning dependencies of target ros_tut__rosidl_typesupport_introspection_c__pyext[0m
[ 90%] [32mBuilding C object CMakeFiles/ros_tut__rosidl_typesupport_c__pyext.dir/rosidl_generator_py/ros_tut/_ros_tut_s.ep.rosidl_typesupport_c.c.o[0m
[ 92%] [32mBuilding C object CMakeFiles/ros_tut__rosidl_typesupport_introspection_c__pyext.dir/rosidl_generator_py/ros_tut/_ros_tut_s.ep.rosidl_typesupport_introspection_c.c.o[0m
[ 93%] [32mBuilding C object CMakeFiles/ros_tut__rosidl_typesupport_fastrtps_c__pyext.dir/rosidl_generator_py/ros_tut/_ros_tut_s.ep.rosidl_typesupport_fastrtps_c.c.o[0m
[ 95%] [32m[1mLinking C shared library rosidl_generator_py/ros_tut/ros_tut_s__rosidl_typesupport_c.cpython-38-aarch64-linux-gnu.so[0m
[ 96%] [32m[1mLinking C shared library rosidl_generator_py/ros_tut/ros_tut_s__rosidl_typesupport_introspection_c.cpython-38-aarch64-linux-gnu.so[0m
[ 98%] [32m[1mLinking CXX shared library rosidl_generator_py/ros_tut/ros_tut_s__rosidl_typesupport_fastrtps_c.cpython-38-aarch64-linux-gnu.so[0m
[ 98%] Built target circle
[ 98%] Built target ros_tut__rosidl_typesupport_c__pyext
[ 98%] Built target ros_tut__rosidl_typesupport_introspection_c__pyext
[ 98%] Built target ros_tut__rosidl_typesupport_fastrtps_c__pyext
[01m[K/home/ari/ros-tut/src/reset.cpp:[m[K In member function ‘[01m[Kvoid composition::reset::reset_service(std::shared_ptr<ros_tut::srv::Success_Request_<std::allocator<void> > >, std::shared_ptr<ros_tut::srv::Success_Response_<std::allocator<void> > >)[m[K’:
[01m[K/home/ari/ros-tut/src/reset.cpp:27:81:[m[K [01;35m[Kwarning: [m[Kunused parameter ‘[01m[Krequest[m[K’ [[01;35m[K-Wunused-parameter[m[K]
   27 | void reset::reset_service([01;35m[Kconst std::shared_ptr<ros_tut::srv::Success::Request> request[m[K,
      |                           [01;35m[K~~~~~~~~~~~~~~~~~~~~~~~~~~~~~~~~~~~~~~~~~~~~~~~~~~~~~~^~~~~~~[m[K
[100%] [32m[1mLinking CXX shared library libreset.so[0m
[100%] Built target reset
-- Install configuration: ""
CMake Error at cmake_install.cmake:41 (file):
  file cannot create directory:
  /usr/local/share/ament_index/resource_index/rosidl_interfaces.  Maybe need
  administrative privileges.


