[35m[1mScanning dependencies of target clear[0m
[  3%] Built target my_node
[  6%] Built target client
[  8%] Built target ros_tut__cpp
[ 18%] Built target server
[ 20%] Built target ros_tut__rosidl_generator_c
[ 23%] Built target listener
[ 27%] Built target talker
[ 28%] [32mBuilding CXX object CMakeFiles/clear.dir/src/clear_turtles.cpp.o[0m
[ 37%] Built target ros_tut__rosidl_typesupport_c
[ 45%] Built target ros_tut__rosidl_typesupport_introspection_cpp
[ 54%] Built target ros_tut__rosidl_typesupport_introspection_c
[ 62%] Built target ros_tut__rosidl_typesupport_cpp
[ 71%] Built target ros_tut__rosidl_typesupport_fastrtps_cpp
[ 72%] [34m[1mGenerating C type support for eProsima Fast-RTPS[0m
[35m[1mScanning dependencies of target ros_tut__rosidl_typesupport_fastrtps_c[0m
[ 76%] [32mBuilding CXX object CMakeFiles/ros_tut__rosidl_typesupport_fastrtps_c.dir/rosidl_typesupport_fastrtps_c/ros_tut/srv/detail/add_three_ints__type_support_c.cpp.o[0m
[ 76%] [32mBuilding CXX object CMakeFiles/ros_tut__rosidl_typesupport_fastrtps_c.dir/rosidl_typesupport_fastrtps_c/ros_tut/msg/detail/num__type_support_c.cpp.o[0m
[ 77%] [32mBuilding CXX object CMakeFiles/ros_tut__rosidl_typesupport_fastrtps_c.dir/rosidl_typesupport_fastrtps_c/ros_tut/srv/detail/success__type_support_c.cpp.o[0m
[ 79%] [32m[1mLinking CXX shared library libros_tut__rosidl_typesupport_fastrtps_c.so[0m
[ 79%] Built target ros_tut__rosidl_typesupport_fastrtps_c
