[0.008s] Invoking command in '/home/ari/ros-tut/build/ros-tut': CMAKE_PREFIX_PATH=/opt/ros/foxy /usr/bin/cmake /home/ari/ros-tut -DCMAKE_INSTALL_PREFIX=/home/ari/ros-tut/install/ros-tut
[0.074s] -- The C compiler identification is GNU 9.3.0
[0.157s] -- The CXX compiler identification is GNU 9.3.0
[0.164s] -- Check for working C compiler: /usr/bin/cc
[0.209s] -- Check for working C compiler: /usr/bin/cc -- works
[0.210s] -- Detecting C compiler ABI info
[0.251s] -- Detecting C compiler ABI info - done
[0.258s] -- Detecting C compile features
[0.259s] -- Detecting C compile features - done
[0.261s] -- Check for working CXX compiler: /usr/bin/c++
[0.303s] -- Check for working CXX compiler: /usr/bin/c++ -- works
[0.304s] -- Detecting CXX compiler ABI info
[0.350s] -- Detecting CXX compiler ABI info - done
[0.357s] -- Detecting CXX compile features
[0.357s] -- Detecting CXX compile features - done
[0.368s] -- Found ament_cmake: 0.9.8 (/opt/ros/foxy/share/ament_cmake/cmake)
[0.386s] -- Found PythonInterp: /usr/bin/python3 (found suitable version "3.8.5", minimum required is "3") 
[0.386s] -- Using PYTHON_EXECUTABLE: /usr/bin/python3
[0.507s] -- Found ament_lint_auto: 0.9.6 (/opt/ros/foxy/share/ament_lint_auto/cmake)
[0.561s] -- Added test 'copyright' to check source files copyright and LICENSE
[0.564s] -- Added test 'cppcheck' to perform static code analysis on C / C++ code
[0.564s] -- Configured cppcheck include dirs: $<BUILD_INTERFACE:/home/ari/ros-tut/include>
[0.565s] -- Configured cppcheck exclude dirs and/or files: 
[0.568s] -- Added test 'cpplint' to check C / C++ code against the Google style
[0.568s] -- Configured cpplint exclude dirs and/or files: 
[0.570s] -- Added test 'lint_cmake' to check CMake code style
[0.574s] -- Added test 'uncrustify' to check C / C++ code style
[0.574s] -- Configured uncrustify additional arguments: 
[0.575s] -- Added test 'xmllint' to check XML markup files
[0.577s] -- Configuring done
[0.578s] -- Generating done
[0.579s] -- Build files have been written to: /home/ari/ros-tut/build/ros-tut
[0.582s] Invoked command in '/home/ari/ros-tut/build/ros-tut' returned '0': CMAKE_PREFIX_PATH=/opt/ros/foxy /usr/bin/cmake /home/ari/ros-tut -DCMAKE_INSTALL_PREFIX=/home/ari/ros-tut/install/ros-tut
[0.583s] Invoking command in '/home/ari/ros-tut/build/ros-tut': CMAKE_PREFIX_PATH=/opt/ros/foxy /usr/bin/cmake --build /home/ari/ros-tut/build/ros-tut -- -j8 -l8
[0.604s] [35m[1mScanning dependencies of target my_node[0m
[0.610s] [ 50%] [32mBuilding CXX object CMakeFiles/my_node.dir/src/my_node.cpp.o[0m
[0.630s] [100%] [32m[1mLinking CXX executable my_node[0m
[0.653s] [100%] Built target my_node
[0.659s] Invoked command in '/home/ari/ros-tut/build/ros-tut' returned '0': CMAKE_PREFIX_PATH=/opt/ros/foxy /usr/bin/cmake --build /home/ari/ros-tut/build/ros-tut -- -j8 -l8
[0.677s] Invoking command in '/home/ari/ros-tut/build/ros-tut': CMAKE_PREFIX_PATH=/opt/ros/foxy /usr/bin/cmake --install /home/ari/ros-tut/build/ros-tut
[0.682s] -- Install configuration: ""
[0.682s] -- Installing: /home/ari/ros-tut/install/ros-tut/lib/ros-tut/my_node
[0.682s] -- Installing: /home/ari/ros-tut/install/ros-tut/share/ament_index/resource_index/package_run_dependencies/ros-tut
[0.682s] -- Installing: /home/ari/ros-tut/install/ros-tut/share/ament_index/resource_index/parent_prefix_path/ros-tut
[0.682s] -- Installing: /home/ari/ros-tut/install/ros-tut/share/ros-tut/environment/ament_prefix_path.sh
[0.683s] -- Installing: /home/ari/ros-tut/install/ros-tut/share/ros-tut/environment/ament_prefix_path.dsv
[0.683s] -- Installing: /home/ari/ros-tut/install/ros-tut/share/ros-tut/environment/path.sh
[0.683s] -- Installing: /home/ari/ros-tut/install/ros-tut/share/ros-tut/environment/path.dsv
[0.683s] -- Installing: /home/ari/ros-tut/install/ros-tut/share/ros-tut/local_setup.bash
[0.683s] -- Installing: /home/ari/ros-tut/install/ros-tut/share/ros-tut/local_setup.sh
[0.683s] -- Installing: /home/ari/ros-tut/install/ros-tut/share/ros-tut/local_setup.zsh
[0.683s] -- Installing: /home/ari/ros-tut/install/ros-tut/share/ros-tut/local_setup.dsv
[0.683s] -- Installing: /home/ari/ros-tut/install/ros-tut/share/ros-tut/package.dsv
[0.683s] -- Installing: /home/ari/ros-tut/install/ros-tut/share/ament_index/resource_index/packages/ros-tut
[0.683s] -- Installing: /home/ari/ros-tut/install/ros-tut/share/ros-tut/cmake/ros-tutConfig.cmake
[0.683s] -- Installing: /home/ari/ros-tut/install/ros-tut/share/ros-tut/cmake/ros-tutConfig-version.cmake
[0.683s] -- Installing: /home/ari/ros-tut/install/ros-tut/share/ros-tut/package.xml
[0.685s] Invoked command in '/home/ari/ros-tut/build/ros-tut' returned '0': CMAKE_PREFIX_PATH=/opt/ros/foxy /usr/bin/cmake --install /home/ari/ros-tut/build/ros-tut
