[0.213s] DEBUG:colcon:Command line arguments: ['/home/ari/.local/bin/colcon', 'build', '--packages-select', 'ros-tut']
[0.213s] DEBUG:colcon:Parsed command line arguments: Namespace(ament_cmake_args=None, base_paths=['.'], build_base='build', catkin_cmake_args=None, catkin_skip_building_tests=False, cmake_args=None, cmake_clean_cache=False, cmake_clean_first=False, cmake_force_configure=False, cmake_target=None, cmake_target_skip_unavailable=False, continue_on_error=False, event_handlers=None, executor='parallel', ignore_user_meta=False, install_base='install', log_base=None, log_level=None, main=<bound method BuildVerb.main of <colcon_core.verb.build.BuildVerb object at 0xffff97d7d0a0>>, merge_install=False, metas=['./colcon.meta'], packages_above=None, packages_above_and_dependencies=None, packages_above_depth=None, packages_end=None, packages_ignore=None, packages_ignore_regex=None, packages_select=['ros-tut'], packages_select_build_failed=False, packages_select_by_dep=None, packages_select_regex=None, packages_select_test_failures=False, packages_skip=None, packages_skip_build_finished=False, packages_skip_by_dep=None, packages_skip_regex=None, packages_skip_test_passed=False, packages_skip_up_to=None, packages_start=None, packages_up_to=None, packages_up_to_regex=None, parallel_workers=8, paths=None, symlink_install=False, test_result_base=None, verb_extension=<colcon_core.verb.build.BuildVerb object at 0xffff97d7d0a0>, verb_name='build', verb_parser=<colcon_defaults.argument_parser.defaults.DefaultArgumentsDecorator object at 0xffff97d7d5e0>)
[0.219s] Level 1:colcon.colcon_core.package_discovery:discover_packages(colcon_meta) check parameters
[0.219s] Level 1:colcon.colcon_core.package_discovery:discover_packages(recursive) check parameters
[0.219s] Level 1:colcon.colcon_core.package_discovery:discover_packages(ignore) check parameters
[0.219s] Level 1:colcon.colcon_core.package_discovery:discover_packages(path) check parameters
[0.219s] Level 1:colcon.colcon_core.package_discovery:discover_packages(colcon_meta) discover
[0.219s] Level 1:colcon.colcon_core.package_discovery:discover_packages(recursive) discover
[0.219s] INFO:colcon.colcon_core.package_discovery:Crawling recursively for packages in '/home/ari/ros-tut'
[0.220s] Level 1:colcon.colcon_core.package_identification:_identify(.) by extensions ['ignore', 'ignore_ament_install']
[0.220s] Level 1:colcon.colcon_core.package_identification:_identify(.) by extension 'ignore'
[0.220s] Level 1:colcon.colcon_core.package_identification:_identify(.) by extension 'ignore_ament_install'
[0.220s] Level 1:colcon.colcon_core.package_identification:_identify(.) by extensions ['colcon_pkg']
[0.220s] Level 1:colcon.colcon_core.package_identification:_identify(.) by extension 'colcon_pkg'
[0.220s] Level 1:colcon.colcon_core.package_identification:_identify(.) by extensions ['colcon_meta']
[0.220s] Level 1:colcon.colcon_core.package_identification:_identify(.) by extension 'colcon_meta'
[0.220s] Level 1:colcon.colcon_core.package_identification:_identify(.) by extensions ['ros']
[0.220s] Level 1:colcon.colcon_core.package_identification:_identify(.) by extension 'ros'
[0.226s] DEBUG:colcon.colcon_core.package_identification:Package '.' with type 'ros.ament_cmake' and name 'ros-tut'
[0.226s] Level 1:colcon.colcon_core.package_discovery:discover_packages(recursive) using defaults
[0.226s] Level 1:colcon.colcon_core.package_discovery:discover_packages(ignore) discover
[0.227s] Level 1:colcon.colcon_core.package_discovery:discover_packages(ignore) using defaults
[0.227s] Level 1:colcon.colcon_core.package_discovery:discover_packages(path) discover
[0.227s] Level 1:colcon.colcon_core.package_discovery:discover_packages(path) using defaults
[0.247s] Level 5:colcon.colcon_core.verb:set package 'ros-tut' build argument 'cmake_args' from command line to 'None'
[0.247s] Level 5:colcon.colcon_core.verb:set package 'ros-tut' build argument 'cmake_target' from command line to 'None'
[0.247s] Level 5:colcon.colcon_core.verb:set package 'ros-tut' build argument 'cmake_target_skip_unavailable' from command line to 'False'
[0.247s] Level 5:colcon.colcon_core.verb:set package 'ros-tut' build argument 'cmake_clean_cache' from command line to 'False'
[0.247s] Level 5:colcon.colcon_core.verb:set package 'ros-tut' build argument 'cmake_clean_first' from command line to 'False'
[0.247s] Level 5:colcon.colcon_core.verb:set package 'ros-tut' build argument 'cmake_force_configure' from command line to 'False'
[0.247s] Level 5:colcon.colcon_core.verb:set package 'ros-tut' build argument 'ament_cmake_args' from command line to 'None'
[0.247s] Level 5:colcon.colcon_core.verb:set package 'ros-tut' build argument 'catkin_cmake_args' from command line to 'None'
[0.247s] Level 5:colcon.colcon_core.verb:set package 'ros-tut' build argument 'catkin_skip_building_tests' from command line to 'False'
[0.247s] DEBUG:colcon.colcon_core.verb:Building package 'ros-tut' with the following arguments: {'ament_cmake_args': None, 'build_base': '/home/ari/ros-tut/build/ros-tut', 'catkin_cmake_args': None, 'catkin_skip_building_tests': False, 'cmake_args': None, 'cmake_clean_cache': False, 'cmake_clean_first': False, 'cmake_force_configure': False, 'cmake_target': None, 'cmake_target_skip_unavailable': False, 'install_base': '/home/ari/ros-tut/install/ros-tut', 'merge_install': False, 'path': '/home/ari/ros-tut', 'symlink_install': False, 'test_result_base': None}
[0.248s] INFO:colcon.colcon_core.executor:Executing jobs using 'parallel' executor
[0.253s] DEBUG:colcon.colcon_parallel_executor.executor.parallel:run_until_complete
[0.253s] INFO:colcon.colcon_ros.task.ament_cmake.build:Building ROS package in '/home/ari/ros-tut' with build type 'ament_cmake'
[0.253s] INFO:colcon.colcon_cmake.task.cmake.build:Building CMake package in '/home/ari/ros-tut'
[0.258s] INFO:colcon.colcon_core.plugin_system:Skipping extension 'colcon_core.shell.bat': Not used on non-Windows systems
[0.258s] INFO:colcon.colcon_core.shell:Skip shell extension 'powershell' for command environment: Not usable outside of PowerShell
[0.258s] DEBUG:colcon.colcon_core.shell:Skip shell extension 'dsv' for command environment
[0.260s] DEBUG:colcon.colcon_core.shell:Ignoring prefix path '/opt/ros/foxy'
[0.273s] DEBUG:colcon.colcon_core.event_handler.log_command:Invoking command in '/home/ari/ros-tut/build/ros-tut': CMAKE_PREFIX_PATH=${CMAKE_PREFIX_PATH}:/opt/ros/foxy /usr/bin/cmake --build /home/ari/ros-tut/build/ros-tut -- -j8 -l8
[0.885s] DEBUG:colcon.colcon_core.event_handler.log_command:Invoked command in '/home/ari/ros-tut/build/ros-tut' returned '2': CMAKE_PREFIX_PATH=${CMAKE_PREFIX_PATH}:/opt/ros/foxy /usr/bin/cmake --build /home/ari/ros-tut/build/ros-tut -- -j8 -l8
[0.911s] Level 1:colcon.colcon_core.environment:create_environment_scripts_only(ros-tut)
[0.914s] Level 1:colcon.colcon_core.environment:checking '/home/ari/ros-tut/install/ros-tut' for CMake module files
[0.914s] Level 1:colcon.colcon_core.environment:checking '/home/ari/ros-tut/install/ros-tut' for CMake config files
[0.914s] Level 1:colcon.colcon_core.shell:create_environment_hook('ros-tut', 'cmake_prefix_path')
[0.916s] INFO:colcon.colcon_core.shell:Creating environment hook '/home/ari/ros-tut/install/ros-tut/share/ros-tut/hook/cmake_prefix_path.ps1'
[0.916s] INFO:colcon.colcon_core.shell:Creating environment descriptor '/home/ari/ros-tut/install/ros-tut/share/ros-tut/hook/cmake_prefix_path.dsv'
[0.917s] INFO:colcon.colcon_core.shell:Creating environment hook '/home/ari/ros-tut/install/ros-tut/share/ros-tut/hook/cmake_prefix_path.sh'
[0.918s] Level 1:colcon.colcon_core.environment:checking '/home/ari/ros-tut/install/ros-tut/lib'
[0.918s] Level 1:colcon.colcon_core.environment:checking '/home/ari/ros-tut/install/ros-tut/bin'
[0.918s] Level 1:colcon.colcon_core.environment:checking '/home/ari/ros-tut/install/ros-tut/lib/pkgconfig/ros-tut.pc'
[0.918s] Level 1:colcon.colcon_core.environment:checking '/home/ari/ros-tut/install/ros-tut/lib/python3.8/site-packages'
[0.920s] INFO:colcon.colcon_core.shell:Creating package script '/home/ari/ros-tut/install/ros-tut/share/ros-tut/package.ps1'
[0.920s] INFO:colcon.colcon_core.shell:Creating package descriptor '/home/ari/ros-tut/install/ros-tut/share/ros-tut/package.dsv'
[0.921s] INFO:colcon.colcon_core.shell:Creating package script '/home/ari/ros-tut/install/ros-tut/share/ros-tut/package.sh'
[0.921s] INFO:colcon.colcon_core.shell:Creating package script '/home/ari/ros-tut/install/ros-tut/share/ros-tut/package.bash'
[0.922s] INFO:colcon.colcon_core.shell:Creating package script '/home/ari/ros-tut/install/ros-tut/share/ros-tut/package.zsh'
[0.922s] Level 1:colcon.colcon_core.environment:create_file_with_runtime_dependencies(/home/ari/ros-tut/install/ros-tut/share/colcon-core/packages/ros-tut)
[0.934s] DEBUG:colcon.colcon_parallel_executor.executor.parallel:closing loop
[0.934s] DEBUG:colcon.colcon_parallel_executor.executor.parallel:loop closed
[0.934s] DEBUG:colcon.colcon_parallel_executor.executor.parallel:run_until_complete finished with '2'
[0.934s] DEBUG:colcon.colcon_core.event_reactor:joining thread
[0.939s] INFO:colcon.colcon_core.plugin_system:Skipping extension 'colcon_notification.desktop_notification.terminal_notifier': Not used on non-Darwin systems
[0.939s] INFO:colcon.colcon_core.plugin_system:Skipping extension 'colcon_notification.desktop_notification.win32': Not used on non-Windows systems
[0.939s] INFO:colcon.colcon_notification.desktop_notification:Sending desktop notification using 'notify2'
[0.949s] DEBUG:colcon.colcon_core.event_reactor:joined thread
[0.952s] INFO:colcon.colcon_core.shell:Creating prefix script '/home/ari/ros-tut/install/local_setup.ps1'
[0.953s] INFO:colcon.colcon_core.shell:Creating prefix util module '/home/ari/ros-tut/install/_local_setup_util_ps1.py'
[0.954s] INFO:colcon.colcon_core.shell:Creating prefix chain script '/home/ari/ros-tut/install/setup.ps1'
[0.956s] INFO:colcon.colcon_core.shell:Creating prefix script '/home/ari/ros-tut/install/local_setup.sh'
[0.957s] INFO:colcon.colcon_core.shell:Creating prefix util module '/home/ari/ros-tut/install/_local_setup_util_sh.py'
[0.957s] INFO:colcon.colcon_core.shell:Creating prefix chain script '/home/ari/ros-tut/install/setup.sh'
[0.959s] INFO:colcon.colcon_core.shell:Creating prefix script '/home/ari/ros-tut/install/local_setup.bash'
[0.960s] INFO:colcon.colcon_core.shell:Creating prefix chain script '/home/ari/ros-tut/install/setup.bash'
[0.963s] INFO:colcon.colcon_core.shell:Creating prefix script '/home/ari/ros-tut/install/local_setup.zsh'
[0.963s] INFO:colcon.colcon_core.shell:Creating prefix chain script '/home/ari/ros-tut/install/setup.zsh'
