[0.017s] Invoking command in '/home/ari/ros_tut/build/ros_tut': CMAKE_PREFIX_PATH=/opt/ros/foxy /usr/bin/cmake --build /home/ari/ros_tut/build/ros_tut -- -j8 -l8
[0.030s] CMake Error: The current CMakeCache.txt directory /home/ari/ros_tut/build/ros_tut/CMakeCache.txt is different than the directory /home/ari/ros-tut/build/ros_tut where CMakeCache.txt was created. This may result in binaries being created in the wrong place. If you are not sure, reedit the CMakeCache.txt
[0.059s] /bin/sh: 1: cd: can't cd to /home/ari/ros-tut/build/ros_tut
[0.059s] make[2]: *** [CMakeFiles/ros_tut__cpp.dir/build.make:151: CMakeFiles/ros_tut__cpp.dir/depend] Error 2
[0.060s] make[1]: *** [CMakeFiles/Makefile2:645: CMakeFiles/ros_tut__cpp.dir/all] Error 2
[0.060s] make[1]: *** Waiting for unfinished jobs....
[0.060s] /bin/sh: 1: cd: can't cd to /home/ari/ros-tut/build/ros_tut
[0.060s] /bin/sh: 1: cd: can't cd to /home/ari/ros-tut/build/ros_tut
[0.060s] /bin/sh: 1: cd: can't cd to /home/ari/ros-tut/build/ros_tut
[0.060s] make[2]: *** [CMakeFiles/client.dir/build.make:158: CMakeFiles/client.dir/depend] Error 2
[0.061s] /bin/sh: 1: cd: can't cd to /home/ari/ros-tut/build/ros_tut
[0.061s] make[2]: *** [CMakeFiles/my_node.dir/build.make:96: CMakeFiles/my_node.dir/depend] Error 2
[0.061s] make[2]: *** [CMakeFiles/ros_tut__rosidl_generator_c.dir/build.make:203: CMakeFiles/ros_tut__rosidl_generator_c.dir/depend] Error 2
[0.061s] make[1]: *** [CMakeFiles/Makefile2:132: CMakeFiles/client.dir/all] Error 2
[0.061s] make[1]: *** [CMakeFiles/Makefile2:213: CMakeFiles/my_node.dir/all] Error 2
[0.061s] make[1]: *** [CMakeFiles/Makefile2:422: CMakeFiles/ros_tut__rosidl_generator_c.dir/all] Error 2
[0.061s] make[2]: *** [CMakeFiles/server.dir/build.make:158: CMakeFiles/server.dir/depend] Error 2
[0.062s] make[1]: *** [CMakeFiles/Makefile2:159: CMakeFiles/server.dir/all] Error 2
[0.063s] /bin/sh: 1: cd: can't cd to /home/ari/ros-tut/build/ros_tut
[0.063s] /bin/sh: 1: cd: can't cd to /home/ari/ros-tut/build/ros_tut
[0.063s] make[2]: *** [CMakeFiles/clear.dir/build.make:148: CMakeFiles/clear.dir/depend] Error 2
[0.064s] make[1]: *** [CMakeFiles/Makefile2:591: CMakeFiles/clear.dir/all] Error 2
[0.064s] make[2]: *** [CMakeFiles/listener.dir/build.make:143: CMakeFiles/listener.dir/depend] Error 2
[0.064s] make[1]: *** [CMakeFiles/Makefile2:186: CMakeFiles/listener.dir/all] Error 2
[0.064s] /bin/sh: 1: cd: can't cd to /home/ari/ros-tut/build/ros_tut
[0.065s] make[2]: *** [CMakeFiles/talker.dir/build.make:143: CMakeFiles/talker.dir/depend] Error 2
[0.065s] make[1]: *** [CMakeFiles/Makefile2:240: CMakeFiles/talker.dir/all] Error 2
[0.065s] make: *** [Makefile:141: all] Error 2
[0.067s] Invoked command in '/home/ari/ros_tut/build/ros_tut' returned '2': CMAKE_PREFIX_PATH=/opt/ros/foxy /usr/bin/cmake --build /home/ari/ros_tut/build/ros_tut -- -j8 -l8
