[0.021s] Invoking command in '/home/ari/ros-tut/build/ros_tut': CMAKE_PREFIX_PATH=${CMAKE_PREFIX_PATH}:/opt/ros/foxy /usr/bin/cmake --build /home/ari/ros-tut/build/ros_tut -- -j8 -l8
[0.156s] [  3%] Built target my_node
[0.163s] [35m[1mScanning dependencies of target clear[0m
[0.168s] [  5%] Built target ros_tut__cpp
[0.177s] [  8%] Built target client
[0.177s] [ 11%] Built target server
[0.180s] [ 20%] Built target ros_tut__rosidl_generator_c
[0.196s] [ 23%] Built target talker
[0.203s] [ 27%] Built target listener
[0.204s] [ 28%] [32mBuilding CXX object CMakeFiles/clear.dir/src/clear_turtles.cpp.o[0m
[0.217s] [ 37%] Built target ros_tut__rosidl_typesupport_introspection_cpp
[0.238s] [ 54%] Built target ros_tut__rosidl_typesupport_cpp
[0.239s] [ 54%] Built target ros_tut__rosidl_typesupport_introspection_c
[0.239s] [ 62%] Built target ros_tut__rosidl_typesupport_fastrtps_cpp
[0.251s] [ 71%] Built target ros_tut__rosidl_typesupport_c
[0.268s] [ 79%] Built target ros_tut__rosidl_typesupport_fastrtps_c
[0.299s] [ 79%] Built target ros_tut
[0.320s] [ 81%] Built target ros_tut__py
[0.367s] [ 88%] Built target ros_tut__python
[0.403s] [35m[1mScanning dependencies of target ros_tut__rosidl_typesupport_fastrtps_c__pyext[0m
[0.435s] [35m[1mScanning dependencies of target ros_tut__rosidl_typesupport_c__pyext[0m
[0.448s] [35m[1mScanning dependencies of target ros_tut__rosidl_typesupport_introspection_c__pyext[0m
[0.458s] [ 89%] [32mBuilding C object CMakeFiles/ros_tut__rosidl_typesupport_c__pyext.dir/rosidl_generator_py/ros_tut/_ros_tut_s.ep.rosidl_typesupport_c.c.o[0m
[0.467s] [ 91%] [32mBuilding C object CMakeFiles/ros_tut__rosidl_typesupport_fastrtps_c__pyext.dir/rosidl_generator_py/ros_tut/_ros_tut_s.ep.rosidl_typesupport_fastrtps_c.c.o[0m
[0.469s] [ 93%] [32mBuilding C object CMakeFiles/ros_tut__rosidl_typesupport_introspection_c__pyext.dir/rosidl_generator_py/ros_tut/_ros_tut_s.ep.rosidl_typesupport_introspection_c.c.o[0m
[0.611s] [01m[K/home/ari/ros-tut/src/clear_turtles.cpp:8:10:[m[K [01;31m[Kfatal error: [m[Kros_tut/srv/add_three_ints.hpp: No such file or directory
[0.611s]     8 | #include [01;31m[K"ros_tut/srv/add_three_ints.hpp"[m[K
[0.611s]       |          [01;31m[K^~~~~~~~~~~~~~~~~~~~~~~~~~~~~~~~[m[K
[0.611s] compilation terminated.
[0.614s] make[2]: *** [CMakeFiles/clear.dir/build.make:63: CMakeFiles/clear.dir/src/clear_turtles.cpp.o] Error 1
[0.614s] make[1]: *** [CMakeFiles/Makefile2:592: CMakeFiles/clear.dir/all] Error 2
[0.614s] make[1]: *** Waiting for unfinished jobs....
[0.686s] [ 94%] [32m[1mLinking C shared library rosidl_generator_py/ros_tut/ros_tut_s__rosidl_typesupport_c.cpython-38-aarch64-linux-gnu.so[0m
[0.693s] [ 96%] [32m[1mLinking CXX shared library rosidl_generator_py/ros_tut/ros_tut_s__rosidl_typesupport_fastrtps_c.cpython-38-aarch64-linux-gnu.so[0m
[0.698s] [ 98%] [32m[1mLinking C shared library rosidl_generator_py/ros_tut/ros_tut_s__rosidl_typesupport_introspection_c.cpython-38-aarch64-linux-gnu.so[0m
[0.713s] [ 98%] Built target ros_tut__rosidl_typesupport_c__pyext
[0.722s] [ 98%] Built target ros_tut__rosidl_typesupport_introspection_c__pyext
[0.749s] [ 98%] Built target ros_tut__rosidl_typesupport_fastrtps_c__pyext
[0.750s] make: *** [Makefile:141: all] Error 2
[0.751s] Invoked command in '/home/ari/ros-tut/build/ros_tut' returned '2': CMAKE_PREFIX_PATH=${CMAKE_PREFIX_PATH}:/opt/ros/foxy /usr/bin/cmake --build /home/ari/ros-tut/build/ros_tut -- -j8 -l8
