[  8%] Built target ros_tut__rosidl_generator_c
[ 11%] Built target my_node
[ 13%] Built target ros_tut__cpp
[ 16%] Built target kill_turtles
[ 19%] Built target talker
[ 21%] [32m[1mLinking CXX executable clear[0m
[ 24%] Built target server
[ 27%] Built target listener
[ 31%] Built target client
[ 39%] Built target ros_tut__rosidl_typesupport_introspection_cpp
[ 47%] Built target ros_tut__rosidl_typesupport_c
[ 55%] Built target ros_tut__rosidl_typesupport_fastrtps_cpp
[ 63%] Built target ros_tut__rosidl_typesupport_cpp
[ 72%] Built target ros_tut__rosidl_typesupport_introspection_c
[ 80%] Built target ros_tut__rosidl_typesupport_fastrtps_c
[ 80%] Built target ros_tut
[ 81%] Built target ros_tut__py
[ 88%] Built target ros_tut__python
[ 91%] Built target ros_tut__rosidl_typesupport_fastrtps_c__pyext
[ 95%] Built target ros_tut__rosidl_typesupport_c__pyext
[ 98%] Built target ros_tut__rosidl_typesupport_introspection_c__pyext
