[  1%] Built target ros_tut__cpp
[  9%] Built target ros_tut__rosidl_generator_c
[ 13%] Built target listener
[ 16%] Built target my_node
[ 19%] Built target talker
[ 22%] Built target kill_turtles
[ 24%] [32m[1mLinking CXX executable clear[0m
[ 27%] Built target server
[ 36%] Built target ros_tut__rosidl_typesupport_introspection_cpp
[ 44%] Built target ros_tut__rosidl_typesupport_cpp
[ 47%] Built target client
[ 55%] Built target ros_tut__rosidl_typesupport_fastrtps_cpp
[ 63%] Built target ros_tut__rosidl_typesupport_introspection_c
[ 72%] Built target ros_tut__rosidl_typesupport_c
[ 80%] Built target ros_tut__rosidl_typesupport_fastrtps_c
[ 80%] Built target ros_tut
[ 81%] Built target ros_tut__py
[ 88%] Built target ros_tut__python
[ 91%] Built target ros_tut__rosidl_typesupport_fastrtps_c__pyext
[ 95%] Built target ros_tut__rosidl_typesupport_introspection_c__pyext
[ 98%] Built target ros_tut__rosidl_typesupport_c__pyext
