[  6%] Built target client
[  6%] Built target server
[ 15%] Built target ros_tut__rosidl_generator_c
[ 20%] Built target listener
[ 20%] [32mBuilding CXX object CMakeFiles/clear.dir/src/clear_turtles.cpp.o[0m
[ 23%] Built target my_node
[ 28%] Built target ros_tut__cpp
[ 28%] Built target talker
[ 30%] [34m[1mGenerating C type support dispatch for ROS interfaces[0m
[ 32%] [34m[1mGenerating C introspection for ROS interfaces[0m
[ 33%] [34m[1mGenerating C++ type support for eProsima Fast-RTPS[0m
[ 35%] [34m[1mGenerating C++ introspection for ROS interfaces[0m
[ 37%] [34m[1mGenerating C++ type support dispatch for ROS interfaces[0m
[35m[1mScanning dependencies of target ros_tut__rosidl_typesupport_c[0m
[ 38%] [32mBuilding CXX object CMakeFiles/ros_tut__rosidl_typesupport_c.dir/rosidl_typesupport_c/ros_tut/msg/num__type_support.cpp.o[0m
[ 40%] [32mBuilding CXX object CMakeFiles/ros_tut__rosidl_typesupport_c.dir/rosidl_typesupport_c/ros_tut/srv/success__type_support.cpp.o[0m
[ 42%] [32mBuilding CXX object CMakeFiles/ros_tut__rosidl_typesupport_c.dir/rosidl_typesupport_c/ros_tut/srv/add_three_ints__type_support.cpp.o[0m
[35m[1mScanning dependencies of target ros_tut__rosidl_typesupport_cpp[0m
[35m[1mScanning dependencies of target ros_tut__rosidl_typesupport_introspection_c[0m
[35m[1mScanning dependencies of target ros_tut__rosidl_typesupport_introspection_cpp[0m
[ 44%] [32mBuilding CXX object CMakeFiles/ros_tut__rosidl_typesupport_cpp.dir/rosidl_typesupport_cpp/ros_tut/msg/num__type_support.cpp.o[0m
[ 45%] [32mBuilding CXX object CMakeFiles/ros_tut__rosidl_typesupport_cpp.dir/rosidl_typesupport_cpp/ros_tut/srv/add_three_ints__type_support.cpp.o[0m
[ 47%] [32mBuilding CXX object CMakeFiles/ros_tut__rosidl_typesupport_cpp.dir/rosidl_typesupport_cpp/ros_tut/srv/success__type_support.cpp.o[0m
[35m[1mScanning dependencies of target ros_tut__rosidl_typesupport_fastrtps_cpp[0m
[ 49%] [32m[1mLinking CXX shared library libros_tut__rosidl_typesupport_c.so[0m
[ 50%] [32mBuilding C object CMakeFiles/ros_tut__rosidl_typesupport_introspection_c.dir/rosidl_typesupport_introspection_c/ros_tut/msg/detail/num__type_support.c.o[0m
[ 52%] [32mBuilding C object CMakeFiles/ros_tut__rosidl_typesupport_introspection_c.dir/rosidl_typesupport_introspection_c/ros_tut/srv/detail/add_three_ints__type_support.c.o[0m
[ 54%] [32mBuilding CXX object CMakeFiles/ros_tut__rosidl_typesupport_introspection_cpp.dir/rosidl_typesupport_introspection_cpp/ros_tut/msg/detail/num__type_support.cpp.o[0m
[ 55%] [32mBuilding CXX object CMakeFiles/ros_tut__rosidl_typesupport_fastrtps_cpp.dir/rosidl_typesupport_fastrtps_cpp/ros_tut/msg/detail/dds_fastrtps/num__type_support.cpp.o[0m
[ 57%] [32mBuilding C object CMakeFiles/ros_tut__rosidl_typesupport_introspection_c.dir/rosidl_typesupport_introspection_c/ros_tut/srv/detail/success__type_support.c.o[0m
[ 59%] [32mBuilding CXX object CMakeFiles/ros_tut__rosidl_typesupport_introspection_cpp.dir/rosidl_typesupport_introspection_cpp/ros_tut/srv/detail/add_three_ints__type_support.cpp.o[0m
[ 59%] Built target ros_tut__rosidl_typesupport_c
[ 61%] [32mBuilding CXX object CMakeFiles/ros_tut__rosidl_typesupport_fastrtps_cpp.dir/rosidl_typesupport_fastrtps_cpp/ros_tut/srv/detail/dds_fastrtps/add_three_ints__type_support.cpp.o[0m
[ 62%] [32m[1mLinking C shared library libros_tut__rosidl_typesupport_introspection_c.so[0m
[ 64%] [32mBuilding CXX object CMakeFiles/ros_tut__rosidl_typesupport_fastrtps_cpp.dir/rosidl_typesupport_fastrtps_cpp/ros_tut/srv/detail/dds_fastrtps/success__type_support.cpp.o[0m
[ 66%] [32mBuilding CXX object CMakeFiles/ros_tut__rosidl_typesupport_introspection_cpp.dir/rosidl_typesupport_introspection_cpp/ros_tut/srv/detail/success__type_support.cpp.o[0m
[ 66%] Built target ros_tut__rosidl_typesupport_introspection_c
[ 67%] [32m[1mLinking CXX shared library libros_tut__rosidl_typesupport_cpp.so[0m
[ 67%] Built target ros_tut__rosidl_typesupport_cpp
[ 69%] [32m[1mLinking CXX shared library libros_tut__rosidl_typesupport_introspection_cpp.so[0m
[ 69%] Built target ros_tut__rosidl_typesupport_introspection_cpp
[ 71%] [32m[1mLinking CXX shared library libros_tut__rosidl_typesupport_fastrtps_cpp.so[0m
[ 71%] Built target ros_tut__rosidl_typesupport_fastrtps_cpp
