[35m[1mScanning dependencies of target kill_turtles[0m
[35m[1mScanning dependencies of target clear[0m
[  1%] Built target ros_tut__cpp
[  9%] Built target ros_tut__rosidl_generator_c
[ 13%] Built target my_node
[ 14%] [32mBuilding CXX object CMakeFiles/kill_turtles.dir/src/clear_turtles.cpp.o[0m
[ 18%] Built target server
[ 21%] Built target talker
[ 22%] [32mBuilding CXX object CMakeFiles/clear.dir/src/clear_turtles.cpp.o[0m
[ 26%] Built target listener
[ 29%] Built target client
[ 31%] [34m[1mGenerating C type support dispatch for ROS interfaces[0m
[ 39%] Built target ros_tut__rosidl_typesupport_introspection_cpp
[ 47%] Built target ros_tut__rosidl_typesupport_introspection_c
[ 55%] Built target ros_tut__rosidl_typesupport_fastrtps_cpp
[ 63%] Built target ros_tut__rosidl_typesupport_cpp
[ 65%] [34m[1mGenerating C type support for eProsima Fast-RTPS[0m
[35m[1mScanning dependencies of target ros_tut__rosidl_typesupport_c[0m
[ 67%] [32mBuilding CXX object CMakeFiles/ros_tut__rosidl_typesupport_c.dir/rosidl_typesupport_c/ros_tut/msg/num__type_support.cpp.o[0m
[ 68%] [32mBuilding CXX object CMakeFiles/ros_tut__rosidl_typesupport_c.dir/rosidl_typesupport_c/ros_tut/srv/success__type_support.cpp.o[0m
[ 70%] [32mBuilding CXX object CMakeFiles/ros_tut__rosidl_typesupport_c.dir/rosidl_typesupport_c/ros_tut/srv/add_three_ints__type_support.cpp.o[0m
[35m[1mScanning dependencies of target ros_tut__rosidl_typesupport_fastrtps_c[0m
[ 72%] [32mBuilding CXX object CMakeFiles/ros_tut__rosidl_typesupport_fastrtps_c.dir/rosidl_typesupport_fastrtps_c/ros_tut/srv/detail/add_three_ints__type_support_c.cpp.o[0m
[ 73%] [32mBuilding CXX object CMakeFiles/ros_tut__rosidl_typesupport_fastrtps_c.dir/rosidl_typesupport_fastrtps_c/ros_tut/msg/detail/num__type_support_c.cpp.o[0m
[ 75%] [32mBuilding CXX object CMakeFiles/ros_tut__rosidl_typesupport_fastrtps_c.dir/rosidl_typesupport_fastrtps_c/ros_tut/srv/detail/success__type_support_c.cpp.o[0m
[ 77%] [32m[1mLinking CXX shared library libros_tut__rosidl_typesupport_c.so[0m
[ 77%] Built target ros_tut__rosidl_typesupport_c
[ 78%] [32m[1mLinking CXX shared library libros_tut__rosidl_typesupport_fastrtps_c.so[0m
[ 78%] Built target ros_tut__rosidl_typesupport_fastrtps_c
[35m[1mScanning dependencies of target ros_tut[0m
[ 78%] Built target ros_tut
[35m[1mScanning dependencies of target ros_tut__py[0m
[ 80%] [34m[1mGenerating Python code for ROS interfaces[0m
[ 80%] Built target ros_tut__py
[35m[1mScanning dependencies of target ros_tut__python[0m
[ 81%] [32mBuilding C object CMakeFiles/ros_tut__python.dir/rosidl_generator_py/ros_tut/srv/_add_three_ints_s.c.o[0m
[ 83%] [32mBuilding C object CMakeFiles/ros_tut__python.dir/rosidl_generator_py/ros_tut/msg/_num_s.c.o[0m
[ 85%] [32mBuilding C object CMakeFiles/ros_tut__python.dir/rosidl_generator_py/ros_tut/srv/_success_s.c.o[0m
[ 86%] [32m[1mLinking C shared library rosidl_generator_py/ros_tut/libros_tut__python.so[0m
[ 86%] Built target ros_tut__python
[35m[1mScanning dependencies of target ros_tut__rosidl_typesupport_introspection_c__pyext[0m
[35m[1mScanning dependencies of target ros_tut__rosidl_typesupport_c__pyext[0m
[35m[1mScanning dependencies of target ros_tut__rosidl_typesupport_fastrtps_c__pyext[0m
[ 88%] [32mBuilding C object CMakeFiles/ros_tut__rosidl_typesupport_introspection_c__pyext.dir/rosidl_generator_py/ros_tut/_ros_tut_s.ep.rosidl_typesupport_introspection_c.c.o[0m
[ 90%] [32mBuilding C object CMakeFiles/ros_tut__rosidl_typesupport_c__pyext.dir/rosidl_generator_py/ros_tut/_ros_tut_s.ep.rosidl_typesupport_c.c.o[0m
[ 91%] [32mBuilding C object CMakeFiles/ros_tut__rosidl_typesupport_fastrtps_c__pyext.dir/rosidl_generator_py/ros_tut/_ros_tut_s.ep.rosidl_typesupport_fastrtps_c.c.o[0m
[ 93%] [32m[1mLinking CXX shared library rosidl_generator_py/ros_tut/ros_tut_s__rosidl_typesupport_fastrtps_c.cpython-38-aarch64-linux-gnu.so[0m
[ 95%] [32m[1mLinking C shared library rosidl_generator_py/ros_tut/ros_tut_s__rosidl_typesupport_introspection_c.cpython-38-aarch64-linux-gnu.so[0m
[ 96%] [32m[1mLinking C shared library rosidl_generator_py/ros_tut/ros_tut_s__rosidl_typesupport_c.cpython-38-aarch64-linux-gnu.so[0m
[ 96%] Built target ros_tut__rosidl_typesupport_introspection_c__pyext
[ 96%] Built target ros_tut__rosidl_typesupport_c__pyext
[ 96%] Built target ros_tut__rosidl_typesupport_fastrtps_c__pyext
[ 98%] [32m[1mLinking CXX executable clear[0m
[100%] [32m[1mLinking CXX shared library libkill_turtles.so[0m
[100%] Built target kill_turtles
