[0.055s] Invoking command in '/home/ari/ros-tut/build/ros_tut': CMAKE_PREFIX_PATH=${CMAKE_PREFIX_PATH}:/opt/ros/foxy /usr/bin/cmake --build /home/ari/ros-tut/build/ros_tut -- -j8 -l8
[0.367s] [35m[1mScanning dependencies of target kill_turtles[0m
[0.400s] [35m[1mScanning dependencies of target clear[0m
[0.445s] [  1%] Built target ros_tut__cpp
[0.463s] [  9%] Built target ros_tut__rosidl_generator_c
[0.470s] [ 13%] Built target my_node
[0.488s] [ 14%] [32mBuilding CXX object CMakeFiles/kill_turtles.dir/src/clear_turtles.cpp.o[0m
[0.496s] [ 18%] Built target server
[0.496s] [ 21%] Built target talker
[0.501s] [ 22%] [32mBuilding CXX object CMakeFiles/clear.dir/src/clear_turtles.cpp.o[0m
[0.508s] [ 26%] Built target listener
[0.517s] [ 29%] Built target client
[0.547s] [ 31%] [34m[1mGenerating C type support dispatch for ROS interfaces[0m
[0.565s] [ 39%] Built target ros_tut__rosidl_typesupport_introspection_cpp
[0.581s] [ 47%] Built target ros_tut__rosidl_typesupport_introspection_c
[0.619s] [ 55%] Built target ros_tut__rosidl_typesupport_fastrtps_cpp
[0.640s] [ 63%] Built target ros_tut__rosidl_typesupport_cpp
[0.650s] [ 65%] [34m[1mGenerating C type support for eProsima Fast-RTPS[0m
[1.248s] [35m[1mScanning dependencies of target ros_tut__rosidl_typesupport_c[0m
[1.289s] [ 67%] [32mBuilding CXX object CMakeFiles/ros_tut__rosidl_typesupport_c.dir/rosidl_typesupport_c/ros_tut/msg/num__type_support.cpp.o[0m
[1.314s] [ 68%] [32mBuilding CXX object CMakeFiles/ros_tut__rosidl_typesupport_c.dir/rosidl_typesupport_c/ros_tut/srv/success__type_support.cpp.o[0m
[1.316s] [ 70%] [32mBuilding CXX object CMakeFiles/ros_tut__rosidl_typesupport_c.dir/rosidl_typesupport_c/ros_tut/srv/add_three_ints__type_support.cpp.o[0m
[1.460s] [35m[1mScanning dependencies of target ros_tut__rosidl_typesupport_fastrtps_c[0m
[1.603s] [ 72%] [32mBuilding CXX object CMakeFiles/ros_tut__rosidl_typesupport_fastrtps_c.dir/rosidl_typesupport_fastrtps_c/ros_tut/srv/detail/add_three_ints__type_support_c.cpp.o[0m
[1.611s] [ 73%] [32mBuilding CXX object CMakeFiles/ros_tut__rosidl_typesupport_fastrtps_c.dir/rosidl_typesupport_fastrtps_c/ros_tut/msg/detail/num__type_support_c.cpp.o[0m
[1.618s] [ 75%] [32mBuilding CXX object CMakeFiles/ros_tut__rosidl_typesupport_fastrtps_c.dir/rosidl_typesupport_fastrtps_c/ros_tut/srv/detail/success__type_support_c.cpp.o[0m
[2.171s] [ 77%] [32m[1mLinking CXX shared library libros_tut__rosidl_typesupport_c.so[0m
[2.653s] [ 77%] Built target ros_tut__rosidl_typesupport_c
[3.207s] [ 78%] [32m[1mLinking CXX shared library libros_tut__rosidl_typesupport_fastrtps_c.so[0m
[3.546s] [ 78%] Built target ros_tut__rosidl_typesupport_fastrtps_c
[3.606s] [35m[1mScanning dependencies of target ros_tut[0m
[3.631s] [ 78%] Built target ros_tut
[3.651s] [35m[1mScanning dependencies of target ros_tut__py[0m
[3.704s] [ 80%] [34m[1mGenerating Python code for ROS interfaces[0m
[5.720s] [ 80%] Built target ros_tut__py
[5.741s] [35m[1mScanning dependencies of target ros_tut__python[0m
[5.886s] [ 81%] [32mBuilding C object CMakeFiles/ros_tut__python.dir/rosidl_generator_py/ros_tut/srv/_add_three_ints_s.c.o[0m
[5.890s] [ 83%] [32mBuilding C object CMakeFiles/ros_tut__python.dir/rosidl_generator_py/ros_tut/msg/_num_s.c.o[0m
[5.901s] [ 85%] [32mBuilding C object CMakeFiles/ros_tut__python.dir/rosidl_generator_py/ros_tut/srv/_success_s.c.o[0m
[6.828s] [ 86%] [32m[1mLinking C shared library rosidl_generator_py/ros_tut/libros_tut__python.so[0m
[6.890s] [ 86%] Built target ros_tut__python
[6.907s] [35m[1mScanning dependencies of target ros_tut__rosidl_typesupport_introspection_c__pyext[0m
[6.907s] [35m[1mScanning dependencies of target ros_tut__rosidl_typesupport_c__pyext[0m
[6.908s] [35m[1mScanning dependencies of target ros_tut__rosidl_typesupport_fastrtps_c__pyext[0m
[6.935s] [ 88%] [32mBuilding C object CMakeFiles/ros_tut__rosidl_typesupport_introspection_c__pyext.dir/rosidl_generator_py/ros_tut/_ros_tut_s.ep.rosidl_typesupport_introspection_c.c.o[0m
[6.994s] [ 90%] [32mBuilding C object CMakeFiles/ros_tut__rosidl_typesupport_c__pyext.dir/rosidl_generator_py/ros_tut/_ros_tut_s.ep.rosidl_typesupport_c.c.o[0m
[7.023s] [ 91%] [32mBuilding C object CMakeFiles/ros_tut__rosidl_typesupport_fastrtps_c__pyext.dir/rosidl_generator_py/ros_tut/_ros_tut_s.ep.rosidl_typesupport_fastrtps_c.c.o[0m
[7.388s] [ 93%] [32m[1mLinking CXX shared library rosidl_generator_py/ros_tut/ros_tut_s__rosidl_typesupport_fastrtps_c.cpython-38-aarch64-linux-gnu.so[0m
[7.389s] [ 95%] [32m[1mLinking C shared library rosidl_generator_py/ros_tut/ros_tut_s__rosidl_typesupport_introspection_c.cpython-38-aarch64-linux-gnu.so[0m
[7.389s] [ 96%] [32m[1mLinking C shared library rosidl_generator_py/ros_tut/ros_tut_s__rosidl_typesupport_c.cpython-38-aarch64-linux-gnu.so[0m
[7.469s] [ 96%] Built target ros_tut__rosidl_typesupport_introspection_c__pyext
[7.473s] [ 96%] Built target ros_tut__rosidl_typesupport_c__pyext
[7.514s] [ 96%] Built target ros_tut__rosidl_typesupport_fastrtps_c__pyext
[7.658s] [01m[K/home/ari/ros-tut/src/clear_turtles.cpp:[m[K In lambda function:
[7.658s] [01m[K/home/ari/ros-tut/src/clear_turtles.cpp:64:95:[m[K [01;35m[Kwarning: [m[Kunused parameter ‘[01m[Kresponse[m[K’ [[01;35m[K-Wunused-parameter[m[K]
[7.658s]    64 |   auto response_received_callback = [this]([01;35m[Krclcpp::Client<turtlesim::srv::Kill>::SharedFuture response[m[K) {
[7.658s]       |                                            [01;35m[K~~~~~~~~~~~~~~~~~~~~~~~~~~~~~~~~~~~~~~~~~~~~~~~~~~~^~~~~~~~[m[K
[7.691s] [01m[K/home/ari/ros-tut/src/clear_turtles.cpp:[m[K In lambda function:
[7.691s] [01m[K/home/ari/ros-tut/src/clear_turtles.cpp:64:95:[m[K [01;35m[Kwarning: [m[Kunused parameter ‘[01m[Kresponse[m[K’ [[01;35m[K-Wunused-parameter[m[K]
[7.691s]    64 |   auto response_received_callback = [this]([01;35m[Krclcpp::Client<turtlesim::srv::Kill>::SharedFuture response[m[K) {
[7.691s]       |                                            [01;35m[K~~~~~~~~~~~~~~~~~~~~~~~~~~~~~~~~~~~~~~~~~~~~~~~~~~~^~~~~~~~[m[K
[10.956s] [ 98%] [32m[1mLinking CXX executable clear[0m
[10.981s] [100%] [32m[1mLinking CXX shared library libkill_turtles.so[0m
[11.085s] /usr/bin/ld: /usr/lib/gcc/aarch64-linux-gnu/9/../../../aarch64-linux-gnu/Scrt1.o: in function `_start':
[11.085s] (.text+0x18): undefined reference to `main'
[11.085s] /usr/bin/ld: (.text+0x1c): undefined reference to `main'
[11.085s] /usr/bin/ld: CMakeFiles/clear.dir/src/clear_turtles.cpp.o: in function `(anonymous namespace)::ProxyExec0::ProxyExec0()':
[11.085s] clear_turtles.cpp:(.text+0xd2c): undefined reference to `console_bridge::log(char const*, int, console_bridge::LogLevel, char const*, ...)'
[11.085s] /usr/bin/ld: CMakeFiles/clear.dir/src/clear_turtles.cpp.o: in function `void class_loader::impl::registerPlugin<rclcpp_components::NodeFactoryTemplate<composition::kill_turtles>, rclcpp_components::NodeFactory>(std::__cxx11::basic_string<char, std::char_traits<char>, std::allocator<char> > const&, std::__cxx11::basic_string<char, std::char_traits<char>, std::allocator<char> > const&)':
[11.085s] clear_turtles.cpp:(.text._ZN12class_loader4impl14registerPluginIN17rclcpp_components19NodeFactoryTemplateIN11composition12kill_turtlesEEENS2_11NodeFactoryEEEvRKNSt7__cxx1112basic_stringIcSt11char_traitsIcESaIcEEESF_[_ZN12class_loader4impl14registerPluginIN17rclcpp_components19NodeFactoryTemplateIN11composition12kill_turtlesEEENS2_11NodeFactoryEEEvRKNSt7__cxx1112basic_stringIcSt11char_traitsIcESaIcEEESF_]+0x34): undefined reference to `class_loader::impl::getCurrentlyActiveClassLoader()'
[11.086s] /usr/bin/ld: clear_turtles.cpp:(.text._ZN12class_loader4impl14registerPluginIN17rclcpp_components19NodeFactoryTemplateIN11composition12kill_turtlesEEENS2_11NodeFactoryEEEvRKNSt7__cxx1112basic_stringIcSt11char_traitsIcESaIcEEESF_[_ZN12class_loader4impl14registerPluginIN17rclcpp_components19NodeFactoryTemplateIN11composition12kill_turtlesEEENS2_11NodeFactoryEEEvRKNSt7__cxx1112basic_stringIcSt11char_traitsIcESaIcEEESF_]+0x44): undefined reference to `class_loader::impl::getCurrentlyLoadingLibraryName[abi:cxx11]()'
[11.086s] /usr/bin/ld: clear_turtles.cpp:(.text._ZN12class_loader4impl14registerPluginIN17rclcpp_components19NodeFactoryTemplateIN11composition12kill_turtlesEEENS2_11NodeFactoryEEEvRKNSt7__cxx1112basic_stringIcSt11char_traitsIcESaIcEEESF_[_ZN12class_loader4impl14registerPluginIN17rclcpp_components19NodeFactoryTemplateIN11composition12kill_turtlesEEENS2_11NodeFactoryEEEvRKNSt7__cxx1112basic_stringIcSt11char_traitsIcESaIcEEESF_]+0x74): undefined reference to `console_bridge::log(char const*, int, console_bridge::LogLevel, char const*, ...)'
[11.086s] /usr/bin/ld: clear_turtles.cpp:(.text._ZN12class_loader4impl14registerPluginIN17rclcpp_components19NodeFactoryTemplateIN11composition12kill_turtlesEEENS2_11NodeFactoryEEEvRKNSt7__cxx1112basic_stringIcSt11char_traitsIcESaIcEEESF_[_ZN12class_loader4impl14registerPluginIN17rclcpp_components19NodeFactoryTemplateIN11composition12kill_turtlesEEENS2_11NodeFactoryEEEvRKNSt7__cxx1112basic_stringIcSt11char_traitsIcESaIcEEESF_]+0x80): undefined reference to `class_loader::impl::getCurrentlyActiveClassLoader()'
[11.086s] /usr/bin/ld: clear_turtles.cpp:(.text._ZN12class_loader4impl14registerPluginIN17rclcpp_components19NodeFactoryTemplateIN11composition12kill_turtlesEEENS2_11NodeFactoryEEEvRKNSt7__cxx1112basic_stringIcSt11char_traitsIcESaIcEEESF_[_ZN12class_loader4impl14registerPluginIN17rclcpp_components19NodeFactoryTemplateIN11composition12kill_turtlesEEENS2_11NodeFactoryEEEvRKNSt7__cxx1112basic_stringIcSt11char_traitsIcESaIcEEESF_]+0xb8): undefined reference to `console_bridge::log(char const*, int, console_bridge::LogLevel, char const*, ...)'
[11.086s] /usr/bin/ld: clear_turtles.cpp:(.text._ZN12class_loader4impl14registerPluginIN17rclcpp_components19NodeFactoryTemplateIN11composition12kill_turtlesEEENS2_11NodeFactoryEEEvRKNSt7__cxx1112basic_stringIcSt11char_traitsIcESaIcEEESF_[_ZN12class_loader4impl14registerPluginIN17rclcpp_components19NodeFactoryTemplateIN11composition12kill_turtlesEEENS2_11NodeFactoryEEEvRKNSt7__cxx1112basic_stringIcSt11char_traitsIcESaIcEEESF_]+0xc0): undefined reference to `class_loader::impl::hasANonPurePluginLibraryBeenOpened(bool)'
[11.086s] /usr/bin/ld: clear_turtles.cpp:(.text._ZN12class_loader4impl14registerPluginIN17rclcpp_components19NodeFactoryTemplateIN11composition12kill_turtlesEEENS2_11NodeFactoryEEEvRKNSt7__cxx1112basic_stringIcSt11char_traitsIcESaIcEEESF_[_ZN12class_loader4impl14registerPluginIN17rclcpp_components19NodeFactoryTemplateIN11composition12kill_turtlesEEENS2_11NodeFactoryEEEvRKNSt7__cxx1112basic_stringIcSt11char_traitsIcESaIcEEESF_]+0xe8): undefined reference to `class_loader::impl::getCurrentlyActiveClassLoader()'
[11.086s] /usr/bin/ld: clear_turtles.cpp:(.text._ZN12class_loader4impl14registerPluginIN17rclcpp_components19NodeFactoryTemplateIN11composition12kill_turtlesEEENS2_11NodeFactoryEEEvRKNSt7__cxx1112basic_stringIcSt11char_traitsIcESaIcEEESF_[_ZN12class_loader4impl14registerPluginIN17rclcpp_components19NodeFactoryTemplateIN11composition12kill_turtlesEEENS2_11NodeFactoryEEEvRKNSt7__cxx1112basic_stringIcSt11char_traitsIcESaIcEEESF_]+0xf4): undefined reference to `class_loader::impl::AbstractMetaObjectBase::addOwningClassLoader(class_loader::ClassLoader*)'
[11.086s] /usr/bin/ld: clear_turtles.cpp:(.text._ZN12class_loader4impl14registerPluginIN17rclcpp_components19NodeFactoryTemplateIN11composition12kill_turtlesEEENS2_11NodeFactoryEEEvRKNSt7__cxx1112basic_stringIcSt11char_traitsIcESaIcEEESF_[_ZN12class_loader4impl14registerPluginIN17rclcpp_components19NodeFactoryTemplateIN11composition12kill_turtlesEEENS2_11NodeFactoryEEEvRKNSt7__cxx1112basic_stringIcSt11char_traitsIcESaIcEEESF_]+0x104): undefined reference to `class_loader::impl::getCurrentlyLoadingLibraryName[abi:cxx11]()'
[11.087s] /usr/bin/ld: clear_turtles.cpp:(.text._ZN12class_loader4impl14registerPluginIN17rclcpp_components19NodeFactoryTemplateIN11composition12kill_turtlesEEENS2_11NodeFactoryEEEvRKNSt7__cxx1112basic_stringIcSt11char_traitsIcESaIcEEESF_[_ZN12class_loader4impl14registerPluginIN17rclcpp_components19NodeFactoryTemplateIN11composition12kill_turtlesEEENS2_11NodeFactoryEEEvRKNSt7__cxx1112basic_stringIcSt11char_traitsIcESaIcEEESF_]+0x114): undefined reference to `class_loader::impl::AbstractMetaObjectBase::setAssociatedLibraryPath(std::__cxx11::basic_string<char, std::char_traits<char>, std::allocator<char> > const&)'
[11.087s] /usr/bin/ld: clear_turtles.cpp:(.text._ZN12class_loader4impl14registerPluginIN17rclcpp_components19NodeFactoryTemplateIN11composition12kill_turtlesEEENS2_11NodeFactoryEEEvRKNSt7__cxx1112basic_stringIcSt11char_traitsIcESaIcEEESF_[_ZN12class_loader4impl14registerPluginIN17rclcpp_components19NodeFactoryTemplateIN11composition12kill_turtlesEEENS2_11NodeFactoryEEEvRKNSt7__cxx1112basic_stringIcSt11char_traitsIcESaIcEEESF_]+0x120): undefined reference to `class_loader::impl::getPluginBaseToFactoryMapMapMutex()'
[11.087s] /usr/bin/ld: clear_turtles.cpp:(.text._ZN12class_loader4impl14registerPluginIN17rclcpp_components19NodeFactoryTemplateIN11composition12kill_turtlesEEENS2_11NodeFactoryEEEvRKNSt7__cxx1112basic_stringIcSt11char_traitsIcESaIcEEESF_[_ZN12class_loader4impl14registerPluginIN17rclcpp_components19NodeFactoryTemplateIN11composition12kill_turtlesEEENS2_11NodeFactoryEEEvRKNSt7__cxx1112basic_stringIcSt11char_traitsIcESaIcEEESF_]+0x188): undefined reference to `console_bridge::log(char const*, int, console_bridge::LogLevel, char const*, ...)'
[11.087s] /usr/bin/ld: clear_turtles.cpp:(.text._ZN12class_loader4impl14registerPluginIN17rclcpp_components19NodeFactoryTemplateIN11composition12kill_turtlesEEENS2_11NodeFactoryEEEvRKNSt7__cxx1112basic_stringIcSt11char_traitsIcESaIcEEESF_[_ZN12class_loader4impl14registerPluginIN17rclcpp_components19NodeFactoryTemplateIN11composition12kill_turtlesEEENS2_11NodeFactoryEEEvRKNSt7__cxx1112basic_stringIcSt11char_traitsIcESaIcEEESF_]+0x1a4): undefined reference to `class_loader::impl::getPluginBaseToFactoryMapMapMutex()'
[11.087s] /usr/bin/ld: clear_turtles.cpp:(.text._ZN12class_loader4impl14registerPluginIN17rclcpp_components19NodeFactoryTemplateIN11composition12kill_turtlesEEENS2_11NodeFactoryEEEvRKNSt7__cxx1112basic_stringIcSt11char_traitsIcESaIcEEESF_[_ZN12class_loader4impl14registerPluginIN17rclcpp_components19NodeFactoryTemplateIN11composition12kill_turtlesEEENS2_11NodeFactoryEEEvRKNSt7__cxx1112basic_stringIcSt11char_traitsIcESaIcEEESF_]+0x1d4): undefined reference to `console_bridge::log(char const*, int, console_bridge::LogLevel, char const*, ...)'
[11.087s] /usr/bin/ld: CMakeFiles/clear.dir/src/clear_turtles.cpp.o: in function `std::map<std::__cxx11::basic_string<char, std::char_traits<char>, std::allocator<char> >, class_loader::impl::AbstractMetaObjectBase*, std::less<std::__cxx11::basic_string<char, std::char_traits<char>, std::allocator<char> > >, std::allocator<std::pair<std::__cxx11::basic_string<char, std::char_traits<char>, std::allocator<char> > const, class_loader::impl::AbstractMetaObjectBase*> > >& class_loader::impl::getFactoryMapForBaseClass<rclcpp_components::NodeFactory>()':
[11.087s] clear_turtles.cpp:(.text._ZN12class_loader4impl25getFactoryMapForBaseClassIN17rclcpp_components11NodeFactoryEEERSt3mapINSt7__cxx1112basic_stringIcSt11char_traitsIcESaIcEEEPNS0_22AbstractMetaObjectBaseESt4lessISA_ESaISt4pairIKSA_SC_EEEv[_ZN12class_loader4impl25getFactoryMapForBaseClassIN17rclcpp_components11NodeFactoryEEERSt3mapINSt7__cxx1112basic_stringIcSt11char_traitsIcESaIcEEEPNS0_22AbstractMetaObjectBaseESt4lessISA_ESaISt4pairIKSA_SC_EEEv]+0x50): undefined reference to `class_loader::impl::getFactoryMapForBaseClass(std::__cxx11::basic_string<char, std::char_traits<char>, std::allocator<char> > const&)'
[11.087s] /usr/bin/ld: CMakeFiles/clear.dir/src/clear_turtles.cpp.o: in function `class_loader::impl::AbstractMetaObject<rclcpp_components::NodeFactory>::AbstractMetaObject(std::__cxx11::basic_string<char, std::char_traits<char>, std::allocator<char> > const&, std::__cxx11::basic_string<char, std::char_traits<char>, std::allocator<char> > const&)':
[11.087s] clear_turtles.cpp:(.text._ZN12class_loader4impl18AbstractMetaObjectIN17rclcpp_components11NodeFactoryEEC2ERKNSt7__cxx1112basic_stringIcSt11char_traitsIcESaIcEEESC_[_ZN12class_loader4impl18AbstractMetaObjectIN17rclcpp_components11NodeFactoryEEC5ERKNSt7__cxx1112basic_stringIcSt11char_traitsIcESaIcEEESC_]+0x70): undefined reference to `class_loader::impl::AbstractMetaObjectBase::AbstractMetaObjectBase(std::__cxx11::basic_string<char, std::char_traits<char>, std::allocator<char> > const&, std::__cxx11::basic_string<char, std::char_traits<char>, std::allocator<char> > const&, std::__cxx11::basic_string<char, std::char_traits<char>, std::allocator<char> > const&)'
[11.087s] /usr/bin/ld: CMakeFiles/clear.dir/src/clear_turtles.cpp.o: in function `rclcpp::Client<turtlesim::srv::Kill>::Client(rclcpp::node_interfaces::NodeBaseInterface*, std::shared_ptr<rclcpp::node_interfaces::NodeGraphInterface>, std::__cxx11::basic_string<char, std::char_traits<char>, std::allocator<char> > const&, rcl_client_options_t&)':
[11.087s] clear_turtles.cpp:(.text._ZN6rclcpp6ClientIN9turtlesim3srv4KillEEC2EPNS_15node_interfaces17NodeBaseInterfaceESt10shared_ptrINS5_18NodeGraphInterfaceEERKNSt7__cxx1112basic_stringIcSt11char_traitsIcESaIcEEER20rcl_client_options_t[_ZN6rclcpp6ClientIN9turtlesim3srv4KillEEC5EPNS_15node_interfaces17NodeBaseInterfaceESt10shared_ptrINS5_18NodeGraphInterfaceEERKNSt7__cxx1112basic_stringIcSt11char_traitsIcESaIcEEER20rcl_client_options_t]+0x88): undefined reference to `rosidl_service_type_support_t const* rosidl_typesupport_cpp::get_service_type_support_handle<turtlesim::srv::Kill>()'
[11.087s] collect2: error: ld returned 1 exit status
[11.088s] make[2]: *** [CMakeFiles/clear.dir/build.make:136: clear] Error 1
[11.088s] make[1]: *** [CMakeFiles/Makefile2:243: CMakeFiles/clear.dir/all] Error 2
[11.088s] make[1]: *** Waiting for unfinished jobs....
[11.099s] [100%] Built target kill_turtles
[11.101s] make: *** [Makefile:141: all] Error 2
[11.111s] Invoked command in '/home/ari/ros-tut/build/ros_tut' returned '2': CMAKE_PREFIX_PATH=${CMAKE_PREFIX_PATH}:/opt/ros/foxy /usr/bin/cmake --build /home/ari/ros-tut/build/ros_tut -- -j8 -l8
