[0.029s] Invoking command in '/home/ari/ros-tut/build/ros_tut': CMAKE_PREFIX_PATH=${CMAKE_PREFIX_PATH}:/opt/ros/foxy /usr/bin/cmake /home/ari/ros-tut -DCMAKE_INSTALL_PREFIX=/home/ari/ros-tut/install/ros_tut
[0.292s] -- The C compiler identification is GNU 9.3.0
[0.386s] -- The CXX compiler identification is GNU 9.3.0
[0.393s] -- Check for working C compiler: /usr/bin/cc
[0.463s] -- Check for working C compiler: /usr/bin/cc -- works
[0.464s] -- Detecting C compiler ABI info
[0.523s] -- Detecting C compiler ABI info - done
[0.532s] -- Detecting C compile features
[0.534s] -- Detecting C compile features - done
[0.536s] -- Check for working CXX compiler: /usr/bin/c++
[0.595s] -- Check for working CXX compiler: /usr/bin/c++ -- works
[0.595s] -- Detecting CXX compiler ABI info
[0.648s] -- Detecting CXX compiler ABI info - done
[0.656s] -- Detecting CXX compile features
[0.656s] -- Detecting CXX compile features - done
[0.663s] -- Found ament_cmake: 0.9.8 (/opt/ros/foxy/share/ament_cmake/cmake)
[0.680s] -- Found PythonInterp: /usr/bin/python3 (found suitable version "3.8.5", minimum required is "3") 
[0.680s] -- Using PYTHON_EXECUTABLE: /usr/bin/python3
[0.814s] -- Found rclcpp: 2.3.1 (/opt/ros/foxy/share/rclcpp/cmake)
[0.875s] -- Using all available rosidl_typesupport_c: rosidl_typesupport_fastrtps_c;rosidl_typesupport_introspection_c
[0.886s] -- Found rosidl_adapter: 1.2.1 (/opt/ros/foxy/share/rosidl_adapter/cmake)
[1.022s] -- Found OpenSSL: /usr/lib/aarch64-linux-gnu/libcrypto.so (found version "1.1.1f")  
[1.053s] -- Found FastRTPS: /opt/ros/foxy/include  
[1.125s] -- Using all available rosidl_typesupport_cpp: rosidl_typesupport_fastrtps_cpp;rosidl_typesupport_introspection_cpp
[1.169s] -- Found rmw_implementation_cmake: 1.0.3 (/opt/ros/foxy/share/rmw_implementation_cmake/cmake)
[1.174s] -- Using RMW implementation 'rmw_fastrtps_cpp' as default
[1.175s] -- Looking for pthread.h
[1.234s] -- Looking for pthread.h - found
[1.235s] -- Performing Test CMAKE_HAVE_LIBC_PTHREAD
[1.285s] -- Performing Test CMAKE_HAVE_LIBC_PTHREAD - Failed
[1.285s] -- Looking for pthread_create in pthreads
[1.327s] -- Looking for pthread_create in pthreads - not found
[1.328s] -- Looking for pthread_create in pthread
[1.372s] -- Looking for pthread_create in pthread - found
[1.374s] -- Found Threads: TRUE  
[1.494s] -- Found example_interfaces: 0.9.1 (/opt/ros/foxy/share/example_interfaces/cmake)
[1.574s] -- Found rosidl_default_generators: 1.0.1 (/opt/ros/foxy/share/rosidl_default_generators/cmake)
[1.585s] -- Found turtlesim: 1.2.5 (/opt/ros/foxy/share/turtlesim/cmake)
[1.629s] -- Found geometry_msgs: 2.0.4 (/opt/ros/foxy/share/geometry_msgs/cmake)
[1.654s] -- Found std_srvs: 2.0.4 (/opt/ros/foxy/share/std_srvs/cmake)
[1.662s] -- Found rclcpp_components: 2.3.1 (/opt/ros/foxy/share/rclcpp_components/cmake)
[1.724s] -- Found PythonInterp: /usr/bin/python3 (found version "3.8.5") 
[1.803s] -- Found ament_cmake_ros: 0.9.2 (/opt/ros/foxy/share/ament_cmake_ros/cmake)
[1.904s] -- Using all available rosidl_typesupport_c: rosidl_typesupport_fastrtps_c;rosidl_typesupport_introspection_c
[1.911s] -- Using all available rosidl_typesupport_cpp: rosidl_typesupport_fastrtps_cpp;rosidl_typesupport_introspection_cpp
[1.929s] -- Found PythonInterp: /usr/bin/python3 (found suitable version "3.8.5", minimum required is "3.5") 
[1.931s] -- Found python_cmake_module: 0.8.1 (/opt/ros/foxy/share/python_cmake_module/cmake)
[1.949s] -- Found PythonLibs: /usr/lib/aarch64-linux-gnu/libpython3.8.so (found suitable version "3.8.5", minimum required is "3.5") 
[1.949s] -- Using PYTHON_EXECUTABLE: /usr/bin/python3
[1.949s] -- Using PYTHON_INCLUDE_DIRS: /usr/include/python3.8
[1.949s] -- Using PYTHON_LIBRARIES: /usr/lib/aarch64-linux-gnu/libpython3.8.so
[1.964s] -- Found PythonExtra: .so  
[1.995s] -- Found ament_lint_auto: 0.9.6 (/opt/ros/foxy/share/ament_lint_auto/cmake)
[2.017s] -- Added test 'copyright' to check source files copyright and LICENSE
[2.073s] -- Added test 'cppcheck' to perform static code analysis on C / C++ code
[2.075s] -- Configured cppcheck include dirs: $<BUILD_INTERFACE:/home/ari/ros-tut/build/ros_tut/rosidl_generator_c>;/home/ari/ros-tut/build/ros_tut/rosidl_generator_c;/home/ari/ros-tut/build/ros_tut/rosidl_generator_cpp;/home/ari/ros-tut/build/ros_tut/rosidl_typesupport_fastrtps_c;/home/ari/ros-tut/build/ros_tut/rosidl_typesupport_fastrtps_cpp;$<BUILD_INTERFACE:/home/ari/ros-tut/build/ros_tut/rosidl_typesupport_introspection_c>;$<BUILD_INTERFACE:/home/ari/ros-tut/build/ros_tut/rosidl_typesupport_c>;$<BUILD_INTERFACE:/home/ari/ros-tut/build/ros_tut/rosidl_generator_cpp>;/home/ari/ros-tut/build/ros_tut/rosidl_generator_py;$<BUILD_INTERFACE:/home/ari/ros-tut/include>
[2.075s] -- Configured cppcheck exclude dirs and/or files: 
[2.134s] -- Added test 'cpplint' to check C / C++ code against the Google style
[2.134s] -- Configured cpplint exclude dirs and/or files: 
[2.142s] -- Added test 'flake8' to check Python code syntax and style conventions
[2.155s] -- Added test 'lint_cmake' to check CMake code style
[2.162s] -- Added test 'pep257' to check Python code against some of the style conventions in PEP 257
[2.211s] -- Added test 'uncrustify' to check C / C++ code style
[2.212s] -- Configured uncrustify additional arguments: 
[2.219s] -- Added test 'xmllint' to check XML markup files
[2.226s] -- Configuring done
[2.276s] -- Generating done
[2.281s] -- Build files have been written to: /home/ari/ros-tut/build/ros_tut
[2.288s] Invoked command in '/home/ari/ros-tut/build/ros_tut' returned '0': CMAKE_PREFIX_PATH=${CMAKE_PREFIX_PATH}:/opt/ros/foxy /usr/bin/cmake /home/ari/ros-tut -DCMAKE_INSTALL_PREFIX=/home/ari/ros-tut/install/ros_tut
[2.291s] Invoking command in '/home/ari/ros-tut/build/ros_tut': CMAKE_PREFIX_PATH=${CMAKE_PREFIX_PATH}:/opt/ros/foxy /usr/bin/cmake --build /home/ari/ros-tut/build/ros_tut -- -j8 -l8
[2.329s] [35m[1mScanning dependencies of target ros_tut__cpp[0m
[2.329s] [  1%] [34m[1mGenerating C code for ROS interfaces[0m
[2.329s] [35m[1mScanning dependencies of target talker[0m
[2.330s] [35m[1mScanning dependencies of target clear[0m
[2.335s] [35m[1mScanning dependencies of target listener[0m
[2.351s] [35m[1mScanning dependencies of target kill_turtles[0m
[2.357s] [35m[1mScanning dependencies of target server[0m
[2.368s] [  3%] [34m[1mGenerating C++ code for ROS interfaces[0m
[2.376s] [35m[1mScanning dependencies of target my_node[0m
[2.396s] [  4%] [32mBuilding CXX object CMakeFiles/clear.dir/src/clear_turtles.cpp.o[0m
[2.421s] [  6%] [32mBuilding CXX object CMakeFiles/server.dir/src/add_two_ints_server.cpp.o[0m
[2.423s] [  8%] [32mBuilding CXX object CMakeFiles/kill_turtles.dir/src/clear_turtles.cpp.o[0m
[2.447s] [  9%] [32mBuilding CXX object CMakeFiles/my_node.dir/src/my_node.cpp.o[0m
[2.448s] [ 11%] [32mBuilding CXX object CMakeFiles/talker.dir/src/my_publisher.cpp.o[0m
[2.449s] [ 13%] [32mBuilding CXX object CMakeFiles/listener.dir/src/my_subscriber.cpp.o[0m
[2.562s] [ 14%] [32m[1mLinking CXX executable my_node[0m
[2.781s] [ 14%] Built target my_node
[2.836s] [35m[1mScanning dependencies of target client[0m
[2.940s] [ 16%] [32mBuilding CXX object CMakeFiles/client.dir/src/add_two_ints_client.cpp.o[0m
[3.094s] [ 16%] Built target ros_tut__cpp
[3.099s] [35m[1mScanning dependencies of target ros_tut__rosidl_generator_c[0m
[3.151s] [ 18%] [32mBuilding C object CMakeFiles/ros_tut__rosidl_generator_c.dir/rosidl_generator_c/ros_tut/msg/detail/num__functions.c.o[0m
[3.159s] [ 19%] [34m[1mGenerating C++ introspection for ROS interfaces[0m
[3.413s] [ 21%] [32mBuilding C object CMakeFiles/ros_tut__rosidl_generator_c.dir/rosidl_generator_c/ros_tut/srv/detail/add_three_ints__functions.c.o[0m
[4.012s] [ 22%] [32mBuilding C object CMakeFiles/ros_tut__rosidl_generator_c.dir/rosidl_generator_c/ros_tut/srv/detail/success__functions.c.o[0m
[4.632s] [35m[1mScanning dependencies of target ros_tut__rosidl_typesupport_introspection_cpp[0m
[4.817s] [ 24%] [32mBuilding CXX object CMakeFiles/ros_tut__rosidl_typesupport_introspection_cpp.dir/rosidl_typesupport_introspection_cpp/ros_tut/msg/detail/num__type_support.cpp.o[0m
[4.980s] [ 26%] [32m[1mLinking C shared library libros_tut__rosidl_generator_c.so[0m
[5.212s] [ 26%] Built target ros_tut__rosidl_generator_c
[5.417s] [ 27%] [32mBuilding CXX object CMakeFiles/ros_tut__rosidl_typesupport_introspection_cpp.dir/rosidl_typesupport_introspection_cpp/ros_tut/srv/detail/add_three_ints__type_support.cpp.o[0m
[7.732s] [ 29%] [32mBuilding CXX object CMakeFiles/ros_tut__rosidl_typesupport_introspection_cpp.dir/rosidl_typesupport_introspection_cpp/ros_tut/srv/detail/success__type_support.cpp.o[0m
[9.701s] [ 31%] [34m[1mGenerating C++ type support for eProsima Fast-RTPS[0m
[11.975s] [ 32%] [32m[1mLinking CXX shared library libros_tut__rosidl_typesupport_introspection_cpp.so[0m
[13.282s] [35m[1mScanning dependencies of target ros_tut__rosidl_typesupport_fastrtps_cpp[0m
[13.304s] [ 32%] Built target ros_tut__rosidl_typesupport_introspection_cpp
[13.705s] [ 34%] [34m[1mGenerating C introspection for ROS interfaces[0m
[13.720s] [ 36%] [32mBuilding CXX object CMakeFiles/ros_tut__rosidl_typesupport_fastrtps_cpp.dir/rosidl_typesupport_fastrtps_cpp/ros_tut/msg/detail/dds_fastrtps/num__type_support.cpp.o[0m
[15.471s] [35m[1mScanning dependencies of target ros_tut__rosidl_typesupport_introspection_c[0m
[16.138s] [ 37%] [32mBuilding C object CMakeFiles/ros_tut__rosidl_typesupport_introspection_c.dir/rosidl_typesupport_introspection_c/ros_tut/msg/detail/num__type_support.c.o[0m
[18.575s] [ 39%] [32mBuilding C object CMakeFiles/ros_tut__rosidl_typesupport_introspection_c.dir/rosidl_typesupport_introspection_c/ros_tut/srv/detail/add_three_ints__type_support.c.o[0m
[19.594s] [01m[K/home/ari/ros-tut/src/clear_turtles.cpp:[m[K In lambda function:
[19.595s] [01m[K/home/ari/ros-tut/src/clear_turtles.cpp:64:95:[m[K [01;35m[Kwarning: [m[Kunused parameter ‘[01m[Kresponse[m[K’ [[01;35m[K-Wunused-parameter[m[K]
[19.596s]    64 |   auto response_received_callback = [this]([01;35m[Krclcpp::Client<turtlesim::srv::Kill>::SharedFuture response[m[K) {
[19.596s]       |                                            [01;35m[K~~~~~~~~~~~~~~~~~~~~~~~~~~~~~~~~~~~~~~~~~~~~~~~~~~~^~~~~~~~[m[K
[19.830s] [ 40%] [32mBuilding C object CMakeFiles/ros_tut__rosidl_typesupport_introspection_c.dir/rosidl_typesupport_introspection_c/ros_tut/srv/detail/success__type_support.c.o[0m
[19.882s] [ 42%] [32mBuilding CXX object CMakeFiles/ros_tut__rosidl_typesupport_fastrtps_cpp.dir/rosidl_typesupport_fastrtps_cpp/ros_tut/srv/detail/dds_fastrtps/add_three_ints__type_support.cpp.o[0m
[19.952s] [01m[K/home/ari/ros-tut/src/clear_turtles.cpp:[m[K In lambda function:
[19.952s] [01m[K/home/ari/ros-tut/src/clear_turtles.cpp:64:95:[m[K [01;35m[Kwarning: [m[Kunused parameter ‘[01m[Kresponse[m[K’ [[01;35m[K-Wunused-parameter[m[K]
[19.952s]    64 |   auto response_received_callback = [this]([01;35m[Krclcpp::Client<turtlesim::srv::Kill>::SharedFuture response[m[K) {
[19.953s]       |                                            [01;35m[K~~~~~~~~~~~~~~~~~~~~~~~~~~~~~~~~~~~~~~~~~~~~~~~~~~~^~~~~~~~[m[K
[20.815s] [ 44%] [32m[1mLinking C shared library libros_tut__rosidl_typesupport_introspection_c.so[0m
[22.743s] [ 44%] Built target ros_tut__rosidl_typesupport_introspection_c
[23.535s] [ 45%] [34m[1mGenerating C++ type support dispatch for ROS interfaces[0m
[25.799s] [ 47%] [32mBuilding CXX object CMakeFiles/ros_tut__rosidl_typesupport_fastrtps_cpp.dir/rosidl_typesupport_fastrtps_cpp/ros_tut/srv/detail/dds_fastrtps/success__type_support.cpp.o[0m
[26.134s] [35m[1mScanning dependencies of target ros_tut__rosidl_typesupport_cpp[0m
[26.318s] [ 49%] [32mBuilding CXX object CMakeFiles/ros_tut__rosidl_typesupport_cpp.dir/rosidl_typesupport_cpp/ros_tut/msg/num__type_support.cpp.o[0m
[41.872s] [ 50%] [32mBuilding CXX object CMakeFiles/ros_tut__rosidl_typesupport_cpp.dir/rosidl_typesupport_cpp/ros_tut/srv/add_three_ints__type_support.cpp.o[0m
[45.006s] [ 52%] [32m[1mLinking CXX shared library libros_tut__rosidl_typesupport_fastrtps_cpp.so[0m
[48.791s] [ 52%] Built target ros_tut__rosidl_typesupport_fastrtps_cpp
[49.890s] [ 54%] [32mBuilding CXX object CMakeFiles/ros_tut__rosidl_typesupport_cpp.dir/rosidl_typesupport_cpp/ros_tut/srv/success__type_support.cpp.o[0m
[60.802s] [ 55%] [32m[1mLinking CXX shared library libros_tut__rosidl_typesupport_cpp.so[0m
[63.766s] [ 55%] Built target ros_tut__rosidl_typesupport_cpp
[79.103s] [ 57%] [32m[1mLinking CXX executable server[0m
[84.130s] [ 57%] Built target server
[85.341s] [ 59%] [32m[1mLinking CXX executable client[0m
[86.147s] [ 59%] Built target client
[89.031s] [ 60%] [32m[1mLinking CXX executable clear[0m
[89.036s] [ 62%] [32m[1mLinking CXX shared library libkill_turtles.so[0m
[89.471s] /usr/bin/ld: /usr/lib/gcc/aarch64-linux-gnu/9/../../../aarch64-linux-gnu/Scrt1.o: in function `_start':
[89.472s] (.text+0x18): undefined reference to `main'
[89.473s] /usr/bin/ld: (.text+0x1c): undefined reference to `main'
[89.473s] /usr/bin/ld: CMakeFiles/clear.dir/src/clear_turtles.cpp.o: in function `rclcpp::Client<turtlesim::srv::Kill>::Client(rclcpp::node_interfaces::NodeBaseInterface*, std::shared_ptr<rclcpp::node_interfaces::NodeGraphInterface>, std::__cxx11::basic_string<char, std::char_traits<char>, std::allocator<char> > const&, rcl_client_options_t&)':
[89.473s] clear_turtles.cpp:(.text._ZN6rclcpp6ClientIN9turtlesim3srv4KillEEC2EPNS_15node_interfaces17NodeBaseInterfaceESt10shared_ptrINS5_18NodeGraphInterfaceEERKNSt7__cxx1112basic_stringIcSt11char_traitsIcESaIcEEER20rcl_client_options_t[_ZN6rclcpp6ClientIN9turtlesim3srv4KillEEC5EPNS_15node_interfaces17NodeBaseInterfaceESt10shared_ptrINS5_18NodeGraphInterfaceEERKNSt7__cxx1112basic_stringIcSt11char_traitsIcESaIcEEER20rcl_client_options_t]+0x88): undefined reference to `rosidl_service_type_support_t const* rosidl_typesupport_cpp::get_service_type_support_handle<turtlesim::srv::Kill>()'
[89.473s] collect2: error: ld returned 1 exit status
[89.559s] make[2]: *** [CMakeFiles/clear.dir/build.make:136: clear] Error 1
[89.587s] make[1]: *** [CMakeFiles/Makefile2:243: CMakeFiles/clear.dir/all] Error 2
[89.588s] make[1]: *** Waiting for unfinished jobs....
[89.639s] [ 62%] Built target kill_turtles
[93.053s] [ 63%] [32m[1mLinking CXX executable talker[0m
[93.256s] [ 63%] Built target talker
[95.756s] [ 65%] [32m[1mLinking CXX executable listener[0m
[95.960s] [ 65%] Built target listener
[95.966s] make: *** [Makefile:141: all] Error 2
[96.090s] Invoked command in '/home/ari/ros-tut/build/ros_tut' returned '2': CMAKE_PREFIX_PATH=${CMAKE_PREFIX_PATH}:/opt/ros/foxy /usr/bin/cmake --build /home/ari/ros-tut/build/ros_tut -- -j8 -l8
