[35m[1mScanning dependencies of target clear[0m
[35m[1mScanning dependencies of target kill_turtles[0m
[  8%] Built target ros_tut__rosidl_generator_c
[ 11%] Built target my_node
[ 13%] [32mBuilding CXX object CMakeFiles/clear.dir/src/clear_turtles.cpp.o[0m
[ 16%] Built target talker
[ 19%] Built target server
[ 21%] [32mBuilding CXX object CMakeFiles/kill_turtles.dir/src/clear_turtles.cpp.o[0m
[ 22%] Built target ros_tut__cpp
[ 26%] Built target listener
[ 34%] Built target ros_tut__rosidl_typesupport_introspection_cpp
[ 37%] Built target client
[ 45%] Built target ros_tut__rosidl_typesupport_introspection_c
[ 54%] Built target ros_tut__rosidl_typesupport_cpp
[ 62%] Built target ros_tut__rosidl_typesupport_fastrtps_cpp
[ 70%] Built target ros_tut__rosidl_typesupport_c
[ 78%] Built target ros_tut__rosidl_typesupport_fastrtps_c
[ 78%] Built target ros_tut
[ 80%] Built target ros_tut__py
[ 86%] Built target ros_tut__python
[ 90%] Built target ros_tut__rosidl_typesupport_fastrtps_c__pyext
[ 93%] Built target ros_tut__rosidl_typesupport_introspection_c__pyext
[ 96%] Built target ros_tut__rosidl_typesupport_c__pyext
[100%] [32m[1mLinking CXX executable clear[0m
[100%] [32m[1mLinking CXX shared library libkill_turtles.so[0m
[100%] Built target kill_turtles
