[0.027s] Invoking command in '/home/ari/ros-tut/build/ros_tut': CMAKE_PREFIX_PATH=${CMAKE_PREFIX_PATH}:/opt/ros/foxy /usr/bin/cmake --build /home/ari/ros-tut/build/ros_tut -- -j8 -l8
[0.107s] [35m[1mScanning dependencies of target clear[0m
[0.135s] [35m[1mScanning dependencies of target kill_turtles[0m
[0.151s] [  8%] Built target ros_tut__rosidl_generator_c
[0.157s] [ 11%] Built target my_node
[0.158s] [ 13%] [32mBuilding CXX object CMakeFiles/clear.dir/src/clear_turtles.cpp.o[0m
[0.164s] [ 16%] Built target talker
[0.166s] [ 19%] Built target server
[0.170s] [ 21%] [32mBuilding CXX object CMakeFiles/kill_turtles.dir/src/clear_turtles.cpp.o[0m
[0.177s] [ 22%] Built target ros_tut__cpp
[0.177s] [ 26%] Built target listener
[0.229s] [ 34%] Built target ros_tut__rosidl_typesupport_introspection_cpp
[0.231s] [ 37%] Built target client
[0.233s] [ 45%] Built target ros_tut__rosidl_typesupport_introspection_c
[0.248s] [ 54%] Built target ros_tut__rosidl_typesupport_cpp
[0.249s] [ 62%] Built target ros_tut__rosidl_typesupport_fastrtps_cpp
[0.259s] [ 70%] Built target ros_tut__rosidl_typesupport_c
[0.277s] [ 78%] Built target ros_tut__rosidl_typesupport_fastrtps_c
[0.295s] [ 78%] Built target ros_tut
[0.316s] [ 80%] Built target ros_tut__py
[0.345s] [ 86%] Built target ros_tut__python
[0.382s] [ 90%] Built target ros_tut__rosidl_typesupport_fastrtps_c__pyext
[0.388s] [ 93%] Built target ros_tut__rosidl_typesupport_introspection_c__pyext
[0.389s] [ 96%] Built target ros_tut__rosidl_typesupport_c__pyext
[1.358s] [01m[K/home/ari/ros-tut/src/clear_turtles.cpp:[m[K In lambda function:
[1.358s] [01m[K/home/ari/ros-tut/src/clear_turtles.cpp:64:95:[m[K [01;35m[Kwarning: [m[Kunused parameter ‘[01m[Kresponse[m[K’ [[01;35m[K-Wunused-parameter[m[K]
[1.358s]    64 |   auto response_received_callback = [this]([01;35m[Krclcpp::Client<turtlesim::srv::Kill>::SharedFuture response[m[K) {
[1.358s]       |                                            [01;35m[K~~~~~~~~~~~~~~~~~~~~~~~~~~~~~~~~~~~~~~~~~~~~~~~~~~~^~~~~~~~[m[K
[1.361s] [01m[K/home/ari/ros-tut/src/clear_turtles.cpp:[m[K In lambda function:
[1.361s] [01m[K/home/ari/ros-tut/src/clear_turtles.cpp:64:95:[m[K [01;35m[Kwarning: [m[Kunused parameter ‘[01m[Kresponse[m[K’ [[01;35m[K-Wunused-parameter[m[K]
[1.361s]    64 |   auto response_received_callback = [this]([01;35m[Krclcpp::Client<turtlesim::srv::Kill>::SharedFuture response[m[K) {
[1.361s]       |                                            [01;35m[K~~~~~~~~~~~~~~~~~~~~~~~~~~~~~~~~~~~~~~~~~~~~~~~~~~~^~~~~~~~[m[K
[2.349s] [100%] [32m[1mLinking CXX executable clear[0m
[2.349s] [100%] [32m[1mLinking CXX shared library libkill_turtles.so[0m
[2.458s] /usr/bin/ld: /usr/lib/gcc/aarch64-linux-gnu/9/../../../aarch64-linux-gnu/Scrt1.o: in function `_start':
[2.458s] (.text+0x18): undefined reference to `main'
[2.458s] /usr/bin/ld: (.text+0x1c): undefined reference to `main'
[2.458s] /usr/bin/ld: CMakeFiles/clear.dir/src/clear_turtles.cpp.o: in function `(anonymous namespace)::ProxyExec0::ProxyExec0()':
[2.459s] clear_turtles.cpp:(.text+0xd2c): undefined reference to `console_bridge::log(char const*, int, console_bridge::LogLevel, char const*, ...)'
[2.459s] /usr/bin/ld: CMakeFiles/clear.dir/src/clear_turtles.cpp.o: in function `void class_loader::impl::registerPlugin<rclcpp_components::NodeFactoryTemplate<composition::kill_turtles>, rclcpp_components::NodeFactory>(std::__cxx11::basic_string<char, std::char_traits<char>, std::allocator<char> > const&, std::__cxx11::basic_string<char, std::char_traits<char>, std::allocator<char> > const&)':
[2.459s] clear_turtles.cpp:(.text._ZN12class_loader4impl14registerPluginIN17rclcpp_components19NodeFactoryTemplateIN11composition12kill_turtlesEEENS2_11NodeFactoryEEEvRKNSt7__cxx1112basic_stringIcSt11char_traitsIcESaIcEEESF_[_ZN12class_loader4impl14registerPluginIN17rclcpp_components19NodeFactoryTemplateIN11composition12kill_turtlesEEENS2_11NodeFactoryEEEvRKNSt7__cxx1112basic_stringIcSt11char_traitsIcESaIcEEESF_]+0x34): undefined reference to `class_loader::impl::getCurrentlyActiveClassLoader()'
[2.460s] /usr/bin/ld: clear_turtles.cpp:(.text._ZN12class_loader4impl14registerPluginIN17rclcpp_components19NodeFactoryTemplateIN11composition12kill_turtlesEEENS2_11NodeFactoryEEEvRKNSt7__cxx1112basic_stringIcSt11char_traitsIcESaIcEEESF_[_ZN12class_loader4impl14registerPluginIN17rclcpp_components19NodeFactoryTemplateIN11composition12kill_turtlesEEENS2_11NodeFactoryEEEvRKNSt7__cxx1112basic_stringIcSt11char_traitsIcESaIcEEESF_]+0x44): undefined reference to `class_loader::impl::getCurrentlyLoadingLibraryName[abi:cxx11]()'
[2.460s] /usr/bin/ld: clear_turtles.cpp:(.text._ZN12class_loader4impl14registerPluginIN17rclcpp_components19NodeFactoryTemplateIN11composition12kill_turtlesEEENS2_11NodeFactoryEEEvRKNSt7__cxx1112basic_stringIcSt11char_traitsIcESaIcEEESF_[_ZN12class_loader4impl14registerPluginIN17rclcpp_components19NodeFactoryTemplateIN11composition12kill_turtlesEEENS2_11NodeFactoryEEEvRKNSt7__cxx1112basic_stringIcSt11char_traitsIcESaIcEEESF_]+0x74): undefined reference to `console_bridge::log(char const*, int, console_bridge::LogLevel, char const*, ...)'
[2.461s] /usr/bin/ld: clear_turtles.cpp:(.text._ZN12class_loader4impl14registerPluginIN17rclcpp_components19NodeFactoryTemplateIN11composition12kill_turtlesEEENS2_11NodeFactoryEEEvRKNSt7__cxx1112basic_stringIcSt11char_traitsIcESaIcEEESF_[_ZN12class_loader4impl14registerPluginIN17rclcpp_components19NodeFactoryTemplateIN11composition12kill_turtlesEEENS2_11NodeFactoryEEEvRKNSt7__cxx1112basic_stringIcSt11char_traitsIcESaIcEEESF_]+0x80): undefined reference to `class_loader::impl::getCurrentlyActiveClassLoader()'
[2.461s] /usr/bin/ld: clear_turtles.cpp:(.text._ZN12class_loader4impl14registerPluginIN17rclcpp_components19NodeFactoryTemplateIN11composition12kill_turtlesEEENS2_11NodeFactoryEEEvRKNSt7__cxx1112basic_stringIcSt11char_traitsIcESaIcEEESF_[_ZN12class_loader4impl14registerPluginIN17rclcpp_components19NodeFactoryTemplateIN11composition12kill_turtlesEEENS2_11NodeFactoryEEEvRKNSt7__cxx1112basic_stringIcSt11char_traitsIcESaIcEEESF_]+0xb8): undefined reference to `console_bridge::log(char const*, int, console_bridge::LogLevel, char const*, ...)'
[2.461s] /usr/bin/ld: clear_turtles.cpp:(.text._ZN12class_loader4impl14registerPluginIN17rclcpp_components19NodeFactoryTemplateIN11composition12kill_turtlesEEENS2_11NodeFactoryEEEvRKNSt7__cxx1112basic_stringIcSt11char_traitsIcESaIcEEESF_[_ZN12class_loader4impl14registerPluginIN17rclcpp_components19NodeFactoryTemplateIN11composition12kill_turtlesEEENS2_11NodeFactoryEEEvRKNSt7__cxx1112basic_stringIcSt11char_traitsIcESaIcEEESF_]+0xc0): undefined reference to `class_loader::impl::hasANonPurePluginLibraryBeenOpened(bool)'
[2.461s] /usr/bin/ld: clear_turtles.cpp:(.text._ZN12class_loader4impl14registerPluginIN17rclcpp_components19NodeFactoryTemplateIN11composition12kill_turtlesEEENS2_11NodeFactoryEEEvRKNSt7__cxx1112basic_stringIcSt11char_traitsIcESaIcEEESF_[_ZN12class_loader4impl14registerPluginIN17rclcpp_components19NodeFactoryTemplateIN11composition12kill_turtlesEEENS2_11NodeFactoryEEEvRKNSt7__cxx1112basic_stringIcSt11char_traitsIcESaIcEEESF_]+0xe8): undefined reference to `class_loader::impl::getCurrentlyActiveClassLoader()'
[2.461s] /usr/bin/ld: clear_turtles.cpp:(.text._ZN12class_loader4impl14registerPluginIN17rclcpp_components19NodeFactoryTemplateIN11composition12kill_turtlesEEENS2_11NodeFactoryEEEvRKNSt7__cxx1112basic_stringIcSt11char_traitsIcESaIcEEESF_[_ZN12class_loader4impl14registerPluginIN17rclcpp_components19NodeFactoryTemplateIN11composition12kill_turtlesEEENS2_11NodeFactoryEEEvRKNSt7__cxx1112basic_stringIcSt11char_traitsIcESaIcEEESF_]+0xf4): undefined reference to `class_loader::impl::AbstractMetaObjectBase::addOwningClassLoader(class_loader::ClassLoader*)'
[2.462s] /usr/bin/ld: clear_turtles.cpp:(.text._ZN12class_loader4impl14registerPluginIN17rclcpp_components19NodeFactoryTemplateIN11composition12kill_turtlesEEENS2_11NodeFactoryEEEvRKNSt7__cxx1112basic_stringIcSt11char_traitsIcESaIcEEESF_[_ZN12class_loader4impl14registerPluginIN17rclcpp_components19NodeFactoryTemplateIN11composition12kill_turtlesEEENS2_11NodeFactoryEEEvRKNSt7__cxx1112basic_stringIcSt11char_traitsIcESaIcEEESF_]+0x104): undefined reference to `class_loader::impl::getCurrentlyLoadingLibraryName[abi:cxx11]()'
[2.462s] /usr/bin/ld: clear_turtles.cpp:(.text._ZN12class_loader4impl14registerPluginIN17rclcpp_components19NodeFactoryTemplateIN11composition12kill_turtlesEEENS2_11NodeFactoryEEEvRKNSt7__cxx1112basic_stringIcSt11char_traitsIcESaIcEEESF_[_ZN12class_loader4impl14registerPluginIN17rclcpp_components19NodeFactoryTemplateIN11composition12kill_turtlesEEENS2_11NodeFactoryEEEvRKNSt7__cxx1112basic_stringIcSt11char_traitsIcESaIcEEESF_]+0x114): undefined reference to `class_loader::impl::AbstractMetaObjectBase::setAssociatedLibraryPath(std::__cxx11::basic_string<char, std::char_traits<char>, std::allocator<char> > const&)'
[2.462s] /usr/bin/ld: clear_turtles.cpp:(.text._ZN12class_loader4impl14registerPluginIN17rclcpp_components19NodeFactoryTemplateIN11composition12kill_turtlesEEENS2_11NodeFactoryEEEvRKNSt7__cxx1112basic_stringIcSt11char_traitsIcESaIcEEESF_[_ZN12class_loader4impl14registerPluginIN17rclcpp_components19NodeFactoryTemplateIN11composition12kill_turtlesEEENS2_11NodeFactoryEEEvRKNSt7__cxx1112basic_stringIcSt11char_traitsIcESaIcEEESF_]+0x120): undefined reference to `class_loader::impl::getPluginBaseToFactoryMapMapMutex()'
[2.462s] /usr/bin/ld: clear_turtles.cpp:(.text._ZN12class_loader4impl14registerPluginIN17rclcpp_components19NodeFactoryTemplateIN11composition12kill_turtlesEEENS2_11NodeFactoryEEEvRKNSt7__cxx1112basic_stringIcSt11char_traitsIcESaIcEEESF_[_ZN12class_loader4impl14registerPluginIN17rclcpp_components19NodeFactoryTemplateIN11composition12kill_turtlesEEENS2_11NodeFactoryEEEvRKNSt7__cxx1112basic_stringIcSt11char_traitsIcESaIcEEESF_]+0x188): undefined reference to `console_bridge::log(char const*, int, console_bridge::LogLevel, char const*, ...)'
[2.462s] /usr/bin/ld: clear_turtles.cpp:(.text._ZN12class_loader4impl14registerPluginIN17rclcpp_components19NodeFactoryTemplateIN11composition12kill_turtlesEEENS2_11NodeFactoryEEEvRKNSt7__cxx1112basic_stringIcSt11char_traitsIcESaIcEEESF_[_ZN12class_loader4impl14registerPluginIN17rclcpp_components19NodeFactoryTemplateIN11composition12kill_turtlesEEENS2_11NodeFactoryEEEvRKNSt7__cxx1112basic_stringIcSt11char_traitsIcESaIcEEESF_]+0x1a4): undefined reference to `class_loader::impl::getPluginBaseToFactoryMapMapMutex()'
[2.462s] /usr/bin/ld: clear_turtles.cpp:(.text._ZN12class_loader4impl14registerPluginIN17rclcpp_components19NodeFactoryTemplateIN11composition12kill_turtlesEEENS2_11NodeFactoryEEEvRKNSt7__cxx1112basic_stringIcSt11char_traitsIcESaIcEEESF_[_ZN12class_loader4impl14registerPluginIN17rclcpp_components19NodeFactoryTemplateIN11composition12kill_turtlesEEENS2_11NodeFactoryEEEvRKNSt7__cxx1112basic_stringIcSt11char_traitsIcESaIcEEESF_]+0x1d4): undefined reference to `console_bridge::log(char const*, int, console_bridge::LogLevel, char const*, ...)'
[2.462s] /usr/bin/ld: CMakeFiles/clear.dir/src/clear_turtles.cpp.o: in function `std::map<std::__cxx11::basic_string<char, std::char_traits<char>, std::allocator<char> >, class_loader::impl::AbstractMetaObjectBase*, std::less<std::__cxx11::basic_string<char, std::char_traits<char>, std::allocator<char> > >, std::allocator<std::pair<std::__cxx11::basic_string<char, std::char_traits<char>, std::allocator<char> > const, class_loader::impl::AbstractMetaObjectBase*> > >& class_loader::impl::getFactoryMapForBaseClass<rclcpp_components::NodeFactory>()':
[2.462s] clear_turtles.cpp:(.text._ZN12class_loader4impl25getFactoryMapForBaseClassIN17rclcpp_components11NodeFactoryEEERSt3mapINSt7__cxx1112basic_stringIcSt11char_traitsIcESaIcEEEPNS0_22AbstractMetaObjectBaseESt4lessISA_ESaISt4pairIKSA_SC_EEEv[_ZN12class_loader4impl25getFactoryMapForBaseClassIN17rclcpp_components11NodeFactoryEEERSt3mapINSt7__cxx1112basic_stringIcSt11char_traitsIcESaIcEEEPNS0_22AbstractMetaObjectBaseESt4lessISA_ESaISt4pairIKSA_SC_EEEv]+0x50): undefined reference to `class_loader::impl::getFactoryMapForBaseClass(std::__cxx11::basic_string<char, std::char_traits<char>, std::allocator<char> > const&)'
[2.462s] /usr/bin/ld: CMakeFiles/clear.dir/src/clear_turtles.cpp.o: in function `class_loader::impl::AbstractMetaObject<rclcpp_components::NodeFactory>::AbstractMetaObject(std::__cxx11::basic_string<char, std::char_traits<char>, std::allocator<char> > const&, std::__cxx11::basic_string<char, std::char_traits<char>, std::allocator<char> > const&)':
[2.462s] clear_turtles.cpp:(.text._ZN12class_loader4impl18AbstractMetaObjectIN17rclcpp_components11NodeFactoryEEC2ERKNSt7__cxx1112basic_stringIcSt11char_traitsIcESaIcEEESC_[_ZN12class_loader4impl18AbstractMetaObjectIN17rclcpp_components11NodeFactoryEEC5ERKNSt7__cxx1112basic_stringIcSt11char_traitsIcESaIcEEESC_]+0x70): undefined reference to `class_loader::impl::AbstractMetaObjectBase::AbstractMetaObjectBase(std::__cxx11::basic_string<char, std::char_traits<char>, std::allocator<char> > const&, std::__cxx11::basic_string<char, std::char_traits<char>, std::allocator<char> > const&, std::__cxx11::basic_string<char, std::char_traits<char>, std::allocator<char> > const&)'
[2.462s] /usr/bin/ld: CMakeFiles/clear.dir/src/clear_turtles.cpp.o: in function `rclcpp::Client<turtlesim::srv::Kill>::Client(rclcpp::node_interfaces::NodeBaseInterface*, std::shared_ptr<rclcpp::node_interfaces::NodeGraphInterface>, std::__cxx11::basic_string<char, std::char_traits<char>, std::allocator<char> > const&, rcl_client_options_t&)':
[2.462s] clear_turtles.cpp:(.text._ZN6rclcpp6ClientIN9turtlesim3srv4KillEEC2EPNS_15node_interfaces17NodeBaseInterfaceESt10shared_ptrINS5_18NodeGraphInterfaceEERKNSt7__cxx1112basic_stringIcSt11char_traitsIcESaIcEEER20rcl_client_options_t[_ZN6rclcpp6ClientIN9turtlesim3srv4KillEEC5EPNS_15node_interfaces17NodeBaseInterfaceESt10shared_ptrINS5_18NodeGraphInterfaceEERKNSt7__cxx1112basic_stringIcSt11char_traitsIcESaIcEEER20rcl_client_options_t]+0x88): undefined reference to `rosidl_service_type_support_t const* rosidl_typesupport_cpp::get_service_type_support_handle<turtlesim::srv::Kill>()'
[2.463s] collect2: error: ld returned 1 exit status
[2.464s] make[2]: *** [CMakeFiles/clear.dir/build.make:136: clear] Error 1
[2.464s] make[1]: *** [CMakeFiles/Makefile2:243: CMakeFiles/clear.dir/all] Error 2
[2.464s] make[1]: *** Waiting for unfinished jobs....
[2.468s] [100%] Built target kill_turtles
[2.470s] make: *** [Makefile:141: all] Error 2
[2.478s] Invoked command in '/home/ari/ros-tut/build/ros_tut' returned '2': CMAKE_PREFIX_PATH=${CMAKE_PREFIX_PATH}:/opt/ros/foxy /usr/bin/cmake --build /home/ari/ros-tut/build/ros_tut -- -j8 -l8
