[35m[1mScanning dependencies of target clear[0m
[35m[1mScanning dependencies of target kill_turtles[0m
[  1%] Built target ros_tut__cpp
[  9%] Built target ros_tut__rosidl_generator_c
[ 16%] Built target my_node
[ 16%] Built target server
[ 19%] [32mBuilding CXX object CMakeFiles/clear.dir/src/clear_turtles.cpp.o[0m
[ 21%] Built target listener
[ 24%] Built target talker
[ 26%] [32mBuilding CXX object CMakeFiles/kill_turtles.dir/src/clear_turtles.cpp.o[0m
[ 34%] Built target ros_tut__rosidl_typesupport_introspection_c
[ 42%] Built target ros_tut__rosidl_typesupport_introspection_cpp
[ 50%] Built target ros_tut__rosidl_typesupport_fastrtps_cpp
[ 54%] Built target client
[ 62%] Built target ros_tut__rosidl_typesupport_c
[ 70%] Built target ros_tut__rosidl_typesupport_cpp
[ 78%] Built target ros_tut__rosidl_typesupport_fastrtps_c
[ 78%] Built target ros_tut
[ 80%] Built target ros_tut__py
[ 86%] Built target ros_tut__python
[ 90%] Built target ros_tut__rosidl_typesupport_c__pyext
[ 93%] Built target ros_tut__rosidl_typesupport_introspection_c__pyext
[ 96%] Built target ros_tut__rosidl_typesupport_fastrtps_c__pyext
[01m[K/home/ari/ros-tut/src/clear_turtles.cpp:[m[K In lambda function:
[01m[K/home/ari/ros-tut/src/clear_turtles.cpp:64:95:[m[K [01;35m[Kwarning: [m[Kunused parameter ‘[01m[Kresponse[m[K’ [[01;35m[K-Wunused-parameter[m[K]
   64 |   auto response_received_callback = [this]([01;35m[Krclcpp::Client<turtlesim::srv::Kill>::SharedFuture response[m[K) {
      |                                            [01;35m[K~~~~~~~~~~~~~~~~~~~~~~~~~~~~~~~~~~~~~~~~~~~~~~~~~~~^~~~~~~~[m[K
[01m[K/home/ari/ros-tut/src/clear_turtles.cpp:[m[K In lambda function:
[01m[K/home/ari/ros-tut/src/clear_turtles.cpp:64:95:[m[K [01;35m[Kwarning: [m[Kunused parameter ‘[01m[Kresponse[m[K’ [[01;35m[K-Wunused-parameter[m[K]
   64 |   auto response_received_callback = [this]([01;35m[Krclcpp::Client<turtlesim::srv::Kill>::SharedFuture response[m[K) {
      |                                            [01;35m[K~~~~~~~~~~~~~~~~~~~~~~~~~~~~~~~~~~~~~~~~~~~~~~~~~~~^~~~~~~~[m[K
[ 98%] [32m[1mLinking CXX executable clear[0m
[100%] [32m[1mLinking CXX shared library libkill_turtles.so[0m
/usr/bin/ld: /usr/lib/gcc/aarch64-linux-gnu/9/../../../aarch64-linux-gnu/Scrt1.o: in function `_start':
(.text+0x18): undefined reference to `main'
/usr/bin/ld: (.text+0x1c): undefined reference to `main'
/usr/bin/ld: CMakeFiles/clear.dir/src/clear_turtles.cpp.o: in function `rclcpp::Client<turtlesim::srv::Kill>::Client(rclcpp::node_interfaces::NodeBaseInterface*, std::shared_ptr<rclcpp::node_interfaces::NodeGraphInterface>, std::__cxx11::basic_string<char, std::char_traits<char>, std::allocator<char> > const&, rcl_client_options_t&)':
clear_turtles.cpp:(.text._ZN6rclcpp6ClientIN9turtlesim3srv4KillEEC2EPNS_15node_interfaces17NodeBaseInterfaceESt10shared_ptrINS5_18NodeGraphInterfaceEERKNSt7__cxx1112basic_stringIcSt11char_traitsIcESaIcEEER20rcl_client_options_t[_ZN6rclcpp6ClientIN9turtlesim3srv4KillEEC5EPNS_15node_interfaces17NodeBaseInterfaceESt10shared_ptrINS5_18NodeGraphInterfaceEERKNSt7__cxx1112basic_stringIcSt11char_traitsIcESaIcEEER20rcl_client_options_t]+0x88): undefined reference to `rosidl_service_type_support_t const* rosidl_typesupport_cpp::get_service_type_support_handle<turtlesim::srv::Kill>()'
collect2: error: ld returned 1 exit status
make[2]: *** [CMakeFiles/clear.dir/build.make:136: clear] Error 1
make[1]: *** [CMakeFiles/Makefile2:243: CMakeFiles/clear.dir/all] Error 2
make[1]: *** Waiting for unfinished jobs....
[100%] Built target kill_turtles
make: *** [Makefile:141: all] Error 2
