[0.021s] Invoking command in '/home/ari/ros-tut/build/ros_tut': CMAKE_PREFIX_PATH=${CMAKE_PREFIX_PATH}:/opt/ros/foxy /usr/bin/cmake --build /home/ari/ros-tut/build/ros_tut -- -j8 -l8
[0.111s] [35m[1mScanning dependencies of target clear[0m
[0.114s] [35m[1mScanning dependencies of target kill_turtles[0m
[0.135s] [  1%] Built target ros_tut__cpp
[0.142s] [  9%] Built target ros_tut__rosidl_generator_c
[0.152s] [ 16%] Built target my_node
[0.152s] [ 16%] Built target server
[0.156s] [ 19%] [32mBuilding CXX object CMakeFiles/clear.dir/src/clear_turtles.cpp.o[0m
[0.156s] [ 21%] Built target listener
[0.156s] [ 24%] Built target talker
[0.161s] [ 26%] [32mBuilding CXX object CMakeFiles/kill_turtles.dir/src/clear_turtles.cpp.o[0m
[0.198s] [ 34%] Built target ros_tut__rosidl_typesupport_introspection_c
[0.198s] [ 42%] Built target ros_tut__rosidl_typesupport_introspection_cpp
[0.205s] [ 50%] Built target ros_tut__rosidl_typesupport_fastrtps_cpp
[0.206s] [ 54%] Built target client
[0.216s] [ 62%] Built target ros_tut__rosidl_typesupport_c
[0.226s] [ 70%] Built target ros_tut__rosidl_typesupport_cpp
[0.236s] [ 78%] Built target ros_tut__rosidl_typesupport_fastrtps_c
[0.250s] [ 78%] Built target ros_tut
[0.264s] [ 80%] Built target ros_tut__py
[0.286s] [ 86%] Built target ros_tut__python
[0.310s] [ 90%] Built target ros_tut__rosidl_typesupport_c__pyext
[0.311s] [ 93%] Built target ros_tut__rosidl_typesupport_introspection_c__pyext
[0.322s] [ 96%] Built target ros_tut__rosidl_typesupport_fastrtps_c__pyext
[1.280s] [01m[K/home/ari/ros-tut/src/clear_turtles.cpp:[m[K In lambda function:
[1.280s] [01m[K/home/ari/ros-tut/src/clear_turtles.cpp:64:95:[m[K [01;35m[Kwarning: [m[Kunused parameter ‘[01m[Kresponse[m[K’ [[01;35m[K-Wunused-parameter[m[K]
[1.280s]    64 |   auto response_received_callback = [this]([01;35m[Krclcpp::Client<turtlesim::srv::Kill>::SharedFuture response[m[K) {
[1.280s]       |                                            [01;35m[K~~~~~~~~~~~~~~~~~~~~~~~~~~~~~~~~~~~~~~~~~~~~~~~~~~~^~~~~~~~[m[K
[1.290s] [01m[K/home/ari/ros-tut/src/clear_turtles.cpp:[m[K In lambda function:
[1.291s] [01m[K/home/ari/ros-tut/src/clear_turtles.cpp:64:95:[m[K [01;35m[Kwarning: [m[Kunused parameter ‘[01m[Kresponse[m[K’ [[01;35m[K-Wunused-parameter[m[K]
[1.291s]    64 |   auto response_received_callback = [this]([01;35m[Krclcpp::Client<turtlesim::srv::Kill>::SharedFuture response[m[K) {
[1.291s]       |                                            [01;35m[K~~~~~~~~~~~~~~~~~~~~~~~~~~~~~~~~~~~~~~~~~~~~~~~~~~~^~~~~~~~[m[K
[2.536s] [ 98%] [32m[1mLinking CXX executable clear[0m
[2.550s] [100%] [32m[1mLinking CXX shared library libkill_turtles.so[0m
[2.634s] /usr/bin/ld: /usr/lib/gcc/aarch64-linux-gnu/9/../../../aarch64-linux-gnu/Scrt1.o: in function `_start':
[2.634s] (.text+0x18): undefined reference to `main'
[2.634s] /usr/bin/ld: (.text+0x1c): undefined reference to `main'
[2.634s] /usr/bin/ld: CMakeFiles/clear.dir/src/clear_turtles.cpp.o: in function `rclcpp::Client<turtlesim::srv::Kill>::Client(rclcpp::node_interfaces::NodeBaseInterface*, std::shared_ptr<rclcpp::node_interfaces::NodeGraphInterface>, std::__cxx11::basic_string<char, std::char_traits<char>, std::allocator<char> > const&, rcl_client_options_t&)':
[2.634s] clear_turtles.cpp:(.text._ZN6rclcpp6ClientIN9turtlesim3srv4KillEEC2EPNS_15node_interfaces17NodeBaseInterfaceESt10shared_ptrINS5_18NodeGraphInterfaceEERKNSt7__cxx1112basic_stringIcSt11char_traitsIcESaIcEEER20rcl_client_options_t[_ZN6rclcpp6ClientIN9turtlesim3srv4KillEEC5EPNS_15node_interfaces17NodeBaseInterfaceESt10shared_ptrINS5_18NodeGraphInterfaceEERKNSt7__cxx1112basic_stringIcSt11char_traitsIcESaIcEEER20rcl_client_options_t]+0x88): undefined reference to `rosidl_service_type_support_t const* rosidl_typesupport_cpp::get_service_type_support_handle<turtlesim::srv::Kill>()'
[2.634s] collect2: error: ld returned 1 exit status
[2.636s] make[2]: *** [CMakeFiles/clear.dir/build.make:136: clear] Error 1
[2.637s] make[1]: *** [CMakeFiles/Makefile2:243: CMakeFiles/clear.dir/all] Error 2
[2.637s] make[1]: *** Waiting for unfinished jobs....
[2.647s] [100%] Built target kill_turtles
[2.649s] make: *** [Makefile:141: all] Error 2
[2.651s] Invoked command in '/home/ari/ros-tut/build/ros_tut' returned '2': CMAKE_PREFIX_PATH=${CMAKE_PREFIX_PATH}:/opt/ros/foxy /usr/bin/cmake --build /home/ari/ros-tut/build/ros_tut -- -j8 -l8
