[0.028s] Invoking command in '/home/ari/ros-tut/build/ros_tut': CMAKE_PREFIX_PATH=${CMAKE_PREFIX_PATH}:/opt/ros/foxy /usr/bin/cmake --build /home/ari/ros-tut/build/ros_tut -- -j8 -l8
[0.091s] -- Found ament_cmake: 0.9.8 (/opt/ros/foxy/share/ament_cmake/cmake)
[0.147s] -- Found PythonInterp: /usr/bin/python3 (found suitable version "3.8.5", minimum required is "3") 
[0.147s] -- Using PYTHON_EXECUTABLE: /usr/bin/python3
[0.473s] -- Found rclcpp: 2.3.1 (/opt/ros/foxy/share/rclcpp/cmake)
[0.519s] -- Using all available rosidl_typesupport_c: rosidl_typesupport_fastrtps_c;rosidl_typesupport_introspection_c
[0.521s] -- Found rosidl_adapter: 1.2.1 (/opt/ros/foxy/share/rosidl_adapter/cmake)
[0.674s] -- Using all available rosidl_typesupport_cpp: rosidl_typesupport_fastrtps_cpp;rosidl_typesupport_introspection_cpp
[0.716s] -- Found rmw_implementation_cmake: 1.0.3 (/opt/ros/foxy/share/rmw_implementation_cmake/cmake)
[0.718s] -- Using RMW implementation 'rmw_fastrtps_cpp' as default
[0.836s] -- Found turtlesim: 1.2.5 (/opt/ros/foxy/share/turtlesim/cmake)
[0.910s] -- Found rclcpp_components: 2.3.1 (/opt/ros/foxy/share/rclcpp_components/cmake)
[0.950s] -- Found rclcpp_action: 2.3.1 (/opt/ros/foxy/share/rclcpp_action/cmake)
[0.972s] -- Found geometry_msgs: 2.0.4 (/opt/ros/foxy/share/geometry_msgs/cmake)
[0.995s] -- Found rosidl_default_generators: 1.0.1 (/opt/ros/foxy/share/rosidl_default_generators/cmake)
[1.023s] -- Found PythonInterp: /usr/bin/python3 (found version "3.8.5") 
[1.219s] -- Found ament_cmake_ros: 0.9.2 (/opt/ros/foxy/share/ament_cmake_ros/cmake)
[1.316s] -- Using all available rosidl_typesupport_c: rosidl_typesupport_fastrtps_c;rosidl_typesupport_introspection_c
[1.323s] -- Using all available rosidl_typesupport_cpp: rosidl_typesupport_fastrtps_cpp;rosidl_typesupport_introspection_cpp
[1.338s] -- Found PythonInterp: /usr/bin/python3 (found suitable version "3.8.5", minimum required is "3.5") 
[1.338s] -- Found python_cmake_module: 0.8.1 (/opt/ros/foxy/share/python_cmake_module/cmake)
[1.352s] -- Using PYTHON_EXECUTABLE: /usr/bin/python3
[1.352s] -- Using PYTHON_INCLUDE_DIRS: /usr/include/python3.8
[1.352s] -- Using PYTHON_LIBRARIES: /usr/lib/aarch64-linux-gnu/libpython3.8.so
[1.365s] -- Found ament_lint_auto: 0.9.6 (/opt/ros/foxy/share/ament_lint_auto/cmake)
[1.375s] -- Added test 'copyright' to check source files copyright and LICENSE
[1.480s] -- Added test 'cppcheck' to perform static code analysis on C / C++ code
[1.481s] -- Configured cppcheck include dirs: /home/ari/ros-tut/include;$<BUILD_INTERFACE:/home/ari/ros-tut/build/ros_tut/rosidl_generator_c>;/home/ari/ros-tut/build/ros_tut/rosidl_generator_c;/home/ari/ros-tut/build/ros_tut/rosidl_generator_cpp;/home/ari/ros-tut/build/ros_tut/rosidl_typesupport_fastrtps_c;/home/ari/ros-tut/build/ros_tut/rosidl_typesupport_fastrtps_cpp;$<BUILD_INTERFACE:/home/ari/ros-tut/build/ros_tut/rosidl_typesupport_introspection_c>;$<BUILD_INTERFACE:/home/ari/ros-tut/build/ros_tut/rosidl_typesupport_c>;$<BUILD_INTERFACE:/home/ari/ros-tut/build/ros_tut/rosidl_generator_cpp>;/home/ari/ros-tut/build/ros_tut/rosidl_generator_py;$<BUILD_INTERFACE:/home/ari/ros-tut/include>
[1.481s] -- Configured cppcheck exclude dirs and/or files: 
[1.588s] -- Added test 'cpplint' to check C / C++ code against the Google style
[1.588s] -- Configured cpplint exclude dirs and/or files: 
[1.601s] -- Added test 'flake8' to check Python code syntax and style conventions
[1.626s] -- Added test 'lint_cmake' to check CMake code style
[1.640s] -- Added test 'pep257' to check Python code against some of the style conventions in PEP 257
[1.735s] -- Added test 'uncrustify' to check C / C++ code style
[1.735s] -- Configured uncrustify additional arguments: 
[1.749s] -- Added test 'xmllint' to check XML markup files
[1.754s] -- Configuring done
[1.803s] -- Generating done
[1.808s] -- Build files have been written to: /home/ari/ros-tut/build/ros_tut
[1.841s] [35m[1mScanning dependencies of target clear[0m
[1.842s] [  3%] Built target my_node
[1.853s] [  5%] Built target ros_tut__cpp
[1.855s] [  8%] Built target talker
[1.858s] [ 17%] Built target listener
[1.858s] [ 21%] Built target ros_tut__rosidl_generator_c
[1.864s] [ 22%] [32mBuilding CXX object CMakeFiles/clear.dir/src/clear_turtles.cpp.o[0m
[1.867s] [ 26%] Built target kill_turtles
[1.879s] [ 35%] Built target ros_tut__rosidl_typesupport_introspection_c
[1.885s] [ 43%] Built target ros_tut__rosidl_typesupport_fastrtps_cpp
[1.887s] [ 52%] Built target ros_tut__rosidl_typesupport_cpp
[1.887s] [ 68%] Built target ros_tut__rosidl_typesupport_introspection_cpp
[1.887s] [ 70%] Built target ros_tut__rosidl_typesupport_c
[1.906s] [ 78%] Built target ros_tut__rosidl_typesupport_fastrtps_c
[1.919s] [ 78%] Built target ros_tut
[1.936s] [ 80%] Built target ros_tut__py
[1.962s] [ 87%] Built target ros_tut__python
[1.993s] [ 91%] Built target ros_tut__rosidl_typesupport_introspection_c__pyext
[1.994s] [ 94%] Built target ros_tut__rosidl_typesupport_c__pyext
[2.011s] [ 98%] Built target ros_tut__rosidl_typesupport_fastrtps_c__pyext
[2.019s] [01m[K/home/ari/ros-tut/src/clear_turtles.cpp:9:10:[m[K [01;31m[Kfatal error: [m[Krclcpp/rclcpp.hpp: No such file or directory
[2.019s]     9 | #include [01;31m[K<rclcpp/rclcpp.hpp>[m[K
[2.019s]       |          [01;31m[K^~~~~~~~~~~~~~~~~~~[m[K
[2.019s] compilation terminated.
[2.023s] make[2]: *** [CMakeFiles/clear.dir/build.make:63: CMakeFiles/clear.dir/src/clear_turtles.cpp.o] Error 1
[2.023s] make[1]: *** [CMakeFiles/Makefile2:563: CMakeFiles/clear.dir/all] Error 2
[2.023s] make: *** [Makefile:141: all] Error 2
[2.028s] Invoked command in '/home/ari/ros-tut/build/ros_tut' returned '2': CMAKE_PREFIX_PATH=${CMAKE_PREFIX_PATH}:/opt/ros/foxy /usr/bin/cmake --build /home/ari/ros-tut/build/ros_tut -- -j8 -l8
