[0.037s] Invoking command in '/home/ari/ros-tut/build/ros_tut': CMAKE_PREFIX_PATH=${CMAKE_PREFIX_PATH}:/opt/ros/foxy /usr/bin/cmake /home/ari/ros-tut -DCMAKE_INSTALL_PREFIX=/home/ari/ros-tut/install/ros_tut
[0.271s] -- The C compiler identification is GNU 9.3.0
[0.851s] -- The CXX compiler identification is GNU 9.3.0
[0.860s] -- Check for working C compiler: /usr/bin/cc
[0.956s] -- Check for working C compiler: /usr/bin/cc -- works
[0.958s] -- Detecting C compiler ABI info
[1.010s] -- Detecting C compiler ABI info - done
[1.019s] -- Detecting C compile features
[1.021s] -- Detecting C compile features - done
[1.024s] -- Check for working CXX compiler: /usr/bin/c++
[1.080s] -- Check for working CXX compiler: /usr/bin/c++ -- works
[1.080s] -- Detecting CXX compiler ABI info
[1.134s] -- Detecting CXX compiler ABI info - done
[1.143s] -- Detecting CXX compile features
[1.143s] -- Detecting CXX compile features - done
[1.172s] -- Found ament_cmake: 0.9.8 (/opt/ros/foxy/share/ament_cmake/cmake)
[1.192s] -- Found PythonInterp: /usr/bin/python3 (found suitable version "3.8.5", minimum required is "3") 
[1.192s] -- Using PYTHON_EXECUTABLE: /usr/bin/python3
[1.331s] -- Found rclcpp: 2.3.1 (/opt/ros/foxy/share/rclcpp/cmake)
[1.398s] -- Using all available rosidl_typesupport_c: rosidl_typesupport_fastrtps_c;rosidl_typesupport_introspection_c
[1.407s] -- Found rosidl_adapter: 1.2.1 (/opt/ros/foxy/share/rosidl_adapter/cmake)
[1.569s] -- Found OpenSSL: /usr/lib/aarch64-linux-gnu/libcrypto.so (found version "1.1.1f")  
[1.604s] -- Found FastRTPS: /opt/ros/foxy/include  
[1.688s] -- Using all available rosidl_typesupport_cpp: rosidl_typesupport_fastrtps_cpp;rosidl_typesupport_introspection_cpp
[1.759s] -- Found rmw_implementation_cmake: 1.0.3 (/opt/ros/foxy/share/rmw_implementation_cmake/cmake)
[1.763s] -- Using RMW implementation 'rmw_fastrtps_cpp' as default
[1.765s] -- Looking for pthread.h
[1.868s] -- Looking for pthread.h - found
[1.868s] -- Performing Test CMAKE_HAVE_LIBC_PTHREAD
[1.930s] -- Performing Test CMAKE_HAVE_LIBC_PTHREAD - Failed
[1.930s] -- Looking for pthread_create in pthreads
[1.976s] -- Looking for pthread_create in pthreads - not found
[1.976s] -- Looking for pthread_create in pthread
[2.030s] -- Looking for pthread_create in pthread - found
[2.030s] -- Found Threads: TRUE  
[2.187s] -- Found example_interfaces: 0.9.1 (/opt/ros/foxy/share/example_interfaces/cmake)
[2.284s] -- Found rosidl_default_generators: 1.0.1 (/opt/ros/foxy/share/rosidl_default_generators/cmake)
[2.297s] -- Found turtlesim: 1.2.5 (/opt/ros/foxy/share/turtlesim/cmake)
[2.340s] -- Found geometry_msgs: 2.0.4 (/opt/ros/foxy/share/geometry_msgs/cmake)
[2.368s] -- Found std_srvs: 2.0.4 (/opt/ros/foxy/share/std_srvs/cmake)
[2.396s] -- Found PythonInterp: /usr/bin/python3 (found version "3.8.5") 
[2.490s] -- Found ament_cmake_ros: 0.9.2 (/opt/ros/foxy/share/ament_cmake_ros/cmake)
[2.609s] -- Using all available rosidl_typesupport_c: rosidl_typesupport_fastrtps_c;rosidl_typesupport_introspection_c
[2.615s] -- Using all available rosidl_typesupport_cpp: rosidl_typesupport_fastrtps_cpp;rosidl_typesupport_introspection_cpp
[2.634s] -- Found PythonInterp: /usr/bin/python3 (found suitable version "3.8.5", minimum required is "3.5") 
[2.637s] -- Found python_cmake_module: 0.8.1 (/opt/ros/foxy/share/python_cmake_module/cmake)
[2.663s] -- Found PythonLibs: /usr/lib/aarch64-linux-gnu/libpython3.8.so (found suitable version "3.8.5", minimum required is "3.5") 
[2.663s] -- Using PYTHON_EXECUTABLE: /usr/bin/python3
[2.663s] -- Using PYTHON_INCLUDE_DIRS: /usr/include/python3.8
[2.663s] -- Using PYTHON_LIBRARIES: /usr/lib/aarch64-linux-gnu/libpython3.8.so
[2.677s] -- Found PythonExtra: .so  
[2.709s] CMake Error at CMakeLists.txt:64 (rclcpp_components_register_nodes):
[2.709s]   Unknown CMake command "rclcpp_components_register_nodes".
[2.709s] 
[2.709s] 
[2.713s] -- Configuring incomplete, errors occurred!
[2.714s] See also "/home/ari/ros-tut/build/ros_tut/CMakeFiles/CMakeOutput.log".
[2.714s] See also "/home/ari/ros-tut/build/ros_tut/CMakeFiles/CMakeError.log".
[2.726s] Invoked command in '/home/ari/ros-tut/build/ros_tut' returned '1': CMAKE_PREFIX_PATH=${CMAKE_PREFIX_PATH}:/opt/ros/foxy /usr/bin/cmake /home/ari/ros-tut -DCMAKE_INSTALL_PREFIX=/home/ari/ros-tut/install/ros_tut
