[35m[1mScanning dependencies of target clear[0m
[  3%] Built target server
[  5%] Built target ros_tut__cpp
[  8%] Built target listener
[ 15%] Built target talker
[ 11%] Built target my_node
[ 18%] Built target client
[ 27%] Built target ros_tut__rosidl_generator_c
[ 28%] [32mBuilding CXX object CMakeFiles/clear.dir/src/clear_turtles.cpp.o[0m
[ 45%] Built target ros_tut__rosidl_typesupport_fastrtps_cpp
[ 45%] Built target ros_tut__rosidl_typesupport_cpp
[ 54%] Built target ros_tut__rosidl_typesupport_introspection_cpp
[ 62%] Built target ros_tut__rosidl_typesupport_introspection_c
[ 71%] Built target ros_tut__rosidl_typesupport_c
[ 79%] Built target ros_tut__rosidl_typesupport_fastrtps_c
[ 79%] Built target ros_tut
[ 81%] Built target ros_tut__py
[35m[1mScanning dependencies of target ros_tut__python[0m
[ 83%] [32mBuilding C object CMakeFiles/ros_tut__python.dir/rosidl_generator_py/ros_tut/srv/_add_three_ints_s.c.o[0m
[ 86%] [32mBuilding C object CMakeFiles/ros_tut__python.dir/rosidl_generator_py/ros_tut/srv/_success_s.c.o[0m
[ 86%] [32mBuilding C object CMakeFiles/ros_tut__python.dir/rosidl_generator_py/ros_tut/msg/_num_s.c.o[0m
[ 88%] [32m[1mLinking C shared library rosidl_generator_py/ros_tut/libros_tut__python.so[0m
[ 88%] Built target ros_tut__python
