[0.016s] Invoking command in '/home/ari/ros-tut/build/ros_tut': CMAKE_PREFIX_PATH=${CMAKE_PREFIX_PATH}:/opt/ros/foxy /usr/bin/cmake --build /home/ari/ros-tut/build/ros_tut -- -j8 -l8
[0.066s] [35m[1mScanning dependencies of target clear[0m
[0.083s] [  3%] Built target server
[0.084s] [  5%] Built target ros_tut__cpp
[0.085s] [  8%] Built target listener
[0.087s] [ 15%] Built target talker
[0.087s] [ 11%] Built target my_node
[0.087s] [ 18%] Built target client
[0.091s] [ 27%] Built target ros_tut__rosidl_generator_c
[0.099s] [ 28%] [32mBuilding CXX object CMakeFiles/clear.dir/src/clear_turtles.cpp.o[0m
[0.124s] [ 45%] Built target ros_tut__rosidl_typesupport_fastrtps_cpp
[0.124s] [ 45%] Built target ros_tut__rosidl_typesupport_cpp
[0.126s] [ 54%] Built target ros_tut__rosidl_typesupport_introspection_cpp
[0.132s] [ 62%] Built target ros_tut__rosidl_typesupport_introspection_c
[0.133s] [ 71%] Built target ros_tut__rosidl_typesupport_c
[0.154s] [ 79%] Built target ros_tut__rosidl_typesupport_fastrtps_c
[0.167s] [ 79%] Built target ros_tut
[0.181s] [ 81%] Built target ros_tut__py
[0.191s] [35m[1mScanning dependencies of target ros_tut__python[0m
[0.197s] [01m[K/home/ari/ros-tut/src/clear_turtles.cpp:8:10:[m[K [01;31m[Kfatal error: [m[Kros_tut/srv/add_three_ints.hpp.hpp: No such file or directory
[0.197s]     8 | #include [01;31m[K"ros_tut/srv/add_three_ints.hpp.hpp"[m[K
[0.197s]       |          [01;31m[K^~~~~~~~~~~~~~~~~~~~~~~~~~~~~~~~~~~~[m[K
[0.197s] compilation terminated.
[0.200s] make[2]: *** [CMakeFiles/clear.dir/build.make:63: CMakeFiles/clear.dir/src/clear_turtles.cpp.o] Error 1
[0.200s] make[1]: *** [CMakeFiles/Makefile2:592: CMakeFiles/clear.dir/all] Error 2
[0.200s] make[1]: *** Waiting for unfinished jobs....
[0.206s] [ 83%] [32mBuilding C object CMakeFiles/ros_tut__python.dir/rosidl_generator_py/ros_tut/srv/_add_three_ints_s.c.o[0m
[0.208s] [ 86%] [32mBuilding C object CMakeFiles/ros_tut__python.dir/rosidl_generator_py/ros_tut/srv/_success_s.c.o[0m
[0.208s] [ 86%] [32mBuilding C object CMakeFiles/ros_tut__python.dir/rosidl_generator_py/ros_tut/msg/_num_s.c.o[0m
[0.294s] [ 88%] [32m[1mLinking C shared library rosidl_generator_py/ros_tut/libros_tut__python.so[0m
[0.327s] [ 88%] Built target ros_tut__python
[0.328s] make: *** [Makefile:141: all] Error 2
[0.330s] Invoked command in '/home/ari/ros-tut/build/ros_tut' returned '2': CMAKE_PREFIX_PATH=${CMAKE_PREFIX_PATH}:/opt/ros/foxy /usr/bin/cmake --build /home/ari/ros-tut/build/ros_tut -- -j8 -l8
