[0.042s] Invoking command in '/home/ari/ros-tut/build/ros_tut': CMAKE_PREFIX_PATH=${CMAKE_PREFIX_PATH}:/opt/ros/foxy /usr/bin/cmake --build /home/ari/ros-tut/build/ros_tut -- -j8 -l8
[0.105s] [35m[1mScanning dependencies of target kill_turtles[0m
[0.113s] [35m[1mScanning dependencies of target clear[0m
[0.150s] [  1%] [32mBuilding CXX object CMakeFiles/clear.dir/src/clear_turtles.cpp.o[0m
[0.151s] [  3%] [32mBuilding CXX object CMakeFiles/kill_turtles.dir/src/clear_turtles.cpp.o[0m
[0.151s] [  4%] Built target ros_tut__cpp
[0.160s] [  8%] Built target talker
[0.175s] [ 16%] Built target ros_tut__rosidl_generator_c
[0.175s] [ 19%] Built target my_node
[0.175s] [ 22%] Built target listener
[0.179s] [ 26%] Built target server
[0.235s] [ 34%] Built target ros_tut__rosidl_typesupport_c
[0.256s] [ 42%] Built target ros_tut__rosidl_typesupport_introspection_c
[0.264s] [ 50%] Built target ros_tut__rosidl_typesupport_introspection_cpp
[0.267s] [ 54%] Built target client
[0.275s] [ 62%] Built target ros_tut__rosidl_typesupport_cpp
[0.286s] [ 70%] Built target ros_tut__rosidl_typesupport_fastrtps_cpp
[0.315s] [ 78%] Built target ros_tut__rosidl_typesupport_fastrtps_c
[0.332s] [ 78%] Built target ros_tut
[0.349s] [ 80%] Built target ros_tut__py
[0.378s] [ 86%] Built target ros_tut__python
[0.409s] [ 90%] Built target ros_tut__rosidl_typesupport_introspection_c__pyext
[0.412s] [ 93%] Built target ros_tut__rosidl_typesupport_fastrtps_c__pyext
[0.417s] [ 96%] Built target ros_tut__rosidl_typesupport_c__pyext
[1.166s] [01m[K/home/ari/ros-tut/src/clear_turtles.cpp:[m[K In lambda function:
[1.166s] [01m[K/home/ari/ros-tut/src/clear_turtles.cpp:64:95:[m[K [01;35m[Kwarning: [m[Kunused parameter ‘[01m[Kresponse[m[K’ [[01;35m[K-Wunused-parameter[m[K]
[1.166s]    64 |   auto response_received_callback = [this]([01;35m[Krclcpp::Client<turtlesim::srv::Kill>::SharedFuture response[m[K) {
[1.166s]       |                                            [01;35m[K~~~~~~~~~~~~~~~~~~~~~~~~~~~~~~~~~~~~~~~~~~~~~~~~~~~^~~~~~~~[m[K
[1.168s] [01m[K/home/ari/ros-tut/src/clear_turtles.cpp:[m[K In lambda function:
[1.168s] [01m[K/home/ari/ros-tut/src/clear_turtles.cpp:64:95:[m[K [01;35m[Kwarning: [m[Kunused parameter ‘[01m[Kresponse[m[K’ [[01;35m[K-Wunused-parameter[m[K]
[1.168s]    64 |   auto response_received_callback = [this]([01;35m[Krclcpp::Client<turtlesim::srv::Kill>::SharedFuture response[m[K) {
[1.168s]       |                                            [01;35m[K~~~~~~~~~~~~~~~~~~~~~~~~~~~~~~~~~~~~~~~~~~~~~~~~~~~^~~~~~~~[m[K
[1.846s] [100%] [32m[1mLinking CXX shared library libkill_turtles.so[0m
[1.846s] [100%] [32m[1mLinking CXX executable clear[0m
[1.943s] /usr/bin/ld: /usr/lib/gcc/aarch64-linux-gnu/9/../../../aarch64-linux-gnu/Scrt1.o: in function `_start':
[1.943s] (.text+0x18): undefined reference to `main'
[1.944s] /usr/bin/ld: (.text+0x1c): undefined reference to `main'
[1.944s] /usr/bin/ld: CMakeFiles/clear.dir/src/clear_turtles.cpp.o: in function `(anonymous namespace)::ProxyExec0::ProxyExec0()':
[1.944s] clear_turtles.cpp:(.text+0x93c): undefined reference to `console_bridge::log(char const*, int, console_bridge::LogLevel, char const*, ...)'
[1.944s] /usr/bin/ld: CMakeFiles/clear.dir/src/clear_turtles.cpp.o: in function `void class_loader::impl::registerPlugin<rclcpp_components::NodeFactoryTemplate<composition::kill_turtles>, rclcpp_components::NodeFactory>(std::__cxx11::basic_string<char, std::char_traits<char>, std::allocator<char> > const&, std::__cxx11::basic_string<char, std::char_traits<char>, std::allocator<char> > const&)':
[1.944s] clear_turtles.cpp:(.text._ZN12class_loader4impl14registerPluginIN17rclcpp_components19NodeFactoryTemplateIN11composition12kill_turtlesEEENS2_11NodeFactoryEEEvRKNSt7__cxx1112basic_stringIcSt11char_traitsIcESaIcEEESF_[_ZN12class_loader4impl14registerPluginIN17rclcpp_components19NodeFactoryTemplateIN11composition12kill_turtlesEEENS2_11NodeFactoryEEEvRKNSt7__cxx1112basic_stringIcSt11char_traitsIcESaIcEEESF_]+0x34): undefined reference to `class_loader::impl::getCurrentlyActiveClassLoader()'
[1.944s] /usr/bin/ld: clear_turtles.cpp:(.text._ZN12class_loader4impl14registerPluginIN17rclcpp_components19NodeFactoryTemplateIN11composition12kill_turtlesEEENS2_11NodeFactoryEEEvRKNSt7__cxx1112basic_stringIcSt11char_traitsIcESaIcEEESF_[_ZN12class_loader4impl14registerPluginIN17rclcpp_components19NodeFactoryTemplateIN11composition12kill_turtlesEEENS2_11NodeFactoryEEEvRKNSt7__cxx1112basic_stringIcSt11char_traitsIcESaIcEEESF_]+0x44): undefined reference to `class_loader::impl::getCurrentlyLoadingLibraryName[abi:cxx11]()'
[1.944s] /usr/bin/ld: clear_turtles.cpp:(.text._ZN12class_loader4impl14registerPluginIN17rclcpp_components19NodeFactoryTemplateIN11composition12kill_turtlesEEENS2_11NodeFactoryEEEvRKNSt7__cxx1112basic_stringIcSt11char_traitsIcESaIcEEESF_[_ZN12class_loader4impl14registerPluginIN17rclcpp_components19NodeFactoryTemplateIN11composition12kill_turtlesEEENS2_11NodeFactoryEEEvRKNSt7__cxx1112basic_stringIcSt11char_traitsIcESaIcEEESF_]+0x74): undefined reference to `console_bridge::log(char const*, int, console_bridge::LogLevel, char const*, ...)'
[1.944s] /usr/bin/ld: clear_turtles.cpp:(.text._ZN12class_loader4impl14registerPluginIN17rclcpp_components19NodeFactoryTemplateIN11composition12kill_turtlesEEENS2_11NodeFactoryEEEvRKNSt7__cxx1112basic_stringIcSt11char_traitsIcESaIcEEESF_[_ZN12class_loader4impl14registerPluginIN17rclcpp_components19NodeFactoryTemplateIN11composition12kill_turtlesEEENS2_11NodeFactoryEEEvRKNSt7__cxx1112basic_stringIcSt11char_traitsIcESaIcEEESF_]+0x80): undefined reference to `class_loader::impl::getCurrentlyActiveClassLoader()'
[1.944s] /usr/bin/ld: clear_turtles.cpp:(.text._ZN12class_loader4impl14registerPluginIN17rclcpp_components19NodeFactoryTemplateIN11composition12kill_turtlesEEENS2_11NodeFactoryEEEvRKNSt7__cxx1112basic_stringIcSt11char_traitsIcESaIcEEESF_[_ZN12class_loader4impl14registerPluginIN17rclcpp_components19NodeFactoryTemplateIN11composition12kill_turtlesEEENS2_11NodeFactoryEEEvRKNSt7__cxx1112basic_stringIcSt11char_traitsIcESaIcEEESF_]+0xb8): undefined reference to `console_bridge::log(char const*, int, console_bridge::LogLevel, char const*, ...)'
[1.944s] /usr/bin/ld: clear_turtles.cpp:(.text._ZN12class_loader4impl14registerPluginIN17rclcpp_components19NodeFactoryTemplateIN11composition12kill_turtlesEEENS2_11NodeFactoryEEEvRKNSt7__cxx1112basic_stringIcSt11char_traitsIcESaIcEEESF_[_ZN12class_loader4impl14registerPluginIN17rclcpp_components19NodeFactoryTemplateIN11composition12kill_turtlesEEENS2_11NodeFactoryEEEvRKNSt7__cxx1112basic_stringIcSt11char_traitsIcESaIcEEESF_]+0xc0): undefined reference to `class_loader::impl::hasANonPurePluginLibraryBeenOpened(bool)'
[1.944s] /usr/bin/ld: clear_turtles.cpp:(.text._ZN12class_loader4impl14registerPluginIN17rclcpp_components19NodeFactoryTemplateIN11composition12kill_turtlesEEENS2_11NodeFactoryEEEvRKNSt7__cxx1112basic_stringIcSt11char_traitsIcESaIcEEESF_[_ZN12class_loader4impl14registerPluginIN17rclcpp_components19NodeFactoryTemplateIN11composition12kill_turtlesEEENS2_11NodeFactoryEEEvRKNSt7__cxx1112basic_stringIcSt11char_traitsIcESaIcEEESF_]+0xe8): undefined reference to `class_loader::impl::getCurrentlyActiveClassLoader()'
[1.944s] /usr/bin/ld: clear_turtles.cpp:(.text._ZN12class_loader4impl14registerPluginIN17rclcpp_components19NodeFactoryTemplateIN11composition12kill_turtlesEEENS2_11NodeFactoryEEEvRKNSt7__cxx1112basic_stringIcSt11char_traitsIcESaIcEEESF_[_ZN12class_loader4impl14registerPluginIN17rclcpp_components19NodeFactoryTemplateIN11composition12kill_turtlesEEENS2_11NodeFactoryEEEvRKNSt7__cxx1112basic_stringIcSt11char_traitsIcESaIcEEESF_]+0xf4): undefined reference to `class_loader::impl::AbstractMetaObjectBase::addOwningClassLoader(class_loader::ClassLoader*)'
[1.944s] /usr/bin/ld: clear_turtles.cpp:(.text._ZN12class_loader4impl14registerPluginIN17rclcpp_components19NodeFactoryTemplateIN11composition12kill_turtlesEEENS2_11NodeFactoryEEEvRKNSt7__cxx1112basic_stringIcSt11char_traitsIcESaIcEEESF_[_ZN12class_loader4impl14registerPluginIN17rclcpp_components19NodeFactoryTemplateIN11composition12kill_turtlesEEENS2_11NodeFactoryEEEvRKNSt7__cxx1112basic_stringIcSt11char_traitsIcESaIcEEESF_]+0x104): undefined reference to `class_loader::impl::getCurrentlyLoadingLibraryName[abi:cxx11]()'
[1.944s] /usr/bin/ld: clear_turtles.cpp:(.text._ZN12class_loader4impl14registerPluginIN17rclcpp_components19NodeFactoryTemplateIN11composition12kill_turtlesEEENS2_11NodeFactoryEEEvRKNSt7__cxx1112basic_stringIcSt11char_traitsIcESaIcEEESF_[_ZN12class_loader4impl14registerPluginIN17rclcpp_components19NodeFactoryTemplateIN11composition12kill_turtlesEEENS2_11NodeFactoryEEEvRKNSt7__cxx1112basic_stringIcSt11char_traitsIcESaIcEEESF_]+0x114): undefined reference to `class_loader::impl::AbstractMetaObjectBase::setAssociatedLibraryPath(std::__cxx11::basic_string<char, std::char_traits<char>, std::allocator<char> > const&)'
[1.944s] /usr/bin/ld: clear_turtles.cpp:(.text._ZN12class_loader4impl14registerPluginIN17rclcpp_components19NodeFactoryTemplateIN11composition12kill_turtlesEEENS2_11NodeFactoryEEEvRKNSt7__cxx1112basic_stringIcSt11char_traitsIcESaIcEEESF_[_ZN12class_loader4impl14registerPluginIN17rclcpp_components19NodeFactoryTemplateIN11composition12kill_turtlesEEENS2_11NodeFactoryEEEvRKNSt7__cxx1112basic_stringIcSt11char_traitsIcESaIcEEESF_]+0x120): undefined reference to `class_loader::impl::getPluginBaseToFactoryMapMapMutex()'
[1.944s] /usr/bin/ld: clear_turtles.cpp:(.text._ZN12class_loader4impl14registerPluginIN17rclcpp_components19NodeFactoryTemplateIN11composition12kill_turtlesEEENS2_11NodeFactoryEEEvRKNSt7__cxx1112basic_stringIcSt11char_traitsIcESaIcEEESF_[_ZN12class_loader4impl14registerPluginIN17rclcpp_components19NodeFactoryTemplateIN11composition12kill_turtlesEEENS2_11NodeFactoryEEEvRKNSt7__cxx1112basic_stringIcSt11char_traitsIcESaIcEEESF_]+0x188): undefined reference to `console_bridge::log(char const*, int, console_bridge::LogLevel, char const*, ...)'
[1.944s] /usr/bin/ld: clear_turtles.cpp:(.text._ZN12class_loader4impl14registerPluginIN17rclcpp_components19NodeFactoryTemplateIN11composition12kill_turtlesEEENS2_11NodeFactoryEEEvRKNSt7__cxx1112basic_stringIcSt11char_traitsIcESaIcEEESF_[_ZN12class_loader4impl14registerPluginIN17rclcpp_components19NodeFactoryTemplateIN11composition12kill_turtlesEEENS2_11NodeFactoryEEEvRKNSt7__cxx1112basic_stringIcSt11char_traitsIcESaIcEEESF_]+0x1a4): undefined reference to `class_loader::impl::getPluginBaseToFactoryMapMapMutex()'
[1.944s] /usr/bin/ld: clear_turtles.cpp:(.text._ZN12class_loader4impl14registerPluginIN17rclcpp_components19NodeFactoryTemplateIN11composition12kill_turtlesEEENS2_11NodeFactoryEEEvRKNSt7__cxx1112basic_stringIcSt11char_traitsIcESaIcEEESF_[_ZN12class_loader4impl14registerPluginIN17rclcpp_components19NodeFactoryTemplateIN11composition12kill_turtlesEEENS2_11NodeFactoryEEEvRKNSt7__cxx1112basic_stringIcSt11char_traitsIcESaIcEEESF_]+0x1d4): undefined reference to `console_bridge::log(char const*, int, console_bridge::LogLevel, char const*, ...)'
[1.944s] /usr/bin/ld: CMakeFiles/clear.dir/src/clear_turtles.cpp.o: in function `std::map<std::__cxx11::basic_string<char, std::char_traits<char>, std::allocator<char> >, class_loader::impl::AbstractMetaObjectBase*, std::less<std::__cxx11::basic_string<char, std::char_traits<char>, std::allocator<char> > >, std::allocator<std::pair<std::__cxx11::basic_string<char, std::char_traits<char>, std::allocator<char> > const, class_loader::impl::AbstractMetaObjectBase*> > >& class_loader::impl::getFactoryMapForBaseClass<rclcpp_components::NodeFactory>()':
[1.945s] clear_turtles.cpp:(.text._ZN12class_loader4impl25getFactoryMapForBaseClassIN17rclcpp_components11NodeFactoryEEERSt3mapINSt7__cxx1112basic_stringIcSt11char_traitsIcESaIcEEEPNS0_22AbstractMetaObjectBaseESt4lessISA_ESaISt4pairIKSA_SC_EEEv[_ZN12class_loader4impl25getFactoryMapForBaseClassIN17rclcpp_components11NodeFactoryEEERSt3mapINSt7__cxx1112basic_stringIcSt11char_traitsIcESaIcEEEPNS0_22AbstractMetaObjectBaseESt4lessISA_ESaISt4pairIKSA_SC_EEEv]+0x50): undefined reference to `class_loader::impl::getFactoryMapForBaseClass(std::__cxx11::basic_string<char, std::char_traits<char>, std::allocator<char> > const&)'
[1.945s] /usr/bin/ld: CMakeFiles/clear.dir/src/clear_turtles.cpp.o: in function `class_loader::impl::AbstractMetaObject<rclcpp_components::NodeFactory>::AbstractMetaObject(std::__cxx11::basic_string<char, std::char_traits<char>, std::allocator<char> > const&, std::__cxx11::basic_string<char, std::char_traits<char>, std::allocator<char> > const&)':
[1.945s] clear_turtles.cpp:(.text._ZN12class_loader4impl18AbstractMetaObjectIN17rclcpp_components11NodeFactoryEEC2ERKNSt7__cxx1112basic_stringIcSt11char_traitsIcESaIcEEESC_[_ZN12class_loader4impl18AbstractMetaObjectIN17rclcpp_components11NodeFactoryEEC5ERKNSt7__cxx1112basic_stringIcSt11char_traitsIcESaIcEEESC_]+0x70): undefined reference to `class_loader::impl::AbstractMetaObjectBase::AbstractMetaObjectBase(std::__cxx11::basic_string<char, std::char_traits<char>, std::allocator<char> > const&, std::__cxx11::basic_string<char, std::char_traits<char>, std::allocator<char> > const&, std::__cxx11::basic_string<char, std::char_traits<char>, std::allocator<char> > const&)'
[1.945s] /usr/bin/ld: CMakeFiles/clear.dir/src/clear_turtles.cpp.o: in function `void __gnu_cxx::new_allocator<composition::kill_turtles>::construct<composition::kill_turtles, rclcpp::NodeOptions const&>(composition::kill_turtles*, rclcpp::NodeOptions const&)':
[1.945s] clear_turtles.cpp:(.text._ZN9__gnu_cxx13new_allocatorIN11composition12kill_turtlesEE9constructIS2_JRKN6rclcpp11NodeOptionsEEEEvPT_DpOT0_[_ZN9__gnu_cxx13new_allocatorIN11composition12kill_turtlesEE9constructIS2_JRKN6rclcpp11NodeOptionsEEEEvPT_DpOT0_]+0x44): undefined reference to `composition::kill_turtles::kill_turtles(rclcpp::NodeOptions const&)'
[1.945s] collect2: error: ld returned 1 exit status
[1.948s] make[2]: *** [CMakeFiles/clear.dir/build.make:136: clear] Error 1
[1.948s] make[1]: *** [CMakeFiles/Makefile2:243: CMakeFiles/clear.dir/all] Error 2
[1.948s] make[1]: *** Waiting for unfinished jobs....
[1.955s] [100%] Built target kill_turtles
[1.957s] make: *** [Makefile:141: all] Error 2
[1.959s] Invoked command in '/home/ari/ros-tut/build/ros_tut' returned '2': CMAKE_PREFIX_PATH=${CMAKE_PREFIX_PATH}:/opt/ros/foxy /usr/bin/cmake --build /home/ari/ros-tut/build/ros_tut -- -j8 -l8
