[0.040s] Invoking command in '/home/ari/ros-tut/build/ros_tut': CMAKE_PREFIX_PATH=${CMAKE_PREFIX_PATH}:/opt/ros/foxy /usr/bin/cmake --build /home/ari/ros-tut/build/ros_tut -- -j8 -l8
[0.090s] -- Found ament_cmake: 0.9.8 (/opt/ros/foxy/share/ament_cmake/cmake)
[0.114s] -- Found PythonInterp: /usr/bin/python3 (found suitable version "3.8.5", minimum required is "3") 
[0.114s] -- Using PYTHON_EXECUTABLE: /usr/bin/python3
[0.371s] -- Found rclcpp: 2.3.1 (/opt/ros/foxy/share/rclcpp/cmake)
[0.456s] -- Using all available rosidl_typesupport_c: rosidl_typesupport_fastrtps_c;rosidl_typesupport_introspection_c
[0.462s] -- Found rosidl_adapter: 1.2.1 (/opt/ros/foxy/share/rosidl_adapter/cmake)
[0.729s] -- Using all available rosidl_typesupport_cpp: rosidl_typesupport_fastrtps_cpp;rosidl_typesupport_introspection_cpp
[0.845s] -- Found rmw_implementation_cmake: 1.0.3 (/opt/ros/foxy/share/rmw_implementation_cmake/cmake)
[0.853s] -- Using RMW implementation 'rmw_fastrtps_cpp' as default
[0.991s] -- Found turtlesim: 1.2.5 (/opt/ros/foxy/share/turtlesim/cmake)
[1.084s] -- Found rclcpp_components: 2.3.1 (/opt/ros/foxy/share/rclcpp_components/cmake)
[1.140s] -- Found rclcpp_action: 2.3.1 (/opt/ros/foxy/share/rclcpp_action/cmake)
[1.173s] -- Found geometry_msgs: 2.0.4 (/opt/ros/foxy/share/geometry_msgs/cmake)
[1.202s] -- Found rosidl_default_generators: 1.0.1 (/opt/ros/foxy/share/rosidl_default_generators/cmake)
[1.230s] -- Found PythonInterp: /usr/bin/python3 (found version "3.8.5") 
[1.489s] -- Found ament_cmake_ros: 0.9.2 (/opt/ros/foxy/share/ament_cmake_ros/cmake)
[1.609s] -- Using all available rosidl_typesupport_c: rosidl_typesupport_fastrtps_c;rosidl_typesupport_introspection_c
[1.617s] -- Using all available rosidl_typesupport_cpp: rosidl_typesupport_fastrtps_cpp;rosidl_typesupport_introspection_cpp
[1.636s] -- Found PythonInterp: /usr/bin/python3 (found suitable version "3.8.5", minimum required is "3.5") 
[1.642s] -- Found python_cmake_module: 0.8.1 (/opt/ros/foxy/share/python_cmake_module/cmake)
[1.682s] -- Using PYTHON_EXECUTABLE: /usr/bin/python3
[1.682s] -- Using PYTHON_INCLUDE_DIRS: /usr/include/python3.8
[1.682s] -- Using PYTHON_LIBRARIES: /usr/lib/aarch64-linux-gnu/libpython3.8.so
[1.735s] -- Found ament_lint_auto: 0.9.6 (/opt/ros/foxy/share/ament_lint_auto/cmake)
[1.796s] -- Added test 'copyright' to check source files copyright and LICENSE
[1.975s] -- Added test 'cppcheck' to perform static code analysis on C / C++ code
[1.976s] -- Configured cppcheck include dirs: $<BUILD_INTERFACE:/home/ari/ros-tut/build/ros_tut/rosidl_generator_c>;/home/ari/ros-tut/build/ros_tut/rosidl_generator_c;/home/ari/ros-tut/build/ros_tut/rosidl_generator_cpp;/home/ari/ros-tut/build/ros_tut/rosidl_typesupport_fastrtps_c;/home/ari/ros-tut/build/ros_tut/rosidl_typesupport_fastrtps_cpp;$<BUILD_INTERFACE:/home/ari/ros-tut/build/ros_tut/rosidl_typesupport_introspection_c>;$<BUILD_INTERFACE:/home/ari/ros-tut/build/ros_tut/rosidl_typesupport_c>;$<BUILD_INTERFACE:/home/ari/ros-tut/build/ros_tut/rosidl_generator_cpp>;/home/ari/ros-tut/build/ros_tut/rosidl_generator_py;$<BUILD_INTERFACE:/home/ari/ros-tut/include>
[1.976s] -- Configured cppcheck exclude dirs and/or files: 
[2.119s] -- Added test 'cpplint' to check C / C++ code against the Google style
[2.120s] -- Configured cpplint exclude dirs and/or files: 
[2.137s] -- Added test 'flake8' to check Python code syntax and style conventions
[2.166s] -- Added test 'lint_cmake' to check CMake code style
[2.182s] -- Added test 'pep257' to check Python code against some of the style conventions in PEP 257
[2.344s] -- Added test 'uncrustify' to check C / C++ code style
[2.345s] -- Configured uncrustify additional arguments: 
[2.376s] -- Added test 'xmllint' to check XML markup files
[2.393s] -- Configuring done
[2.624s] -- Generating done
[2.641s] -- Build files have been written to: /home/ari/ros-tut/build/ros_tut
[2.840s] [  1%] Built target ros_tut__cpp
[2.844s] [35m[1mScanning dependencies of target clear[0m
[2.847s] [  5%] Built target my_node
[2.857s] [ 14%] Built target ros_tut__rosidl_generator_c
[2.886s] [ 22%] Built target ros_tut__rosidl_typesupport_introspection_cpp
[2.892s] [ 31%] [32mBuilding CXX object CMakeFiles/clear.dir/src/clear_turtles.cpp.o[0m
[2.892s] [ 33%] Built target kill_turtles
[2.893s] [ 29%] Built target listener
[2.893s] [ 35%] Built target talker
[2.899s] [ 43%] Built target ros_tut__rosidl_typesupport_fastrtps_cpp
[2.903s] [ 52%] Built target ros_tut__rosidl_typesupport_cpp
[2.905s] [ 61%] Built target ros_tut__rosidl_typesupport_c
[2.926s] [ 70%] Built target ros_tut__rosidl_typesupport_introspection_c
[2.941s] [ 78%] Built target ros_tut__rosidl_typesupport_fastrtps_c
[2.966s] [ 78%] Built target ros_tut
[2.991s] [ 80%] Built target ros_tut__py
[3.029s] [ 87%] Built target ros_tut__python
[3.064s] [ 94%] Built target ros_tut__rosidl_typesupport_fastrtps_c__pyext
[3.064s] [ 94%] Built target ros_tut__rosidl_typesupport_c__pyext
[3.066s] [ 98%] Built target ros_tut__rosidl_typesupport_introspection_c__pyext
[3.530s] [01m[K/home/ari/ros-tut/src/clear_turtles.cpp:9:10:[m[K [01;31m[Kfatal error: [m[Krclcpp/rclcpp.hpp: No such file or directory
[3.532s]     9 | #include [01;31m[K<rclcpp/rclcpp.hpp>[m[K
[3.532s]       |          [01;31m[K^~~~~~~~~~~~~~~~~~~[m[K
[3.532s] compilation terminated.
[3.542s] make[2]: *** [CMakeFiles/clear.dir/build.make:63: CMakeFiles/clear.dir/src/clear_turtles.cpp.o] Error 1
[3.544s] make[1]: *** [CMakeFiles/Makefile2:563: CMakeFiles/clear.dir/all] Error 2
[3.551s] make: *** [Makefile:141: all] Error 2
[3.642s] Invoked command in '/home/ari/ros-tut/build/ros_tut' returned '2': CMAKE_PREFIX_PATH=${CMAKE_PREFIX_PATH}:/opt/ros/foxy /usr/bin/cmake --build /home/ari/ros-tut/build/ros_tut -- -j8 -l8
