[35m[1mScanning dependencies of target clear[0m
[  1%] Built target ros_tut__cpp
[  4%] Built target talker
[  8%] Built target my_node
[ 16%] Built target ros_tut__rosidl_generator_c
[ 19%] Built target client
[35m[1mScanning dependencies of target turtle_request[0m
[ 22%] Built target server
[ 26%] Built target listener
[ 27%] [32mBuilding CXX object CMakeFiles/turtle_request.dir/src/clear_turtles.cpp.o[0m
[ 36%] Built target ros_tut__rosidl_typesupport_introspection_cpp
[ 37%] [32mBuilding CXX object CMakeFiles/clear.dir/src/clear_turtles.cpp.o[0m
[ 45%] Built target ros_tut__rosidl_typesupport_c
[ 54%] Built target ros_tut__rosidl_typesupport_cpp
[ 62%] Built target ros_tut__rosidl_typesupport_fastrtps_cpp
[ 70%] Built target ros_tut__rosidl_typesupport_introspection_c
[01m[K/home/ari/ros-tut/src/clear_turtles.cpp:7:10:[m[K [01;31m[Kfatal error: [m[Kros-tut/src/clear_turtles.hpp: No such file or directory
    7 | #include [01;31m[K<ros-tut/src/clear_turtles.hpp>[m[K
      |          [01;31m[K^~~~~~~~~~~~~~~~~~~~~~~~~~~~~~~[m[K
compilation terminated.
[ 78%] Built target ros_tut__rosidl_typesupport_fastrtps_c
make[2]: *** [CMakeFiles/clear.dir/build.make:63: CMakeFiles/clear.dir/src/clear_turtles.cpp.o] Error 1
make[1]: *** [CMakeFiles/Makefile2:243: CMakeFiles/clear.dir/all] Error 2
make[1]: *** Waiting for unfinished jobs....
[01m[K/home/ari/ros-tut/src/clear_turtles.cpp:7:10:[m[K [01;31m[Kfatal error: [m[Kros-tut/src/clear_turtles.hpp: No such file or directory
    7 | #include [01;31m[K<ros-tut/src/clear_turtles.hpp>[m[K
      |          [01;31m[K^~~~~~~~~~~~~~~~~~~~~~~~~~~~~~~[m[K
compilation terminated.
make[2]: *** [CMakeFiles/turtle_request.dir/build.make:63: CMakeFiles/turtle_request.dir/src/clear_turtles.cpp.o] Error 1
make[1]: *** [CMakeFiles/Makefile2:702: CMakeFiles/turtle_request.dir/all] Error 2
make: *** [Makefile:141: all] Error 2
