[0.020s] Invoking command in '/home/ari/ros-tut/build/ros_tut': CMAKE_PREFIX_PATH=${CMAKE_PREFIX_PATH}:/opt/ros/foxy /usr/bin/cmake --build /home/ari/ros-tut/build/ros_tut -- -j8 -l8
[0.080s] [35m[1mScanning dependencies of target clear[0m
[0.100s] [  1%] Built target ros_tut__cpp
[0.113s] [  4%] Built target talker
[0.113s] [  8%] Built target my_node
[0.121s] [ 16%] Built target ros_tut__rosidl_generator_c
[0.125s] [ 19%] Built target client
[0.126s] [35m[1mScanning dependencies of target turtle_request[0m
[0.130s] [ 22%] Built target server
[0.135s] [ 26%] Built target listener
[0.146s] [ 27%] [32mBuilding CXX object CMakeFiles/turtle_request.dir/src/clear_turtles.cpp.o[0m
[0.147s] [ 36%] Built target ros_tut__rosidl_typesupport_introspection_cpp
[0.149s] [ 37%] [32mBuilding CXX object CMakeFiles/clear.dir/src/clear_turtles.cpp.o[0m
[0.177s] [ 45%] Built target ros_tut__rosidl_typesupport_c
[0.191s] [ 54%] Built target ros_tut__rosidl_typesupport_cpp
[0.191s] [ 62%] Built target ros_tut__rosidl_typesupport_fastrtps_cpp
[0.194s] [ 70%] Built target ros_tut__rosidl_typesupport_introspection_c
[0.225s] [01m[K/home/ari/ros-tut/src/clear_turtles.cpp:7:10:[m[K [01;31m[Kfatal error: [m[Kros-tut/src/clear_turtles.hpp: No such file or directory
[0.225s]     7 | #include [01;31m[K<ros-tut/src/clear_turtles.hpp>[m[K
[0.225s]       |          [01;31m[K^~~~~~~~~~~~~~~~~~~~~~~~~~~~~~~[m[K
[0.225s] compilation terminated.
[0.231s] [ 78%] Built target ros_tut__rosidl_typesupport_fastrtps_c
[0.231s] make[2]: *** [CMakeFiles/clear.dir/build.make:63: CMakeFiles/clear.dir/src/clear_turtles.cpp.o] Error 1
[0.233s] make[1]: *** [CMakeFiles/Makefile2:243: CMakeFiles/clear.dir/all] Error 2
[0.233s] make[1]: *** Waiting for unfinished jobs....
[0.233s] [01m[K/home/ari/ros-tut/src/clear_turtles.cpp:7:10:[m[K [01;31m[Kfatal error: [m[Kros-tut/src/clear_turtles.hpp: No such file or directory
[0.233s]     7 | #include [01;31m[K<ros-tut/src/clear_turtles.hpp>[m[K
[0.233s]       |          [01;31m[K^~~~~~~~~~~~~~~~~~~~~~~~~~~~~~~[m[K
[0.233s] compilation terminated.
[0.233s] make[2]: *** [CMakeFiles/turtle_request.dir/build.make:63: CMakeFiles/turtle_request.dir/src/clear_turtles.cpp.o] Error 1
[0.234s] make[1]: *** [CMakeFiles/Makefile2:702: CMakeFiles/turtle_request.dir/all] Error 2
[0.234s] make: *** [Makefile:141: all] Error 2
[0.238s] Invoked command in '/home/ari/ros-tut/build/ros_tut' returned '2': CMAKE_PREFIX_PATH=${CMAKE_PREFIX_PATH}:/opt/ros/foxy /usr/bin/cmake --build /home/ari/ros-tut/build/ros_tut -- -j8 -l8
