[  1%] [32m[1mLinking CXX executable clear[0m
[  4%] Built target talker
[ 13%] Built target ros_tut__rosidl_generator_c
[ 16%] Built target kill_turtles
[ 19%] Built target my_node
[ 21%] Built target ros_tut__cpp
[ 24%] Built target server
[ 27%] Built target listener
[ 36%] Built target ros_tut__rosidl_typesupport_introspection_c
[ 44%] Built target ros_tut__rosidl_typesupport_c
[ 52%] Built target ros_tut__rosidl_typesupport_introspection_cpp
[ 55%] Built target client
[ 63%] Built target ros_tut__rosidl_typesupport_fastrtps_cpp
[ 72%] Built target ros_tut__rosidl_typesupport_cpp
[ 80%] Built target ros_tut__rosidl_typesupport_fastrtps_c
[ 80%] Built target ros_tut
[ 81%] Built target ros_tut__py
[ 88%] Built target ros_tut__python
[ 91%] Built target ros_tut__rosidl_typesupport_c__pyext
[ 98%] Built target ros_tut__rosidl_typesupport_fastrtps_c__pyext
[ 98%] Built target ros_tut__rosidl_typesupport_introspection_c__pyext
