[0.029s] Invoking command in '/home/ari/ros-tut/build/ros-tut': CMAKE_PREFIX_PATH=${CMAKE_PREFIX_PATH}:/opt/ros/foxy /usr/bin/cmake --build /home/ari/ros-tut/build/ros-tut -- -j8 -l8
[0.070s] -- Found ament_cmake: 0.9.8 (/opt/ros/foxy/share/ament_cmake/cmake)
[0.089s] -- Found PythonInterp: /usr/bin/python3 (found suitable version "3.8.5", minimum required is "3") 
[0.089s] -- Using PYTHON_EXECUTABLE: /usr/bin/python3
[0.207s] -- Found rclcpp: 2.3.1 (/opt/ros/foxy/share/rclcpp/cmake)
[0.246s] -- Using all available rosidl_typesupport_c: rosidl_typesupport_fastrtps_c;rosidl_typesupport_introspection_c
[0.248s] -- Found rosidl_adapter: 1.2.1 (/opt/ros/foxy/share/rosidl_adapter/cmake)
[0.367s] -- Using all available rosidl_typesupport_cpp: rosidl_typesupport_fastrtps_cpp;rosidl_typesupport_introspection_cpp
[0.399s] -- Found rmw_implementation_cmake: 1.0.3 (/opt/ros/foxy/share/rmw_implementation_cmake/cmake)
[0.401s] -- Using RMW implementation 'rmw_fastrtps_cpp' as default
[0.496s] -- Found example_interfaces: 0.9.1 (/opt/ros/foxy/share/example_interfaces/cmake)
[0.575s] -- Found rosidl_default_generators: 1.0.1 (/opt/ros/foxy/share/rosidl_default_generators/cmake)
[0.585s] -- Found ament_lint_auto: 0.9.6 (/opt/ros/foxy/share/ament_lint_auto/cmake)
[0.641s] -- Added test 'copyright' to check source files copyright and LICENSE
[0.656s] -- Added test 'cppcheck' to perform static code analysis on C / C++ code
[0.656s] -- Configured cppcheck include dirs: $<BUILD_INTERFACE:/home/ari/ros-tut/include>
[0.656s] -- Configured cppcheck exclude dirs and/or files: 
[0.669s] -- Added test 'cpplint' to check C / C++ code against the Google style
[0.669s] -- Configured cpplint exclude dirs and/or files: 
[0.672s] -- Added test 'flake8' to check Python code syntax and style conventions
[0.675s] -- Added test 'lint_cmake' to check CMake code style
[0.677s] -- Added test 'pep257' to check Python code against some of the style conventions in PEP 257
[0.689s] -- Added test 'uncrustify' to check C / C++ code style
[0.689s] -- Configured uncrustify additional arguments: 
[0.691s] -- Added test 'xmllint' to check XML markup files
[0.695s] -- Configuring done
[0.733s] -- Generating done
[0.740s] -- Build files have been written to: /home/ari/ros-tut/build/ros-tut
[0.777s] [ 20%] Built target my_node
[0.800s] [ 60%] Built target client
[0.800s] [ 60%] Built target server
[0.803s] [100%] Built target listener
[0.803s] [100%] Built target talker
[0.809s] Invoked command in '/home/ari/ros-tut/build/ros-tut' returned '0': CMAKE_PREFIX_PATH=${CMAKE_PREFIX_PATH}:/opt/ros/foxy /usr/bin/cmake --build /home/ari/ros-tut/build/ros-tut -- -j8 -l8
[0.843s] Invoking command in '/home/ari/ros-tut/build/ros-tut': CMAKE_PREFIX_PATH=${CMAKE_PREFIX_PATH}:/opt/ros/foxy /usr/bin/cmake --install /home/ari/ros-tut/build/ros-tut
[0.848s] -- Install configuration: ""
[0.849s] -- Up-to-date: /home/ari/ros-tut/install/ros-tut/lib/ros-tut/my_node
[0.850s] -- Up-to-date: /home/ari/ros-tut/install/ros-tut/lib/ros-tut/talker
[0.852s] -- Up-to-date: /home/ari/ros-tut/install/ros-tut/lib/ros-tut/listener
[0.853s] -- Up-to-date: /home/ari/ros-tut/install/ros-tut/lib/ros-tut/server
[0.862s] -- Up-to-date: /home/ari/ros-tut/install/ros-tut/lib/ros-tut/client
[0.862s] -- Installing: /home/ari/ros-tut/install/ros-tut/share/ament_index/resource_index/package_run_dependencies/ros-tut
[0.862s] -- Installing: /home/ari/ros-tut/install/ros-tut/share/ament_index/resource_index/parent_prefix_path/ros-tut
[0.862s] -- Up-to-date: /home/ari/ros-tut/install/ros-tut/share/ros-tut/environment/ament_prefix_path.sh
[0.862s] -- Installing: /home/ari/ros-tut/install/ros-tut/share/ros-tut/environment/ament_prefix_path.dsv
[0.862s] -- Up-to-date: /home/ari/ros-tut/install/ros-tut/share/ros-tut/environment/path.sh
[0.862s] -- Installing: /home/ari/ros-tut/install/ros-tut/share/ros-tut/environment/path.dsv
[0.862s] -- Up-to-date: /home/ari/ros-tut/install/ros-tut/share/ros-tut/local_setup.bash
[0.862s] -- Up-to-date: /home/ari/ros-tut/install/ros-tut/share/ros-tut/local_setup.sh
[0.862s] -- Up-to-date: /home/ari/ros-tut/install/ros-tut/share/ros-tut/local_setup.zsh
[0.862s] -- Installing: /home/ari/ros-tut/install/ros-tut/share/ros-tut/local_setup.dsv
[0.862s] -- Installing: /home/ari/ros-tut/install/ros-tut/share/ros-tut/package.dsv
[0.862s] -- Up-to-date: /home/ari/ros-tut/install/ros-tut/share/ament_index/resource_index/packages/ros-tut
[0.862s] -- Up-to-date: /home/ari/ros-tut/install/ros-tut/share/ros-tut/cmake/ros-tutConfig.cmake
[0.862s] -- Up-to-date: /home/ari/ros-tut/install/ros-tut/share/ros-tut/cmake/ros-tutConfig-version.cmake
[0.863s] -- Installing: /home/ari/ros-tut/install/ros-tut/share/ros-tut/package.xml
[0.864s] Invoked command in '/home/ari/ros-tut/build/ros-tut' returned '0': CMAKE_PREFIX_PATH=${CMAKE_PREFIX_PATH}:/opt/ros/foxy /usr/bin/cmake --install /home/ari/ros-tut/build/ros-tut
