[35m[1mScanning dependencies of target clear[0m
[  1%] [32mBuilding CXX object CMakeFiles/clear.dir/src/clear_turtles.cpp.o[0m
[  4%] Built target my_node
[ 13%] Built target ros_tut__rosidl_generator_c
[ 16%] Built target server
[ 18%] Built target ros_tut__cpp
[ 21%] Built target talker
[ 24%] Built target client
[ 27%] Built target listener
[35m[1mScanning dependencies of target turtle_request[0m
[ 29%] [32mBuilding CXX object CMakeFiles/turtle_request.dir/src/clear_turtles.cpp.o[0m
[ 37%] Built target ros_tut__rosidl_typesupport_introspection_cpp
[ 54%] Built target ros_tut__rosidl_typesupport_c
[ 54%] Built target ros_tut__rosidl_typesupport_cpp
[ 62%] Built target ros_tut__rosidl_typesupport_fastrtps_cpp
[ 70%] Built target ros_tut__rosidl_typesupport_introspection_c
[01m[K/home/ari/ros-tut/src/clear_turtles.cpp:12:10:[m[K [01;31m[Kfatal error: [m[Krclcpp/rclcpp.hpp: No such file or directory
   12 | #include [01;31m[K"rclcpp/rclcpp.hpp"[m[K
      |          [01;31m[K^~~~~~~~~~~~~~~~~~~[m[K
compilation terminated.
make[2]: *** [CMakeFiles/turtle_request.dir/build.make:63: CMakeFiles/turtle_request.dir/src/clear_turtles.cpp.o] Error 1
make[1]: *** [CMakeFiles/Makefile2:702: CMakeFiles/turtle_request.dir/all] Error 2
make[1]: *** Waiting for unfinished jobs....
[ 78%] Built target ros_tut__rosidl_typesupport_fastrtps_c
[01m[K/home/ari/ros-tut/src/clear_turtles.cpp:17:3:[m[K [01;31m[Kerror: [m[K‘[01m[Kkill_turtles[m[K’ does not name a type
   17 |   [01;31m[Kkill_turtles[m[K::kill_turtles(
      |   [01;31m[K^~~~~~~~~~~~[m[K
[01m[K/home/ari/ros-tut/src/clear_turtles.cpp:23:3:[m[K [01;31m[Kerror: [m[Kexpected unqualified-id before ‘[01m[K)[m[K’ token
   23 |   [01;31m[K)[m[K
      |   [01;31m[K^[m[K
make[2]: *** [CMakeFiles/clear.dir/build.make:63: CMakeFiles/clear.dir/src/clear_turtles.cpp.o] Error 1
make[1]: *** [CMakeFiles/Makefile2:243: CMakeFiles/clear.dir/all] Error 2
make: *** [Makefile:141: all] Error 2
