[0.017s] Invoking command in '/home/ari/ros-tut/build/ros_tut': CMAKE_PREFIX_PATH=${CMAKE_PREFIX_PATH}:/opt/ros/foxy /usr/bin/cmake --build /home/ari/ros-tut/build/ros_tut -- -j8 -l8
[0.046s] -- Found ament_cmake: 0.9.8 (/opt/ros/foxy/share/ament_cmake/cmake)
[0.062s] -- Found PythonInterp: /usr/bin/python3 (found suitable version "3.8.5", minimum required is "3") 
[0.062s] -- Using PYTHON_EXECUTABLE: /usr/bin/python3
[0.175s] -- Found rclcpp: 2.3.1 (/opt/ros/foxy/share/rclcpp/cmake)
[0.202s] -- Using all available rosidl_typesupport_c: rosidl_typesupport_fastrtps_c;rosidl_typesupport_introspection_c
[0.205s] -- Found rosidl_adapter: 1.2.1 (/opt/ros/foxy/share/rosidl_adapter/cmake)
[0.317s] -- Using all available rosidl_typesupport_cpp: rosidl_typesupport_fastrtps_cpp;rosidl_typesupport_introspection_cpp
[0.352s] -- Found rmw_implementation_cmake: 1.0.3 (/opt/ros/foxy/share/rmw_implementation_cmake/cmake)
[0.353s] -- Using RMW implementation 'rmw_fastrtps_cpp' as default
[0.453s] -- Found example_interfaces: 0.9.1 (/opt/ros/foxy/share/example_interfaces/cmake)
[0.529s] -- Found rosidl_default_generators: 1.0.1 (/opt/ros/foxy/share/rosidl_default_generators/cmake)
[0.535s] -- Found turtlesim: 1.2.5 (/opt/ros/foxy/share/turtlesim/cmake)
[0.573s] -- Found geometry_msgs: 2.0.4 (/opt/ros/foxy/share/geometry_msgs/cmake)
[0.596s] -- Found std_srvs: 2.0.4 (/opt/ros/foxy/share/std_srvs/cmake)
[0.622s] -- Found PythonInterp: /usr/bin/python3 (found version "3.8.5") 
[0.753s] -- Found ament_cmake_ros: 0.9.2 (/opt/ros/foxy/share/ament_cmake_ros/cmake)
[0.850s] -- Using all available rosidl_typesupport_c: rosidl_typesupport_fastrtps_c;rosidl_typesupport_introspection_c
[0.856s] -- Using all available rosidl_typesupport_cpp: rosidl_typesupport_fastrtps_cpp;rosidl_typesupport_introspection_cpp
[0.869s] -- Found PythonInterp: /usr/bin/python3 (found suitable version "3.8.5", minimum required is "3.5") 
[0.870s] -- Found python_cmake_module: 0.8.1 (/opt/ros/foxy/share/python_cmake_module/cmake)
[0.883s] -- Using PYTHON_EXECUTABLE: /usr/bin/python3
[0.883s] -- Using PYTHON_INCLUDE_DIRS: /usr/include/python3.8
[0.883s] -- Using PYTHON_LIBRARIES: /usr/lib/aarch64-linux-gnu/libpython3.8.so
[0.896s] -- Found ament_lint_auto: 0.9.6 (/opt/ros/foxy/share/ament_lint_auto/cmake)
[0.903s] -- Added test 'copyright' to check source files copyright and LICENSE
[0.946s] -- Added test 'cppcheck' to perform static code analysis on C / C++ code
[0.948s] -- Configured cppcheck include dirs: $<BUILD_INTERFACE:/home/ari/ros-tut/build/ros_tut/rosidl_generator_c>;/home/ari/ros-tut/build/ros_tut/rosidl_generator_c;/home/ari/ros-tut/build/ros_tut/rosidl_generator_cpp;/home/ari/ros-tut/build/ros_tut/rosidl_typesupport_fastrtps_c;/home/ari/ros-tut/build/ros_tut/rosidl_typesupport_fastrtps_cpp;$<BUILD_INTERFACE:/home/ari/ros-tut/build/ros_tut/rosidl_typesupport_introspection_c>;$<BUILD_INTERFACE:/home/ari/ros-tut/build/ros_tut/rosidl_typesupport_c>;$<BUILD_INTERFACE:/home/ari/ros-tut/build/ros_tut/rosidl_generator_cpp>;/home/ari/ros-tut/build/ros_tut/rosidl_generator_py;$<BUILD_INTERFACE:/home/ari/ros-tut/include>
[0.948s] -- Configured cppcheck exclude dirs and/or files: 
[0.987s] -- Added test 'cpplint' to check C / C++ code against the Google style
[0.987s] -- Configured cpplint exclude dirs and/or files: 
[0.992s] -- Added test 'flake8' to check Python code syntax and style conventions
[1.002s] -- Added test 'lint_cmake' to check CMake code style
[1.008s] -- Added test 'pep257' to check Python code against some of the style conventions in PEP 257
[1.049s] -- Added test 'uncrustify' to check C / C++ code style
[1.049s] -- Configured uncrustify additional arguments: 
[1.055s] -- Added test 'xmllint' to check XML markup files
[1.059s] -- Configuring done
[1.137s] -- Generating done
[1.151s] -- Build files have been written to: /home/ari/ros-tut/build/ros_tut
[1.183s] [35m[1mScanning dependencies of target clear[0m
[1.200s] [  5%] Built target client
[1.200s] [  5%] Built target ros_tut__cpp
[1.203s] [  9%] Built target my_node
[1.203s] [ 17%] Built target ros_tut__rosidl_generator_c
[1.208s] [ 21%] Built target server
[1.208s] [ 25%] Built target talker
[1.209s] [ 29%] Built target listener
[1.229s] [ 37%] Built target ros_tut__rosidl_typesupport_introspection_cpp
[1.237s] [ 49%] Built target ros_tut__rosidl_typesupport_introspection_c
[1.237s] [ 52%] Built target ros_tut__rosidl_typesupport_c
[1.240s] [ 60%] Built target ros_tut__rosidl_typesupport_cpp
[1.244s] [ 68%] Built target ros_tut__rosidl_typesupport_fastrtps_cpp
[1.267s] [ 76%] Built target ros_tut__rosidl_typesupport_fastrtps_c
[1.273s] [ 78%] [32mBuilding CXX object CMakeFiles/clear.dir/src/clear_turtles.cpp.o[0m
[1.281s] [ 78%] Built target ros_tut
[1.295s] [ 80%] Built target ros_tut__py
[1.316s] [ 86%] Built target ros_tut__python
[1.339s] [ 96%] Built target ros_tut__rosidl_typesupport_fastrtps_c__pyext
[1.339s] [ 98%] Built target ros_tut__rosidl_typesupport_introspection_c__pyext
[1.339s] [ 96%] Built target ros_tut__rosidl_typesupport_c__pyext
[1.407s] [01m[K/home/ari/ros-tut/src/clear_turtles.cpp:5:10:[m[K [01;31m[Kfatal error: [m[Kstd_srvs: No such file or directory
[1.407s]     5 | #include [01;31m[K<std_srvs>[m[K
[1.407s]       |          [01;31m[K^~~~~~~~~~[m[K
[1.407s] compilation terminated.
[1.412s] make[2]: *** [CMakeFiles/clear.dir/build.make:63: CMakeFiles/clear.dir/src/clear_turtles.cpp.o] Error 1
[1.413s] make[1]: *** [CMakeFiles/Makefile2:592: CMakeFiles/clear.dir/all] Error 2
[1.413s] make: *** [Makefile:141: all] Error 2
[1.418s] Invoked command in '/home/ari/ros-tut/build/ros_tut' returned '2': CMAKE_PREFIX_PATH=${CMAKE_PREFIX_PATH}:/opt/ros/foxy /usr/bin/cmake --build /home/ari/ros-tut/build/ros_tut -- -j8 -l8
