[01m[K/home/ari/ros-tut/src/clear_turtles.cpp:25:3:[m[K [01;31m[Kerror: [m[K‘[01m[KSOFTWARE_TRAINING_PUBLIC[m[K’ does not name a type
   25 |   [01;31m[KSOFTWARE_TRAINING_PUBLIC[m[K //what is this?
      |   [01;31m[K^~~~~~~~~~~~~~~~~~~~~~~~[m[K
[01m[K/home/ari/ros-tut/src/clear_turtles.cpp:25:3:[m[K [01;31m[Kerror: [m[K‘[01m[KSOFTWARE_TRAINING_PUBLIC[m[K’ does not name a type
   25 |   [01;31m[KSOFTWARE_TRAINING_PUBLIC[m[K //what is this?
      |   [01;31m[K^~~~~~~~~~~~~~~~~~~~~~~~[m[K
[01m[K/home/ari/ros-tut/src/clear_turtles.cpp:42:1:[m[K [01;31m[Kerror: [m[Kno declaration matches ‘[01m[Kcomposition::kill_turtles::kill_turtles(const rclcpp::NodeOptions&)[m[K’
   42 | [01;31m[Kkill_turtles[m[K::kill_turtles(const rclcpp::NodeOptions &options) : Node("kill_turtles", options) {
      | [01;31m[K^~~~~~~~~~~~[m[K
[01m[K/home/ari/ros-tut/src/clear_turtles.cpp:23:7:[m[K [01;36m[Knote: [m[Kcandidates are: ‘[01m[Kcomposition::kill_turtles::kill_turtles(composition::kill_turtles&&)[m[K’
   23 | class [01;36m[Kkill_turtles[m[K : public rclcpp::Node {
      |       [01;36m[K^~~~~~~~~~~~[m[K
[01m[K/home/ari/ros-tut/src/clear_turtles.cpp:23:7:[m[K [01;36m[Knote: [m[K                ‘[01m[Kcomposition::kill_turtles::kill_turtles(const composition::kill_turtles&)[m[K’
[01m[K/home/ari/ros-tut/src/clear_turtles.cpp:23:7:[m[K [01;36m[Knote: [m[K                ‘[01m[Kcomposition::kill_turtles::kill_turtles()[m[K’
[01m[K/home/ari/ros-tut/src/clear_turtles.cpp:23:7:[m[K [01;36m[Knote: [m[K‘[01m[Kclass composition::kill_turtles[m[K’ defined here
[01m[K/home/ari/ros-tut/src/clear_turtles.cpp:42:1:[m[K [01;31m[Kerror: [m[Kno declaration matches ‘[01m[Kcomposition::kill_turtles::kill_turtles(const rclcpp::NodeOptions&)[m[K’
   42 | [01;31m[Kkill_turtles[m[K::kill_turtles(const rclcpp::NodeOptions &options) : Node("kill_turtles", options) {
      | [01;31m[K^~~~~~~~~~~~[m[K
[01m[K/home/ari/ros-tut/src/clear_turtles.cpp:23:7:[m[K [01;36m[Knote: [m[Kcandidates are: ‘[01m[Kcomposition::kill_turtles::kill_turtles(composition::kill_turtles&&)[m[K’
   23 | class [01;36m[Kkill_turtles[m[K : public rclcpp::Node {
      |       [01;36m[K^~~~~~~~~~~~[m[K
[01m[K/home/ari/ros-tut/src/clear_turtles.cpp:23:7:[m[K [01;36m[Knote: [m[K                ‘[01m[Kcomposition::kill_turtles::kill_turtles(const composition::kill_turtles&)[m[K’
[01m[K/home/ari/ros-tut/src/clear_turtles.cpp:23:7:[m[K [01;36m[Knote: [m[K                ‘[01m[Kcomposition::kill_turtles::kill_turtles()[m[K’
[01m[K/home/ari/ros-tut/src/clear_turtles.cpp:23:7:[m[K [01;36m[Knote: [m[K‘[01m[Kclass composition::kill_turtles[m[K’ defined here
[01m[K/home/ari/ros-tut/src/clear_turtles.cpp:[m[K In lambda function:
[01m[K/home/ari/ros-tut/src/clear_turtles.cpp:63:95:[m[K [01;35m[Kwarning: [m[Kunused parameter ‘[01m[Kresponse[m[K’ [[01;35m[K-Wunused-parameter[m[K]
   63 |   auto response_received_callback = [this]([01;35m[Krclcpp::Client<turtlesim::srv::Kill>::SharedFuture response[m[K) {
      |                                            [01;35m[K~~~~~~~~~~~~~~~~~~~~~~~~~~~~~~~~~~~~~~~~~~~~~~~~~~~^~~~~~~~[m[K
[01m[K/home/ari/ros-tut/src/clear_turtles.cpp:[m[K In lambda function:
[01m[K/home/ari/ros-tut/src/clear_turtles.cpp:63:95:[m[K [01;35m[Kwarning: [m[Kunused parameter ‘[01m[Kresponse[m[K’ [[01;35m[K-Wunused-parameter[m[K]
   63 |   auto response_received_callback = [this]([01;35m[Krclcpp::Client<turtlesim::srv::Kill>::SharedFuture response[m[K) {
      |                                            [01;35m[K~~~~~~~~~~~~~~~~~~~~~~~~~~~~~~~~~~~~~~~~~~~~~~~~~~~^~~~~~~~[m[K
make[2]: *** [CMakeFiles/kill_turtles.dir/build.make:63: CMakeFiles/kill_turtles.dir/src/clear_turtles.cpp.o] Error 1
make[2]: *** [CMakeFiles/clear.dir/build.make:63: CMakeFiles/clear.dir/src/clear_turtles.cpp.o] Error 1
make[1]: *** [CMakeFiles/Makefile2:243: CMakeFiles/clear.dir/all] Error 2
make[1]: *** Waiting for unfinished jobs....
make[1]: *** [CMakeFiles/Makefile2:412: CMakeFiles/kill_turtles.dir/all] Error 2
make: *** [Makefile:141: all] Error 2
