[35m[1mScanning dependencies of target kill_turtles[0m
[  3%] Built target my_node
[35m[1mScanning dependencies of target clear[0m
[  4%] Built target ros_tut__cpp
[ 13%] Built target ros_tut__rosidl_generator_c
[ 16%] Built target listener
[ 19%] Built target server
[ 22%] Built target talker
[ 26%] Built target client
[ 27%] [34m[1mGenerating C introspection for ROS interfaces[0m
[ 36%] Built target ros_tut__rosidl_typesupport_introspection_cpp
[ 37%] [32mBuilding CXX object CMakeFiles/kill_turtles.dir/src/clear_turtles.cpp.o[0m
[ 39%] [32mBuilding CXX object CMakeFiles/clear.dir/src/clear_turtles.cpp.o[0m
[ 40%] [34m[1mGenerating C++ type support dispatch for ROS interfaces[0m
[ 50%] Built target ros_tut__rosidl_typesupport_fastrtps_cpp
[ 50%] [34m[1mGenerating C type support dispatch for ROS interfaces[0m
[ 52%] [34m[1mGenerating C type support for eProsima Fast-RTPS[0m
[35m[1mScanning dependencies of target ros_tut__rosidl_typesupport_c[0m
[35m[1mScanning dependencies of target ros_tut__rosidl_typesupport_cpp[0m
[35m[1mScanning dependencies of target ros_tut__rosidl_typesupport_introspection_c[0m
[35m[1mScanning dependencies of target ros_tut__rosidl_typesupport_fastrtps_c[0m
[ 54%] [32mBuilding CXX object CMakeFiles/ros_tut__rosidl_typesupport_cpp.dir/rosidl_typesupport_cpp/ros_tut/msg/num__type_support.cpp.o[0m
[ 55%] [32mBuilding CXX object CMakeFiles/ros_tut__rosidl_typesupport_cpp.dir/rosidl_typesupport_cpp/ros_tut/srv/add_three_ints__type_support.cpp.o[0m
[ 57%] [32mBuilding C object CMakeFiles/ros_tut__rosidl_typesupport_introspection_c.dir/rosidl_typesupport_introspection_c/ros_tut/msg/detail/num__type_support.c.o[0m
[ 59%] [32mBuilding CXX object CMakeFiles/ros_tut__rosidl_typesupport_cpp.dir/rosidl_typesupport_cpp/ros_tut/srv/success__type_support.cpp.o[0m
[ 60%] [32mBuilding CXX object CMakeFiles/ros_tut__rosidl_typesupport_c.dir/rosidl_typesupport_c/ros_tut/msg/num__type_support.cpp.o[0m
[ 62%] [32mBuilding CXX object CMakeFiles/ros_tut__rosidl_typesupport_fastrtps_c.dir/rosidl_typesupport_fastrtps_c/ros_tut/msg/detail/num__type_support_c.cpp.o[0m
[ 63%] [32mBuilding CXX object CMakeFiles/ros_tut__rosidl_typesupport_c.dir/rosidl_typesupport_c/ros_tut/srv/add_three_ints__type_support.cpp.o[0m
[ 67%] [32mBuilding C object CMakeFiles/ros_tut__rosidl_typesupport_introspection_c.dir/rosidl_typesupport_introspection_c/ros_tut/srv/detail/add_three_ints__type_support.c.o[0m
[ 67%] [32mBuilding CXX object CMakeFiles/ros_tut__rosidl_typesupport_c.dir/rosidl_typesupport_c/ros_tut/srv/success__type_support.cpp.o[0m
[ 68%] [32mBuilding C object CMakeFiles/ros_tut__rosidl_typesupport_introspection_c.dir/rosidl_typesupport_introspection_c/ros_tut/srv/detail/success__type_support.c.o[0m
[ 70%] [32m[1mLinking CXX shared library libros_tut__rosidl_typesupport_c.so[0m
[ 72%] [32mBuilding CXX object CMakeFiles/ros_tut__rosidl_typesupport_fastrtps_c.dir/rosidl_typesupport_fastrtps_c/ros_tut/srv/detail/add_three_ints__type_support_c.cpp.o[0m
[ 73%] [32m[1mLinking CXX shared library libros_tut__rosidl_typesupport_cpp.so[0m
[ 75%] [32mBuilding CXX object CMakeFiles/ros_tut__rosidl_typesupport_fastrtps_c.dir/rosidl_typesupport_fastrtps_c/ros_tut/srv/detail/success__type_support_c.cpp.o[0m
[ 77%] [32m[1mLinking C shared library libros_tut__rosidl_typesupport_introspection_c.so[0m
[ 77%] Built target ros_tut__rosidl_typesupport_c
[ 77%] Built target ros_tut__rosidl_typesupport_introspection_c
[ 77%] Built target ros_tut__rosidl_typesupport_cpp
[ 78%] [32m[1mLinking CXX shared library libros_tut__rosidl_typesupport_fastrtps_c.so[0m
[ 78%] Built target ros_tut__rosidl_typesupport_fastrtps_c
[35m[1mScanning dependencies of target ros_tut[0m
[ 78%] Built target ros_tut
[35m[1mScanning dependencies of target ros_tut__py[0m
[ 80%] [34m[1mGenerating Python code for ROS interfaces[0m
[01m[K/home/ari/ros-tut/src/clear_turtles.cpp:25:3:[m[K [01;31m[Kerror: [m[K‘[01m[KSOFTWARE_TRAINING_PUBLIC[m[K’ does not name a type
   25 |   [01;31m[KSOFTWARE_TRAINING_PUBLIC[m[K //what is this?
      |   [01;31m[K^~~~~~~~~~~~~~~~~~~~~~~~[m[K
[01m[K/home/ari/ros-tut/src/clear_turtles.cpp:25:3:[m[K [01;31m[Kerror: [m[K‘[01m[KSOFTWARE_TRAINING_PUBLIC[m[K’ does not name a type
   25 |   [01;31m[KSOFTWARE_TRAINING_PUBLIC[m[K //what is this?
      |   [01;31m[K^~~~~~~~~~~~~~~~~~~~~~~~[m[K
[ 80%] Built target ros_tut__py
[01m[K/home/ari/ros-tut/src/clear_turtles.cpp:42:1:[m[K [01;31m[Kerror: [m[Kno declaration matches ‘[01m[Kcomposition::kill_turtles::kill_turtles(const rclcpp::NodeOptions&)[m[K’
   42 | [01;31m[Kkill_turtles[m[K::kill_turtles(const rclcpp::NodeOptions &options) : Node("kill_turtles", options) {
      | [01;31m[K^~~~~~~~~~~~[m[K
[01m[K/home/ari/ros-tut/src/clear_turtles.cpp:23:7:[m[K [01;36m[Knote: [m[Kcandidates are: ‘[01m[Kcomposition::kill_turtles::kill_turtles(composition::kill_turtles&&)[m[K’
   23 | class [01;36m[Kkill_turtles[m[K : public rclcpp::Node {
      |       [01;36m[K^~~~~~~~~~~~[m[K
[01m[K/home/ari/ros-tut/src/clear_turtles.cpp:23:7:[m[K [01;36m[Knote: [m[K                ‘[01m[Kcomposition::kill_turtles::kill_turtles(const composition::kill_turtles&)[m[K’
[01m[K/home/ari/ros-tut/src/clear_turtles.cpp:23:7:[m[K [01;36m[Knote: [m[K                ‘[01m[Kcomposition::kill_turtles::kill_turtles()[m[K’
[01m[K/home/ari/ros-tut/src/clear_turtles.cpp:23:7:[m[K [01;36m[Knote: [m[K‘[01m[Kclass composition::kill_turtles[m[K’ defined here
[01m[K/home/ari/ros-tut/src/clear_turtles.cpp:42:1:[m[K [01;31m[Kerror: [m[Kno declaration matches ‘[01m[Kcomposition::kill_turtles::kill_turtles(const rclcpp::NodeOptions&)[m[K’
   42 | [01;31m[Kkill_turtles[m[K::kill_turtles(const rclcpp::NodeOptions &options) : Node("kill_turtles", options) {
      | [01;31m[K^~~~~~~~~~~~[m[K
[01m[K/home/ari/ros-tut/src/clear_turtles.cpp:23:7:[m[K [01;36m[Knote: [m[Kcandidates are: ‘[01m[Kcomposition::kill_turtles::kill_turtles(composition::kill_turtles&&)[m[K’
   23 | class [01;36m[Kkill_turtles[m[K : public rclcpp::Node {
      |       [01;36m[K^~~~~~~~~~~~[m[K
[01m[K/home/ari/ros-tut/src/clear_turtles.cpp:23:7:[m[K [01;36m[Knote: [m[K                ‘[01m[Kcomposition::kill_turtles::kill_turtles(const composition::kill_turtles&)[m[K’
[01m[K/home/ari/ros-tut/src/clear_turtles.cpp:23:7:[m[K [01;36m[Knote: [m[K                ‘[01m[Kcomposition::kill_turtles::kill_turtles()[m[K’
[01m[K/home/ari/ros-tut/src/clear_turtles.cpp:23:7:[m[K [01;36m[Knote: [m[K‘[01m[Kclass composition::kill_turtles[m[K’ defined here
[35m[1mScanning dependencies of target ros_tut__python[0m
[01m[K/home/ari/ros-tut/src/clear_turtles.cpp:[m[K In lambda function:
[01m[K/home/ari/ros-tut/src/clear_turtles.cpp:63:95:[m[K [01;35m[Kwarning: [m[Kunused parameter ‘[01m[Kresponse[m[K’ [[01;35m[K-Wunused-parameter[m[K]
   63 |   auto response_received_callback = [this]([01;35m[Krclcpp::Client<turtlesim::srv::Kill>::SharedFuture response[m[K) {
      |                                            [01;35m[K~~~~~~~~~~~~~~~~~~~~~~~~~~~~~~~~~~~~~~~~~~~~~~~~~~~^~~~~~~~[m[K
[01m[K/home/ari/ros-tut/src/clear_turtles.cpp:[m[K In lambda function:
[01m[K/home/ari/ros-tut/src/clear_turtles.cpp:63:95:[m[K [01;35m[Kwarning: [m[Kunused parameter ‘[01m[Kresponse[m[K’ [[01;35m[K-Wunused-parameter[m[K]
   63 |   auto response_received_callback = [this]([01;35m[Krclcpp::Client<turtlesim::srv::Kill>::SharedFuture response[m[K) {
      |                                            [01;35m[K~~~~~~~~~~~~~~~~~~~~~~~~~~~~~~~~~~~~~~~~~~~~~~~~~~~^~~~~~~~[m[K
[ 81%] [32mBuilding C object CMakeFiles/ros_tut__python.dir/rosidl_generator_py/ros_tut/msg/_num_s.c.o[0m
[ 83%] [32mBuilding C object CMakeFiles/ros_tut__python.dir/rosidl_generator_py/ros_tut/srv/_success_s.c.o[0m
[ 85%] [32mBuilding C object CMakeFiles/ros_tut__python.dir/rosidl_generator_py/ros_tut/srv/_add_three_ints_s.c.o[0m
[ 86%] [32m[1mLinking C shared library rosidl_generator_py/ros_tut/libros_tut__python.so[0m
[ 86%] Built target ros_tut__python
[35m[1mScanning dependencies of target ros_tut__rosidl_typesupport_c__pyext[0m
[35m[1mScanning dependencies of target ros_tut__rosidl_typesupport_fastrtps_c__pyext[0m
[35m[1mScanning dependencies of target ros_tut__rosidl_typesupport_introspection_c__pyext[0m
[ 88%] [32mBuilding C object CMakeFiles/ros_tut__rosidl_typesupport_introspection_c__pyext.dir/rosidl_generator_py/ros_tut/_ros_tut_s.ep.rosidl_typesupport_introspection_c.c.o[0m
[ 90%] [32mBuilding C object CMakeFiles/ros_tut__rosidl_typesupport_fastrtps_c__pyext.dir/rosidl_generator_py/ros_tut/_ros_tut_s.ep.rosidl_typesupport_fastrtps_c.c.o[0m
[ 91%] [32mBuilding C object CMakeFiles/ros_tut__rosidl_typesupport_c__pyext.dir/rosidl_generator_py/ros_tut/_ros_tut_s.ep.rosidl_typesupport_c.c.o[0m
[ 95%] [32m[1mLinking C shared library rosidl_generator_py/ros_tut/ros_tut_s__rosidl_typesupport_introspection_c.cpython-38-aarch64-linux-gnu.so[0m
[ 96%] [32m[1mLinking CXX shared library rosidl_generator_py/ros_tut/ros_tut_s__rosidl_typesupport_fastrtps_c.cpython-38-aarch64-linux-gnu.so[0m
[ 93%] [32m[1mLinking C shared library rosidl_generator_py/ros_tut/ros_tut_s__rosidl_typesupport_c.cpython-38-aarch64-linux-gnu.so[0m
[ 96%] Built target ros_tut__rosidl_typesupport_c__pyext
[ 96%] Built target ros_tut__rosidl_typesupport_introspection_c__pyext
[ 96%] Built target ros_tut__rosidl_typesupport_fastrtps_c__pyext
make[2]: *** [CMakeFiles/kill_turtles.dir/build.make:63: CMakeFiles/kill_turtles.dir/src/clear_turtles.cpp.o] Error 1
make[2]: *** [CMakeFiles/clear.dir/build.make:63: CMakeFiles/clear.dir/src/clear_turtles.cpp.o] Error 1
make[1]: *** [CMakeFiles/Makefile2:243: CMakeFiles/clear.dir/all] Error 2
make[1]: *** Waiting for unfinished jobs....
make[1]: *** [CMakeFiles/Makefile2:412: CMakeFiles/kill_turtles.dir/all] Error 2
make: *** [Makefile:141: all] Error 2
