[0.928s] DEBUG:colcon:Command line arguments: ['/home/ari/.local/bin/colcon', 'build', '--packages-select', 'ros_tut']
[0.936s] DEBUG:colcon:Parsed command line arguments: Namespace(ament_cmake_args=None, base_paths=['.'], build_base='build', catkin_cmake_args=None, catkin_skip_building_tests=False, cmake_args=None, cmake_clean_cache=False, cmake_clean_first=False, cmake_force_configure=False, cmake_target=None, cmake_target_skip_unavailable=False, continue_on_error=False, event_handlers=None, executor='parallel', ignore_user_meta=False, install_base='install', log_base=None, log_level=None, main=<bound method BuildVerb.main of <colcon_core.verb.build.BuildVerb object at 0xffffb5fbe520>>, merge_install=False, metas=['./colcon.meta'], packages_above=None, packages_above_and_dependencies=None, packages_above_depth=None, packages_end=None, packages_ignore=None, packages_ignore_regex=None, packages_select=['ros_tut'], packages_select_build_failed=False, packages_select_by_dep=None, packages_select_regex=None, packages_select_test_failures=False, packages_skip=None, packages_skip_build_finished=False, packages_skip_by_dep=None, packages_skip_regex=None, packages_skip_test_passed=False, packages_skip_up_to=None, packages_start=None, packages_up_to=None, packages_up_to_regex=None, parallel_workers=8, paths=None, symlink_install=False, test_result_base=None, verb_extension=<colcon_core.verb.build.BuildVerb object at 0xffffb5fbe520>, verb_name='build', verb_parser=<colcon_defaults.argument_parser.defaults.DefaultArgumentsDecorator object at 0xffffb5fbea60>)
[0.959s] Level 1:colcon.colcon_core.package_discovery:discover_packages(colcon_meta) check parameters
[0.960s] Level 1:colcon.colcon_core.package_discovery:discover_packages(recursive) check parameters
[0.960s] Level 1:colcon.colcon_core.package_discovery:discover_packages(ignore) check parameters
[0.960s] Level 1:colcon.colcon_core.package_discovery:discover_packages(path) check parameters
[0.960s] Level 1:colcon.colcon_core.package_discovery:discover_packages(colcon_meta) discover
[0.963s] Level 1:colcon.colcon_core.package_discovery:discover_packages(recursive) discover
[0.963s] INFO:colcon.colcon_core.package_discovery:Crawling recursively for packages in '/home/ari/ros-tut'
[0.963s] Level 1:colcon.colcon_core.package_identification:_identify(.) by extensions ['ignore', 'ignore_ament_install']
[0.964s] Level 1:colcon.colcon_core.package_identification:_identify(.) by extension 'ignore'
[0.964s] Level 1:colcon.colcon_core.package_identification:_identify(.) by extension 'ignore_ament_install'
[0.964s] Level 1:colcon.colcon_core.package_identification:_identify(.) by extensions ['colcon_pkg']
[0.964s] Level 1:colcon.colcon_core.package_identification:_identify(.) by extension 'colcon_pkg'
[0.964s] Level 1:colcon.colcon_core.package_identification:_identify(.) by extensions ['colcon_meta']
[0.964s] Level 1:colcon.colcon_core.package_identification:_identify(.) by extension 'colcon_meta'
[0.964s] Level 1:colcon.colcon_core.package_identification:_identify(.) by extensions ['ros']
[0.964s] Level 1:colcon.colcon_core.package_identification:_identify(.) by extension 'ros'
[1.009s] DEBUG:colcon.colcon_core.package_identification:Package '.' with type 'ros.ament_cmake' and name 'ros_tut'
[1.009s] Level 1:colcon.colcon_core.package_discovery:discover_packages(recursive) using defaults
[1.009s] Level 1:colcon.colcon_core.package_discovery:discover_packages(ignore) discover
[1.009s] Level 1:colcon.colcon_core.package_discovery:discover_packages(ignore) using defaults
[1.009s] Level 1:colcon.colcon_core.package_discovery:discover_packages(path) discover
[1.009s] Level 1:colcon.colcon_core.package_discovery:discover_packages(path) using defaults
[1.086s] Level 5:colcon.colcon_core.verb:set package 'ros_tut' build argument 'cmake_args' from command line to 'None'
[1.086s] Level 5:colcon.colcon_core.verb:set package 'ros_tut' build argument 'cmake_target' from command line to 'None'
[1.086s] Level 5:colcon.colcon_core.verb:set package 'ros_tut' build argument 'cmake_target_skip_unavailable' from command line to 'False'
[1.086s] Level 5:colcon.colcon_core.verb:set package 'ros_tut' build argument 'cmake_clean_cache' from command line to 'False'
[1.086s] Level 5:colcon.colcon_core.verb:set package 'ros_tut' build argument 'cmake_clean_first' from command line to 'False'
[1.086s] Level 5:colcon.colcon_core.verb:set package 'ros_tut' build argument 'cmake_force_configure' from command line to 'False'
[1.086s] Level 5:colcon.colcon_core.verb:set package 'ros_tut' build argument 'ament_cmake_args' from command line to 'None'
[1.086s] Level 5:colcon.colcon_core.verb:set package 'ros_tut' build argument 'catkin_cmake_args' from command line to 'None'
[1.086s] Level 5:colcon.colcon_core.verb:set package 'ros_tut' build argument 'catkin_skip_building_tests' from command line to 'False'
[1.086s] DEBUG:colcon.colcon_core.verb:Building package 'ros_tut' with the following arguments: {'ament_cmake_args': None, 'build_base': '/home/ari/ros-tut/build/ros_tut', 'catkin_cmake_args': None, 'catkin_skip_building_tests': False, 'cmake_args': None, 'cmake_clean_cache': False, 'cmake_clean_first': False, 'cmake_force_configure': False, 'cmake_target': None, 'cmake_target_skip_unavailable': False, 'install_base': '/home/ari/ros-tut/install/ros_tut', 'merge_install': False, 'path': '/home/ari/ros-tut', 'symlink_install': False, 'test_result_base': None}
[1.087s] INFO:colcon.colcon_core.executor:Executing jobs using 'parallel' executor
[1.094s] DEBUG:colcon.colcon_parallel_executor.executor.parallel:run_until_complete
[1.095s] INFO:colcon.colcon_ros.task.ament_cmake.build:Building ROS package in '/home/ari/ros-tut' with build type 'ament_cmake'
[1.095s] INFO:colcon.colcon_cmake.task.cmake.build:Building CMake package in '/home/ari/ros-tut'
[1.111s] INFO:colcon.colcon_core.plugin_system:Skipping extension 'colcon_core.shell.bat': Not used on non-Windows systems
[1.111s] INFO:colcon.colcon_core.shell:Skip shell extension 'powershell' for command environment: Not usable outside of PowerShell
[1.111s] DEBUG:colcon.colcon_core.shell:Skip shell extension 'dsv' for command environment
[1.120s] DEBUG:colcon.colcon_core.shell:Ignoring prefix path '/opt/ros/foxy'
[1.361s] DEBUG:colcon.colcon_core.event_handler.log_command:Invoking command in '/home/ari/ros-tut/build/ros_tut': CMAKE_PREFIX_PATH=${CMAKE_PREFIX_PATH}:/opt/ros/foxy /usr/bin/cmake --build /home/ari/ros-tut/build/ros_tut -- -j8 -l8
[27.701s] DEBUG:colcon.colcon_core.event_handler.log_command:Invoked command in '/home/ari/ros-tut/build/ros_tut' returned '2': CMAKE_PREFIX_PATH=${CMAKE_PREFIX_PATH}:/opt/ros/foxy /usr/bin/cmake --build /home/ari/ros-tut/build/ros_tut -- -j8 -l8
[28.042s] Level 1:colcon.colcon_core.environment:create_environment_scripts_only(ros_tut)
[28.071s] Level 1:colcon.colcon_core.environment:checking '/home/ari/ros-tut/install/ros_tut' for CMake module files
[28.076s] Level 1:colcon.colcon_core.environment:checking '/home/ari/ros-tut/install/ros_tut' for CMake config files
[28.079s] Level 1:colcon.colcon_core.shell:create_environment_hook('ros_tut', 'cmake_prefix_path')
[28.083s] INFO:colcon.colcon_core.shell:Creating environment hook '/home/ari/ros-tut/install/ros_tut/share/ros_tut/hook/cmake_prefix_path.ps1'
[28.087s] INFO:colcon.colcon_core.shell:Creating environment descriptor '/home/ari/ros-tut/install/ros_tut/share/ros_tut/hook/cmake_prefix_path.dsv'
[28.087s] INFO:colcon.colcon_core.shell:Creating environment hook '/home/ari/ros-tut/install/ros_tut/share/ros_tut/hook/cmake_prefix_path.sh'
[28.091s] Level 1:colcon.colcon_core.environment:checking '/home/ari/ros-tut/install/ros_tut/lib'
[28.091s] Level 1:colcon.colcon_core.shell:create_environment_hook('ros_tut', 'ld_library_path_lib')
[28.095s] INFO:colcon.colcon_core.shell:Creating environment hook '/home/ari/ros-tut/install/ros_tut/share/ros_tut/hook/ld_library_path_lib.ps1'
[28.095s] INFO:colcon.colcon_core.shell:Creating environment descriptor '/home/ari/ros-tut/install/ros_tut/share/ros_tut/hook/ld_library_path_lib.dsv'
[28.096s] INFO:colcon.colcon_core.shell:Creating environment hook '/home/ari/ros-tut/install/ros_tut/share/ros_tut/hook/ld_library_path_lib.sh'
[28.096s] Level 1:colcon.colcon_core.environment:checking '/home/ari/ros-tut/install/ros_tut/bin'
[28.096s] Level 1:colcon.colcon_core.environment:checking '/home/ari/ros-tut/install/ros_tut/lib/pkgconfig/ros_tut.pc'
[28.100s] Level 1:colcon.colcon_core.environment:checking '/home/ari/ros-tut/install/ros_tut/lib/python3.8/site-packages'
[28.100s] Level 1:colcon.colcon_core.shell:create_environment_hook('ros_tut', 'pythonpath')
[28.102s] INFO:colcon.colcon_core.shell:Creating environment hook '/home/ari/ros-tut/install/ros_tut/share/ros_tut/hook/pythonpath.ps1'
[28.102s] INFO:colcon.colcon_core.shell:Creating environment descriptor '/home/ari/ros-tut/install/ros_tut/share/ros_tut/hook/pythonpath.dsv'
[28.103s] INFO:colcon.colcon_core.shell:Creating environment hook '/home/ari/ros-tut/install/ros_tut/share/ros_tut/hook/pythonpath.sh'
[28.106s] INFO:colcon.colcon_core.shell:Creating package script '/home/ari/ros-tut/install/ros_tut/share/ros_tut/package.ps1'
[28.107s] INFO:colcon.colcon_core.shell:Creating package descriptor '/home/ari/ros-tut/install/ros_tut/share/ros_tut/package.dsv'
[28.109s] INFO:colcon.colcon_core.shell:Creating package script '/home/ari/ros-tut/install/ros_tut/share/ros_tut/package.sh'
[28.110s] INFO:colcon.colcon_core.shell:Creating package script '/home/ari/ros-tut/install/ros_tut/share/ros_tut/package.bash'
[28.112s] INFO:colcon.colcon_core.shell:Creating package script '/home/ari/ros-tut/install/ros_tut/share/ros_tut/package.zsh'
[28.115s] Level 1:colcon.colcon_core.environment:create_file_with_runtime_dependencies(/home/ari/ros-tut/install/ros_tut/share/colcon-core/packages/ros_tut)
[28.133s] DEBUG:colcon.colcon_parallel_executor.executor.parallel:closing loop
[28.133s] DEBUG:colcon.colcon_parallel_executor.executor.parallel:loop closed
[28.133s] DEBUG:colcon.colcon_parallel_executor.executor.parallel:run_until_complete finished with '2'
[28.133s] DEBUG:colcon.colcon_core.event_reactor:joining thread
[28.213s] INFO:colcon.colcon_core.plugin_system:Skipping extension 'colcon_notification.desktop_notification.terminal_notifier': Not used on non-Darwin systems
[28.213s] INFO:colcon.colcon_core.plugin_system:Skipping extension 'colcon_notification.desktop_notification.win32': Not used on non-Windows systems
[28.218s] INFO:colcon.colcon_notification.desktop_notification:Sending desktop notification using 'notify2'
[28.555s] DEBUG:colcon.colcon_core.event_reactor:joined thread
[28.584s] INFO:colcon.colcon_core.shell:Creating prefix script '/home/ari/ros-tut/install/local_setup.ps1'
[28.588s] INFO:colcon.colcon_core.shell:Creating prefix util module '/home/ari/ros-tut/install/_local_setup_util_ps1.py'
[28.592s] INFO:colcon.colcon_core.shell:Creating prefix chain script '/home/ari/ros-tut/install/setup.ps1'
[28.598s] INFO:colcon.colcon_core.shell:Creating prefix script '/home/ari/ros-tut/install/local_setup.sh'
[28.602s] INFO:colcon.colcon_core.shell:Creating prefix util module '/home/ari/ros-tut/install/_local_setup_util_sh.py'
[28.603s] INFO:colcon.colcon_core.shell:Creating prefix chain script '/home/ari/ros-tut/install/setup.sh'
[28.606s] INFO:colcon.colcon_core.shell:Creating prefix script '/home/ari/ros-tut/install/local_setup.bash'
[28.620s] INFO:colcon.colcon_core.shell:Creating prefix chain script '/home/ari/ros-tut/install/setup.bash'
[28.624s] INFO:colcon.colcon_core.shell:Creating prefix script '/home/ari/ros-tut/install/local_setup.zsh'
[28.624s] INFO:colcon.colcon_core.shell:Creating prefix chain script '/home/ari/ros-tut/install/setup.zsh'
