[0.205s] Invoking command in '/home/ari/ros-tut/build/ros_tut': CMAKE_PREFIX_PATH=/opt/ros/foxy /usr/bin/cmake --build /home/ari/ros-tut/build/ros_tut -- -j8 -l8
[0.381s] [35m[1mScanning dependencies of target clear[0m
[0.429s] [35m[1mScanning dependencies of target kill_turtles[0m
[0.479s] [  1%] Built target ros_tut__cpp
[0.595s] [  6%] [32mBuilding CXX object CMakeFiles/clear.dir/src/clear_turtles.cpp.o[0m
[0.595s] [  8%] [32mBuilding CXX object CMakeFiles/kill_turtles.dir/src/clear_turtles.cpp.o[0m
[0.597s] [  4%] Built target talker
[0.603s] [ 11%] Built target listener
[0.607s] [ 14%] Built target my_node
[0.627s] [ 26%] Built target ros_tut__rosidl_generator_c
[0.627s] [ 26%] Built target server
[0.663s] [ 29%] Built target client
[0.690s] [ 37%] Built target ros_tut__rosidl_typesupport_introspection_cpp
[0.701s] [ 45%] Built target ros_tut__rosidl_typesupport_cpp
[0.708s] [ 62%] Built target ros_tut__rosidl_typesupport_fastrtps_cpp
[0.708s] [ 62%] Built target ros_tut__rosidl_typesupport_c
[0.713s] [ 70%] Built target ros_tut__rosidl_typesupport_introspection_c
[0.752s] [ 78%] Built target ros_tut__rosidl_typesupport_fastrtps_c
[0.785s] [ 78%] Built target ros_tut
[0.827s] [ 80%] Built target ros_tut__py
[0.903s] [ 86%] Built target ros_tut__python
[0.951s] [ 93%] Built target ros_tut__rosidl_typesupport_introspection_c__pyext
[0.951s] [ 93%] Built target ros_tut__rosidl_typesupport_fastrtps_c__pyext
[0.967s] [ 96%] Built target ros_tut__rosidl_typesupport_c__pyext
[9.299s] In file included from [01m[K/opt/ros/foxy/include/class_loader/class_loader.hpp:56[m[K,
[9.303s]                  from [01m[K/opt/ros/foxy/include/rclcpp_components/register_node_macro.hpp:18[m[K,
[9.303s]                  from [01m[K/home/ari/ros-tut/src/clear_turtles.cpp:71[m[K:
[9.305s] [01m[K/home/ari/ros-tut/src/clear_turtles.cpp:73:1:[m[K [01;31m[Kerror: [m[Kexpected ‘[01m[K}[m[K’ at end of input
[9.305s]    73 | [01;31m[KRCLCPP_COMPONENTS_REGISTER_NODE[m[K(composition::kill_turtles) //what is this??
[9.305s]       | [01;31m[K^~~~~~~~~~~~~~~~~~~~~~~~~~~~~~~[m[K
[9.305s] [01m[K/home/ari/ros-tut/src/clear_turtles.cpp:21:23:[m[K [01;36m[Knote: [m[Kto match this ‘[01m[K{[m[K’
[9.305s]    21 | namespace composition [01;36m[K{[m[K
[9.306s]       |                       [01;36m[K^[m[K
[9.411s] In file included from [01m[K/opt/ros/foxy/include/class_loader/class_loader.hpp:56[m[K,
[9.411s]                  from [01m[K/opt/ros/foxy/include/rclcpp_components/register_node_macro.hpp:18[m[K,
[9.411s]                  from [01m[K/home/ari/ros-tut/src/clear_turtles.cpp:71[m[K:
[9.411s] [01m[K/home/ari/ros-tut/src/clear_turtles.cpp:73:1:[m[K [01;31m[Kerror: [m[Kexpected ‘[01m[K}[m[K’ at end of input
[9.411s]    73 | [01;31m[KRCLCPP_COMPONENTS_REGISTER_NODE[m[K(composition::kill_turtles) //what is this??
[9.411s]       | [01;31m[K^~~~~~~~~~~~~~~~~~~~~~~~~~~~~~~[m[K
[9.412s] [01m[K/home/ari/ros-tut/src/clear_turtles.cpp:21:23:[m[K [01;36m[Knote: [m[Kto match this ‘[01m[K{[m[K’
[9.412s]    21 | namespace composition [01;36m[K{[m[K
[9.412s]       |                       [01;36m[K^[m[K
[11.437s] make[2]: *** [CMakeFiles/kill_turtles.dir/build.make:63: CMakeFiles/kill_turtles.dir/src/clear_turtles.cpp.o] Error 1
[11.440s] make[1]: *** [CMakeFiles/Makefile2:412: CMakeFiles/kill_turtles.dir/all] Error 2
[11.440s] make[1]: *** Waiting for unfinished jobs....
[11.522s] make[2]: *** [CMakeFiles/clear.dir/build.make:63: CMakeFiles/clear.dir/src/clear_turtles.cpp.o] Error 1
[11.526s] make[1]: *** [CMakeFiles/Makefile2:243: CMakeFiles/clear.dir/all] Error 2
[11.529s] make: *** [Makefile:141: all] Error 2
[11.641s] Invoked command in '/home/ari/ros-tut/build/ros_tut' returned '2': CMAKE_PREFIX_PATH=/opt/ros/foxy /usr/bin/cmake --build /home/ari/ros-tut/build/ros_tut -- -j8 -l8
