[  3%] Built target my_node
[  7%] Built target listener
[ 11%] Built target server
[ 13%] Built target ros_tut__cpp
[ 17%] Built target talker
[ 21%] Built target client
[35m[1mScanning dependencies of target clear[0m
[ 29%] Built target ros_tut__rosidl_generator_c
[ 37%] Built target ros_tut__rosidl_typesupport_introspection_cpp
[ 39%] [32mBuilding CXX object CMakeFiles/clear.dir/src/clear_turtles.cpp.o[0m
[ 47%] Built target ros_tut__rosidl_typesupport_fastrtps_cpp
[ 60%] Built target ros_tut__rosidl_typesupport_c
[ 62%] Built target ros_tut__rosidl_typesupport_cpp
[ 70%] Built target ros_tut__rosidl_typesupport_introspection_c
[ 78%] Built target ros_tut__rosidl_typesupport_fastrtps_c
[ 78%] Built target ros_tut
[01m[K/home/ari/ros-tut/src/clear_turtles.cpp:5:10:[m[K [01;31m[Kfatal error: [m[Kstd_srvs: No such file or directory
    5 | #include [01;31m[K"std_srvs"[m[K
      |          [01;31m[K^~~~~~~~~~[m[K
compilation terminated.
make[2]: *** [CMakeFiles/clear.dir/build.make:63: CMakeFiles/clear.dir/src/clear_turtles.cpp.o] Error 1
make[1]: *** [CMakeFiles/Makefile2:592: CMakeFiles/clear.dir/all] Error 2
make[1]: *** Waiting for unfinished jobs....
[ 80%] Built target ros_tut__py
make: *** [Makefile:141: all] Error 2
