[0.020s] Invoking command in '/home/ari/ros-tut/build/ros_tut': CMAKE_PREFIX_PATH=${CMAKE_PREFIX_PATH}:/opt/ros/foxy /usr/bin/cmake --build /home/ari/ros-tut/build/ros_tut -- -j8 -l8
[0.085s] [  3%] Built target my_node
[0.095s] [  7%] Built target listener
[0.095s] [ 11%] Built target server
[0.096s] [ 13%] Built target ros_tut__cpp
[0.101s] [ 17%] Built target talker
[0.102s] [ 21%] Built target client
[0.103s] [35m[1mScanning dependencies of target clear[0m
[0.110s] [ 29%] Built target ros_tut__rosidl_generator_c
[0.121s] [ 37%] Built target ros_tut__rosidl_typesupport_introspection_cpp
[0.128s] [ 39%] [32mBuilding CXX object CMakeFiles/clear.dir/src/clear_turtles.cpp.o[0m
[0.128s] [ 47%] Built target ros_tut__rosidl_typesupport_fastrtps_cpp
[0.133s] [ 60%] Built target ros_tut__rosidl_typesupport_c
[0.133s] [ 62%] Built target ros_tut__rosidl_typesupport_cpp
[0.139s] [ 70%] Built target ros_tut__rosidl_typesupport_introspection_c
[0.155s] [ 78%] Built target ros_tut__rosidl_typesupport_fastrtps_c
[0.169s] [ 78%] Built target ros_tut
[0.176s] [01m[K/home/ari/ros-tut/src/clear_turtles.cpp:5:10:[m[K [01;31m[Kfatal error: [m[Kstd_srvs: No such file or directory
[0.176s]     5 | #include [01;31m[K"std_srvs"[m[K
[0.176s]       |          [01;31m[K^~~~~~~~~~[m[K
[0.176s] compilation terminated.
[0.178s] make[2]: *** [CMakeFiles/clear.dir/build.make:63: CMakeFiles/clear.dir/src/clear_turtles.cpp.o] Error 1
[0.178s] make[1]: *** [CMakeFiles/Makefile2:592: CMakeFiles/clear.dir/all] Error 2
[0.178s] make[1]: *** Waiting for unfinished jobs....
[0.184s] [ 80%] Built target ros_tut__py
[0.185s] make: *** [Makefile:141: all] Error 2
[0.187s] Invoked command in '/home/ari/ros-tut/build/ros_tut' returned '2': CMAKE_PREFIX_PATH=${CMAKE_PREFIX_PATH}:/opt/ros/foxy /usr/bin/cmake --build /home/ari/ros-tut/build/ros_tut -- -j8 -l8
