[0.019s] Invoking command in '/home/ari/ros-tut/build/ros-tut': CMAKE_PREFIX_PATH=${CMAKE_PREFIX_PATH}:/opt/ros/foxy /usr/bin/cmake --build /home/ari/ros-tut/build/ros-tut -- -j8 -l8
[0.081s] -- Found ament_cmake: 0.9.8 (/opt/ros/foxy/share/ament_cmake/cmake)
[0.097s] -- Found PythonInterp: /usr/bin/python3 (found suitable version "3.8.5", minimum required is "3") 
[0.097s] -- Using PYTHON_EXECUTABLE: /usr/bin/python3
[0.204s] -- Found rclcpp: 2.3.1 (/opt/ros/foxy/share/rclcpp/cmake)
[0.245s] -- Using all available rosidl_typesupport_c: rosidl_typesupport_fastrtps_c;rosidl_typesupport_introspection_c
[0.249s] -- Found rosidl_adapter: 1.2.1 (/opt/ros/foxy/share/rosidl_adapter/cmake)
[0.373s] -- Using all available rosidl_typesupport_cpp: rosidl_typesupport_fastrtps_cpp;rosidl_typesupport_introspection_cpp
[0.416s] -- Found rmw_implementation_cmake: 1.0.3 (/opt/ros/foxy/share/rmw_implementation_cmake/cmake)
[0.418s] -- Using RMW implementation 'rmw_fastrtps_cpp' as default
[0.531s] -- Found example_interfaces: 0.9.1 (/opt/ros/foxy/share/example_interfaces/cmake)
[0.614s] -- Found rosidl_default_generators: 1.0.1 (/opt/ros/foxy/share/rosidl_default_generators/cmake)
[0.636s] -- Found PythonInterp: /usr/bin/python3 (found version "3.8.5") 
[0.759s] CMake Error at /opt/ros/foxy/share/rosidl_adapter/cmake/rosidl_adapt_interfaces.cmake:60 (message):
[0.759s]   execute_process(/usr/bin/python3 -m rosidl_adapter --package-name ros-tut
[0.759s]   --arguments-file
[0.759s]   /home/ari/ros-tut/build/ros-tut/rosidl_adapter__arguments__ros-tut.json
[0.759s]   --output-dir /home/ari/ros-tut/build/ros-tut/rosidl_adapter/ros-tut
[0.759s]   --output-file /home/ari/ros-tut/build/ros-tut/rosidl_adapter/ros-tut.idls)
[0.759s]   returned error code 1:
[0.759s] 
[0.759s]   Traceback (most recent call last):
[0.759s] 
[0.759s]     File "/usr/lib/python3.8/runpy.py", line 194, in _run_module_as_main
[0.759s]       return _run_code(code, main_globals, None,
[0.759s]     File "/usr/lib/python3.8/runpy.py", line 87, in _run_code
[0.759s]       exec(code, run_globals)
[0.759s]     File "/opt/ros/foxy/lib/python3.8/site-packages/rosidl_adapter/__main__.py", line 19, in <module>
[0.759s]       sys.exit(main())
[0.759s]     File "/opt/ros/foxy/lib/python3.8/site-packages/rosidl_adapter/main.py", line 53, in main
[0.759s]       abs_idl_file = convert_to_idl(
[0.759s]     File "/opt/ros/foxy/lib/python3.8/site-packages/rosidl_adapter/__init__.py", line 19, in convert_to_idl
[0.759s]       return convert_msg_to_idl(
[0.759s]     File "/opt/ros/foxy/lib/python3.8/site-packages/rosidl_adapter/msg/__init__.py", line 28, in convert_msg_to_idl
[0.759s]       msg = parse_message_string(package_name, input_file.stem, content)
[0.759s]     File "/opt/ros/foxy/lib/python3.8/site-packages/rosidl_adapter/parser.py", line 540, in parse_message_string
[0.759s]       msg = MessageSpecification(pkg_name, msg_name, fields, constants)
[0.759s]     File "/opt/ros/foxy/lib/python3.8/site-packages/rosidl_adapter/parser.py", line 387, in __init__
[0.759s]       self.base_type = BaseType(
[0.759s]     File "/opt/ros/foxy/lib/python3.8/site-packages/rosidl_adapter/parser.py", line 200, in __init__
[0.760s]       raise InvalidResourceName(
[0.760s] 
[0.760s]   rosidl_adapter.parser.InvalidResourceName: 'ros-tut' is an invalid package
[0.760s]   name.  It should have the pattern '^(?!.*__)(?!.*_$)[a-z][a-z0-9_]*$'
[0.760s] 
[0.760s] Call Stack (most recent call first):
[0.760s]   /opt/ros/foxy/share/rosidl_cmake/cmake/rosidl_generate_interfaces.cmake:130 (rosidl_adapt_interfaces)
[0.760s]   CMakeLists.txt:25 (rosidl_generate_interfaces)
[0.760s] 
[0.760s] 
[0.760s] -- Configuring incomplete, errors occurred!
[0.760s] See also "/home/ari/ros-tut/build/ros-tut/CMakeFiles/CMakeOutput.log".
[0.760s] See also "/home/ari/ros-tut/build/ros-tut/CMakeFiles/CMakeError.log".
[0.766s] make: *** [Makefile:442: cmake_check_build_system] Error 1
[0.771s] Invoked command in '/home/ari/ros-tut/build/ros-tut' returned '2': CMAKE_PREFIX_PATH=${CMAKE_PREFIX_PATH}:/opt/ros/foxy /usr/bin/cmake --build /home/ari/ros-tut/build/ros-tut -- -j8 -l8
