[0.019s] Invoking command in '/home/ari/ros-tut/build/ros_tut': CMAKE_PREFIX_PATH=${CMAKE_PREFIX_PATH}:/opt/ros/foxy /usr/bin/cmake /home/ari/ros-tut -DCMAKE_INSTALL_PREFIX=/home/ari/ros-tut/install/ros_tut
[0.224s] -- The C compiler identification is GNU 9.3.0
[0.427s] -- The CXX compiler identification is GNU 9.3.0
[0.435s] -- Check for working C compiler: /usr/bin/cc
[0.503s] -- Check for working C compiler: /usr/bin/cc -- works
[0.505s] -- Detecting C compiler ABI info
[0.558s] -- Detecting C compiler ABI info - done
[0.566s] -- Detecting C compile features
[0.567s] -- Detecting C compile features - done
[0.569s] -- Check for working CXX compiler: /usr/bin/c++
[0.625s] -- Check for working CXX compiler: /usr/bin/c++ -- works
[0.628s] -- Detecting CXX compiler ABI info
[0.681s] -- Detecting CXX compiler ABI info - done
[0.688s] -- Detecting CXX compile features
[0.689s] -- Detecting CXX compile features - done
[0.696s] -- Found ament_cmake: 0.9.8 (/opt/ros/foxy/share/ament_cmake/cmake)
[0.715s] -- Found PythonInterp: /usr/bin/python3 (found suitable version "3.8.5", minimum required is "3") 
[0.715s] -- Using PYTHON_EXECUTABLE: /usr/bin/python3
[0.847s] -- Found rclcpp: 2.3.1 (/opt/ros/foxy/share/rclcpp/cmake)
[0.902s] -- Using all available rosidl_typesupport_c: rosidl_typesupport_fastrtps_c;rosidl_typesupport_introspection_c
[0.912s] -- Found rosidl_adapter: 1.2.1 (/opt/ros/foxy/share/rosidl_adapter/cmake)
[0.992s] -- Found OpenSSL: /usr/lib/aarch64-linux-gnu/libcrypto.so (found version "1.1.1f")  
[1.024s] -- Found FastRTPS: /opt/ros/foxy/include  
[1.106s] -- Using all available rosidl_typesupport_cpp: rosidl_typesupport_fastrtps_cpp;rosidl_typesupport_introspection_cpp
[1.157s] -- Found rmw_implementation_cmake: 1.0.3 (/opt/ros/foxy/share/rmw_implementation_cmake/cmake)
[1.159s] -- Using RMW implementation 'rmw_fastrtps_cpp' as default
[1.159s] -- Looking for pthread.h
[1.222s] -- Looking for pthread.h - found
[1.223s] -- Performing Test CMAKE_HAVE_LIBC_PTHREAD
[1.279s] -- Performing Test CMAKE_HAVE_LIBC_PTHREAD - Failed
[1.279s] -- Looking for pthread_create in pthreads
[1.328s] -- Looking for pthread_create in pthreads - not found
[1.328s] -- Looking for pthread_create in pthread
[1.373s] -- Looking for pthread_create in pthread - found
[1.374s] -- Found Threads: TRUE  
[1.501s] -- Found turtlesim: 1.2.5 (/opt/ros/foxy/share/turtlesim/cmake)
[1.596s] -- Found rclcpp_components: 2.3.1 (/opt/ros/foxy/share/rclcpp_components/cmake)
[1.655s] -- Found rclcpp_action: 2.3.1 (/opt/ros/foxy/share/rclcpp_action/cmake)
[1.681s] -- Found geometry_msgs: 2.0.4 (/opt/ros/foxy/share/geometry_msgs/cmake)
[1.712s] -- Found rosidl_default_generators: 1.0.1 (/opt/ros/foxy/share/rosidl_default_generators/cmake)
[1.740s] -- Found PythonInterp: /usr/bin/python3 (found version "3.8.5") 
[1.844s] -- Found ament_cmake_ros: 0.9.2 (/opt/ros/foxy/share/ament_cmake_ros/cmake)
[1.965s] -- Using all available rosidl_typesupport_c: rosidl_typesupport_fastrtps_c;rosidl_typesupport_introspection_c
[1.970s] -- Using all available rosidl_typesupport_cpp: rosidl_typesupport_fastrtps_cpp;rosidl_typesupport_introspection_cpp
[1.986s] -- Found PythonInterp: /usr/bin/python3 (found suitable version "3.8.5", minimum required is "3.5") 
[1.988s] -- Found python_cmake_module: 0.8.1 (/opt/ros/foxy/share/python_cmake_module/cmake)
[2.005s] -- Found PythonLibs: /usr/lib/aarch64-linux-gnu/libpython3.8.so (found suitable version "3.8.5", minimum required is "3.5") 
[2.005s] -- Using PYTHON_EXECUTABLE: /usr/bin/python3
[2.005s] -- Using PYTHON_INCLUDE_DIRS: /usr/include/python3.8
[2.005s] -- Using PYTHON_LIBRARIES: /usr/lib/aarch64-linux-gnu/libpython3.8.so
[2.018s] -- Found PythonExtra: .so  
[2.047s] -- Found ament_lint_auto: 0.9.6 (/opt/ros/foxy/share/ament_lint_auto/cmake)
[2.070s] -- Added test 'copyright' to check source files copyright and LICENSE
[2.199s] -- Added test 'cppcheck' to perform static code analysis on C / C++ code
[2.201s] -- Configured cppcheck include dirs: /home/ari/ros-tut/include;$<BUILD_INTERFACE:/home/ari/ros-tut/build/ros_tut/rosidl_generator_c>;/home/ari/ros-tut/build/ros_tut/rosidl_generator_c;/home/ari/ros-tut/build/ros_tut/rosidl_generator_cpp;/home/ari/ros-tut/build/ros_tut/rosidl_typesupport_fastrtps_c;/home/ari/ros-tut/build/ros_tut/rosidl_typesupport_fastrtps_cpp;$<BUILD_INTERFACE:/home/ari/ros-tut/build/ros_tut/rosidl_typesupport_introspection_c>;$<BUILD_INTERFACE:/home/ari/ros-tut/build/ros_tut/rosidl_typesupport_c>;$<BUILD_INTERFACE:/home/ari/ros-tut/build/ros_tut/rosidl_generator_cpp>;/home/ari/ros-tut/build/ros_tut/rosidl_generator_py
[2.201s] -- Configured cppcheck exclude dirs and/or files: 
[2.278s] -- Added test 'cpplint' to check C / C++ code against the Google style
[2.278s] -- Configured cpplint exclude dirs and/or files: 
[2.288s] -- Added test 'flake8' to check Python code syntax and style conventions
[2.306s] -- Added test 'lint_cmake' to check CMake code style
[2.315s] -- Added test 'pep257' to check Python code against some of the style conventions in PEP 257
[2.388s] -- Added test 'uncrustify' to check C / C++ code style
[2.388s] -- Configured uncrustify additional arguments: 
[2.398s] -- Added test 'xmllint' to check XML markup files
[2.404s] -- Configuring done
[2.447s] -- Generating done
[2.450s] -- Build files have been written to: /home/ari/ros-tut/build/ros_tut
[2.459s] Invoked command in '/home/ari/ros-tut/build/ros_tut' returned '0': CMAKE_PREFIX_PATH=${CMAKE_PREFIX_PATH}:/opt/ros/foxy /usr/bin/cmake /home/ari/ros-tut -DCMAKE_INSTALL_PREFIX=/home/ari/ros-tut/install/ros_tut
[2.460s] Invoking command in '/home/ari/ros-tut/build/ros_tut': CMAKE_PREFIX_PATH=${CMAKE_PREFIX_PATH}:/opt/ros/foxy /usr/bin/cmake --build /home/ari/ros-tut/build/ros_tut -- -j8 -l8
[2.495s] [35m[1mScanning dependencies of target ros_tut__cpp[0m
[2.501s] [35m[1mScanning dependencies of target kill_turtles[0m
[2.516s] [  2%] [34m[1mGenerating C code for ROS interfaces[0m
[2.522s] [  4%] [34m[1mGenerating C++ code for ROS interfaces[0m
[2.658s] [  6%] [32mBuilding CXX object CMakeFiles/kill_turtles.dir/src/clear_turtles.cpp.o[0m
[2.848s] [  6%] Built target ros_tut__cpp
[2.851s] [35m[1mScanning dependencies of target ros_tut__rosidl_generator_c[0m
[2.857s] [  8%] [34m[1mGenerating C++ introspection for ROS interfaces[0m
[2.864s] [ 10%] [34m[1mGenerating C++ type support dispatch for ROS interfaces[0m
[2.866s] [ 12%] [32mBuilding C object CMakeFiles/ros_tut__rosidl_generator_c.dir/rosidl_generator_c/ros_tut/srv/detail/add_three_ints__functions.c.o[0m
[2.870s] [ 14%] [32mBuilding C object CMakeFiles/ros_tut__rosidl_generator_c.dir/rosidl_generator_c/ros_tut/msg/detail/num__functions.c.o[0m
[2.871s] [ 16%] [34m[1mGenerating C++ type support for eProsima Fast-RTPS[0m
[2.877s] [ 18%] [32mBuilding C object CMakeFiles/ros_tut__rosidl_generator_c.dir/rosidl_generator_c/ros_tut/srv/detail/success__functions.c.o[0m
[3.279s] [ 20%] [32m[1mLinking C shared library libros_tut__rosidl_generator_c.so[0m
[3.289s] [35m[1mScanning dependencies of target ros_tut__rosidl_typesupport_introspection_cpp[0m
[3.320s] [ 22%] [32mBuilding CXX object CMakeFiles/ros_tut__rosidl_typesupport_introspection_cpp.dir/rosidl_typesupport_introspection_cpp/ros_tut/srv/detail/success__type_support.cpp.o[0m
[3.324s] [ 24%] [32mBuilding CXX object CMakeFiles/ros_tut__rosidl_typesupport_introspection_cpp.dir/rosidl_typesupport_introspection_cpp/ros_tut/srv/detail/add_three_ints__type_support.cpp.o[0m
[3.329s] [ 26%] [32mBuilding CXX object CMakeFiles/ros_tut__rosidl_typesupport_introspection_cpp.dir/rosidl_typesupport_introspection_cpp/ros_tut/msg/detail/num__type_support.cpp.o[0m
[3.339s] [ 26%] Built target ros_tut__rosidl_generator_c
[3.349s] [35m[1mScanning dependencies of target ros_tut__rosidl_typesupport_cpp[0m
[3.369s] [ 28%] [32mBuilding CXX object CMakeFiles/ros_tut__rosidl_typesupport_cpp.dir/rosidl_typesupport_cpp/ros_tut/msg/num__type_support.cpp.o[0m
[3.404s] [ 30%] [34m[1mGenerating C introspection for ROS interfaces[0m
[3.499s] [ 32%] [34m[1mGenerating C type support dispatch for ROS interfaces[0m
[3.843s] [35m[1mScanning dependencies of target ros_tut__rosidl_typesupport_fastrtps_cpp[0m
[4.423s] [ 34%] [32mBuilding CXX object CMakeFiles/ros_tut__rosidl_typesupport_fastrtps_cpp.dir/rosidl_typesupport_fastrtps_cpp/ros_tut/msg/detail/dds_fastrtps/num__type_support.cpp.o[0m
[5.247s] [35m[1mScanning dependencies of target ros_tut__rosidl_typesupport_c[0m
[5.438s] [ 36%] [32mBuilding CXX object CMakeFiles/ros_tut__rosidl_typesupport_c.dir/rosidl_typesupport_c/ros_tut/msg/num__type_support.cpp.o[0m
[5.519s] [35m[1mScanning dependencies of target ros_tut__rosidl_typesupport_introspection_c[0m
[5.655s] [ 38%] [32mBuilding C object CMakeFiles/ros_tut__rosidl_typesupport_introspection_c.dir/rosidl_typesupport_introspection_c/ros_tut/msg/detail/num__type_support.c.o[0m
[5.692s] [ 40%] [32m[1mLinking CXX shared library libros_tut__rosidl_typesupport_introspection_cpp.so[0m
[5.706s] [ 42%] [32mBuilding CXX object CMakeFiles/ros_tut__rosidl_typesupport_fastrtps_cpp.dir/rosidl_typesupport_fastrtps_cpp/ros_tut/srv/detail/dds_fastrtps/add_three_ints__type_support.cpp.o[0m
[5.712s] [ 44%] [32mBuilding CXX object CMakeFiles/ros_tut__rosidl_typesupport_c.dir/rosidl_typesupport_c/ros_tut/srv/add_three_ints__type_support.cpp.o[0m
[5.735s] [ 46%] [32mBuilding C object CMakeFiles/ros_tut__rosidl_typesupport_introspection_c.dir/rosidl_typesupport_introspection_c/ros_tut/srv/detail/add_three_ints__type_support.c.o[0m
[5.752s] [ 48%] [32mBuilding CXX object CMakeFiles/ros_tut__rosidl_typesupport_cpp.dir/rosidl_typesupport_cpp/ros_tut/srv/add_three_ints__type_support.cpp.o[0m
[5.854s] [ 48%] Built target ros_tut__rosidl_typesupport_introspection_cpp
[5.864s] [ 51%] [32mBuilding C object CMakeFiles/ros_tut__rosidl_typesupport_introspection_c.dir/rosidl_typesupport_introspection_c/ros_tut/srv/detail/success__type_support.c.o[0m
[5.892s] [ 53%] [32mBuilding CXX object CMakeFiles/ros_tut__rosidl_typesupport_cpp.dir/rosidl_typesupport_cpp/ros_tut/srv/success__type_support.cpp.o[0m
[5.926s] [ 55%] [32mBuilding CXX object CMakeFiles/ros_tut__rosidl_typesupport_fastrtps_cpp.dir/rosidl_typesupport_fastrtps_cpp/ros_tut/srv/detail/dds_fastrtps/success__type_support.cpp.o[0m
[5.987s] [ 57%] [32mBuilding CXX object CMakeFiles/ros_tut__rosidl_typesupport_c.dir/rosidl_typesupport_c/ros_tut/srv/success__type_support.cpp.o[0m
[5.996s] [ 59%] [32m[1mLinking C shared library libros_tut__rosidl_typesupport_introspection_c.so[0m
[6.190s] [ 61%] [32m[1mLinking CXX shared library libros_tut__rosidl_typesupport_c.so[0m
[6.194s] [ 61%] Built target ros_tut__rosidl_typesupport_introspection_c
[6.383s] [ 61%] Built target ros_tut__rosidl_typesupport_c
[6.459s] [ 63%] [32m[1mLinking CXX shared library libros_tut__rosidl_typesupport_cpp.so[0m
[6.527s] [ 63%] Built target ros_tut__rosidl_typesupport_cpp
[6.576s] [ 65%] [32m[1mLinking CXX shared library libros_tut__rosidl_typesupport_fastrtps_cpp.so[0m
[6.660s] [ 65%] Built target ros_tut__rosidl_typesupport_fastrtps_cpp
[6.675s] [ 67%] [34m[1mGenerating C type support for eProsima Fast-RTPS[0m
[6.921s] [35m[1mScanning dependencies of target ros_tut__rosidl_typesupport_fastrtps_c[0m
[6.956s] [ 69%] [32mBuilding CXX object CMakeFiles/ros_tut__rosidl_typesupport_fastrtps_c.dir/rosidl_typesupport_fastrtps_c/ros_tut/srv/detail/add_three_ints__type_support_c.cpp.o[0m
[6.956s] [ 71%] [32mBuilding CXX object CMakeFiles/ros_tut__rosidl_typesupport_fastrtps_c.dir/rosidl_typesupport_fastrtps_c/ros_tut/msg/detail/num__type_support_c.cpp.o[0m
[6.965s] [ 73%] [32mBuilding CXX object CMakeFiles/ros_tut__rosidl_typesupport_fastrtps_c.dir/rosidl_typesupport_fastrtps_c/ros_tut/srv/detail/success__type_support_c.cpp.o[0m
[8.479s] [ 75%] [32m[1mLinking CXX shared library libros_tut__rosidl_typesupport_fastrtps_c.so[0m
[8.637s] [ 75%] Built target ros_tut__rosidl_typesupport_fastrtps_c
[8.680s] [35m[1mScanning dependencies of target ros_tut[0m
[8.702s] [ 75%] Built target ros_tut
[8.713s] [35m[1mScanning dependencies of target ros_tut__py[0m
[8.729s] [ 77%] [34m[1mGenerating Python code for ROS interfaces[0m
[9.916s] [ 77%] Built target ros_tut__py
[9.931s] [35m[1mScanning dependencies of target ros_tut__python[0m
[10.003s] [ 79%] [32mBuilding C object CMakeFiles/ros_tut__python.dir/rosidl_generator_py/ros_tut/msg/_num_s.c.o[0m
[10.016s] [ 81%] [32mBuilding C object CMakeFiles/ros_tut__python.dir/rosidl_generator_py/ros_tut/srv/_add_three_ints_s.c.o[0m
[10.045s] [ 83%] [32mBuilding C object CMakeFiles/ros_tut__python.dir/rosidl_generator_py/ros_tut/srv/_success_s.c.o[0m
[10.333s] [ 85%] [32m[1mLinking C shared library rosidl_generator_py/ros_tut/libros_tut__python.so[0m
[10.394s] [ 85%] Built target ros_tut__python
[10.415s] [35m[1mScanning dependencies of target ros_tut__rosidl_typesupport_c__pyext[0m
[10.419s] [35m[1mScanning dependencies of target ros_tut__rosidl_typesupport_fastrtps_c__pyext[0m
[10.454s] [35m[1mScanning dependencies of target ros_tut__rosidl_typesupport_introspection_c__pyext[0m
[10.473s] [ 87%] [32mBuilding C object CMakeFiles/ros_tut__rosidl_typesupport_c__pyext.dir/rosidl_generator_py/ros_tut/_ros_tut_s.ep.rosidl_typesupport_c.c.o[0m
[10.485s] [ 89%] [32mBuilding C object CMakeFiles/ros_tut__rosidl_typesupport_fastrtps_c__pyext.dir/rosidl_generator_py/ros_tut/_ros_tut_s.ep.rosidl_typesupport_fastrtps_c.c.o[0m
[10.533s] [ 91%] [32mBuilding C object CMakeFiles/ros_tut__rosidl_typesupport_introspection_c__pyext.dir/rosidl_generator_py/ros_tut/_ros_tut_s.ep.rosidl_typesupport_introspection_c.c.o[0m
[10.742s] [ 93%] [32m[1mLinking CXX shared library rosidl_generator_py/ros_tut/ros_tut_s__rosidl_typesupport_fastrtps_c.cpython-38-aarch64-linux-gnu.so[0m
[10.743s] [ 95%] [32m[1mLinking C shared library rosidl_generator_py/ros_tut/ros_tut_s__rosidl_typesupport_introspection_c.cpython-38-aarch64-linux-gnu.so[0m
[10.760s] [ 97%] [32m[1mLinking C shared library rosidl_generator_py/ros_tut/ros_tut_s__rosidl_typesupport_c.cpython-38-aarch64-linux-gnu.so[0m
[10.837s] [ 97%] Built target ros_tut__rosidl_typesupport_introspection_c__pyext
[10.868s] [ 97%] Built target ros_tut__rosidl_typesupport_fastrtps_c__pyext
[10.869s] [ 97%] Built target ros_tut__rosidl_typesupport_c__pyext
[12.311s] [100%] [32m[1mLinking CXX shared library libkill_turtles.so[0m
[12.488s] [100%] Built target kill_turtles
[12.534s] Invoked command in '/home/ari/ros-tut/build/ros_tut' returned '0': CMAKE_PREFIX_PATH=${CMAKE_PREFIX_PATH}:/opt/ros/foxy /usr/bin/cmake --build /home/ari/ros-tut/build/ros_tut -- -j8 -l8
[12.708s] Invoking command in '/home/ari/ros-tut/build/ros_tut': CMAKE_PREFIX_PATH=${CMAKE_PREFIX_PATH}:/opt/ros/foxy /usr/bin/cmake --install /home/ari/ros-tut/build/ros_tut
[12.725s] -- Install configuration: ""
[12.734s] -- Installing: /home/ari/ros-tut/install/ros_tut/share/ament_index/resource_index/rosidl_interfaces/ros_tut
[12.735s] -- Installing: /home/ari/ros-tut/install/ros_tut/include/ros_tut
[12.740s] -- Installing: /home/ari/ros-tut/install/ros_tut/include/ros_tut/msg
[12.740s] -- Installing: /home/ari/ros-tut/install/ros_tut/include/ros_tut/msg/detail
[12.740s] -- Installing: /home/ari/ros-tut/install/ros_tut/include/ros_tut/msg/detail/num__type_support.h
[12.740s] -- Installing: /home/ari/ros-tut/install/ros_tut/include/ros_tut/msg/detail/num__functions.c
[12.741s] -- Installing: /home/ari/ros-tut/install/ros_tut/include/ros_tut/msg/detail/num__struct.h
[12.741s] -- Installing: /home/ari/ros-tut/install/ros_tut/include/ros_tut/msg/detail/num__functions.h
[12.741s] -- Installing: /home/ari/ros-tut/install/ros_tut/include/ros_tut/msg/rosidl_generator_c__visibility_control.h
[12.741s] -- Installing: /home/ari/ros-tut/install/ros_tut/include/ros_tut/msg/num.h
[12.741s] -- Installing: /home/ari/ros-tut/install/ros_tut/include/ros_tut/srv
[12.750s] -- Installing: /home/ari/ros-tut/install/ros_tut/include/ros_tut/srv/detail
[12.751s] -- Installing: /home/ari/ros-tut/install/ros_tut/include/ros_tut/srv/detail/success__struct.h
[12.751s] -- Installing: /home/ari/ros-tut/install/ros_tut/include/ros_tut/srv/detail/success__functions.c
[12.751s] -- Installing: /home/ari/ros-tut/install/ros_tut/include/ros_tut/srv/detail/add_three_ints__type_support.h
[12.751s] -- Installing: /home/ari/ros-tut/install/ros_tut/include/ros_tut/srv/detail/success__type_support.h
[12.751s] -- Installing: /home/ari/ros-tut/install/ros_tut/include/ros_tut/srv/detail/success__functions.h
[12.752s] -- Installing: /home/ari/ros-tut/install/ros_tut/include/ros_tut/srv/detail/add_three_ints__functions.h
[12.752s] -- Installing: /home/ari/ros-tut/install/ros_tut/include/ros_tut/srv/detail/add_three_ints__functions.c
[12.752s] -- Installing: /home/ari/ros-tut/install/ros_tut/include/ros_tut/srv/detail/add_three_ints__struct.h
[12.752s] -- Installing: /home/ari/ros-tut/install/ros_tut/include/ros_tut/srv/success.h
[12.752s] -- Installing: /home/ari/ros-tut/install/ros_tut/include/ros_tut/srv/add_three_ints.h
[12.752s] -- Installing: /home/ari/ros-tut/install/ros_tut/share/ros_tut/environment/library_path.sh
[12.752s] -- Installing: /home/ari/ros-tut/install/ros_tut/share/ros_tut/environment/library_path.dsv
[12.752s] -- Installing: /home/ari/ros-tut/install/ros_tut/lib/libros_tut__rosidl_generator_c.so
[12.752s] -- Set runtime path of "/home/ari/ros-tut/install/ros_tut/lib/libros_tut__rosidl_generator_c.so" to ""
[12.753s] -- Up-to-date: /home/ari/ros-tut/install/ros_tut/include/ros_tut
[12.753s] -- Up-to-date: /home/ari/ros-tut/install/ros_tut/include/ros_tut/msg
[12.753s] -- Installing: /home/ari/ros-tut/install/ros_tut/include/ros_tut/msg/rosidl_typesupport_fastrtps_c__visibility_control.h
[12.754s] -- Up-to-date: /home/ari/ros-tut/install/ros_tut/include/ros_tut/msg/detail
[12.756s] -- Installing: /home/ari/ros-tut/install/ros_tut/include/ros_tut/msg/detail/num__rosidl_typesupport_fastrtps_c.h
[12.756s] -- Up-to-date: /home/ari/ros-tut/install/ros_tut/include/ros_tut/srv
[12.758s] -- Up-to-date: /home/ari/ros-tut/install/ros_tut/include/ros_tut/srv/detail
[12.758s] -- Installing: /home/ari/ros-tut/install/ros_tut/include/ros_tut/srv/detail/add_three_ints__rosidl_typesupport_fastrtps_c.h
[12.758s] -- Installing: /home/ari/ros-tut/install/ros_tut/include/ros_tut/srv/detail/success__rosidl_typesupport_fastrtps_c.h
[12.758s] -- Installing: /home/ari/ros-tut/install/ros_tut/lib/libros_tut__rosidl_typesupport_fastrtps_c.so
[12.759s] -- Set runtime path of "/home/ari/ros-tut/install/ros_tut/lib/libros_tut__rosidl_typesupport_fastrtps_c.so" to ""
[12.759s] -- Up-to-date: /home/ari/ros-tut/install/ros_tut/include/ros_tut
[12.759s] -- Up-to-date: /home/ari/ros-tut/install/ros_tut/include/ros_tut/msg
[12.759s] -- Up-to-date: /home/ari/ros-tut/install/ros_tut/include/ros_tut/msg/detail
[12.759s] -- Installing: /home/ari/ros-tut/install/ros_tut/include/ros_tut/msg/detail/num__rosidl_typesupport_fastrtps_cpp.hpp
[12.759s] -- Installing: /home/ari/ros-tut/install/ros_tut/include/ros_tut/msg/detail/dds_fastrtps
[12.759s] -- Installing: /home/ari/ros-tut/install/ros_tut/include/ros_tut/msg/rosidl_typesupport_fastrtps_cpp__visibility_control.h
[12.759s] -- Up-to-date: /home/ari/ros-tut/install/ros_tut/include/ros_tut/srv
[12.759s] -- Up-to-date: /home/ari/ros-tut/install/ros_tut/include/ros_tut/srv/detail
[12.759s] -- Installing: /home/ari/ros-tut/install/ros_tut/include/ros_tut/srv/detail/add_three_ints__rosidl_typesupport_fastrtps_cpp.hpp
[12.759s] -- Installing: /home/ari/ros-tut/install/ros_tut/include/ros_tut/srv/detail/success__rosidl_typesupport_fastrtps_cpp.hpp
[12.759s] -- Installing: /home/ari/ros-tut/install/ros_tut/include/ros_tut/srv/detail/dds_fastrtps
[12.759s] -- Installing: /home/ari/ros-tut/install/ros_tut/lib/libros_tut__rosidl_typesupport_fastrtps_cpp.so
[12.759s] -- Set runtime path of "/home/ari/ros-tut/install/ros_tut/lib/libros_tut__rosidl_typesupport_fastrtps_cpp.so" to ""
[12.759s] -- Up-to-date: /home/ari/ros-tut/install/ros_tut/include/ros_tut
[12.760s] -- Up-to-date: /home/ari/ros-tut/install/ros_tut/include/ros_tut/msg
[12.760s] -- Up-to-date: /home/ari/ros-tut/install/ros_tut/include/ros_tut/msg/detail
[12.760s] -- Installing: /home/ari/ros-tut/install/ros_tut/include/ros_tut/msg/detail/num__type_support.c
[12.760s] -- Installing: /home/ari/ros-tut/install/ros_tut/include/ros_tut/msg/detail/num__rosidl_typesupport_introspection_c.h
[12.760s] -- Installing: /home/ari/ros-tut/install/ros_tut/include/ros_tut/msg/rosidl_typesupport_introspection_c__visibility_control.h
[12.760s] -- Up-to-date: /home/ari/ros-tut/install/ros_tut/include/ros_tut/srv
[12.760s] -- Up-to-date: /home/ari/ros-tut/install/ros_tut/include/ros_tut/srv/detail
[12.760s] -- Installing: /home/ari/ros-tut/install/ros_tut/include/ros_tut/srv/detail/success__rosidl_typesupport_introspection_c.h
[12.760s] -- Installing: /home/ari/ros-tut/install/ros_tut/include/ros_tut/srv/detail/add_three_ints__type_support.c
[12.760s] -- Installing: /home/ari/ros-tut/install/ros_tut/include/ros_tut/srv/detail/add_three_ints__rosidl_typesupport_introspection_c.h
[12.760s] -- Installing: /home/ari/ros-tut/install/ros_tut/include/ros_tut/srv/detail/success__type_support.c
[12.761s] -- Installing: /home/ari/ros-tut/install/ros_tut/lib/libros_tut__rosidl_typesupport_introspection_c.so
[12.761s] -- Set runtime path of "/home/ari/ros-tut/install/ros_tut/lib/libros_tut__rosidl_typesupport_introspection_c.so" to ""
[12.761s] -- Installing: /home/ari/ros-tut/install/ros_tut/lib/libros_tut__rosidl_typesupport_c.so
[12.761s] -- Set runtime path of "/home/ari/ros-tut/install/ros_tut/lib/libros_tut__rosidl_typesupport_c.so" to ""
[12.761s] -- Up-to-date: /home/ari/ros-tut/install/ros_tut/include/ros_tut
[12.761s] -- Up-to-date: /home/ari/ros-tut/install/ros_tut/include/ros_tut/msg
[12.761s] -- Up-to-date: /home/ari/ros-tut/install/ros_tut/include/ros_tut/msg/detail
[12.762s] -- Installing: /home/ari/ros-tut/install/ros_tut/include/ros_tut/msg/detail/num__struct.hpp
[12.762s] -- Installing: /home/ari/ros-tut/install/ros_tut/include/ros_tut/msg/detail/num__traits.hpp
[12.762s] -- Installing: /home/ari/ros-tut/install/ros_tut/include/ros_tut/msg/detail/num__builder.hpp
[12.762s] -- Installing: /home/ari/ros-tut/install/ros_tut/include/ros_tut/msg/num.hpp
[12.762s] -- Up-to-date: /home/ari/ros-tut/install/ros_tut/include/ros_tut/srv
[12.762s] -- Installing: /home/ari/ros-tut/install/ros_tut/include/ros_tut/srv/add_three_ints.hpp
[12.762s] -- Up-to-date: /home/ari/ros-tut/install/ros_tut/include/ros_tut/srv/detail
[12.764s] -- Installing: /home/ari/ros-tut/install/ros_tut/include/ros_tut/srv/detail/add_three_ints__builder.hpp
[12.764s] -- Installing: /home/ari/ros-tut/install/ros_tut/include/ros_tut/srv/detail/success__builder.hpp
[12.765s] -- Installing: /home/ari/ros-tut/install/ros_tut/include/ros_tut/srv/detail/success__traits.hpp
[12.766s] -- Installing: /home/ari/ros-tut/install/ros_tut/include/ros_tut/srv/detail/success__struct.hpp
[12.767s] -- Installing: /home/ari/ros-tut/install/ros_tut/include/ros_tut/srv/detail/add_three_ints__traits.hpp
[12.767s] -- Installing: /home/ari/ros-tut/install/ros_tut/include/ros_tut/srv/detail/add_three_ints__struct.hpp
[12.767s] -- Installing: /home/ari/ros-tut/install/ros_tut/include/ros_tut/srv/success.hpp
[12.767s] -- Up-to-date: /home/ari/ros-tut/install/ros_tut/include/ros_tut
[12.767s] -- Up-to-date: /home/ari/ros-tut/install/ros_tut/include/ros_tut/msg
[12.767s] -- Up-to-date: /home/ari/ros-tut/install/ros_tut/include/ros_tut/msg/detail
[12.767s] -- Installing: /home/ari/ros-tut/install/ros_tut/include/ros_tut/msg/detail/num__type_support.cpp
[12.767s] -- Installing: /home/ari/ros-tut/install/ros_tut/include/ros_tut/msg/detail/num__rosidl_typesupport_introspection_cpp.hpp
[12.768s] -- Up-to-date: /home/ari/ros-tut/install/ros_tut/include/ros_tut/srv
[12.768s] -- Up-to-date: /home/ari/ros-tut/install/ros_tut/include/ros_tut/srv/detail
[12.768s] -- Installing: /home/ari/ros-tut/install/ros_tut/include/ros_tut/srv/detail/add_three_ints__rosidl_typesupport_introspection_cpp.hpp
[12.768s] -- Installing: /home/ari/ros-tut/install/ros_tut/include/ros_tut/srv/detail/success__type_support.cpp
[12.773s] -- Installing: /home/ari/ros-tut/install/ros_tut/include/ros_tut/srv/detail/success__rosidl_typesupport_introspection_cpp.hpp
[12.773s] -- Installing: /home/ari/ros-tut/install/ros_tut/include/ros_tut/srv/detail/add_three_ints__type_support.cpp
[12.774s] -- Installing: /home/ari/ros-tut/install/ros_tut/lib/libros_tut__rosidl_typesupport_introspection_cpp.so
[12.774s] -- Set runtime path of "/home/ari/ros-tut/install/ros_tut/lib/libros_tut__rosidl_typesupport_introspection_cpp.so" to ""
[12.774s] -- Installing: /home/ari/ros-tut/install/ros_tut/lib/libros_tut__rosidl_typesupport_cpp.so
[12.774s] -- Set runtime path of "/home/ari/ros-tut/install/ros_tut/lib/libros_tut__rosidl_typesupport_cpp.so" to ""
[12.774s] -- Installing: /home/ari/ros-tut/install/ros_tut/share/ros_tut/environment/pythonpath.sh
[12.774s] -- Installing: /home/ari/ros-tut/install/ros_tut/share/ros_tut/environment/pythonpath.dsv
[12.774s] -- Installing: /home/ari/ros-tut/install/ros_tut/lib/python3.8/site-packages/ros_tut/__init__.py
[12.821s] Compiling '/home/ari/ros-tut/install/ros_tut/lib/python3.8/site-packages/ros_tut/__init__.py'...
[12.824s] -- Installing: /home/ari/ros-tut/install/ros_tut/lib/python3.8/site-packages/ros_tut/msg
[12.824s] -- Installing: /home/ari/ros-tut/install/ros_tut/lib/python3.8/site-packages/ros_tut/msg/_num_s.c
[12.826s] -- Installing: /home/ari/ros-tut/install/ros_tut/lib/python3.8/site-packages/ros_tut/msg/_num.py
[12.826s] -- Installing: /home/ari/ros-tut/install/ros_tut/lib/python3.8/site-packages/ros_tut/msg/__init__.py
[12.826s] -- Installing: /home/ari/ros-tut/install/ros_tut/lib/python3.8/site-packages/ros_tut/srv
[12.826s] -- Installing: /home/ari/ros-tut/install/ros_tut/lib/python3.8/site-packages/ros_tut/srv/_success_s.c
[12.826s] -- Installing: /home/ari/ros-tut/install/ros_tut/lib/python3.8/site-packages/ros_tut/srv/_add_three_ints.py
[12.826s] -- Installing: /home/ari/ros-tut/install/ros_tut/lib/python3.8/site-packages/ros_tut/srv/__init__.py
[12.826s] -- Installing: /home/ari/ros-tut/install/ros_tut/lib/python3.8/site-packages/ros_tut/srv/_success.py
[12.826s] -- Installing: /home/ari/ros-tut/install/ros_tut/lib/python3.8/site-packages/ros_tut/srv/_add_three_ints_s.c
[12.828s] -- Installing: /home/ari/ros-tut/install/ros_tut/lib/python3.8/site-packages/ros_tut/ros_tut_s__rosidl_typesupport_fastrtps_c.cpython-38-aarch64-linux-gnu.so
[12.828s] -- Set runtime path of "/home/ari/ros-tut/install/ros_tut/lib/python3.8/site-packages/ros_tut/ros_tut_s__rosidl_typesupport_fastrtps_c.cpython-38-aarch64-linux-gnu.so" to ""
[12.828s] -- Installing: /home/ari/ros-tut/install/ros_tut/lib/python3.8/site-packages/ros_tut/ros_tut_s__rosidl_typesupport_introspection_c.cpython-38-aarch64-linux-gnu.so
[12.829s] -- Set runtime path of "/home/ari/ros-tut/install/ros_tut/lib/python3.8/site-packages/ros_tut/ros_tut_s__rosidl_typesupport_introspection_c.cpython-38-aarch64-linux-gnu.so" to ""
[12.829s] -- Installing: /home/ari/ros-tut/install/ros_tut/lib/python3.8/site-packages/ros_tut/ros_tut_s__rosidl_typesupport_c.cpython-38-aarch64-linux-gnu.so
[12.829s] -- Set runtime path of "/home/ari/ros-tut/install/ros_tut/lib/python3.8/site-packages/ros_tut/ros_tut_s__rosidl_typesupport_c.cpython-38-aarch64-linux-gnu.so" to ""
[12.830s] -- Installing: /home/ari/ros-tut/install/ros_tut/lib/libros_tut__python.so
[12.831s] -- Set runtime path of "/home/ari/ros-tut/install/ros_tut/lib/libros_tut__python.so" to ""
[12.831s] -- Installing: /home/ari/ros-tut/install/ros_tut/share/ros_tut/msg/Num.idl
[12.831s] -- Installing: /home/ari/ros-tut/install/ros_tut/share/ros_tut/srv/AddThreeInts.idl
[12.831s] -- Installing: /home/ari/ros-tut/install/ros_tut/share/ros_tut/srv/Success.idl
[12.831s] -- Installing: /home/ari/ros-tut/install/ros_tut/share/ros_tut/msg/Num.msg
[12.832s] -- Installing: /home/ari/ros-tut/install/ros_tut/share/ros_tut/srv/AddThreeInts.srv
[12.832s] -- Installing: /home/ari/ros-tut/install/ros_tut/share/ros_tut/srv/AddThreeInts_Request.msg
[12.832s] -- Installing: /home/ari/ros-tut/install/ros_tut/share/ros_tut/srv/AddThreeInts_Response.msg
[12.832s] -- Installing: /home/ari/ros-tut/install/ros_tut/share/ros_tut/srv/Success.srv
[12.832s] -- Installing: /home/ari/ros-tut/install/ros_tut/share/ros_tut/srv/Success_Request.msg
[12.832s] -- Installing: /home/ari/ros-tut/install/ros_tut/share/ros_tut/srv/Success_Response.msg
[12.832s] -- Installing: /home/ari/ros-tut/install/ros_tut/lib/libkill_turtles.so
[12.832s] -- Set runtime path of "/home/ari/ros-tut/install/ros_tut/lib/libkill_turtles.so" to ""
[12.833s] -- Installing: /home/ari/ros-tut/install/ros_tut/share/ament_index/resource_index/package_run_dependencies/ros_tut
[12.834s] -- Installing: /home/ari/ros-tut/install/ros_tut/share/ament_index/resource_index/parent_prefix_path/ros_tut
[12.834s] -- Installing: /home/ari/ros-tut/install/ros_tut/share/ros_tut/environment/ament_prefix_path.sh
[12.835s] -- Installing: /home/ari/ros-tut/install/ros_tut/share/ros_tut/environment/ament_prefix_path.dsv
[12.836s] -- Installing: /home/ari/ros-tut/install/ros_tut/share/ros_tut/environment/path.sh
[12.836s] -- Installing: /home/ari/ros-tut/install/ros_tut/share/ros_tut/environment/path.dsv
[12.836s] -- Installing: /home/ari/ros-tut/install/ros_tut/share/ros_tut/local_setup.bash
[12.836s] -- Installing: /home/ari/ros-tut/install/ros_tut/share/ros_tut/local_setup.sh
[12.836s] -- Installing: /home/ari/ros-tut/install/ros_tut/share/ros_tut/local_setup.zsh
[12.836s] -- Installing: /home/ari/ros-tut/install/ros_tut/share/ros_tut/local_setup.dsv
[12.836s] -- Installing: /home/ari/ros-tut/install/ros_tut/share/ros_tut/package.dsv
[12.836s] -- Installing: /home/ari/ros-tut/install/ros_tut/share/ament_index/resource_index/packages/ros_tut
[12.836s] -- Installing: /home/ari/ros-tut/install/ros_tut/share/ros_tut/cmake/ros_tut__rosidl_generator_cExport.cmake
[12.836s] -- Installing: /home/ari/ros-tut/install/ros_tut/share/ros_tut/cmake/ros_tut__rosidl_generator_cExport-noconfig.cmake
[12.837s] -- Installing: /home/ari/ros-tut/install/ros_tut/share/ros_tut/cmake/ros_tut__rosidl_typesupport_introspection_cExport.cmake
[12.837s] -- Installing: /home/ari/ros-tut/install/ros_tut/share/ros_tut/cmake/ros_tut__rosidl_typesupport_introspection_cExport-noconfig.cmake
[12.837s] -- Installing: /home/ari/ros-tut/install/ros_tut/share/ros_tut/cmake/ros_tut__rosidl_typesupport_cExport.cmake
[12.837s] -- Installing: /home/ari/ros-tut/install/ros_tut/share/ros_tut/cmake/ros_tut__rosidl_typesupport_cExport-noconfig.cmake
[12.837s] -- Installing: /home/ari/ros-tut/install/ros_tut/share/ros_tut/cmake/ros_tut__rosidl_generator_cppExport.cmake
[12.837s] -- Installing: /home/ari/ros-tut/install/ros_tut/share/ros_tut/cmake/ros_tut__rosidl_typesupport_introspection_cppExport.cmake
[12.837s] -- Installing: /home/ari/ros-tut/install/ros_tut/share/ros_tut/cmake/ros_tut__rosidl_typesupport_introspection_cppExport-noconfig.cmake
[12.837s] -- Installing: /home/ari/ros-tut/install/ros_tut/share/ros_tut/cmake/ros_tut__rosidl_typesupport_cppExport.cmake
[12.837s] -- Installing: /home/ari/ros-tut/install/ros_tut/share/ros_tut/cmake/ros_tut__rosidl_typesupport_cppExport-noconfig.cmake
[12.837s] -- Installing: /home/ari/ros-tut/install/ros_tut/share/ament_index/resource_index/rclcpp_components/ros_tut
[12.837s] -- Installing: /home/ari/ros-tut/install/ros_tut/share/ros_tut/cmake/rosidl_cmake-extras.cmake
[12.837s] -- Installing: /home/ari/ros-tut/install/ros_tut/share/ros_tut/cmake/ament_cmake_export_dependencies-extras.cmake
[12.838s] -- Installing: /home/ari/ros-tut/install/ros_tut/share/ros_tut/cmake/ament_cmake_export_libraries-extras.cmake
[12.838s] -- Installing: /home/ari/ros-tut/install/ros_tut/share/ros_tut/cmake/ament_cmake_export_targets-extras.cmake
[12.838s] -- Installing: /home/ari/ros-tut/install/ros_tut/share/ros_tut/cmake/ament_cmake_export_include_directories-extras.cmake
[12.838s] -- Installing: /home/ari/ros-tut/install/ros_tut/share/ros_tut/cmake/rosidl_cmake_export_typesupport_libraries-extras.cmake
[12.838s] -- Installing: /home/ari/ros-tut/install/ros_tut/share/ros_tut/cmake/rosidl_cmake_export_typesupport_targets-extras.cmake
[12.838s] -- Installing: /home/ari/ros-tut/install/ros_tut/share/ros_tut/cmake/ros_tutConfig.cmake
[12.838s] -- Installing: /home/ari/ros-tut/install/ros_tut/share/ros_tut/cmake/ros_tutConfig-version.cmake
[12.838s] -- Installing: /home/ari/ros-tut/install/ros_tut/share/ros_tut/package.xml
[12.857s] Invoked command in '/home/ari/ros-tut/build/ros_tut' returned '0': CMAKE_PREFIX_PATH=${CMAKE_PREFIX_PATH}:/opt/ros/foxy /usr/bin/cmake --install /home/ari/ros-tut/build/ros_tut
