-- The C compiler identification is GNU 9.3.0
-- The CXX compiler identification is GNU 9.3.0
-- Check for working C compiler: /usr/bin/cc
-- Check for working C compiler: /usr/bin/cc -- works
-- Detecting C compiler ABI info
-- Detecting C compiler ABI info - done
-- Detecting C compile features
-- Detecting C compile features - done
-- Check for working CXX compiler: /usr/bin/c++
-- Check for working CXX compiler: /usr/bin/c++ -- works
-- Detecting CXX compiler ABI info
-- Detecting CXX compiler ABI info - done
-- Detecting CXX compile features
-- Detecting CXX compile features - done
-- Found ament_cmake: 0.9.8 (/opt/ros/foxy/share/ament_cmake/cmake)
-- Found PythonInterp: /usr/bin/python3 (found suitable version "3.8.5", minimum required is "3") 
-- Using PYTHON_EXECUTABLE: /usr/bin/python3
-- Found rclcpp: 2.3.1 (/opt/ros/foxy/share/rclcpp/cmake)
-- Using all available rosidl_typesupport_c: rosidl_typesupport_fastrtps_c;rosidl_typesupport_introspection_c
-- Found rosidl_adapter: 1.2.1 (/opt/ros/foxy/share/rosidl_adapter/cmake)
-- Found OpenSSL: /usr/lib/aarch64-linux-gnu/libcrypto.so (found version "1.1.1f")  
-- Found FastRTPS: /opt/ros/foxy/include  
-- Using all available rosidl_typesupport_cpp: rosidl_typesupport_fastrtps_cpp;rosidl_typesupport_introspection_cpp
-- Found rmw_implementation_cmake: 1.0.3 (/opt/ros/foxy/share/rmw_implementation_cmake/cmake)
-- Using RMW implementation 'rmw_fastrtps_cpp' as default
-- Looking for pthread.h
-- Looking for pthread.h - found
-- Performing Test CMAKE_HAVE_LIBC_PTHREAD
-- Performing Test CMAKE_HAVE_LIBC_PTHREAD - Failed
-- Looking for pthread_create in pthreads
-- Looking for pthread_create in pthreads - not found
-- Looking for pthread_create in pthread
-- Looking for pthread_create in pthread - found
-- Found Threads: TRUE  
-- Found turtlesim: 1.2.5 (/opt/ros/foxy/share/turtlesim/cmake)
-- Found rclcpp_components: 2.3.1 (/opt/ros/foxy/share/rclcpp_components/cmake)
-- Found rclcpp_action: 2.3.1 (/opt/ros/foxy/share/rclcpp_action/cmake)
-- Found geometry_msgs: 2.0.4 (/opt/ros/foxy/share/geometry_msgs/cmake)
-- Found rosidl_default_generators: 1.0.1 (/opt/ros/foxy/share/rosidl_default_generators/cmake)
-- Found PythonInterp: /usr/bin/python3 (found version "3.8.5") 
-- Found ament_cmake_ros: 0.9.2 (/opt/ros/foxy/share/ament_cmake_ros/cmake)
-- Using all available rosidl_typesupport_c: rosidl_typesupport_fastrtps_c;rosidl_typesupport_introspection_c
-- Using all available rosidl_typesupport_cpp: rosidl_typesupport_fastrtps_cpp;rosidl_typesupport_introspection_cpp
-- Found PythonInterp: /usr/bin/python3 (found suitable version "3.8.5", minimum required is "3.5") 
-- Found python_cmake_module: 0.8.1 (/opt/ros/foxy/share/python_cmake_module/cmake)
-- Found PythonLibs: /usr/lib/aarch64-linux-gnu/libpython3.8.so (found suitable version "3.8.5", minimum required is "3.5") 
-- Using PYTHON_EXECUTABLE: /usr/bin/python3
-- Using PYTHON_INCLUDE_DIRS: /usr/include/python3.8
-- Using PYTHON_LIBRARIES: /usr/lib/aarch64-linux-gnu/libpython3.8.so
-- Found PythonExtra: .so  
-- Found ament_lint_auto: 0.9.6 (/opt/ros/foxy/share/ament_lint_auto/cmake)
-- Added test 'copyright' to check source files copyright and LICENSE
-- Added test 'cppcheck' to perform static code analysis on C / C++ code
-- Configured cppcheck include dirs: /home/ari/ros-tut/include;$<BUILD_INTERFACE:/home/ari/ros-tut/build/ros_tut/rosidl_generator_c>;/home/ari/ros-tut/build/ros_tut/rosidl_generator_c;/home/ari/ros-tut/build/ros_tut/rosidl_generator_cpp;/home/ari/ros-tut/build/ros_tut/rosidl_typesupport_fastrtps_c;/home/ari/ros-tut/build/ros_tut/rosidl_typesupport_fastrtps_cpp;$<BUILD_INTERFACE:/home/ari/ros-tut/build/ros_tut/rosidl_typesupport_introspection_c>;$<BUILD_INTERFACE:/home/ari/ros-tut/build/ros_tut/rosidl_typesupport_c>;$<BUILD_INTERFACE:/home/ari/ros-tut/build/ros_tut/rosidl_generator_cpp>;/home/ari/ros-tut/build/ros_tut/rosidl_generator_py
-- Configured cppcheck exclude dirs and/or files: 
-- Added test 'cpplint' to check C / C++ code against the Google style
-- Configured cpplint exclude dirs and/or files: 
-- Added test 'flake8' to check Python code syntax and style conventions
-- Added test 'lint_cmake' to check CMake code style
-- Added test 'pep257' to check Python code against some of the style conventions in PEP 257
-- Added test 'uncrustify' to check C / C++ code style
-- Configured uncrustify additional arguments: 
-- Added test 'xmllint' to check XML markup files
-- Configuring done
-- Generating done
-- Build files have been written to: /home/ari/ros-tut/build/ros_tut
[35m[1mScanning dependencies of target ros_tut__cpp[0m
[  1%] [34m[1mGenerating C code for ROS interfaces[0m
[35m[1mScanning dependencies of target circle[0m
[35m[1mScanning dependencies of target spawn[0m
[  3%] [34m[1mGenerating C++ code for ROS interfaces[0m
[35m[1mScanning dependencies of target kill_turtles[0m
[  5%] [32mBuilding CXX object CMakeFiles/circle.dir/src/circle.cpp.o[0m
[  7%] [32mBuilding CXX object CMakeFiles/spawn.dir/src/spawn.cpp.o[0m
[  9%] [32mBuilding CXX object CMakeFiles/kill_turtles.dir/src/clear_turtles.cpp.o[0m
[35m[1mScanning dependencies of target ros_tut__rosidl_generator_c[0m
[  9%] Built target ros_tut__cpp
[ 11%] [32mBuilding C object CMakeFiles/ros_tut__rosidl_generator_c.dir/rosidl_generator_c/ros_tut/msg/detail/num__functions.c.o[0m
[ 13%] [32mBuilding C object CMakeFiles/ros_tut__rosidl_generator_c.dir/rosidl_generator_c/ros_tut/srv/detail/add_three_ints__functions.c.o[0m
[ 15%] [32mBuilding C object CMakeFiles/ros_tut__rosidl_generator_c.dir/rosidl_generator_c/ros_tut/srv/detail/success__functions.c.o[0m
[ 16%] [34m[1mGenerating C++ introspection for ROS interfaces[0m
[ 18%] [34m[1mGenerating C++ type support for eProsima Fast-RTPS[0m
[ 20%] [34m[1mGenerating C++ type support dispatch for ROS interfaces[0m
[ 22%] [32m[1mLinking C shared library libros_tut__rosidl_generator_c.so[0m
[ 22%] Built target ros_tut__rosidl_generator_c
[ 24%] [34m[1mGenerating C type support dispatch for ROS interfaces[0m
[ 26%] [34m[1mGenerating C introspection for ROS interfaces[0m
[35m[1mScanning dependencies of target ros_tut__rosidl_typesupport_cpp[0m
[35m[1mScanning dependencies of target ros_tut__rosidl_typesupport_fastrtps_cpp[0m
[ 28%] [32mBuilding CXX object CMakeFiles/ros_tut__rosidl_typesupport_cpp.dir/rosidl_typesupport_cpp/ros_tut/msg/num__type_support.cpp.o[0m
[ 30%] [32mBuilding CXX object CMakeFiles/ros_tut__rosidl_typesupport_fastrtps_cpp.dir/rosidl_typesupport_fastrtps_cpp/ros_tut/msg/detail/dds_fastrtps/num__type_support.cpp.o[0m
[35m[1mScanning dependencies of target ros_tut__rosidl_typesupport_introspection_cpp[0m
[35m[1mScanning dependencies of target ros_tut__rosidl_typesupport_c[0m
[ 32%] [32mBuilding CXX object CMakeFiles/ros_tut__rosidl_typesupport_c.dir/rosidl_typesupport_c/ros_tut/msg/num__type_support.cpp.o[0m
[ 33%] [32mBuilding CXX object CMakeFiles/ros_tut__rosidl_typesupport_introspection_cpp.dir/rosidl_typesupport_introspection_cpp/ros_tut/msg/detail/num__type_support.cpp.o[0m
[ 35%] [32mBuilding CXX object CMakeFiles/ros_tut__rosidl_typesupport_cpp.dir/rosidl_typesupport_cpp/ros_tut/srv/add_three_ints__type_support.cpp.o[0m
[ 37%] [32mBuilding CXX object CMakeFiles/ros_tut__rosidl_typesupport_c.dir/rosidl_typesupport_c/ros_tut/srv/add_three_ints__type_support.cpp.o[0m
[35m[1mScanning dependencies of target ros_tut__rosidl_typesupport_introspection_c[0m
[ 39%] [32mBuilding C object CMakeFiles/ros_tut__rosidl_typesupport_introspection_c.dir/rosidl_typesupport_introspection_c/ros_tut/msg/detail/num__type_support.c.o[0m
[ 41%] [32mBuilding CXX object CMakeFiles/ros_tut__rosidl_typesupport_c.dir/rosidl_typesupport_c/ros_tut/srv/success__type_support.cpp.o[0m
[ 43%] [32mBuilding CXX object CMakeFiles/ros_tut__rosidl_typesupport_fastrtps_cpp.dir/rosidl_typesupport_fastrtps_cpp/ros_tut/srv/detail/dds_fastrtps/add_three_ints__type_support.cpp.o[0m
[ 45%] [32mBuilding C object CMakeFiles/ros_tut__rosidl_typesupport_introspection_c.dir/rosidl_typesupport_introspection_c/ros_tut/srv/detail/add_three_ints__type_support.c.o[0m
[ 47%] [32m[1mLinking CXX shared library libros_tut__rosidl_typesupport_c.so[0m
[ 49%] [32mBuilding CXX object CMakeFiles/ros_tut__rosidl_typesupport_introspection_cpp.dir/rosidl_typesupport_introspection_cpp/ros_tut/srv/detail/add_three_ints__type_support.cpp.o[0m
[ 50%] [32mBuilding CXX object CMakeFiles/ros_tut__rosidl_typesupport_cpp.dir/rosidl_typesupport_cpp/ros_tut/srv/success__type_support.cpp.o[0m
[ 52%] [32mBuilding C object CMakeFiles/ros_tut__rosidl_typesupport_introspection_c.dir/rosidl_typesupport_introspection_c/ros_tut/srv/detail/success__type_support.c.o[0m
[ 54%] [32m[1mLinking C shared library libros_tut__rosidl_typesupport_introspection_c.so[0m
[ 54%] Built target ros_tut__rosidl_typesupport_c
[ 56%] [32mBuilding CXX object CMakeFiles/ros_tut__rosidl_typesupport_introspection_cpp.dir/rosidl_typesupport_introspection_cpp/ros_tut/srv/detail/success__type_support.cpp.o[0m
[ 56%] Built target ros_tut__rosidl_typesupport_introspection_c
[ 58%] [32mBuilding CXX object CMakeFiles/ros_tut__rosidl_typesupport_fastrtps_cpp.dir/rosidl_typesupport_fastrtps_cpp/ros_tut/srv/detail/dds_fastrtps/success__type_support.cpp.o[0m
[ 60%] [32m[1mLinking CXX shared library libros_tut__rosidl_typesupport_cpp.so[0m
[ 62%] [32m[1mLinking CXX shared library libros_tut__rosidl_typesupport_introspection_cpp.so[0m
[ 62%] Built target ros_tut__rosidl_typesupport_cpp
[ 62%] Built target ros_tut__rosidl_typesupport_introspection_cpp
[ 64%] [32m[1mLinking CXX shared library libros_tut__rosidl_typesupport_fastrtps_cpp.so[0m
[ 64%] Built target ros_tut__rosidl_typesupport_fastrtps_cpp
[ 66%] [34m[1mGenerating C type support for eProsima Fast-RTPS[0m
[ 67%] [32m[1mLinking CXX shared library libkill_turtles.so[0m
[35m[1mScanning dependencies of target ros_tut__rosidl_typesupport_fastrtps_c[0m
[ 69%] [32mBuilding CXX object CMakeFiles/ros_tut__rosidl_typesupport_fastrtps_c.dir/rosidl_typesupport_fastrtps_c/ros_tut/msg/detail/num__type_support_c.cpp.o[0m
[ 71%] [32mBuilding CXX object CMakeFiles/ros_tut__rosidl_typesupport_fastrtps_c.dir/rosidl_typesupport_fastrtps_c/ros_tut/srv/detail/add_three_ints__type_support_c.cpp.o[0m
[ 73%] [32mBuilding CXX object CMakeFiles/ros_tut__rosidl_typesupport_fastrtps_c.dir/rosidl_typesupport_fastrtps_c/ros_tut/srv/detail/success__type_support_c.cpp.o[0m
[ 75%] [32m[1mLinking CXX shared library libspawn.so[0m
[ 75%] Built target kill_turtles
[ 75%] Built target spawn
[ 77%] [32m[1mLinking CXX shared library libros_tut__rosidl_typesupport_fastrtps_c.so[0m
[ 79%] [32m[1mLinking CXX shared library libcircle.so[0m
[ 79%] Built target ros_tut__rosidl_typesupport_fastrtps_c
[35m[1mScanning dependencies of target ros_tut[0m
[ 79%] Built target ros_tut
[35m[1mScanning dependencies of target ros_tut__py[0m
[ 81%] [34m[1mGenerating Python code for ROS interfaces[0m
[ 81%] Built target circle
[ 81%] Built target ros_tut__py
[35m[1mScanning dependencies of target ros_tut__python[0m
[ 83%] [32mBuilding C object CMakeFiles/ros_tut__python.dir/rosidl_generator_py/ros_tut/msg/_num_s.c.o[0m
[ 84%] [32mBuilding C object CMakeFiles/ros_tut__python.dir/rosidl_generator_py/ros_tut/srv/_add_three_ints_s.c.o[0m
[ 86%] [32mBuilding C object CMakeFiles/ros_tut__python.dir/rosidl_generator_py/ros_tut/srv/_success_s.c.o[0m
[ 88%] [32m[1mLinking C shared library rosidl_generator_py/ros_tut/libros_tut__python.so[0m
[ 88%] Built target ros_tut__python
[35m[1mScanning dependencies of target ros_tut__rosidl_typesupport_c__pyext[0m
[35m[1mScanning dependencies of target ros_tut__rosidl_typesupport_fastrtps_c__pyext[0m
[35m[1mScanning dependencies of target ros_tut__rosidl_typesupport_introspection_c__pyext[0m
[ 90%] [32mBuilding C object CMakeFiles/ros_tut__rosidl_typesupport_fastrtps_c__pyext.dir/rosidl_generator_py/ros_tut/_ros_tut_s.ep.rosidl_typesupport_fastrtps_c.c.o[0m
[ 92%] [32mBuilding C object CMakeFiles/ros_tut__rosidl_typesupport_introspection_c__pyext.dir/rosidl_generator_py/ros_tut/_ros_tut_s.ep.rosidl_typesupport_introspection_c.c.o[0m
[ 94%] [32mBuilding C object CMakeFiles/ros_tut__rosidl_typesupport_c__pyext.dir/rosidl_generator_py/ros_tut/_ros_tut_s.ep.rosidl_typesupport_c.c.o[0m
[ 96%] [32m[1mLinking C shared library rosidl_generator_py/ros_tut/ros_tut_s__rosidl_typesupport_c.cpython-38-aarch64-linux-gnu.so[0m
[ 98%] [32m[1mLinking C shared library rosidl_generator_py/ros_tut/ros_tut_s__rosidl_typesupport_introspection_c.cpython-38-aarch64-linux-gnu.so[0m
[100%] [32m[1mLinking CXX shared library rosidl_generator_py/ros_tut/ros_tut_s__rosidl_typesupport_fastrtps_c.cpython-38-aarch64-linux-gnu.so[0m
[100%] Built target ros_tut__rosidl_typesupport_c__pyext
[100%] Built target ros_tut__rosidl_typesupport_introspection_c__pyext
[100%] Built target ros_tut__rosidl_typesupport_fastrtps_c__pyext
-- Install configuration: ""
-- Installing: /home/ari/ros-tut/install/ros_tut/share/ament_index/resource_index/rosidl_interfaces/ros_tut
-- Installing: /home/ari/ros-tut/install/ros_tut/include/ros_tut
-- Installing: /home/ari/ros-tut/install/ros_tut/include/ros_tut/msg
-- Installing: /home/ari/ros-tut/install/ros_tut/include/ros_tut/msg/detail
-- Installing: /home/ari/ros-tut/install/ros_tut/include/ros_tut/msg/detail/num__type_support.h
-- Installing: /home/ari/ros-tut/install/ros_tut/include/ros_tut/msg/detail/num__functions.c
-- Installing: /home/ari/ros-tut/install/ros_tut/include/ros_tut/msg/detail/num__struct.h
-- Installing: /home/ari/ros-tut/install/ros_tut/include/ros_tut/msg/detail/num__functions.h
-- Installing: /home/ari/ros-tut/install/ros_tut/include/ros_tut/msg/rosidl_generator_c__visibility_control.h
-- Installing: /home/ari/ros-tut/install/ros_tut/include/ros_tut/msg/num.h
-- Installing: /home/ari/ros-tut/install/ros_tut/include/ros_tut/srv
-- Installing: /home/ari/ros-tut/install/ros_tut/include/ros_tut/srv/detail
-- Installing: /home/ari/ros-tut/install/ros_tut/include/ros_tut/srv/detail/success__struct.h
-- Installing: /home/ari/ros-tut/install/ros_tut/include/ros_tut/srv/detail/success__functions.c
-- Installing: /home/ari/ros-tut/install/ros_tut/include/ros_tut/srv/detail/add_three_ints__type_support.h
-- Installing: /home/ari/ros-tut/install/ros_tut/include/ros_tut/srv/detail/success__type_support.h
-- Installing: /home/ari/ros-tut/install/ros_tut/include/ros_tut/srv/detail/success__functions.h
-- Installing: /home/ari/ros-tut/install/ros_tut/include/ros_tut/srv/detail/add_three_ints__functions.h
-- Installing: /home/ari/ros-tut/install/ros_tut/include/ros_tut/srv/detail/add_three_ints__functions.c
-- Installing: /home/ari/ros-tut/install/ros_tut/include/ros_tut/srv/detail/add_three_ints__struct.h
-- Installing: /home/ari/ros-tut/install/ros_tut/include/ros_tut/srv/success.h
-- Installing: /home/ari/ros-tut/install/ros_tut/include/ros_tut/srv/add_three_ints.h
-- Installing: /home/ari/ros-tut/install/ros_tut/share/ros_tut/environment/library_path.sh
-- Installing: /home/ari/ros-tut/install/ros_tut/share/ros_tut/environment/library_path.dsv
-- Installing: /home/ari/ros-tut/install/ros_tut/lib/libros_tut__rosidl_generator_c.so
-- Set runtime path of "/home/ari/ros-tut/install/ros_tut/lib/libros_tut__rosidl_generator_c.so" to ""
-- Up-to-date: /home/ari/ros-tut/install/ros_tut/include/ros_tut
-- Up-to-date: /home/ari/ros-tut/install/ros_tut/include/ros_tut/msg
-- Installing: /home/ari/ros-tut/install/ros_tut/include/ros_tut/msg/rosidl_typesupport_fastrtps_c__visibility_control.h
-- Up-to-date: /home/ari/ros-tut/install/ros_tut/include/ros_tut/msg/detail
-- Installing: /home/ari/ros-tut/install/ros_tut/include/ros_tut/msg/detail/num__rosidl_typesupport_fastrtps_c.h
-- Up-to-date: /home/ari/ros-tut/install/ros_tut/include/ros_tut/srv
-- Up-to-date: /home/ari/ros-tut/install/ros_tut/include/ros_tut/srv/detail
-- Installing: /home/ari/ros-tut/install/ros_tut/include/ros_tut/srv/detail/add_three_ints__rosidl_typesupport_fastrtps_c.h
-- Installing: /home/ari/ros-tut/install/ros_tut/include/ros_tut/srv/detail/success__rosidl_typesupport_fastrtps_c.h
-- Installing: /home/ari/ros-tut/install/ros_tut/lib/libros_tut__rosidl_typesupport_fastrtps_c.so
-- Set runtime path of "/home/ari/ros-tut/install/ros_tut/lib/libros_tut__rosidl_typesupport_fastrtps_c.so" to ""
-- Up-to-date: /home/ari/ros-tut/install/ros_tut/include/ros_tut
-- Up-to-date: /home/ari/ros-tut/install/ros_tut/include/ros_tut/msg
-- Up-to-date: /home/ari/ros-tut/install/ros_tut/include/ros_tut/msg/detail
-- Installing: /home/ari/ros-tut/install/ros_tut/include/ros_tut/msg/detail/num__rosidl_typesupport_fastrtps_cpp.hpp
-- Installing: /home/ari/ros-tut/install/ros_tut/include/ros_tut/msg/detail/dds_fastrtps
-- Installing: /home/ari/ros-tut/install/ros_tut/include/ros_tut/msg/rosidl_typesupport_fastrtps_cpp__visibility_control.h
-- Up-to-date: /home/ari/ros-tut/install/ros_tut/include/ros_tut/srv
-- Up-to-date: /home/ari/ros-tut/install/ros_tut/include/ros_tut/srv/detail
-- Installing: /home/ari/ros-tut/install/ros_tut/include/ros_tut/srv/detail/add_three_ints__rosidl_typesupport_fastrtps_cpp.hpp
-- Installing: /home/ari/ros-tut/install/ros_tut/include/ros_tut/srv/detail/success__rosidl_typesupport_fastrtps_cpp.hpp
-- Installing: /home/ari/ros-tut/install/ros_tut/include/ros_tut/srv/detail/dds_fastrtps
-- Installing: /home/ari/ros-tut/install/ros_tut/lib/libros_tut__rosidl_typesupport_fastrtps_cpp.so
-- Set runtime path of "/home/ari/ros-tut/install/ros_tut/lib/libros_tut__rosidl_typesupport_fastrtps_cpp.so" to ""
-- Up-to-date: /home/ari/ros-tut/install/ros_tut/include/ros_tut
-- Up-to-date: /home/ari/ros-tut/install/ros_tut/include/ros_tut/msg
-- Up-to-date: /home/ari/ros-tut/install/ros_tut/include/ros_tut/msg/detail
-- Installing: /home/ari/ros-tut/install/ros_tut/include/ros_tut/msg/detail/num__type_support.c
-- Installing: /home/ari/ros-tut/install/ros_tut/include/ros_tut/msg/detail/num__rosidl_typesupport_introspection_c.h
-- Installing: /home/ari/ros-tut/install/ros_tut/include/ros_tut/msg/rosidl_typesupport_introspection_c__visibility_control.h
-- Up-to-date: /home/ari/ros-tut/install/ros_tut/include/ros_tut/srv
-- Up-to-date: /home/ari/ros-tut/install/ros_tut/include/ros_tut/srv/detail
-- Installing: /home/ari/ros-tut/install/ros_tut/include/ros_tut/srv/detail/success__rosidl_typesupport_introspection_c.h
-- Installing: /home/ari/ros-tut/install/ros_tut/include/ros_tut/srv/detail/add_three_ints__type_support.c
-- Installing: /home/ari/ros-tut/install/ros_tut/include/ros_tut/srv/detail/add_three_ints__rosidl_typesupport_introspection_c.h
-- Installing: /home/ari/ros-tut/install/ros_tut/include/ros_tut/srv/detail/success__type_support.c
-- Installing: /home/ari/ros-tut/install/ros_tut/lib/libros_tut__rosidl_typesupport_introspection_c.so
-- Set runtime path of "/home/ari/ros-tut/install/ros_tut/lib/libros_tut__rosidl_typesupport_introspection_c.so" to ""
-- Installing: /home/ari/ros-tut/install/ros_tut/lib/libros_tut__rosidl_typesupport_c.so
-- Set runtime path of "/home/ari/ros-tut/install/ros_tut/lib/libros_tut__rosidl_typesupport_c.so" to ""
-- Up-to-date: /home/ari/ros-tut/install/ros_tut/include/ros_tut
-- Up-to-date: /home/ari/ros-tut/install/ros_tut/include/ros_tut/msg
-- Up-to-date: /home/ari/ros-tut/install/ros_tut/include/ros_tut/msg/detail
-- Installing: /home/ari/ros-tut/install/ros_tut/include/ros_tut/msg/detail/num__struct.hpp
-- Installing: /home/ari/ros-tut/install/ros_tut/include/ros_tut/msg/detail/num__traits.hpp
-- Installing: /home/ari/ros-tut/install/ros_tut/include/ros_tut/msg/detail/num__builder.hpp
-- Installing: /home/ari/ros-tut/install/ros_tut/include/ros_tut/msg/num.hpp
-- Up-to-date: /home/ari/ros-tut/install/ros_tut/include/ros_tut/srv
-- Installing: /home/ari/ros-tut/install/ros_tut/include/ros_tut/srv/add_three_ints.hpp
-- Up-to-date: /home/ari/ros-tut/install/ros_tut/include/ros_tut/srv/detail
-- Installing: /home/ari/ros-tut/install/ros_tut/include/ros_tut/srv/detail/add_three_ints__builder.hpp
-- Installing: /home/ari/ros-tut/install/ros_tut/include/ros_tut/srv/detail/success__builder.hpp
-- Installing: /home/ari/ros-tut/install/ros_tut/include/ros_tut/srv/detail/success__traits.hpp
-- Installing: /home/ari/ros-tut/install/ros_tut/include/ros_tut/srv/detail/success__struct.hpp
-- Installing: /home/ari/ros-tut/install/ros_tut/include/ros_tut/srv/detail/add_three_ints__traits.hpp
-- Installing: /home/ari/ros-tut/install/ros_tut/include/ros_tut/srv/detail/add_three_ints__struct.hpp
-- Installing: /home/ari/ros-tut/install/ros_tut/include/ros_tut/srv/success.hpp
-- Up-to-date: /home/ari/ros-tut/install/ros_tut/include/ros_tut
-- Up-to-date: /home/ari/ros-tut/install/ros_tut/include/ros_tut/msg
-- Up-to-date: /home/ari/ros-tut/install/ros_tut/include/ros_tut/msg/detail
-- Installing: /home/ari/ros-tut/install/ros_tut/include/ros_tut/msg/detail/num__type_support.cpp
-- Installing: /home/ari/ros-tut/install/ros_tut/include/ros_tut/msg/detail/num__rosidl_typesupport_introspection_cpp.hpp
-- Up-to-date: /home/ari/ros-tut/install/ros_tut/include/ros_tut/srv
-- Up-to-date: /home/ari/ros-tut/install/ros_tut/include/ros_tut/srv/detail
-- Installing: /home/ari/ros-tut/install/ros_tut/include/ros_tut/srv/detail/add_three_ints__rosidl_typesupport_introspection_cpp.hpp
-- Installing: /home/ari/ros-tut/install/ros_tut/include/ros_tut/srv/detail/success__type_support.cpp
-- Installing: /home/ari/ros-tut/install/ros_tut/include/ros_tut/srv/detail/success__rosidl_typesupport_introspection_cpp.hpp
-- Installing: /home/ari/ros-tut/install/ros_tut/include/ros_tut/srv/detail/add_three_ints__type_support.cpp
-- Installing: /home/ari/ros-tut/install/ros_tut/lib/libros_tut__rosidl_typesupport_introspection_cpp.so
-- Set runtime path of "/home/ari/ros-tut/install/ros_tut/lib/libros_tut__rosidl_typesupport_introspection_cpp.so" to ""
-- Installing: /home/ari/ros-tut/install/ros_tut/lib/libros_tut__rosidl_typesupport_cpp.so
-- Set runtime path of "/home/ari/ros-tut/install/ros_tut/lib/libros_tut__rosidl_typesupport_cpp.so" to ""
-- Installing: /home/ari/ros-tut/install/ros_tut/share/ros_tut/environment/pythonpath.sh
-- Installing: /home/ari/ros-tut/install/ros_tut/share/ros_tut/environment/pythonpath.dsv
-- Installing: /home/ari/ros-tut/install/ros_tut/lib/python3.8/site-packages/ros_tut/__init__.py
Compiling '/home/ari/ros-tut/install/ros_tut/lib/python3.8/site-packages/ros_tut/__init__.py'...
-- Installing: /home/ari/ros-tut/install/ros_tut/lib/python3.8/site-packages/ros_tut/msg
-- Installing: /home/ari/ros-tut/install/ros_tut/lib/python3.8/site-packages/ros_tut/msg/_num_s.c
-- Installing: /home/ari/ros-tut/install/ros_tut/lib/python3.8/site-packages/ros_tut/msg/_num.py
-- Installing: /home/ari/ros-tut/install/ros_tut/lib/python3.8/site-packages/ros_tut/msg/__init__.py
-- Installing: /home/ari/ros-tut/install/ros_tut/lib/python3.8/site-packages/ros_tut/srv
-- Installing: /home/ari/ros-tut/install/ros_tut/lib/python3.8/site-packages/ros_tut/srv/_success_s.c
-- Installing: /home/ari/ros-tut/install/ros_tut/lib/python3.8/site-packages/ros_tut/srv/_add_three_ints.py
-- Installing: /home/ari/ros-tut/install/ros_tut/lib/python3.8/site-packages/ros_tut/srv/__init__.py
-- Installing: /home/ari/ros-tut/install/ros_tut/lib/python3.8/site-packages/ros_tut/srv/_success.py
-- Installing: /home/ari/ros-tut/install/ros_tut/lib/python3.8/site-packages/ros_tut/srv/_add_three_ints_s.c
-- Installing: /home/ari/ros-tut/install/ros_tut/lib/python3.8/site-packages/ros_tut/ros_tut_s__rosidl_typesupport_fastrtps_c.cpython-38-aarch64-linux-gnu.so
-- Set runtime path of "/home/ari/ros-tut/install/ros_tut/lib/python3.8/site-packages/ros_tut/ros_tut_s__rosidl_typesupport_fastrtps_c.cpython-38-aarch64-linux-gnu.so" to ""
-- Installing: /home/ari/ros-tut/install/ros_tut/lib/python3.8/site-packages/ros_tut/ros_tut_s__rosidl_typesupport_introspection_c.cpython-38-aarch64-linux-gnu.so
-- Set runtime path of "/home/ari/ros-tut/install/ros_tut/lib/python3.8/site-packages/ros_tut/ros_tut_s__rosidl_typesupport_introspection_c.cpython-38-aarch64-linux-gnu.so" to ""
-- Installing: /home/ari/ros-tut/install/ros_tut/lib/python3.8/site-packages/ros_tut/ros_tut_s__rosidl_typesupport_c.cpython-38-aarch64-linux-gnu.so
-- Set runtime path of "/home/ari/ros-tut/install/ros_tut/lib/python3.8/site-packages/ros_tut/ros_tut_s__rosidl_typesupport_c.cpython-38-aarch64-linux-gnu.so" to ""
-- Installing: /home/ari/ros-tut/install/ros_tut/lib/libros_tut__python.so
-- Set runtime path of "/home/ari/ros-tut/install/ros_tut/lib/libros_tut__python.so" to ""
-- Installing: /home/ari/ros-tut/install/ros_tut/share/ros_tut/msg/Num.idl
-- Installing: /home/ari/ros-tut/install/ros_tut/share/ros_tut/srv/AddThreeInts.idl
-- Installing: /home/ari/ros-tut/install/ros_tut/share/ros_tut/srv/Success.idl
-- Installing: /home/ari/ros-tut/install/ros_tut/share/ros_tut/msg/Num.msg
-- Installing: /home/ari/ros-tut/install/ros_tut/share/ros_tut/srv/AddThreeInts.srv
-- Installing: /home/ari/ros-tut/install/ros_tut/share/ros_tut/srv/AddThreeInts_Request.msg
-- Installing: /home/ari/ros-tut/install/ros_tut/share/ros_tut/srv/AddThreeInts_Response.msg
-- Installing: /home/ari/ros-tut/install/ros_tut/share/ros_tut/srv/Success.srv
-- Installing: /home/ari/ros-tut/install/ros_tut/share/ros_tut/srv/Success_Request.msg
-- Installing: /home/ari/ros-tut/install/ros_tut/share/ros_tut/srv/Success_Response.msg
-- Installing: /home/ari/ros-tut/install/ros_tut/lib/libkill_turtles.so
-- Set runtime path of "/home/ari/ros-tut/install/ros_tut/lib/libkill_turtles.so" to ""
-- Installing: /home/ari/ros-tut/install/ros_tut/lib/libcircle.so
-- Set runtime path of "/home/ari/ros-tut/install/ros_tut/lib/libcircle.so" to ""
-- Installing: /home/ari/ros-tut/install/ros_tut/lib/libspawn.so
-- Set runtime path of "/home/ari/ros-tut/install/ros_tut/lib/libspawn.so" to ""
-- Installing: /home/ari/ros-tut/install/ros_tut/share/ament_index/resource_index/package_run_dependencies/ros_tut
-- Installing: /home/ari/ros-tut/install/ros_tut/share/ament_index/resource_index/parent_prefix_path/ros_tut
-- Installing: /home/ari/ros-tut/install/ros_tut/share/ros_tut/environment/ament_prefix_path.sh
-- Installing: /home/ari/ros-tut/install/ros_tut/share/ros_tut/environment/ament_prefix_path.dsv
-- Installing: /home/ari/ros-tut/install/ros_tut/share/ros_tut/environment/path.sh
-- Installing: /home/ari/ros-tut/install/ros_tut/share/ros_tut/environment/path.dsv
-- Installing: /home/ari/ros-tut/install/ros_tut/share/ros_tut/local_setup.bash
-- Installing: /home/ari/ros-tut/install/ros_tut/share/ros_tut/local_setup.sh
-- Installing: /home/ari/ros-tut/install/ros_tut/share/ros_tut/local_setup.zsh
-- Installing: /home/ari/ros-tut/install/ros_tut/share/ros_tut/local_setup.dsv
-- Installing: /home/ari/ros-tut/install/ros_tut/share/ros_tut/package.dsv
-- Installing: /home/ari/ros-tut/install/ros_tut/share/ament_index/resource_index/packages/ros_tut
-- Installing: /home/ari/ros-tut/install/ros_tut/share/ros_tut/cmake/ros_tut__rosidl_generator_cExport.cmake
-- Installing: /home/ari/ros-tut/install/ros_tut/share/ros_tut/cmake/ros_tut__rosidl_generator_cExport-noconfig.cmake
-- Installing: /home/ari/ros-tut/install/ros_tut/share/ros_tut/cmake/ros_tut__rosidl_typesupport_introspection_cExport.cmake
-- Installing: /home/ari/ros-tut/install/ros_tut/share/ros_tut/cmake/ros_tut__rosidl_typesupport_introspection_cExport-noconfig.cmake
-- Installing: /home/ari/ros-tut/install/ros_tut/share/ros_tut/cmake/ros_tut__rosidl_typesupport_cExport.cmake
-- Installing: /home/ari/ros-tut/install/ros_tut/share/ros_tut/cmake/ros_tut__rosidl_typesupport_cExport-noconfig.cmake
-- Installing: /home/ari/ros-tut/install/ros_tut/share/ros_tut/cmake/ros_tut__rosidl_generator_cppExport.cmake
-- Installing: /home/ari/ros-tut/install/ros_tut/share/ros_tut/cmake/ros_tut__rosidl_typesupport_introspection_cppExport.cmake
-- Installing: /home/ari/ros-tut/install/ros_tut/share/ros_tut/cmake/ros_tut__rosidl_typesupport_introspection_cppExport-noconfig.cmake
-- Installing: /home/ari/ros-tut/install/ros_tut/share/ros_tut/cmake/ros_tut__rosidl_typesupport_cppExport.cmake
-- Installing: /home/ari/ros-tut/install/ros_tut/share/ros_tut/cmake/ros_tut__rosidl_typesupport_cppExport-noconfig.cmake
-- Installing: /home/ari/ros-tut/install/ros_tut/share/ament_index/resource_index/rclcpp_components/ros_tut
-- Installing: /home/ari/ros-tut/install/ros_tut/share/ros_tut/cmake/rosidl_cmake-extras.cmake
-- Installing: /home/ari/ros-tut/install/ros_tut/share/ros_tut/cmake/ament_cmake_export_dependencies-extras.cmake
-- Installing: /home/ari/ros-tut/install/ros_tut/share/ros_tut/cmake/ament_cmake_export_libraries-extras.cmake
-- Installing: /home/ari/ros-tut/install/ros_tut/share/ros_tut/cmake/ament_cmake_export_targets-extras.cmake
-- Installing: /home/ari/ros-tut/install/ros_tut/share/ros_tut/cmake/ament_cmake_export_include_directories-extras.cmake
-- Installing: /home/ari/ros-tut/install/ros_tut/share/ros_tut/cmake/rosidl_cmake_export_typesupport_libraries-extras.cmake
-- Installing: /home/ari/ros-tut/install/ros_tut/share/ros_tut/cmake/rosidl_cmake_export_typesupport_targets-extras.cmake
-- Installing: /home/ari/ros-tut/install/ros_tut/share/ros_tut/cmake/ros_tutConfig.cmake
-- Installing: /home/ari/ros-tut/install/ros_tut/share/ros_tut/cmake/ros_tutConfig-version.cmake
-- Installing: /home/ari/ros-tut/install/ros_tut/share/ros_tut/package.xml
