[0.013s] Invoking command in '/home/ari/ros-tut/build/ros_tut': CMAKE_PREFIX_PATH=${CMAKE_PREFIX_PATH}:/opt/ros/foxy /usr/bin/cmake /home/ari/ros-tut -DCMAKE_INSTALL_PREFIX=/home/ari/ros-tut/install/ros_tut
[0.143s] -- The C compiler identification is GNU 9.3.0
[0.217s] -- The CXX compiler identification is GNU 9.3.0
[0.225s] -- Check for working C compiler: /usr/bin/cc
[0.272s] -- Check for working C compiler: /usr/bin/cc -- works
[0.273s] -- Detecting C compiler ABI info
[0.318s] -- Detecting C compiler ABI info - done
[0.326s] -- Detecting C compile features
[0.326s] -- Detecting C compile features - done
[0.329s] -- Check for working CXX compiler: /usr/bin/c++
[0.377s] -- Check for working CXX compiler: /usr/bin/c++ -- works
[0.377s] -- Detecting CXX compiler ABI info
[0.431s] -- Detecting CXX compiler ABI info - done
[0.439s] -- Detecting CXX compile features
[0.440s] -- Detecting CXX compile features - done
[0.443s] -- Found ament_cmake: 0.9.8 (/opt/ros/foxy/share/ament_cmake/cmake)
[0.463s] -- Found PythonInterp: /usr/bin/python3 (found suitable version "3.8.5", minimum required is "3") 
[0.463s] -- Using PYTHON_EXECUTABLE: /usr/bin/python3
[0.585s] -- Found rclcpp: 2.3.1 (/opt/ros/foxy/share/rclcpp/cmake)
[0.646s] -- Using all available rosidl_typesupport_c: rosidl_typesupport_fastrtps_c;rosidl_typesupport_introspection_c
[0.655s] -- Found rosidl_adapter: 1.2.1 (/opt/ros/foxy/share/rosidl_adapter/cmake)
[0.764s] -- Found OpenSSL: /usr/lib/aarch64-linux-gnu/libcrypto.so (found version "1.1.1f")  
[0.794s] -- Found FastRTPS: /opt/ros/foxy/include  
[0.869s] -- Using all available rosidl_typesupport_cpp: rosidl_typesupport_fastrtps_cpp;rosidl_typesupport_introspection_cpp
[0.921s] -- Found rmw_implementation_cmake: 1.0.3 (/opt/ros/foxy/share/rmw_implementation_cmake/cmake)
[0.924s] -- Using RMW implementation 'rmw_fastrtps_cpp' as default
[0.926s] -- Looking for pthread.h
[0.974s] -- Looking for pthread.h - found
[0.974s] -- Performing Test CMAKE_HAVE_LIBC_PTHREAD
[1.021s] -- Performing Test CMAKE_HAVE_LIBC_PTHREAD - Failed
[1.021s] -- Looking for pthread_create in pthreads
[1.057s] -- Looking for pthread_create in pthreads - not found
[1.058s] -- Looking for pthread_create in pthread
[1.099s] -- Looking for pthread_create in pthread - found
[1.100s] -- Found Threads: TRUE  
[1.227s] -- Found turtlesim: 1.2.5 (/opt/ros/foxy/share/turtlesim/cmake)
[1.314s] -- Found rclcpp_components: 2.3.1 (/opt/ros/foxy/share/rclcpp_components/cmake)
[1.370s] -- Found rclcpp_action: 2.3.1 (/opt/ros/foxy/share/rclcpp_action/cmake)
[1.398s] -- Found geometry_msgs: 2.0.4 (/opt/ros/foxy/share/geometry_msgs/cmake)
[1.430s] -- Found rosidl_default_generators: 1.0.1 (/opt/ros/foxy/share/rosidl_default_generators/cmake)
[1.455s] -- Found PythonInterp: /usr/bin/python3 (found version "3.8.5") 
[1.538s] -- Found ament_cmake_ros: 0.9.2 (/opt/ros/foxy/share/ament_cmake_ros/cmake)
[1.644s] -- Using all available rosidl_typesupport_c: rosidl_typesupport_fastrtps_c;rosidl_typesupport_introspection_c
[1.650s] -- Using all available rosidl_typesupport_cpp: rosidl_typesupport_fastrtps_cpp;rosidl_typesupport_introspection_cpp
[1.665s] -- Found PythonInterp: /usr/bin/python3 (found suitable version "3.8.5", minimum required is "3.5") 
[1.667s] -- Found python_cmake_module: 0.8.1 (/opt/ros/foxy/share/python_cmake_module/cmake)
[1.689s] -- Found PythonLibs: /usr/lib/aarch64-linux-gnu/libpython3.8.so (found suitable version "3.8.5", minimum required is "3.5") 
[1.689s] -- Using PYTHON_EXECUTABLE: /usr/bin/python3
[1.689s] -- Using PYTHON_INCLUDE_DIRS: /usr/include/python3.8
[1.689s] -- Using PYTHON_LIBRARIES: /usr/lib/aarch64-linux-gnu/libpython3.8.so
[1.702s] -- Found PythonExtra: .so  
[1.733s] -- Found ament_lint_auto: 0.9.6 (/opt/ros/foxy/share/ament_lint_auto/cmake)
[1.766s] -- Added test 'copyright' to check source files copyright and LICENSE
[1.903s] -- Added test 'cppcheck' to perform static code analysis on C / C++ code
[1.905s] -- Configured cppcheck include dirs: /home/ari/ros-tut/include;$<BUILD_INTERFACE:/home/ari/ros-tut/build/ros_tut/rosidl_generator_c>;/home/ari/ros-tut/build/ros_tut/rosidl_generator_c;/home/ari/ros-tut/build/ros_tut/rosidl_generator_cpp;/home/ari/ros-tut/build/ros_tut/rosidl_typesupport_fastrtps_c;/home/ari/ros-tut/build/ros_tut/rosidl_typesupport_fastrtps_cpp;$<BUILD_INTERFACE:/home/ari/ros-tut/build/ros_tut/rosidl_typesupport_introspection_c>;$<BUILD_INTERFACE:/home/ari/ros-tut/build/ros_tut/rosidl_typesupport_c>;$<BUILD_INTERFACE:/home/ari/ros-tut/build/ros_tut/rosidl_generator_cpp>;/home/ari/ros-tut/build/ros_tut/rosidl_generator_py
[1.905s] -- Configured cppcheck exclude dirs and/or files: 
[1.983s] -- Added test 'cpplint' to check C / C++ code against the Google style
[1.983s] -- Configured cpplint exclude dirs and/or files: 
[1.994s] -- Added test 'flake8' to check Python code syntax and style conventions
[2.013s] -- Added test 'lint_cmake' to check CMake code style
[2.024s] -- Added test 'pep257' to check Python code against some of the style conventions in PEP 257
[2.095s] -- Added test 'uncrustify' to check C / C++ code style
[2.095s] -- Configured uncrustify additional arguments: 
[2.105s] -- Added test 'xmllint' to check XML markup files
[2.112s] -- Configuring done
[2.147s] -- Generating done
[2.149s] -- Build files have been written to: /home/ari/ros-tut/build/ros_tut
[2.157s] Invoked command in '/home/ari/ros-tut/build/ros_tut' returned '0': CMAKE_PREFIX_PATH=${CMAKE_PREFIX_PATH}:/opt/ros/foxy /usr/bin/cmake /home/ari/ros-tut -DCMAKE_INSTALL_PREFIX=/home/ari/ros-tut/install/ros_tut
[2.157s] Invoking command in '/home/ari/ros-tut/build/ros_tut': CMAKE_PREFIX_PATH=${CMAKE_PREFIX_PATH}:/opt/ros/foxy /usr/bin/cmake --build /home/ari/ros-tut/build/ros_tut -- -j8 -l8
[2.188s] [35m[1mScanning dependencies of target ros_tut__cpp[0m
[2.188s] [  1%] [34m[1mGenerating C code for ROS interfaces[0m
[2.189s] [35m[1mScanning dependencies of target circle[0m
[2.201s] [35m[1mScanning dependencies of target spawn[0m
[2.210s] [  3%] [34m[1mGenerating C++ code for ROS interfaces[0m
[2.210s] [35m[1mScanning dependencies of target kill_turtles[0m
[2.236s] [  5%] [32mBuilding CXX object CMakeFiles/circle.dir/src/circle.cpp.o[0m
[2.252s] [  7%] [32mBuilding CXX object CMakeFiles/spawn.dir/src/spawn.cpp.o[0m
[2.264s] [  9%] [32mBuilding CXX object CMakeFiles/kill_turtles.dir/src/clear_turtles.cpp.o[0m
[2.553s] [35m[1mScanning dependencies of target ros_tut__rosidl_generator_c[0m
[2.560s] [  9%] Built target ros_tut__cpp
[2.565s] [ 11%] [32mBuilding C object CMakeFiles/ros_tut__rosidl_generator_c.dir/rosidl_generator_c/ros_tut/msg/detail/num__functions.c.o[0m
[2.566s] [ 13%] [32mBuilding C object CMakeFiles/ros_tut__rosidl_generator_c.dir/rosidl_generator_c/ros_tut/srv/detail/add_three_ints__functions.c.o[0m
[2.576s] [ 15%] [32mBuilding C object CMakeFiles/ros_tut__rosidl_generator_c.dir/rosidl_generator_c/ros_tut/srv/detail/success__functions.c.o[0m
[2.581s] [ 16%] [34m[1mGenerating C++ introspection for ROS interfaces[0m
[2.587s] [ 18%] [34m[1mGenerating C++ type support for eProsima Fast-RTPS[0m
[2.661s] [ 20%] [34m[1mGenerating C++ type support dispatch for ROS interfaces[0m
[2.687s] [ 22%] [32m[1mLinking C shared library libros_tut__rosidl_generator_c.so[0m
[2.761s] [ 22%] Built target ros_tut__rosidl_generator_c
[2.778s] [ 24%] [34m[1mGenerating C type support dispatch for ROS interfaces[0m
[2.843s] [ 26%] [34m[1mGenerating C introspection for ROS interfaces[0m
[2.969s] [35m[1mScanning dependencies of target ros_tut__rosidl_typesupport_cpp[0m
[2.982s] [35m[1mScanning dependencies of target ros_tut__rosidl_typesupport_fastrtps_cpp[0m
[3.012s] [ 28%] [32mBuilding CXX object CMakeFiles/ros_tut__rosidl_typesupport_cpp.dir/rosidl_typesupport_cpp/ros_tut/msg/num__type_support.cpp.o[0m
[3.045s] [ 30%] [32mBuilding CXX object CMakeFiles/ros_tut__rosidl_typesupport_fastrtps_cpp.dir/rosidl_typesupport_fastrtps_cpp/ros_tut/msg/detail/dds_fastrtps/num__type_support.cpp.o[0m
[3.127s] [35m[1mScanning dependencies of target ros_tut__rosidl_typesupport_introspection_cpp[0m
[3.145s] [35m[1mScanning dependencies of target ros_tut__rosidl_typesupport_c[0m
[3.227s] [ 32%] [32mBuilding CXX object CMakeFiles/ros_tut__rosidl_typesupport_c.dir/rosidl_typesupport_c/ros_tut/msg/num__type_support.cpp.o[0m
[3.272s] [ 33%] [32mBuilding CXX object CMakeFiles/ros_tut__rosidl_typesupport_introspection_cpp.dir/rosidl_typesupport_introspection_cpp/ros_tut/msg/detail/num__type_support.cpp.o[0m
[3.356s] [ 35%] [32mBuilding CXX object CMakeFiles/ros_tut__rosidl_typesupport_cpp.dir/rosidl_typesupport_cpp/ros_tut/srv/add_three_ints__type_support.cpp.o[0m
[3.395s] [ 37%] [32mBuilding CXX object CMakeFiles/ros_tut__rosidl_typesupport_c.dir/rosidl_typesupport_c/ros_tut/srv/add_three_ints__type_support.cpp.o[0m
[3.400s] [35m[1mScanning dependencies of target ros_tut__rosidl_typesupport_introspection_c[0m
[3.465s] [ 39%] [32mBuilding C object CMakeFiles/ros_tut__rosidl_typesupport_introspection_c.dir/rosidl_typesupport_introspection_c/ros_tut/msg/detail/num__type_support.c.o[0m
[3.506s] [ 41%] [32mBuilding CXX object CMakeFiles/ros_tut__rosidl_typesupport_c.dir/rosidl_typesupport_c/ros_tut/srv/success__type_support.cpp.o[0m
[3.546s] [ 43%] [32mBuilding CXX object CMakeFiles/ros_tut__rosidl_typesupport_fastrtps_cpp.dir/rosidl_typesupport_fastrtps_cpp/ros_tut/srv/detail/dds_fastrtps/add_three_ints__type_support.cpp.o[0m
[3.611s] [ 45%] [32mBuilding C object CMakeFiles/ros_tut__rosidl_typesupport_introspection_c.dir/rosidl_typesupport_introspection_c/ros_tut/srv/detail/add_three_ints__type_support.c.o[0m
[3.634s] [ 47%] [32m[1mLinking CXX shared library libros_tut__rosidl_typesupport_c.so[0m
[3.666s] [ 49%] [32mBuilding CXX object CMakeFiles/ros_tut__rosidl_typesupport_introspection_cpp.dir/rosidl_typesupport_introspection_cpp/ros_tut/srv/detail/add_three_ints__type_support.cpp.o[0m
[3.674s] [ 50%] [32mBuilding CXX object CMakeFiles/ros_tut__rosidl_typesupport_cpp.dir/rosidl_typesupport_cpp/ros_tut/srv/success__type_support.cpp.o[0m
[3.679s] [ 52%] [32mBuilding C object CMakeFiles/ros_tut__rosidl_typesupport_introspection_c.dir/rosidl_typesupport_introspection_c/ros_tut/srv/detail/success__type_support.c.o[0m
[3.730s] [ 54%] [32m[1mLinking C shared library libros_tut__rosidl_typesupport_introspection_c.so[0m
[3.757s] [ 54%] Built target ros_tut__rosidl_typesupport_c
[3.778s] [ 56%] [32mBuilding CXX object CMakeFiles/ros_tut__rosidl_typesupport_introspection_cpp.dir/rosidl_typesupport_introspection_cpp/ros_tut/srv/detail/success__type_support.cpp.o[0m
[3.786s] [ 56%] Built target ros_tut__rosidl_typesupport_introspection_c
[3.809s] [ 58%] [32mBuilding CXX object CMakeFiles/ros_tut__rosidl_typesupport_fastrtps_cpp.dir/rosidl_typesupport_fastrtps_cpp/ros_tut/srv/detail/dds_fastrtps/success__type_support.cpp.o[0m
[4.059s] [ 60%] [32m[1mLinking CXX shared library libros_tut__rosidl_typesupport_cpp.so[0m
[4.196s] [ 62%] [32m[1mLinking CXX shared library libros_tut__rosidl_typesupport_introspection_cpp.so[0m
[4.215s] [ 62%] Built target ros_tut__rosidl_typesupport_cpp
[4.277s] [ 62%] Built target ros_tut__rosidl_typesupport_introspection_cpp
[4.329s] [ 64%] [32m[1mLinking CXX shared library libros_tut__rosidl_typesupport_fastrtps_cpp.so[0m
[4.434s] [ 64%] Built target ros_tut__rosidl_typesupport_fastrtps_cpp
[4.457s] [ 66%] [34m[1mGenerating C type support for eProsima Fast-RTPS[0m
[4.753s] [ 67%] [32m[1mLinking CXX shared library libkill_turtles.so[0m
[4.758s] [35m[1mScanning dependencies of target ros_tut__rosidl_typesupport_fastrtps_c[0m
[4.782s] [ 69%] [32mBuilding CXX object CMakeFiles/ros_tut__rosidl_typesupport_fastrtps_c.dir/rosidl_typesupport_fastrtps_c/ros_tut/msg/detail/num__type_support_c.cpp.o[0m
[4.788s] [ 71%] [32mBuilding CXX object CMakeFiles/ros_tut__rosidl_typesupport_fastrtps_c.dir/rosidl_typesupport_fastrtps_c/ros_tut/srv/detail/add_three_ints__type_support_c.cpp.o[0m
[4.789s] [ 73%] [32mBuilding CXX object CMakeFiles/ros_tut__rosidl_typesupport_fastrtps_c.dir/rosidl_typesupport_fastrtps_c/ros_tut/srv/detail/success__type_support_c.cpp.o[0m
[4.938s] [ 75%] [32m[1mLinking CXX shared library libspawn.so[0m
[4.967s] [ 75%] Built target kill_turtles
[5.111s] [ 75%] Built target spawn
[5.173s] [ 77%] [32m[1mLinking CXX shared library libros_tut__rosidl_typesupport_fastrtps_c.so[0m
[5.228s] [ 79%] [32m[1mLinking CXX shared library libcircle.so[0m
[5.241s] [ 79%] Built target ros_tut__rosidl_typesupport_fastrtps_c
[5.251s] [35m[1mScanning dependencies of target ros_tut[0m
[5.259s] [ 79%] Built target ros_tut
[5.266s] [35m[1mScanning dependencies of target ros_tut__py[0m
[5.275s] [ 81%] [34m[1mGenerating Python code for ROS interfaces[0m
[5.366s] [ 81%] Built target circle
[5.676s] [ 81%] Built target ros_tut__py
[5.685s] [35m[1mScanning dependencies of target ros_tut__python[0m
[5.719s] [ 83%] [32mBuilding C object CMakeFiles/ros_tut__python.dir/rosidl_generator_py/ros_tut/msg/_num_s.c.o[0m
[5.721s] [ 84%] [32mBuilding C object CMakeFiles/ros_tut__python.dir/rosidl_generator_py/ros_tut/srv/_add_three_ints_s.c.o[0m
[5.722s] [ 86%] [32mBuilding C object CMakeFiles/ros_tut__python.dir/rosidl_generator_py/ros_tut/srv/_success_s.c.o[0m
[5.798s] [ 88%] [32m[1mLinking C shared library rosidl_generator_py/ros_tut/libros_tut__python.so[0m
[5.822s] [ 88%] Built target ros_tut__python
[5.831s] [35m[1mScanning dependencies of target ros_tut__rosidl_typesupport_c__pyext[0m
[5.831s] [35m[1mScanning dependencies of target ros_tut__rosidl_typesupport_fastrtps_c__pyext[0m
[5.831s] [35m[1mScanning dependencies of target ros_tut__rosidl_typesupport_introspection_c__pyext[0m
[5.845s] [ 90%] [32mBuilding C object CMakeFiles/ros_tut__rosidl_typesupport_fastrtps_c__pyext.dir/rosidl_generator_py/ros_tut/_ros_tut_s.ep.rosidl_typesupport_fastrtps_c.c.o[0m
[5.849s] [ 92%] [32mBuilding C object CMakeFiles/ros_tut__rosidl_typesupport_introspection_c__pyext.dir/rosidl_generator_py/ros_tut/_ros_tut_s.ep.rosidl_typesupport_introspection_c.c.o[0m
[5.854s] [ 94%] [32mBuilding C object CMakeFiles/ros_tut__rosidl_typesupport_c__pyext.dir/rosidl_generator_py/ros_tut/_ros_tut_s.ep.rosidl_typesupport_c.c.o[0m
[5.923s] [ 96%] [32m[1mLinking C shared library rosidl_generator_py/ros_tut/ros_tut_s__rosidl_typesupport_c.cpython-38-aarch64-linux-gnu.so[0m
[5.934s] [ 98%] [32m[1mLinking C shared library rosidl_generator_py/ros_tut/ros_tut_s__rosidl_typesupport_introspection_c.cpython-38-aarch64-linux-gnu.so[0m
[5.937s] [100%] [32m[1mLinking CXX shared library rosidl_generator_py/ros_tut/ros_tut_s__rosidl_typesupport_fastrtps_c.cpython-38-aarch64-linux-gnu.so[0m
[5.952s] [100%] Built target ros_tut__rosidl_typesupport_c__pyext
[5.961s] [100%] Built target ros_tut__rosidl_typesupport_introspection_c__pyext
[5.984s] [100%] Built target ros_tut__rosidl_typesupport_fastrtps_c__pyext
[5.994s] Invoked command in '/home/ari/ros-tut/build/ros_tut' returned '0': CMAKE_PREFIX_PATH=${CMAKE_PREFIX_PATH}:/opt/ros/foxy /usr/bin/cmake --build /home/ari/ros-tut/build/ros_tut -- -j8 -l8
[6.077s] Invoking command in '/home/ari/ros-tut/build/ros_tut': CMAKE_PREFIX_PATH=${CMAKE_PREFIX_PATH}:/opt/ros/foxy /usr/bin/cmake --install /home/ari/ros-tut/build/ros_tut
[6.083s] -- Install configuration: ""
[6.083s] -- Installing: /home/ari/ros-tut/install/ros_tut/share/ament_index/resource_index/rosidl_interfaces/ros_tut
[6.084s] -- Installing: /home/ari/ros-tut/install/ros_tut/include/ros_tut
[6.084s] -- Installing: /home/ari/ros-tut/install/ros_tut/include/ros_tut/msg
[6.084s] -- Installing: /home/ari/ros-tut/install/ros_tut/include/ros_tut/msg/detail
[6.084s] -- Installing: /home/ari/ros-tut/install/ros_tut/include/ros_tut/msg/detail/num__type_support.h
[6.084s] -- Installing: /home/ari/ros-tut/install/ros_tut/include/ros_tut/msg/detail/num__functions.c
[6.084s] -- Installing: /home/ari/ros-tut/install/ros_tut/include/ros_tut/msg/detail/num__struct.h
[6.084s] -- Installing: /home/ari/ros-tut/install/ros_tut/include/ros_tut/msg/detail/num__functions.h
[6.084s] -- Installing: /home/ari/ros-tut/install/ros_tut/include/ros_tut/msg/rosidl_generator_c__visibility_control.h
[6.084s] -- Installing: /home/ari/ros-tut/install/ros_tut/include/ros_tut/msg/num.h
[6.084s] -- Installing: /home/ari/ros-tut/install/ros_tut/include/ros_tut/srv
[6.085s] -- Installing: /home/ari/ros-tut/install/ros_tut/include/ros_tut/srv/detail
[6.085s] -- Installing: /home/ari/ros-tut/install/ros_tut/include/ros_tut/srv/detail/success__struct.h
[6.085s] -- Installing: /home/ari/ros-tut/install/ros_tut/include/ros_tut/srv/detail/success__functions.c
[6.085s] -- Installing: /home/ari/ros-tut/install/ros_tut/include/ros_tut/srv/detail/add_three_ints__type_support.h
[6.085s] -- Installing: /home/ari/ros-tut/install/ros_tut/include/ros_tut/srv/detail/success__type_support.h
[6.085s] -- Installing: /home/ari/ros-tut/install/ros_tut/include/ros_tut/srv/detail/success__functions.h
[6.085s] -- Installing: /home/ari/ros-tut/install/ros_tut/include/ros_tut/srv/detail/add_three_ints__functions.h
[6.085s] -- Installing: /home/ari/ros-tut/install/ros_tut/include/ros_tut/srv/detail/add_three_ints__functions.c
[6.085s] -- Installing: /home/ari/ros-tut/install/ros_tut/include/ros_tut/srv/detail/add_three_ints__struct.h
[6.085s] -- Installing: /home/ari/ros-tut/install/ros_tut/include/ros_tut/srv/success.h
[6.088s] -- Installing: /home/ari/ros-tut/install/ros_tut/include/ros_tut/srv/add_three_ints.h
[6.088s] -- Installing: /home/ari/ros-tut/install/ros_tut/share/ros_tut/environment/library_path.sh
[6.089s] -- Installing: /home/ari/ros-tut/install/ros_tut/share/ros_tut/environment/library_path.dsv
[6.089s] -- Installing: /home/ari/ros-tut/install/ros_tut/lib/libros_tut__rosidl_generator_c.so
[6.089s] -- Set runtime path of "/home/ari/ros-tut/install/ros_tut/lib/libros_tut__rosidl_generator_c.so" to ""
[6.089s] -- Up-to-date: /home/ari/ros-tut/install/ros_tut/include/ros_tut
[6.089s] -- Up-to-date: /home/ari/ros-tut/install/ros_tut/include/ros_tut/msg
[6.089s] -- Installing: /home/ari/ros-tut/install/ros_tut/include/ros_tut/msg/rosidl_typesupport_fastrtps_c__visibility_control.h
[6.089s] -- Up-to-date: /home/ari/ros-tut/install/ros_tut/include/ros_tut/msg/detail
[6.089s] -- Installing: /home/ari/ros-tut/install/ros_tut/include/ros_tut/msg/detail/num__rosidl_typesupport_fastrtps_c.h
[6.089s] -- Up-to-date: /home/ari/ros-tut/install/ros_tut/include/ros_tut/srv
[6.089s] -- Up-to-date: /home/ari/ros-tut/install/ros_tut/include/ros_tut/srv/detail
[6.090s] -- Installing: /home/ari/ros-tut/install/ros_tut/include/ros_tut/srv/detail/add_three_ints__rosidl_typesupport_fastrtps_c.h
[6.090s] -- Installing: /home/ari/ros-tut/install/ros_tut/include/ros_tut/srv/detail/success__rosidl_typesupport_fastrtps_c.h
[6.090s] -- Installing: /home/ari/ros-tut/install/ros_tut/lib/libros_tut__rosidl_typesupport_fastrtps_c.so
[6.090s] -- Set runtime path of "/home/ari/ros-tut/install/ros_tut/lib/libros_tut__rosidl_typesupport_fastrtps_c.so" to ""
[6.090s] -- Up-to-date: /home/ari/ros-tut/install/ros_tut/include/ros_tut
[6.091s] -- Up-to-date: /home/ari/ros-tut/install/ros_tut/include/ros_tut/msg
[6.091s] -- Up-to-date: /home/ari/ros-tut/install/ros_tut/include/ros_tut/msg/detail
[6.091s] -- Installing: /home/ari/ros-tut/install/ros_tut/include/ros_tut/msg/detail/num__rosidl_typesupport_fastrtps_cpp.hpp
[6.091s] -- Installing: /home/ari/ros-tut/install/ros_tut/include/ros_tut/msg/detail/dds_fastrtps
[6.091s] -- Installing: /home/ari/ros-tut/install/ros_tut/include/ros_tut/msg/rosidl_typesupport_fastrtps_cpp__visibility_control.h
[6.091s] -- Up-to-date: /home/ari/ros-tut/install/ros_tut/include/ros_tut/srv
[6.091s] -- Up-to-date: /home/ari/ros-tut/install/ros_tut/include/ros_tut/srv/detail
[6.091s] -- Installing: /home/ari/ros-tut/install/ros_tut/include/ros_tut/srv/detail/add_three_ints__rosidl_typesupport_fastrtps_cpp.hpp
[6.091s] -- Installing: /home/ari/ros-tut/install/ros_tut/include/ros_tut/srv/detail/success__rosidl_typesupport_fastrtps_cpp.hpp
[6.091s] -- Installing: /home/ari/ros-tut/install/ros_tut/include/ros_tut/srv/detail/dds_fastrtps
[6.091s] -- Installing: /home/ari/ros-tut/install/ros_tut/lib/libros_tut__rosidl_typesupport_fastrtps_cpp.so
[6.091s] -- Set runtime path of "/home/ari/ros-tut/install/ros_tut/lib/libros_tut__rosidl_typesupport_fastrtps_cpp.so" to ""
[6.091s] -- Up-to-date: /home/ari/ros-tut/install/ros_tut/include/ros_tut
[6.091s] -- Up-to-date: /home/ari/ros-tut/install/ros_tut/include/ros_tut/msg
[6.091s] -- Up-to-date: /home/ari/ros-tut/install/ros_tut/include/ros_tut/msg/detail
[6.091s] -- Installing: /home/ari/ros-tut/install/ros_tut/include/ros_tut/msg/detail/num__type_support.c
[6.091s] -- Installing: /home/ari/ros-tut/install/ros_tut/include/ros_tut/msg/detail/num__rosidl_typesupport_introspection_c.h
[6.091s] -- Installing: /home/ari/ros-tut/install/ros_tut/include/ros_tut/msg/rosidl_typesupport_introspection_c__visibility_control.h
[6.091s] -- Up-to-date: /home/ari/ros-tut/install/ros_tut/include/ros_tut/srv
[6.091s] -- Up-to-date: /home/ari/ros-tut/install/ros_tut/include/ros_tut/srv/detail
[6.091s] -- Installing: /home/ari/ros-tut/install/ros_tut/include/ros_tut/srv/detail/success__rosidl_typesupport_introspection_c.h
[6.091s] -- Installing: /home/ari/ros-tut/install/ros_tut/include/ros_tut/srv/detail/add_three_ints__type_support.c
[6.092s] -- Installing: /home/ari/ros-tut/install/ros_tut/include/ros_tut/srv/detail/add_three_ints__rosidl_typesupport_introspection_c.h
[6.092s] -- Installing: /home/ari/ros-tut/install/ros_tut/include/ros_tut/srv/detail/success__type_support.c
[6.092s] -- Installing: /home/ari/ros-tut/install/ros_tut/lib/libros_tut__rosidl_typesupport_introspection_c.so
[6.092s] -- Set runtime path of "/home/ari/ros-tut/install/ros_tut/lib/libros_tut__rosidl_typesupport_introspection_c.so" to ""
[6.092s] -- Installing: /home/ari/ros-tut/install/ros_tut/lib/libros_tut__rosidl_typesupport_c.so
[6.093s] -- Set runtime path of "/home/ari/ros-tut/install/ros_tut/lib/libros_tut__rosidl_typesupport_c.so" to ""
[6.093s] -- Up-to-date: /home/ari/ros-tut/install/ros_tut/include/ros_tut
[6.093s] -- Up-to-date: /home/ari/ros-tut/install/ros_tut/include/ros_tut/msg
[6.093s] -- Up-to-date: /home/ari/ros-tut/install/ros_tut/include/ros_tut/msg/detail
[6.093s] -- Installing: /home/ari/ros-tut/install/ros_tut/include/ros_tut/msg/detail/num__struct.hpp
[6.093s] -- Installing: /home/ari/ros-tut/install/ros_tut/include/ros_tut/msg/detail/num__traits.hpp
[6.093s] -- Installing: /home/ari/ros-tut/install/ros_tut/include/ros_tut/msg/detail/num__builder.hpp
[6.093s] -- Installing: /home/ari/ros-tut/install/ros_tut/include/ros_tut/msg/num.hpp
[6.093s] -- Up-to-date: /home/ari/ros-tut/install/ros_tut/include/ros_tut/srv
[6.093s] -- Installing: /home/ari/ros-tut/install/ros_tut/include/ros_tut/srv/add_three_ints.hpp
[6.093s] -- Up-to-date: /home/ari/ros-tut/install/ros_tut/include/ros_tut/srv/detail
[6.094s] -- Installing: /home/ari/ros-tut/install/ros_tut/include/ros_tut/srv/detail/add_three_ints__builder.hpp
[6.094s] -- Installing: /home/ari/ros-tut/install/ros_tut/include/ros_tut/srv/detail/success__builder.hpp
[6.094s] -- Installing: /home/ari/ros-tut/install/ros_tut/include/ros_tut/srv/detail/success__traits.hpp
[6.094s] -- Installing: /home/ari/ros-tut/install/ros_tut/include/ros_tut/srv/detail/success__struct.hpp
[6.094s] -- Installing: /home/ari/ros-tut/install/ros_tut/include/ros_tut/srv/detail/add_three_ints__traits.hpp
[6.094s] -- Installing: /home/ari/ros-tut/install/ros_tut/include/ros_tut/srv/detail/add_three_ints__struct.hpp
[6.094s] -- Installing: /home/ari/ros-tut/install/ros_tut/include/ros_tut/srv/success.hpp
[6.095s] -- Up-to-date: /home/ari/ros-tut/install/ros_tut/include/ros_tut
[6.095s] -- Up-to-date: /home/ari/ros-tut/install/ros_tut/include/ros_tut/msg
[6.095s] -- Up-to-date: /home/ari/ros-tut/install/ros_tut/include/ros_tut/msg/detail
[6.095s] -- Installing: /home/ari/ros-tut/install/ros_tut/include/ros_tut/msg/detail/num__type_support.cpp
[6.095s] -- Installing: /home/ari/ros-tut/install/ros_tut/include/ros_tut/msg/detail/num__rosidl_typesupport_introspection_cpp.hpp
[6.095s] -- Up-to-date: /home/ari/ros-tut/install/ros_tut/include/ros_tut/srv
[6.097s] -- Up-to-date: /home/ari/ros-tut/install/ros_tut/include/ros_tut/srv/detail
[6.097s] -- Installing: /home/ari/ros-tut/install/ros_tut/include/ros_tut/srv/detail/add_three_ints__rosidl_typesupport_introspection_cpp.hpp
[6.097s] -- Installing: /home/ari/ros-tut/install/ros_tut/include/ros_tut/srv/detail/success__type_support.cpp
[6.097s] -- Installing: /home/ari/ros-tut/install/ros_tut/include/ros_tut/srv/detail/success__rosidl_typesupport_introspection_cpp.hpp
[6.097s] -- Installing: /home/ari/ros-tut/install/ros_tut/include/ros_tut/srv/detail/add_three_ints__type_support.cpp
[6.097s] -- Installing: /home/ari/ros-tut/install/ros_tut/lib/libros_tut__rosidl_typesupport_introspection_cpp.so
[6.097s] -- Set runtime path of "/home/ari/ros-tut/install/ros_tut/lib/libros_tut__rosidl_typesupport_introspection_cpp.so" to ""
[6.097s] -- Installing: /home/ari/ros-tut/install/ros_tut/lib/libros_tut__rosidl_typesupport_cpp.so
[6.097s] -- Set runtime path of "/home/ari/ros-tut/install/ros_tut/lib/libros_tut__rosidl_typesupport_cpp.so" to ""
[6.097s] -- Installing: /home/ari/ros-tut/install/ros_tut/share/ros_tut/environment/pythonpath.sh
[6.097s] -- Installing: /home/ari/ros-tut/install/ros_tut/share/ros_tut/environment/pythonpath.dsv
[6.097s] -- Installing: /home/ari/ros-tut/install/ros_tut/lib/python3.8/site-packages/ros_tut/__init__.py
[6.138s] Compiling '/home/ari/ros-tut/install/ros_tut/lib/python3.8/site-packages/ros_tut/__init__.py'...
[6.142s] -- Installing: /home/ari/ros-tut/install/ros_tut/lib/python3.8/site-packages/ros_tut/msg
[6.142s] -- Installing: /home/ari/ros-tut/install/ros_tut/lib/python3.8/site-packages/ros_tut/msg/_num_s.c
[6.142s] -- Installing: /home/ari/ros-tut/install/ros_tut/lib/python3.8/site-packages/ros_tut/msg/_num.py
[6.142s] -- Installing: /home/ari/ros-tut/install/ros_tut/lib/python3.8/site-packages/ros_tut/msg/__init__.py
[6.142s] -- Installing: /home/ari/ros-tut/install/ros_tut/lib/python3.8/site-packages/ros_tut/srv
[6.142s] -- Installing: /home/ari/ros-tut/install/ros_tut/lib/python3.8/site-packages/ros_tut/srv/_success_s.c
[6.142s] -- Installing: /home/ari/ros-tut/install/ros_tut/lib/python3.8/site-packages/ros_tut/srv/_add_three_ints.py
[6.142s] -- Installing: /home/ari/ros-tut/install/ros_tut/lib/python3.8/site-packages/ros_tut/srv/__init__.py
[6.143s] -- Installing: /home/ari/ros-tut/install/ros_tut/lib/python3.8/site-packages/ros_tut/srv/_success.py
[6.143s] -- Installing: /home/ari/ros-tut/install/ros_tut/lib/python3.8/site-packages/ros_tut/srv/_add_three_ints_s.c
[6.144s] -- Installing: /home/ari/ros-tut/install/ros_tut/lib/python3.8/site-packages/ros_tut/ros_tut_s__rosidl_typesupport_fastrtps_c.cpython-38-aarch64-linux-gnu.so
[6.144s] -- Set runtime path of "/home/ari/ros-tut/install/ros_tut/lib/python3.8/site-packages/ros_tut/ros_tut_s__rosidl_typesupport_fastrtps_c.cpython-38-aarch64-linux-gnu.so" to ""
[6.144s] -- Installing: /home/ari/ros-tut/install/ros_tut/lib/python3.8/site-packages/ros_tut/ros_tut_s__rosidl_typesupport_introspection_c.cpython-38-aarch64-linux-gnu.so
[6.145s] -- Set runtime path of "/home/ari/ros-tut/install/ros_tut/lib/python3.8/site-packages/ros_tut/ros_tut_s__rosidl_typesupport_introspection_c.cpython-38-aarch64-linux-gnu.so" to ""
[6.145s] -- Installing: /home/ari/ros-tut/install/ros_tut/lib/python3.8/site-packages/ros_tut/ros_tut_s__rosidl_typesupport_c.cpython-38-aarch64-linux-gnu.so
[6.145s] -- Set runtime path of "/home/ari/ros-tut/install/ros_tut/lib/python3.8/site-packages/ros_tut/ros_tut_s__rosidl_typesupport_c.cpython-38-aarch64-linux-gnu.so" to ""
[6.145s] -- Installing: /home/ari/ros-tut/install/ros_tut/lib/libros_tut__python.so
[6.145s] -- Set runtime path of "/home/ari/ros-tut/install/ros_tut/lib/libros_tut__python.so" to ""
[6.146s] -- Installing: /home/ari/ros-tut/install/ros_tut/share/ros_tut/msg/Num.idl
[6.146s] -- Installing: /home/ari/ros-tut/install/ros_tut/share/ros_tut/srv/AddThreeInts.idl
[6.146s] -- Installing: /home/ari/ros-tut/install/ros_tut/share/ros_tut/srv/Success.idl
[6.146s] -- Installing: /home/ari/ros-tut/install/ros_tut/share/ros_tut/msg/Num.msg
[6.146s] -- Installing: /home/ari/ros-tut/install/ros_tut/share/ros_tut/srv/AddThreeInts.srv
[6.147s] -- Installing: /home/ari/ros-tut/install/ros_tut/share/ros_tut/srv/AddThreeInts_Request.msg
[6.147s] -- Installing: /home/ari/ros-tut/install/ros_tut/share/ros_tut/srv/AddThreeInts_Response.msg
[6.147s] -- Installing: /home/ari/ros-tut/install/ros_tut/share/ros_tut/srv/Success.srv
[6.147s] -- Installing: /home/ari/ros-tut/install/ros_tut/share/ros_tut/srv/Success_Request.msg
[6.147s] -- Installing: /home/ari/ros-tut/install/ros_tut/share/ros_tut/srv/Success_Response.msg
[6.148s] -- Installing: /home/ari/ros-tut/install/ros_tut/lib/libkill_turtles.so
[6.148s] -- Set runtime path of "/home/ari/ros-tut/install/ros_tut/lib/libkill_turtles.so" to ""
[6.149s] -- Installing: /home/ari/ros-tut/install/ros_tut/lib/libcircle.so
[6.150s] -- Set runtime path of "/home/ari/ros-tut/install/ros_tut/lib/libcircle.so" to ""
[6.150s] -- Installing: /home/ari/ros-tut/install/ros_tut/lib/libspawn.so
[6.152s] -- Set runtime path of "/home/ari/ros-tut/install/ros_tut/lib/libspawn.so" to ""
[6.152s] -- Installing: /home/ari/ros-tut/install/ros_tut/share/ament_index/resource_index/package_run_dependencies/ros_tut
[6.152s] -- Installing: /home/ari/ros-tut/install/ros_tut/share/ament_index/resource_index/parent_prefix_path/ros_tut
[6.152s] -- Installing: /home/ari/ros-tut/install/ros_tut/share/ros_tut/environment/ament_prefix_path.sh
[6.152s] -- Installing: /home/ari/ros-tut/install/ros_tut/share/ros_tut/environment/ament_prefix_path.dsv
[6.153s] -- Installing: /home/ari/ros-tut/install/ros_tut/share/ros_tut/environment/path.sh
[6.153s] -- Installing: /home/ari/ros-tut/install/ros_tut/share/ros_tut/environment/path.dsv
[6.153s] -- Installing: /home/ari/ros-tut/install/ros_tut/share/ros_tut/local_setup.bash
[6.153s] -- Installing: /home/ari/ros-tut/install/ros_tut/share/ros_tut/local_setup.sh
[6.154s] -- Installing: /home/ari/ros-tut/install/ros_tut/share/ros_tut/local_setup.zsh
[6.154s] -- Installing: /home/ari/ros-tut/install/ros_tut/share/ros_tut/local_setup.dsv
[6.154s] -- Installing: /home/ari/ros-tut/install/ros_tut/share/ros_tut/package.dsv
[6.154s] -- Installing: /home/ari/ros-tut/install/ros_tut/share/ament_index/resource_index/packages/ros_tut
[6.154s] -- Installing: /home/ari/ros-tut/install/ros_tut/share/ros_tut/cmake/ros_tut__rosidl_generator_cExport.cmake
[6.154s] -- Installing: /home/ari/ros-tut/install/ros_tut/share/ros_tut/cmake/ros_tut__rosidl_generator_cExport-noconfig.cmake
[6.156s] -- Installing: /home/ari/ros-tut/install/ros_tut/share/ros_tut/cmake/ros_tut__rosidl_typesupport_introspection_cExport.cmake
[6.156s] -- Installing: /home/ari/ros-tut/install/ros_tut/share/ros_tut/cmake/ros_tut__rosidl_typesupport_introspection_cExport-noconfig.cmake
[6.156s] -- Installing: /home/ari/ros-tut/install/ros_tut/share/ros_tut/cmake/ros_tut__rosidl_typesupport_cExport.cmake
[6.156s] -- Installing: /home/ari/ros-tut/install/ros_tut/share/ros_tut/cmake/ros_tut__rosidl_typesupport_cExport-noconfig.cmake
[6.156s] -- Installing: /home/ari/ros-tut/install/ros_tut/share/ros_tut/cmake/ros_tut__rosidl_generator_cppExport.cmake
[6.156s] -- Installing: /home/ari/ros-tut/install/ros_tut/share/ros_tut/cmake/ros_tut__rosidl_typesupport_introspection_cppExport.cmake
[6.157s] -- Installing: /home/ari/ros-tut/install/ros_tut/share/ros_tut/cmake/ros_tut__rosidl_typesupport_introspection_cppExport-noconfig.cmake
[6.158s] -- Installing: /home/ari/ros-tut/install/ros_tut/share/ros_tut/cmake/ros_tut__rosidl_typesupport_cppExport.cmake
[6.158s] -- Installing: /home/ari/ros-tut/install/ros_tut/share/ros_tut/cmake/ros_tut__rosidl_typesupport_cppExport-noconfig.cmake
[6.158s] -- Installing: /home/ari/ros-tut/install/ros_tut/share/ament_index/resource_index/rclcpp_components/ros_tut
[6.158s] -- Installing: /home/ari/ros-tut/install/ros_tut/share/ros_tut/cmake/rosidl_cmake-extras.cmake
[6.158s] -- Installing: /home/ari/ros-tut/install/ros_tut/share/ros_tut/cmake/ament_cmake_export_dependencies-extras.cmake
[6.159s] -- Installing: /home/ari/ros-tut/install/ros_tut/share/ros_tut/cmake/ament_cmake_export_libraries-extras.cmake
[6.159s] -- Installing: /home/ari/ros-tut/install/ros_tut/share/ros_tut/cmake/ament_cmake_export_targets-extras.cmake
[6.159s] -- Installing: /home/ari/ros-tut/install/ros_tut/share/ros_tut/cmake/ament_cmake_export_include_directories-extras.cmake
[6.159s] -- Installing: /home/ari/ros-tut/install/ros_tut/share/ros_tut/cmake/rosidl_cmake_export_typesupport_libraries-extras.cmake
[6.159s] -- Installing: /home/ari/ros-tut/install/ros_tut/share/ros_tut/cmake/rosidl_cmake_export_typesupport_targets-extras.cmake
[6.159s] -- Installing: /home/ari/ros-tut/install/ros_tut/share/ros_tut/cmake/ros_tutConfig.cmake
[6.159s] -- Installing: /home/ari/ros-tut/install/ros_tut/share/ros_tut/cmake/ros_tutConfig-version.cmake
[6.159s] -- Installing: /home/ari/ros-tut/install/ros_tut/share/ros_tut/package.xml
[6.162s] Invoked command in '/home/ari/ros-tut/build/ros_tut' returned '0': CMAKE_PREFIX_PATH=${CMAKE_PREFIX_PATH}:/opt/ros/foxy /usr/bin/cmake --install /home/ari/ros-tut/build/ros_tut
