[0.023s] Invoking command in '/home/ari/ros-tut/build/ros_tut': CMAKE_PREFIX_PATH=/opt/ros/foxy /usr/bin/cmake --build /home/ari/ros-tut/build/ros_tut -- -j8 -l8
[0.117s] [  3%] Built target my_node
[0.126s] [  8%] Built target ros_tut__cpp
[0.126s] [  8%] Built target talker
[0.127s] [ 16%] Built target ros_tut__rosidl_generator_c
[0.127s] [ 18%] [32m[1mLinking CXX executable clear[0m
[0.131s] [ 21%] Built target kill_turtles
[0.134s] [ 24%] Built target listener
[0.135s] [ 27%] Built target server
[0.149s] [ 31%] Built target client
[0.162s] [ 39%] Built target ros_tut__rosidl_typesupport_introspection_cpp
[0.163s] [ 50%] Built target ros_tut__rosidl_typesupport_cpp
[0.163s] [ 55%] Built target ros_tut__rosidl_typesupport_introspection_c
[0.167s] [ 63%] Built target ros_tut__rosidl_typesupport_c
[0.168s] [ 72%] Built target ros_tut__rosidl_typesupport_fastrtps_cpp
[0.188s] [ 80%] Built target ros_tut__rosidl_typesupport_fastrtps_c
[0.210s] [ 80%] Built target ros_tut
[0.227s] [ 81%] Built target ros_tut__py
[0.249s] [ 88%] Built target ros_tut__python
[0.260s] /usr/bin/ld: /usr/lib/gcc/aarch64-linux-gnu/9/../../../aarch64-linux-gnu/Scrt1.o: in function `_start':
[0.260s] (.text+0x18): undefined reference to `main'
[0.261s] /usr/bin/ld: (.text+0x1c): undefined reference to `main'
[0.261s] /usr/bin/ld: CMakeFiles/clear.dir/src/clear_turtles.cpp.o: in function `(anonymous namespace)::ProxyExec0::ProxyExec0()':
[0.261s] clear_turtles.cpp:(.text+0xd2c): undefined reference to `console_bridge::log(char const*, int, console_bridge::LogLevel, char const*, ...)'
[0.261s] /usr/bin/ld: CMakeFiles/clear.dir/src/clear_turtles.cpp.o: in function `void class_loader::impl::registerPlugin<rclcpp_components::NodeFactoryTemplate<composition::kill_turtles>, rclcpp_components::NodeFactory>(std::__cxx11::basic_string<char, std::char_traits<char>, std::allocator<char> > const&, std::__cxx11::basic_string<char, std::char_traits<char>, std::allocator<char> > const&)':
[0.261s] clear_turtles.cpp:(.text._ZN12class_loader4impl14registerPluginIN17rclcpp_components19NodeFactoryTemplateIN11composition12kill_turtlesEEENS2_11NodeFactoryEEEvRKNSt7__cxx1112basic_stringIcSt11char_traitsIcESaIcEEESF_[_ZN12class_loader4impl14registerPluginIN17rclcpp_components19NodeFactoryTemplateIN11composition12kill_turtlesEEENS2_11NodeFactoryEEEvRKNSt7__cxx1112basic_stringIcSt11char_traitsIcESaIcEEESF_]+0x34): undefined reference to `class_loader::impl::getCurrentlyActiveClassLoader()'
[0.261s] /usr/bin/ld: clear_turtles.cpp:(.text._ZN12class_loader4impl14registerPluginIN17rclcpp_components19NodeFactoryTemplateIN11composition12kill_turtlesEEENS2_11NodeFactoryEEEvRKNSt7__cxx1112basic_stringIcSt11char_traitsIcESaIcEEESF_[_ZN12class_loader4impl14registerPluginIN17rclcpp_components19NodeFactoryTemplateIN11composition12kill_turtlesEEENS2_11NodeFactoryEEEvRKNSt7__cxx1112basic_stringIcSt11char_traitsIcESaIcEEESF_]+0x44): undefined reference to `class_loader::impl::getCurrentlyLoadingLibraryName[abi:cxx11]()'
[0.261s] /usr/bin/ld: clear_turtles.cpp:(.text._ZN12class_loader4impl14registerPluginIN17rclcpp_components19NodeFactoryTemplateIN11composition12kill_turtlesEEENS2_11NodeFactoryEEEvRKNSt7__cxx1112basic_stringIcSt11char_traitsIcESaIcEEESF_[_ZN12class_loader4impl14registerPluginIN17rclcpp_components19NodeFactoryTemplateIN11composition12kill_turtlesEEENS2_11NodeFactoryEEEvRKNSt7__cxx1112basic_stringIcSt11char_traitsIcESaIcEEESF_]+0x74): undefined reference to `console_bridge::log(char const*, int, console_bridge::LogLevel, char const*, ...)'
[0.261s] /usr/bin/ld: clear_turtles.cpp:(.text._ZN12class_loader4impl14registerPluginIN17rclcpp_components19NodeFactoryTemplateIN11composition12kill_turtlesEEENS2_11NodeFactoryEEEvRKNSt7__cxx1112basic_stringIcSt11char_traitsIcESaIcEEESF_[_ZN12class_loader4impl14registerPluginIN17rclcpp_components19NodeFactoryTemplateIN11composition12kill_turtlesEEENS2_11NodeFactoryEEEvRKNSt7__cxx1112basic_stringIcSt11char_traitsIcESaIcEEESF_]+0x80): undefined reference to `class_loader::impl::getCurrentlyActiveClassLoader()'
[0.262s] /usr/bin/ld: clear_turtles.cpp:(.text._ZN12class_loader4impl14registerPluginIN17rclcpp_components19NodeFactoryTemplateIN11composition12kill_turtlesEEENS2_11NodeFactoryEEEvRKNSt7__cxx1112basic_stringIcSt11char_traitsIcESaIcEEESF_[_ZN12class_loader4impl14registerPluginIN17rclcpp_components19NodeFactoryTemplateIN11composition12kill_turtlesEEENS2_11NodeFactoryEEEvRKNSt7__cxx1112basic_stringIcSt11char_traitsIcESaIcEEESF_]+0xb8): undefined reference to `console_bridge::log(char const*, int, console_bridge::LogLevel, char const*, ...)'
[0.262s] /usr/bin/ld: clear_turtles.cpp:(.text._ZN12class_loader4impl14registerPluginIN17rclcpp_components19NodeFactoryTemplateIN11composition12kill_turtlesEEENS2_11NodeFactoryEEEvRKNSt7__cxx1112basic_stringIcSt11char_traitsIcESaIcEEESF_[_ZN12class_loader4impl14registerPluginIN17rclcpp_components19NodeFactoryTemplateIN11composition12kill_turtlesEEENS2_11NodeFactoryEEEvRKNSt7__cxx1112basic_stringIcSt11char_traitsIcESaIcEEESF_]+0xc0): undefined reference to `class_loader::impl::hasANonPurePluginLibraryBeenOpened(bool)'
[0.262s] /usr/bin/ld: clear_turtles.cpp:(.text._ZN12class_loader4impl14registerPluginIN17rclcpp_components19NodeFactoryTemplateIN11composition12kill_turtlesEEENS2_11NodeFactoryEEEvRKNSt7__cxx1112basic_stringIcSt11char_traitsIcESaIcEEESF_[_ZN12class_loader4impl14registerPluginIN17rclcpp_components19NodeFactoryTemplateIN11composition12kill_turtlesEEENS2_11NodeFactoryEEEvRKNSt7__cxx1112basic_stringIcSt11char_traitsIcESaIcEEESF_]+0xe8): undefined reference to `class_loader::impl::getCurrentlyActiveClassLoader()'
[0.262s] /usr/bin/ld: clear_turtles.cpp:(.text._ZN12class_loader4impl14registerPluginIN17rclcpp_components19NodeFactoryTemplateIN11composition12kill_turtlesEEENS2_11NodeFactoryEEEvRKNSt7__cxx1112basic_stringIcSt11char_traitsIcESaIcEEESF_[_ZN12class_loader4impl14registerPluginIN17rclcpp_components19NodeFactoryTemplateIN11composition12kill_turtlesEEENS2_11NodeFactoryEEEvRKNSt7__cxx1112basic_stringIcSt11char_traitsIcESaIcEEESF_]+0xf4): undefined reference to `class_loader::impl::AbstractMetaObjectBase::addOwningClassLoader(class_loader::ClassLoader*)'
[0.262s] /usr/bin/ld: clear_turtles.cpp:(.text._ZN12class_loader4impl14registerPluginIN17rclcpp_components19NodeFactoryTemplateIN11composition12kill_turtlesEEENS2_11NodeFactoryEEEvRKNSt7__cxx1112basic_stringIcSt11char_traitsIcESaIcEEESF_[_ZN12class_loader4impl14registerPluginIN17rclcpp_components19NodeFactoryTemplateIN11composition12kill_turtlesEEENS2_11NodeFactoryEEEvRKNSt7__cxx1112basic_stringIcSt11char_traitsIcESaIcEEESF_]+0x104): undefined reference to `class_loader::impl::getCurrentlyLoadingLibraryName[abi:cxx11]()'
[0.262s] /usr/bin/ld: clear_turtles.cpp:(.text._ZN12class_loader4impl14registerPluginIN17rclcpp_components19NodeFactoryTemplateIN11composition12kill_turtlesEEENS2_11NodeFactoryEEEvRKNSt7__cxx1112basic_stringIcSt11char_traitsIcESaIcEEESF_[_ZN12class_loader4impl14registerPluginIN17rclcpp_components19NodeFactoryTemplateIN11composition12kill_turtlesEEENS2_11NodeFactoryEEEvRKNSt7__cxx1112basic_stringIcSt11char_traitsIcESaIcEEESF_]+0x114): undefined reference to `class_loader::impl::AbstractMetaObjectBase::setAssociatedLibraryPath(std::__cxx11::basic_string<char, std::char_traits<char>, std::allocator<char> > const&)'
[0.262s] /usr/bin/ld: clear_turtles.cpp:(.text._ZN12class_loader4impl14registerPluginIN17rclcpp_components19NodeFactoryTemplateIN11composition12kill_turtlesEEENS2_11NodeFactoryEEEvRKNSt7__cxx1112basic_stringIcSt11char_traitsIcESaIcEEESF_[_ZN12class_loader4impl14registerPluginIN17rclcpp_components19NodeFactoryTemplateIN11composition12kill_turtlesEEENS2_11NodeFactoryEEEvRKNSt7__cxx1112basic_stringIcSt11char_traitsIcESaIcEEESF_]+0x120): undefined reference to `class_loader::impl::getPluginBaseToFactoryMapMapMutex()'
[0.262s] /usr/bin/ld: clear_turtles.cpp:(.text._ZN12class_loader4impl14registerPluginIN17rclcpp_components19NodeFactoryTemplateIN11composition12kill_turtlesEEENS2_11NodeFactoryEEEvRKNSt7__cxx1112basic_stringIcSt11char_traitsIcESaIcEEESF_[_ZN12class_loader4impl14registerPluginIN17rclcpp_components19NodeFactoryTemplateIN11composition12kill_turtlesEEENS2_11NodeFactoryEEEvRKNSt7__cxx1112basic_stringIcSt11char_traitsIcESaIcEEESF_]+0x188): undefined reference to `console_bridge::log(char const*, int, console_bridge::LogLevel, char const*, ...)'
[0.263s] /usr/bin/ld: clear_turtles.cpp:(.text._ZN12class_loader4impl14registerPluginIN17rclcpp_components19NodeFactoryTemplateIN11composition12kill_turtlesEEENS2_11NodeFactoryEEEvRKNSt7__cxx1112basic_stringIcSt11char_traitsIcESaIcEEESF_[_ZN12class_loader4impl14registerPluginIN17rclcpp_components19NodeFactoryTemplateIN11composition12kill_turtlesEEENS2_11NodeFactoryEEEvRKNSt7__cxx1112basic_stringIcSt11char_traitsIcESaIcEEESF_]+0x1a4): undefined reference to `class_loader::impl::getPluginBaseToFactoryMapMapMutex()'
[0.263s] /usr/bin/ld: clear_turtles.cpp:(.text._ZN12class_loader4impl14registerPluginIN17rclcpp_components19NodeFactoryTemplateIN11composition12kill_turtlesEEENS2_11NodeFactoryEEEvRKNSt7__cxx1112basic_stringIcSt11char_traitsIcESaIcEEESF_[_ZN12class_loader4impl14registerPluginIN17rclcpp_components19NodeFactoryTemplateIN11composition12kill_turtlesEEENS2_11NodeFactoryEEEvRKNSt7__cxx1112basic_stringIcSt11char_traitsIcESaIcEEESF_]+0x1d4): undefined reference to `console_bridge::log(char const*, int, console_bridge::LogLevel, char const*, ...)'
[0.263s] /usr/bin/ld: CMakeFiles/clear.dir/src/clear_turtles.cpp.o: in function `std::map<std::__cxx11::basic_string<char, std::char_traits<char>, std::allocator<char> >, class_loader::impl::AbstractMetaObjectBase*, std::less<std::__cxx11::basic_string<char, std::char_traits<char>, std::allocator<char> > >, std::allocator<std::pair<std::__cxx11::basic_string<char, std::char_traits<char>, std::allocator<char> > const, class_loader::impl::AbstractMetaObjectBase*> > >& class_loader::impl::getFactoryMapForBaseClass<rclcpp_components::NodeFactory>()':
[0.263s] clear_turtles.cpp:(.text._ZN12class_loader4impl25getFactoryMapForBaseClassIN17rclcpp_components11NodeFactoryEEERSt3mapINSt7__cxx1112basic_stringIcSt11char_traitsIcESaIcEEEPNS0_22AbstractMetaObjectBaseESt4lessISA_ESaISt4pairIKSA_SC_EEEv[_ZN12class_loader4impl25getFactoryMapForBaseClassIN17rclcpp_components11NodeFactoryEEERSt3mapINSt7__cxx1112basic_stringIcSt11char_traitsIcESaIcEEEPNS0_22AbstractMetaObjectBaseESt4lessISA_ESaISt4pairIKSA_SC_EEEv]+0x50): undefined reference to `class_loader::impl::getFactoryMapForBaseClass(std::__cxx11::basic_string<char, std::char_traits<char>, std::allocator<char> > const&)'
[0.263s] /usr/bin/ld: CMakeFiles/clear.dir/src/clear_turtles.cpp.o: in function `class_loader::impl::AbstractMetaObject<rclcpp_components::NodeFactory>::AbstractMetaObject(std::__cxx11::basic_string<char, std::char_traits<char>, std::allocator<char> > const&, std::__cxx11::basic_string<char, std::char_traits<char>, std::allocator<char> > const&)':
[0.263s] clear_turtles.cpp:(.text._ZN12class_loader4impl18AbstractMetaObjectIN17rclcpp_components11NodeFactoryEEC2ERKNSt7__cxx1112basic_stringIcSt11char_traitsIcESaIcEEESC_[_ZN12class_loader4impl18AbstractMetaObjectIN17rclcpp_components11NodeFactoryEEC5ERKNSt7__cxx1112basic_stringIcSt11char_traitsIcESaIcEEESC_]+0x70): undefined reference to `class_loader::impl::AbstractMetaObjectBase::AbstractMetaObjectBase(std::__cxx11::basic_string<char, std::char_traits<char>, std::allocator<char> > const&, std::__cxx11::basic_string<char, std::char_traits<char>, std::allocator<char> > const&, std::__cxx11::basic_string<char, std::char_traits<char>, std::allocator<char> > const&)'
[0.263s] /usr/bin/ld: CMakeFiles/clear.dir/src/clear_turtles.cpp.o: in function `rclcpp::Client<turtlesim::srv::Kill>::Client(rclcpp::node_interfaces::NodeBaseInterface*, std::shared_ptr<rclcpp::node_interfaces::NodeGraphInterface>, std::__cxx11::basic_string<char, std::char_traits<char>, std::allocator<char> > const&, rcl_client_options_t&)':
[0.263s] clear_turtles.cpp:(.text._ZN6rclcpp6ClientIN9turtlesim3srv4KillEEC2EPNS_15node_interfaces17NodeBaseInterfaceESt10shared_ptrINS5_18NodeGraphInterfaceEERKNSt7__cxx1112basic_stringIcSt11char_traitsIcESaIcEEER20rcl_client_options_t[_ZN6rclcpp6ClientIN9turtlesim3srv4KillEEC5EPNS_15node_interfaces17NodeBaseInterfaceESt10shared_ptrINS5_18NodeGraphInterfaceEERKNSt7__cxx1112basic_stringIcSt11char_traitsIcESaIcEEER20rcl_client_options_t]+0x88): undefined reference to `rosidl_service_type_support_t const* rosidl_typesupport_cpp::get_service_type_support_handle<turtlesim::srv::Kill>()'
[0.263s] collect2: error: ld returned 1 exit status
[0.264s] make[2]: *** [CMakeFiles/clear.dir/build.make:136: clear] Error 1
[0.264s] make[1]: *** [CMakeFiles/Makefile2:243: CMakeFiles/clear.dir/all] Error 2
[0.265s] make[1]: *** Waiting for unfinished jobs....
[0.269s] [ 91%] Built target ros_tut__rosidl_typesupport_introspection_c__pyext
[0.271s] [ 95%] Built target ros_tut__rosidl_typesupport_fastrtps_c__pyext
[0.272s] [ 98%] Built target ros_tut__rosidl_typesupport_c__pyext
[0.272s] make: *** [Makefile:141: all] Error 2
[0.275s] Invoked command in '/home/ari/ros-tut/build/ros_tut' returned '2': CMAKE_PREFIX_PATH=/opt/ros/foxy /usr/bin/cmake --build /home/ari/ros-tut/build/ros_tut -- -j8 -l8
