[0.016s] Invoking command in '/home/ari/ros-tut/build/ros_tut': CMAKE_PREFIX_PATH=${CMAKE_PREFIX_PATH}:/opt/ros/foxy /usr/bin/cmake --build /home/ari/ros-tut/build/ros_tut -- -j8 -l8
[0.077s] [  8%] Built target ros_tut__rosidl_generator_c
[0.082s] [  9%] Built target ros_tut__cpp
[0.089s] [ 13%] Built target my_node
[0.090s] [ 16%] Built target kill_turtles
[0.096s] [ 18%] [32m[1mLinking CXX executable clear[0m
[0.102s] [ 21%] Built target talker
[0.102s] [ 24%] Built target server
[0.105s] [ 27%] Built target listener
[0.129s] [ 36%] Built target ros_tut__rosidl_typesupport_introspection_cpp
[0.134s] [ 44%] Built target ros_tut__rosidl_typesupport_introspection_c
[0.134s] [ 47%] Built target client
[0.137s] [ 55%] Built target ros_tut__rosidl_typesupport_cpp
[0.138s] [ 63%] Built target ros_tut__rosidl_typesupport_fastrtps_cpp
[0.146s] [ 72%] Built target ros_tut__rosidl_typesupport_c
[0.160s] [ 80%] Built target ros_tut__rosidl_typesupport_fastrtps_c
[0.173s] [ 80%] Built target ros_tut
[0.184s] /usr/bin/ld: /usr/lib/gcc/aarch64-linux-gnu/9/../../../aarch64-linux-gnu/Scrt1.o: in function `_start':
[0.184s] (.text+0x18): undefined reference to `main'
[0.185s] /usr/bin/ld: (.text+0x1c): undefined reference to `main'
[0.185s] /usr/bin/ld: CMakeFiles/clear.dir/src/clear_turtles.cpp.o: in function `rclcpp::Client<turtlesim::srv::Kill>::Client(rclcpp::node_interfaces::NodeBaseInterface*, std::shared_ptr<rclcpp::node_interfaces::NodeGraphInterface>, std::__cxx11::basic_string<char, std::char_traits<char>, std::allocator<char> > const&, rcl_client_options_t&)':
[0.185s] clear_turtles.cpp:(.text._ZN6rclcpp6ClientIN9turtlesim3srv4KillEEC2EPNS_15node_interfaces17NodeBaseInterfaceESt10shared_ptrINS5_18NodeGraphInterfaceEERKNSt7__cxx1112basic_stringIcSt11char_traitsIcESaIcEEER20rcl_client_options_t[_ZN6rclcpp6ClientIN9turtlesim3srv4KillEEC5EPNS_15node_interfaces17NodeBaseInterfaceESt10shared_ptrINS5_18NodeGraphInterfaceEERKNSt7__cxx1112basic_stringIcSt11char_traitsIcESaIcEEER20rcl_client_options_t]+0x88): undefined reference to `rosidl_service_type_support_t const* rosidl_typesupport_cpp::get_service_type_support_handle<turtlesim::srv::Kill>()'
[0.185s] collect2: error: ld returned 1 exit status
[0.187s] make[2]: *** [CMakeFiles/clear.dir/build.make:136: clear] Error 1
[0.187s] make[1]: *** [CMakeFiles/Makefile2:243: CMakeFiles/clear.dir/all] Error 2
[0.187s] make[1]: *** Waiting for unfinished jobs....
[0.188s] [ 81%] Built target ros_tut__py
[0.188s] make: *** [Makefile:141: all] Error 2
[0.190s] Invoked command in '/home/ari/ros-tut/build/ros_tut' returned '2': CMAKE_PREFIX_PATH=${CMAKE_PREFIX_PATH}:/opt/ros/foxy /usr/bin/cmake --build /home/ari/ros-tut/build/ros_tut -- -j8 -l8
