[0.018s] Invoking command in '/home/ari/ros-tut/build/ros_tut': CMAKE_PREFIX_PATH=${CMAKE_PREFIX_PATH}:/opt/ros/foxy /usr/bin/cmake --build /home/ari/ros-tut/build/ros_tut -- -j8 -l8
[0.072s] [35m[1mScanning dependencies of target circle[0m
[0.080s] [  7%] Built target ros_tut__cpp
[0.080s] [  9%] [32mBuilding CXX object CMakeFiles/circle.dir/src/circle.cpp.o[0m
[0.080s] [ 13%] Built target ros_tut__rosidl_generator_c
[0.098s] [ 17%] Built target kill_turtles
[0.101s] [ 27%] Built target ros_tut__rosidl_typesupport_cpp
[0.104s] [ 37%] Built target ros_tut__rosidl_typesupport_introspection_cpp
[0.106s] [ 47%] Built target ros_tut__rosidl_typesupport_c
[0.106s] [ 56%] Built target ros_tut__rosidl_typesupport_fastrtps_cpp
[0.118s] [ 66%] Built target ros_tut__rosidl_typesupport_introspection_c
[0.119s] [ 68%] [34m[1mGenerating C type support for eProsima Fast-RTPS[0m
[0.120s] In file included from [01m[K/home/ari/ros-tut/src/circle.cpp:1[m[K:
[0.120s] [01m[K/home/ari/ros-tut/include/ros-tut/circle.hpp:14:10:[m[K [01;31m[Kfatal error: [m[Krclcpp/rclcpp.hpp: No such file or directory
[0.120s]    14 | #include [01;31m[K<rclcpp/rclcpp.hpp>[m[K
[0.120s]       |          [01;31m[K^~~~~~~~~~~~~~~~~~~[m[K
[0.120s] compilation terminated.
[0.122s] make[2]: *** [CMakeFiles/circle.dir/build.make:63: CMakeFiles/circle.dir/src/circle.cpp.o] Error 1
[0.122s] make[1]: *** [CMakeFiles/Makefile2:125: CMakeFiles/circle.dir/all] Error 2
[0.122s] make[1]: *** Waiting for unfinished jobs....
[0.316s] [35m[1mScanning dependencies of target ros_tut__rosidl_typesupport_fastrtps_c[0m
[0.332s] [ 72%] [32mBuilding CXX object CMakeFiles/ros_tut__rosidl_typesupport_fastrtps_c.dir/rosidl_typesupport_fastrtps_c/ros_tut/msg/detail/num__type_support_c.cpp.o[0m
[0.332s] [ 72%] [32mBuilding CXX object CMakeFiles/ros_tut__rosidl_typesupport_fastrtps_c.dir/rosidl_typesupport_fastrtps_c/ros_tut/srv/detail/success__type_support_c.cpp.o[0m
[0.333s] [ 74%] [32mBuilding CXX object CMakeFiles/ros_tut__rosidl_typesupport_fastrtps_c.dir/rosidl_typesupport_fastrtps_c/ros_tut/srv/detail/add_three_ints__type_support_c.cpp.o[0m
[0.651s] [ 76%] [32m[1mLinking CXX shared library libros_tut__rosidl_typesupport_fastrtps_c.so[0m
[0.719s] [ 76%] Built target ros_tut__rosidl_typesupport_fastrtps_c
[0.722s] make: *** [Makefile:141: all] Error 2
[0.723s] Invoked command in '/home/ari/ros-tut/build/ros_tut' returned '2': CMAKE_PREFIX_PATH=${CMAKE_PREFIX_PATH}:/opt/ros/foxy /usr/bin/cmake --build /home/ari/ros-tut/build/ros_tut -- -j8 -l8
