[0.016s] Invoking command in '/home/ari/ros-tut/build/ros_tut': CMAKE_PREFIX_PATH=${CMAKE_PREFIX_PATH}:/opt/ros/foxy /usr/bin/cmake --build /home/ari/ros-tut/build/ros_tut -- -j8 -l8
[0.079s] [35m[1mScanning dependencies of target circle[0m
[0.087s] [  9%] Built target ros_tut__rosidl_generator_c
[0.090s] [ 13%] [32mBuilding CXX object CMakeFiles/circle.dir/src/circle.cpp.o[0m
[0.090s] [ 13%] Built target ros_tut__cpp
[0.103s] [ 17%] Built target kill_turtles
[0.104s] [ 19%] [34m[1mGenerating C introspection for ROS interfaces[0m
[0.107s] [ 21%] [34m[1mGenerating C type support dispatch for ROS interfaces[0m
[0.124s] [ 23%] [34m[1mGenerating C++ introspection for ROS interfaces[0m
[0.141s] [ 25%] [34m[1mGenerating C++ type support dispatch for ROS interfaces[0m
[0.144s] [ 27%] [34m[1mGenerating C++ type support for eProsima Fast-RTPS[0m
[0.147s] In file included from [01m[K/home/ari/ros-tut/src/circle.cpp:1[m[K:
[0.147s] [01m[K/home/ari/ros-tut/include/ros-tut/circle.hpp:11:10:[m[K [01;31m[Kfatal error: [m[Krclcpp/rclcpp.hpp: No such file or directory
[0.147s]    11 | #include [01;31m[K"rclcpp/rclcpp.hpp"[m[K
[0.147s]       |          [01;31m[K^~~~~~~~~~~~~~~~~~~[m[K
[0.147s] compilation terminated.
[0.149s] make[2]: *** [CMakeFiles/circle.dir/build.make:63: CMakeFiles/circle.dir/src/circle.cpp.o] Error 1
[0.149s] make[1]: *** [CMakeFiles/Makefile2:125: CMakeFiles/circle.dir/all] Error 2
[0.150s] make[1]: *** Waiting for unfinished jobs....
[0.378s] [35m[1mScanning dependencies of target ros_tut__rosidl_typesupport_c[0m
[0.380s] [35m[1mScanning dependencies of target ros_tut__rosidl_typesupport_cpp[0m
[0.403s] [ 29%] [32mBuilding CXX object CMakeFiles/ros_tut__rosidl_typesupport_c.dir/rosidl_typesupport_c/ros_tut/msg/num__type_support.cpp.o[0m
[0.408s] [ 31%] [32mBuilding CXX object CMakeFiles/ros_tut__rosidl_typesupport_c.dir/rosidl_typesupport_c/ros_tut/srv/success__type_support.cpp.o[0m
[0.412s] [ 33%] [32mBuilding CXX object CMakeFiles/ros_tut__rosidl_typesupport_c.dir/rosidl_typesupport_c/ros_tut/srv/add_three_ints__type_support.cpp.o[0m
[0.412s] [35m[1mScanning dependencies of target ros_tut__rosidl_typesupport_introspection_c[0m
[0.414s] [35m[1mScanning dependencies of target ros_tut__rosidl_typesupport_introspection_cpp[0m
[0.416s] [ 35%] [32mBuilding CXX object CMakeFiles/ros_tut__rosidl_typesupport_cpp.dir/rosidl_typesupport_cpp/ros_tut/msg/num__type_support.cpp.o[0m
[0.424s] [ 37%] [32mBuilding CXX object CMakeFiles/ros_tut__rosidl_typesupport_cpp.dir/rosidl_typesupport_cpp/ros_tut/srv/add_three_ints__type_support.cpp.o[0m
[0.447s] [ 39%] [32mBuilding C object CMakeFiles/ros_tut__rosidl_typesupport_introspection_c.dir/rosidl_typesupport_introspection_c/ros_tut/msg/detail/num__type_support.c.o[0m
[0.460s] [ 41%] [32mBuilding CXX object CMakeFiles/ros_tut__rosidl_typesupport_introspection_cpp.dir/rosidl_typesupport_introspection_cpp/ros_tut/msg/detail/num__type_support.cpp.o[0m
[0.491s] [ 43%] [32mBuilding CXX object CMakeFiles/ros_tut__rosidl_typesupport_introspection_cpp.dir/rosidl_typesupport_introspection_cpp/ros_tut/srv/detail/add_three_ints__type_support.cpp.o[0m
[0.496s] [ 45%] [32m[1mLinking CXX shared library libros_tut__rosidl_typesupport_c.so[0m
[0.506s] [35m[1mScanning dependencies of target ros_tut__rosidl_typesupport_fastrtps_cpp[0m
[0.514s] [ 47%] [32mBuilding CXX object CMakeFiles/ros_tut__rosidl_typesupport_introspection_cpp.dir/rosidl_typesupport_introspection_cpp/ros_tut/srv/detail/success__type_support.cpp.o[0m
[0.522s] [ 49%] [32mBuilding C object CMakeFiles/ros_tut__rosidl_typesupport_introspection_c.dir/rosidl_typesupport_introspection_c/ros_tut/srv/detail/add_three_ints__type_support.c.o[0m
[0.576s] [ 50%] [32mBuilding CXX object CMakeFiles/ros_tut__rosidl_typesupport_fastrtps_cpp.dir/rosidl_typesupport_fastrtps_cpp/ros_tut/msg/detail/dds_fastrtps/num__type_support.cpp.o[0m
[0.600s] [ 50%] Built target ros_tut__rosidl_typesupport_c
[0.627s] [ 52%] [32mBuilding C object CMakeFiles/ros_tut__rosidl_typesupport_introspection_c.dir/rosidl_typesupport_introspection_c/ros_tut/srv/detail/success__type_support.c.o[0m
[0.673s] [ 54%] [32mBuilding CXX object CMakeFiles/ros_tut__rosidl_typesupport_cpp.dir/rosidl_typesupport_cpp/ros_tut/srv/success__type_support.cpp.o[0m
[0.727s] [ 56%] [32mBuilding CXX object CMakeFiles/ros_tut__rosidl_typesupport_fastrtps_cpp.dir/rosidl_typesupport_fastrtps_cpp/ros_tut/srv/detail/dds_fastrtps/add_three_ints__type_support.cpp.o[0m
[0.776s] [ 58%] [32m[1mLinking C shared library libros_tut__rosidl_typesupport_introspection_c.so[0m
[0.798s] [ 60%] [32mBuilding CXX object CMakeFiles/ros_tut__rosidl_typesupport_fastrtps_cpp.dir/rosidl_typesupport_fastrtps_cpp/ros_tut/srv/detail/dds_fastrtps/success__type_support.cpp.o[0m
[0.859s] [ 60%] Built target ros_tut__rosidl_typesupport_introspection_c
[0.859s] [ 62%] [32m[1mLinking CXX shared library libros_tut__rosidl_typesupport_introspection_cpp.so[0m
[0.895s] [ 62%] Built target ros_tut__rosidl_typesupport_introspection_cpp
[0.957s] [ 64%] [32m[1mLinking CXX shared library libros_tut__rosidl_typesupport_cpp.so[0m
[0.993s] [ 64%] Built target ros_tut__rosidl_typesupport_cpp
[1.074s] [ 66%] [32m[1mLinking CXX shared library libros_tut__rosidl_typesupport_fastrtps_cpp.so[0m
[1.138s] [ 66%] Built target ros_tut__rosidl_typesupport_fastrtps_cpp
[1.139s] make: *** [Makefile:141: all] Error 2
[1.141s] Invoked command in '/home/ari/ros-tut/build/ros_tut' returned '2': CMAKE_PREFIX_PATH=${CMAKE_PREFIX_PATH}:/opt/ros/foxy /usr/bin/cmake --build /home/ari/ros-tut/build/ros_tut -- -j8 -l8
