[0.043s] Invoking command in '/home/ari/ros-tut/build/ros_tut': CMAKE_PREFIX_PATH=${CMAKE_PREFIX_PATH}:/opt/ros/foxy /usr/bin/cmake /home/ari/ros-tut -DCMAKE_INSTALL_PREFIX=/home/ari/ros-tut/install/ros_tut
[0.375s] -- Found ament_cmake: 0.9.8 (/opt/ros/foxy/share/ament_cmake/cmake)
[0.487s] -- Found PythonInterp: /usr/bin/python3 (found suitable version "3.8.5", minimum required is "3") 
[0.488s] -- Using PYTHON_EXECUTABLE: /usr/bin/python3
[0.808s] -- Found rclcpp: 2.3.1 (/opt/ros/foxy/share/rclcpp/cmake)
[0.873s] -- Using all available rosidl_typesupport_c: rosidl_typesupport_fastrtps_c;rosidl_typesupport_introspection_c
[0.881s] -- Found rosidl_adapter: 1.2.1 (/opt/ros/foxy/share/rosidl_adapter/cmake)
[1.049s] -- Using all available rosidl_typesupport_cpp: rosidl_typesupport_fastrtps_cpp;rosidl_typesupport_introspection_cpp
[1.110s] -- Found rmw_implementation_cmake: 1.0.3 (/opt/ros/foxy/share/rmw_implementation_cmake/cmake)
[1.112s] -- Using RMW implementation 'rmw_fastrtps_cpp' as default
[1.235s] -- Found example_interfaces: 0.9.1 (/opt/ros/foxy/share/example_interfaces/cmake)
[1.324s] -- Found rosidl_default_generators: 1.0.1 (/opt/ros/foxy/share/rosidl_default_generators/cmake)
[1.334s] -- Found turtlesim: 1.2.5 (/opt/ros/foxy/share/turtlesim/cmake)
[1.378s] -- Found geometry_msgs: 2.0.4 (/opt/ros/foxy/share/geometry_msgs/cmake)
[1.404s] -- Found std_srvs: 2.0.4 (/opt/ros/foxy/share/std_srvs/cmake)
[1.415s] -- Found rclcpp_components: 2.3.1 (/opt/ros/foxy/share/rclcpp_components/cmake)
[1.499s] -- Found PythonInterp: /usr/bin/python3 (found version "3.8.5") 
[1.641s] -- Found ament_cmake_ros: 0.9.2 (/opt/ros/foxy/share/ament_cmake_ros/cmake)
[1.752s] -- Using all available rosidl_typesupport_c: rosidl_typesupport_fastrtps_c;rosidl_typesupport_introspection_c
[1.765s] -- Using all available rosidl_typesupport_cpp: rosidl_typesupport_fastrtps_cpp;rosidl_typesupport_introspection_cpp
[1.780s] -- Found PythonInterp: /usr/bin/python3 (found suitable version "3.8.5", minimum required is "3.5") 
[1.785s] -- Found python_cmake_module: 0.8.1 (/opt/ros/foxy/share/python_cmake_module/cmake)
[1.806s] -- Using PYTHON_EXECUTABLE: /usr/bin/python3
[1.806s] -- Using PYTHON_INCLUDE_DIRS: /usr/include/python3.8
[1.806s] -- Using PYTHON_LIBRARIES: /usr/lib/aarch64-linux-gnu/libpython3.8.so
[1.824s] -- Found ament_lint_auto: 0.9.6 (/opt/ros/foxy/share/ament_lint_auto/cmake)
[1.861s] -- Added test 'copyright' to check source files copyright and LICENSE
[1.988s] -- Added test 'cppcheck' to perform static code analysis on C / C++ code
[1.989s] -- Configured cppcheck include dirs: $<BUILD_INTERFACE:/home/ari/ros-tut/build/ros_tut/rosidl_generator_c>;/home/ari/ros-tut/build/ros_tut/rosidl_generator_c;/home/ari/ros-tut/build/ros_tut/rosidl_generator_cpp;/home/ari/ros-tut/build/ros_tut/rosidl_typesupport_fastrtps_c;/home/ari/ros-tut/build/ros_tut/rosidl_typesupport_fastrtps_cpp;$<BUILD_INTERFACE:/home/ari/ros-tut/build/ros_tut/rosidl_typesupport_introspection_c>;$<BUILD_INTERFACE:/home/ari/ros-tut/build/ros_tut/rosidl_typesupport_c>;$<BUILD_INTERFACE:/home/ari/ros-tut/build/ros_tut/rosidl_generator_cpp>;/home/ari/ros-tut/build/ros_tut/rosidl_generator_py;$<BUILD_INTERFACE:/home/ari/ros-tut/include>
[1.989s] -- Configured cppcheck exclude dirs and/or files: 
[2.049s] -- Added test 'cpplint' to check C / C++ code against the Google style
[2.050s] -- Configured cpplint exclude dirs and/or files: 
[2.060s] -- Added test 'flake8' to check Python code syntax and style conventions
[2.075s] -- Added test 'lint_cmake' to check CMake code style
[2.085s] -- Added test 'pep257' to check Python code against some of the style conventions in PEP 257
[2.148s] -- Added test 'uncrustify' to check C / C++ code style
[2.149s] -- Configured uncrustify additional arguments: 
[2.157s] -- Added test 'xmllint' to check XML markup files
[2.167s] -- Configuring done
[2.338s] -- Generating done
[2.359s] -- Build files have been written to: /home/ari/ros-tut/build/ros_tut
[2.423s] Invoked command in '/home/ari/ros-tut/build/ros_tut' returned '0': CMAKE_PREFIX_PATH=${CMAKE_PREFIX_PATH}:/opt/ros/foxy /usr/bin/cmake /home/ari/ros-tut -DCMAKE_INSTALL_PREFIX=/home/ari/ros-tut/install/ros_tut
[2.427s] Invoking command in '/home/ari/ros-tut/build/ros_tut': CMAKE_PREFIX_PATH=${CMAKE_PREFIX_PATH}:/opt/ros/foxy /usr/bin/cmake --build /home/ari/ros-tut/build/ros_tut -- -j8 -l8
[2.573s] [35m[1mScanning dependencies of target ros_tut__cpp[0m
[2.594s] [  1%] [34m[1mGenerating C code for ROS interfaces[0m
[2.598s] [35m[1mScanning dependencies of target clear[0m
[2.601s] [35m[1mScanning dependencies of target my_node[0m
[2.610s] [  3%] [34m[1mGenerating C++ code for ROS interfaces[0m
[2.627s] [  4%] [32mBuilding CXX object CMakeFiles/my_node.dir/src/my_node.cpp.o[0m
[2.633s] [35m[1mScanning dependencies of target server[0m
[2.687s] [35m[1mScanning dependencies of target kill_turtles[0m
[2.699s] [35m[1mScanning dependencies of target talker[0m
[2.700s] [35m[1mScanning dependencies of target listener[0m
[3.058s] [  6%] [32mBuilding CXX object CMakeFiles/clear.dir/src/clear_turtles.cpp.o[0m
[3.073s] [  8%] [32mBuilding CXX object CMakeFiles/listener.dir/src/my_subscriber.cpp.o[0m
[3.096s] [  9%] [32mBuilding CXX object CMakeFiles/server.dir/src/add_two_ints_server.cpp.o[0m
[3.100s] [ 11%] [32mBuilding CXX object CMakeFiles/talker.dir/src/my_publisher.cpp.o[0m
[3.107s] [ 13%] [32mBuilding CXX object CMakeFiles/kill_turtles.dir/src/clear_turtles.cpp.o[0m
[3.269s] [ 13%] Built target ros_tut__cpp
[3.355s] [35m[1mScanning dependencies of target client[0m
[3.409s] [ 14%] [32m[1mLinking CXX executable my_node[0m
[3.412s] [35m[1mScanning dependencies of target ros_tut__rosidl_generator_c[0m
[3.419s] [ 16%] [32mBuilding CXX object CMakeFiles/client.dir/src/add_two_ints_client.cpp.o[0m
[3.431s] [ 18%] [32mBuilding C object CMakeFiles/ros_tut__rosidl_generator_c.dir/rosidl_generator_c/ros_tut/msg/detail/num__functions.c.o[0m
[3.763s] [ 18%] Built target my_node
[3.811s] [ 19%] [34m[1mGenerating C++ introspection for ROS interfaces[0m
[6.939s] [ 21%] [32mBuilding C object CMakeFiles/ros_tut__rosidl_generator_c.dir/rosidl_generator_c/ros_tut/srv/detail/add_three_ints__functions.c.o[0m
[6.958s] [35m[1mScanning dependencies of target ros_tut__rosidl_typesupport_introspection_cpp[0m
[7.700s] [ 22%] [32mBuilding CXX object CMakeFiles/ros_tut__rosidl_typesupport_introspection_cpp.dir/rosidl_typesupport_introspection_cpp/ros_tut/msg/detail/num__type_support.cpp.o[0m
[26.093s] [ 24%] [32mBuilding C object CMakeFiles/ros_tut__rosidl_generator_c.dir/rosidl_generator_c/ros_tut/srv/detail/success__functions.c.o[0m
[29.073s] [01m[K/home/ari/ros-tut/src/clear_turtles.cpp:[m[K In lambda function:
[29.079s] [01m[K/home/ari/ros-tut/src/clear_turtles.cpp:63:95:[m[K [01;35m[Kwarning: [m[Kunused parameter ‘[01m[Kresponse[m[K’ [[01;35m[K-Wunused-parameter[m[K]
[29.081s]    63 |   auto response_received_callback = [this]([01;35m[Krclcpp::Client<turtlesim::srv::Kill>::SharedFuture response[m[K) {
[29.082s]       |                                            [01;35m[K~~~~~~~~~~~~~~~~~~~~~~~~~~~~~~~~~~~~~~~~~~~~~~~~~~~^~~~~~~~[m[K
[29.082s] [01m[K/home/ari/ros-tut/src/clear_turtles.cpp:[m[K In lambda function:
[29.082s] [01m[K/home/ari/ros-tut/src/clear_turtles.cpp:63:95:[m[K [01;35m[Kwarning: [m[Kunused parameter ‘[01m[Kresponse[m[K’ [[01;35m[K-Wunused-parameter[m[K]
[29.083s]    63 |   auto response_received_callback = [this]([01;35m[Krclcpp::Client<turtlesim::srv::Kill>::SharedFuture response[m[K) {
[29.083s]       |                                            [01;35m[K~~~~~~~~~~~~~~~~~~~~~~~~~~~~~~~~~~~~~~~~~~~~~~~~~~~^~~~~~~~[m[K
[34.198s] [ 26%] [32m[1mLinking C shared library libros_tut__rosidl_generator_c.so[0m
[34.208s] [ 27%] [32mBuilding CXX object CMakeFiles/ros_tut__rosidl_typesupport_introspection_cpp.dir/rosidl_typesupport_introspection_cpp/ros_tut/srv/detail/add_three_ints__type_support.cpp.o[0m
[38.890s] [ 27%] Built target ros_tut__rosidl_generator_c
[39.633s] [ 29%] [34m[1mGenerating C++ type support for eProsima Fast-RTPS[0m
[45.790s] [ 31%] [32mBuilding CXX object CMakeFiles/ros_tut__rosidl_typesupport_introspection_cpp.dir/rosidl_typesupport_introspection_cpp/ros_tut/srv/detail/success__type_support.cpp.o[0m
[47.673s] [35m[1mScanning dependencies of target ros_tut__rosidl_typesupport_fastrtps_cpp[0m
[48.853s] [ 32%] [32mBuilding CXX object CMakeFiles/ros_tut__rosidl_typesupport_fastrtps_cpp.dir/rosidl_typesupport_fastrtps_cpp/ros_tut/msg/detail/dds_fastrtps/num__type_support.cpp.o[0m
[53.311s] [ 34%] [32m[1mLinking CXX shared library libros_tut__rosidl_typesupport_introspection_cpp.so[0m
[55.793s] [ 36%] [32mBuilding CXX object CMakeFiles/ros_tut__rosidl_typesupport_fastrtps_cpp.dir/rosidl_typesupport_fastrtps_cpp/ros_tut/srv/detail/dds_fastrtps/add_three_ints__type_support.cpp.o[0m
[55.802s] [ 36%] Built target ros_tut__rosidl_typesupport_introspection_cpp
[64.597s] [ 37%] [32mBuilding CXX object CMakeFiles/ros_tut__rosidl_typesupport_fastrtps_cpp.dir/rosidl_typesupport_fastrtps_cpp/ros_tut/srv/detail/dds_fastrtps/success__type_support.cpp.o[0m
[67.008s] [ 39%] [32m[1mLinking CXX executable server[0m
[68.102s] [ 40%] [32m[1mLinking CXX shared library libkill_turtles.so[0m
[68.516s] [ 42%] [32m[1mLinking CXX shared library libros_tut__rosidl_typesupport_fastrtps_cpp.so[0m
[68.661s] [ 44%] [32m[1mLinking CXX executable client[0m
[68.691s] [ 44%] Built target server
[68.843s] [ 44%] Built target kill_turtles
[68.847s] [ 45%] [32m[1mLinking CXX executable clear[0m
[68.879s] [ 45%] Built target ros_tut__rosidl_typesupport_fastrtps_cpp
[68.980s] [ 45%] Built target client
[69.104s] /usr/bin/ld: /usr/lib/gcc/aarch64-linux-gnu/9/../../../aarch64-linux-gnu/Scrt1.o: in function `_start':
[69.104s] (.text+0x18): undefined reference to `main'
[69.105s] /usr/bin/ld: (.text+0x1c): undefined reference to `main'
[69.105s] /usr/bin/ld: CMakeFiles/clear.dir/src/clear_turtles.cpp.o: in function `rclcpp::Client<turtlesim::srv::Kill>::Client(rclcpp::node_interfaces::NodeBaseInterface*, std::shared_ptr<rclcpp::node_interfaces::NodeGraphInterface>, std::__cxx11::basic_string<char, std::char_traits<char>, std::allocator<char> > const&, rcl_client_options_t&)':
[69.105s] clear_turtles.cpp:(.text._ZN6rclcpp6ClientIN9turtlesim3srv4KillEEC2EPNS_15node_interfaces17NodeBaseInterfaceESt10shared_ptrINS5_18NodeGraphInterfaceEERKNSt7__cxx1112basic_stringIcSt11char_traitsIcESaIcEEER20rcl_client_options_t[_ZN6rclcpp6ClientIN9turtlesim3srv4KillEEC5EPNS_15node_interfaces17NodeBaseInterfaceESt10shared_ptrINS5_18NodeGraphInterfaceEERKNSt7__cxx1112basic_stringIcSt11char_traitsIcESaIcEEER20rcl_client_options_t]+0x88): undefined reference to `rosidl_service_type_support_t const* rosidl_typesupport_cpp::get_service_type_support_handle<turtlesim::srv::Kill>()'
[69.106s] collect2: error: ld returned 1 exit status
[69.120s] make[2]: *** [CMakeFiles/clear.dir/build.make:136: clear] Error 1
[69.120s] make[1]: *** [CMakeFiles/Makefile2:243: CMakeFiles/clear.dir/all] Error 2
[69.120s] make[1]: *** Waiting for unfinished jobs....
[72.961s] [ 47%] [32m[1mLinking CXX executable talker[0m
[73.218s] [ 47%] Built target talker
[79.022s] [ 49%] [32m[1mLinking CXX executable listener[0m
[79.217s] [ 49%] Built target listener
[79.221s] make: *** [Makefile:141: all] Error 2
[79.269s] Invoked command in '/home/ari/ros-tut/build/ros_tut' returned '2': CMAKE_PREFIX_PATH=${CMAKE_PREFIX_PATH}:/opt/ros/foxy /usr/bin/cmake --build /home/ari/ros-tut/build/ros_tut -- -j8 -l8
