[0.018s] Invoking command in '/home/ari/ros-tut/build/ros-tut': CMAKE_PREFIX_PATH=${CMAKE_PREFIX_PATH}:/opt/ros/foxy /usr/bin/cmake --build /home/ari/ros-tut/build/ros-tut -- -j8 -l8
[0.036s] -- Found ament_cmake: 0.9.8 (/opt/ros/foxy/share/ament_cmake/cmake)
[0.049s] -- Using PYTHON_EXECUTABLE: /usr/bin/python3
[0.183s] -- Found rclcpp: 2.3.1 (/opt/ros/foxy/share/rclcpp/cmake)
[0.210s] -- Using all available rosidl_typesupport_c: rosidl_typesupport_fastrtps_c;rosidl_typesupport_introspection_c
[0.212s] -- Found rosidl_adapter: 1.2.1 (/opt/ros/foxy/share/rosidl_adapter/cmake)
[0.321s] -- Using all available rosidl_typesupport_cpp: rosidl_typesupport_fastrtps_cpp;rosidl_typesupport_introspection_cpp
[0.354s] -- Found rmw_implementation_cmake: 1.0.3 (/opt/ros/foxy/share/rmw_implementation_cmake/cmake)
[0.355s] -- Using RMW implementation 'rmw_fastrtps_cpp' as default
[0.453s] -- Found example_interfaces: 0.9.1 (/opt/ros/foxy/share/example_interfaces/cmake)
[0.529s] -- Found rosidl_default_generators: 1.0.1 (/opt/ros/foxy/share/rosidl_default_generators/cmake)
[0.537s] -- Found ament_lint_auto: 0.9.6 (/opt/ros/foxy/share/ament_lint_auto/cmake)
[0.571s] -- Added test 'copyright' to check source files copyright and LICENSE
[0.584s] -- Added test 'cppcheck' to perform static code analysis on C / C++ code
[0.584s] -- Configured cppcheck include dirs: $<BUILD_INTERFACE:/home/ari/ros-tut/include>
[0.584s] -- Configured cppcheck exclude dirs and/or files: 
[0.597s] -- Added test 'cpplint' to check C / C++ code against the Google style
[0.597s] -- Configured cpplint exclude dirs and/or files: 
[0.599s] -- Added test 'flake8' to check Python code syntax and style conventions
[0.602s] -- Added test 'lint_cmake' to check CMake code style
[0.604s] -- Added test 'pep257' to check Python code against some of the style conventions in PEP 257
[0.618s] -- Added test 'uncrustify' to check C / C++ code style
[0.618s] -- Configured uncrustify additional arguments: 
[0.620s] -- Added test 'xmllint' to check XML markup files
[0.620s] CMake Error at /opt/ros/foxy/share/rosidl_cmake/cmake/rosidl_generate_interfaces.cmake:64 (message):
[0.620s]   rosidl_generate_interfaces() must be called before ament_package()
[0.620s] Call Stack (most recent call first):
[0.620s]   CMakeLists.txt:57 (rosidl_generate_interfaces)
[0.621s] 
[0.621s] 
[0.623s] -- Configuring incomplete, errors occurred!
[0.623s] See also "/home/ari/ros-tut/build/ros-tut/CMakeFiles/CMakeOutput.log".
[0.623s] See also "/home/ari/ros-tut/build/ros-tut/CMakeFiles/CMakeError.log".
[0.628s] make: *** [Makefile:442: cmake_check_build_system] Error 1
[0.631s] Invoked command in '/home/ari/ros-tut/build/ros-tut' returned '2': CMAKE_PREFIX_PATH=${CMAKE_PREFIX_PATH}:/opt/ros/foxy /usr/bin/cmake --build /home/ari/ros-tut/build/ros-tut -- -j8 -l8
