[0.024s] Invoking command in '/home/ari/ros-tut/build/ros_tut': /usr/bin/cmake --build /home/ari/ros-tut/build/ros_tut -- -j8 -l8
[0.155s] [  1%] Built target ros_tut__cpp
[0.157s] [ 11%] Built target ros_tut__rosidl_generator_c
[0.178s] [ 14%] Built target circle
[0.182s] [ 20%] Built target kill_turtles
[0.183s] [ 20%] Built target spawn
[0.192s] [ 36%] Built target ros_tut__rosidl_typesupport_c
[0.193s] [ 39%] Built target ros_tut__rosidl_typesupport_cpp
[0.195s] [ 49%] Built target ros_tut__rosidl_typesupport_introspection_cpp
[0.197s] [ 58%] Built target ros_tut__rosidl_typesupport_introspection_c
[0.204s] [ 68%] Built target ros_tut__rosidl_typesupport_fastrtps_cpp
[0.232s] [ 77%] Built target ros_tut__rosidl_typesupport_fastrtps_c
[0.244s] [ 77%] Built target ros_tut
[0.256s] [ 79%] Built target ros_tut__py
[0.268s] [ 82%] Built target reset
[0.278s] [ 90%] Built target ros_tut__python
[0.298s] [ 96%] Built target ros_tut__rosidl_typesupport_fastrtps_c__pyext
[0.298s] [ 96%] Built target ros_tut__rosidl_typesupport_introspection_c__pyext
[0.298s] [100%] Built target ros_tut__rosidl_typesupport_c__pyext
[0.308s] Invoked command in '/home/ari/ros-tut/build/ros_tut' returned '0': /usr/bin/cmake --build /home/ari/ros-tut/build/ros_tut -- -j8 -l8
[0.402s] Invoking command in '/home/ari/ros-tut/build/ros_tut': /usr/bin/cmake --install /home/ari/ros-tut/build/ros_tut
[0.410s] -- Install configuration: ""
[0.414s] -- Installing: /usr/local/share/ament_index/resource_index/rosidl_interfaces/ros_tut
[0.414s] -- Installing: /usr/local/include/ros_tut
[0.415s] -- Installing: /usr/local/include/ros_tut/msg
[0.415s] -- Installing: /usr/local/include/ros_tut/msg/detail
[0.415s] -- Installing: /usr/local/include/ros_tut/msg/detail/num__type_support.h
[0.415s] -- Installing: /usr/local/include/ros_tut/msg/detail/num__functions.c
[0.416s] -- Installing: /usr/local/include/ros_tut/msg/detail/distance__functions.h
[0.416s] -- Installing: /usr/local/include/ros_tut/msg/detail/num__struct.h
[0.416s] -- Installing: /usr/local/include/ros_tut/msg/detail/distance__functions.c
[0.416s] -- Installing: /usr/local/include/ros_tut/msg/detail/distance__struct.h
[0.416s] -- Installing: /usr/local/include/ros_tut/msg/detail/num__functions.h
[0.416s] -- Installing: /usr/local/include/ros_tut/msg/detail/distance__type_support.h
[0.416s] -- Installing: /usr/local/include/ros_tut/msg/rosidl_generator_c__visibility_control.h
[0.416s] -- Installing: /usr/local/include/ros_tut/msg/num.h
[0.416s] -- Installing: /usr/local/include/ros_tut/msg/distance.h
[0.417s] -- Installing: /usr/local/include/ros_tut/srv
[0.417s] -- Installing: /usr/local/include/ros_tut/srv/detail
[0.417s] -- Installing: /usr/local/include/ros_tut/srv/detail/success__struct.h
[0.417s] -- Installing: /usr/local/include/ros_tut/srv/detail/success__functions.c
[0.417s] -- Installing: /usr/local/include/ros_tut/srv/detail/add_three_ints__type_support.h
[0.417s] -- Installing: /usr/local/include/ros_tut/srv/detail/success__type_support.h
[0.417s] -- Installing: /usr/local/include/ros_tut/srv/detail/success__functions.h
[0.418s] -- Installing: /usr/local/include/ros_tut/srv/detail/add_three_ints__functions.h
[0.418s] -- Installing: /usr/local/include/ros_tut/srv/detail/add_three_ints__functions.c
[0.418s] -- Installing: /usr/local/include/ros_tut/srv/detail/add_three_ints__struct.h
[0.418s] -- Installing: /usr/local/include/ros_tut/srv/success.h
[0.418s] -- Installing: /usr/local/include/ros_tut/srv/add_three_ints.h
[0.418s] -- Installing: /usr/local/share/ros_tut/environment/library_path.sh
[0.420s] -- Installing: /usr/local/share/ros_tut/environment/library_path.dsv
[0.422s] -- Installing: /usr/local/lib/libros_tut__rosidl_generator_c.so
[0.424s] -- Set runtime path of "/usr/local/lib/libros_tut__rosidl_generator_c.so" to ""
[0.424s] -- Up-to-date: /usr/local/include/ros_tut
[0.424s] -- Up-to-date: /usr/local/include/ros_tut/msg
[0.424s] -- Installing: /usr/local/include/ros_tut/msg/rosidl_typesupport_fastrtps_c__visibility_control.h
[0.424s] -- Up-to-date: /usr/local/include/ros_tut/msg/detail
[0.424s] -- Installing: /usr/local/include/ros_tut/msg/detail/num__rosidl_typesupport_fastrtps_c.h
[0.424s] -- Installing: /usr/local/include/ros_tut/msg/detail/distance__rosidl_typesupport_fastrtps_c.h
[0.424s] -- Up-to-date: /usr/local/include/ros_tut/srv
[0.424s] -- Up-to-date: /usr/local/include/ros_tut/srv/detail
[0.424s] -- Installing: /usr/local/include/ros_tut/srv/detail/add_three_ints__rosidl_typesupport_fastrtps_c.h
[0.424s] -- Installing: /usr/local/include/ros_tut/srv/detail/success__rosidl_typesupport_fastrtps_c.h
[0.424s] -- Installing: /usr/local/lib/libros_tut__rosidl_typesupport_fastrtps_c.so
[0.425s] -- Set runtime path of "/usr/local/lib/libros_tut__rosidl_typesupport_fastrtps_c.so" to ""
[0.425s] -- Up-to-date: /usr/local/include/ros_tut
[0.425s] -- Up-to-date: /usr/local/include/ros_tut/msg
[0.425s] -- Up-to-date: /usr/local/include/ros_tut/msg/detail
[0.425s] -- Installing: /usr/local/include/ros_tut/msg/detail/num__rosidl_typesupport_fastrtps_cpp.hpp
[0.425s] -- Installing: /usr/local/include/ros_tut/msg/detail/distance__rosidl_typesupport_fastrtps_cpp.hpp
[0.425s] -- Installing: /usr/local/include/ros_tut/msg/detail/dds_fastrtps
[0.425s] -- Installing: /usr/local/include/ros_tut/msg/rosidl_typesupport_fastrtps_cpp__visibility_control.h
[0.426s] -- Up-to-date: /usr/local/include/ros_tut/srv
[0.426s] -- Up-to-date: /usr/local/include/ros_tut/srv/detail
[0.426s] -- Installing: /usr/local/include/ros_tut/srv/detail/add_three_ints__rosidl_typesupport_fastrtps_cpp.hpp
[0.426s] -- Installing: /usr/local/include/ros_tut/srv/detail/success__rosidl_typesupport_fastrtps_cpp.hpp
[0.426s] -- Installing: /usr/local/include/ros_tut/srv/detail/dds_fastrtps
[0.426s] -- Installing: /usr/local/lib/libros_tut__rosidl_typesupport_fastrtps_cpp.so
[0.427s] -- Set runtime path of "/usr/local/lib/libros_tut__rosidl_typesupport_fastrtps_cpp.so" to ""
[0.427s] -- Up-to-date: /usr/local/include/ros_tut
[0.427s] -- Up-to-date: /usr/local/include/ros_tut/msg
[0.427s] -- Up-to-date: /usr/local/include/ros_tut/msg/detail
[0.427s] -- Installing: /usr/local/include/ros_tut/msg/detail/num__type_support.c
[0.427s] -- Installing: /usr/local/include/ros_tut/msg/detail/num__rosidl_typesupport_introspection_c.h
[0.427s] -- Installing: /usr/local/include/ros_tut/msg/detail/distance__rosidl_typesupport_introspection_c.h
[0.427s] -- Installing: /usr/local/include/ros_tut/msg/detail/distance__type_support.c
[0.427s] -- Installing: /usr/local/include/ros_tut/msg/rosidl_typesupport_introspection_c__visibility_control.h
[0.427s] -- Up-to-date: /usr/local/include/ros_tut/srv
[0.427s] -- Up-to-date: /usr/local/include/ros_tut/srv/detail
[0.427s] -- Installing: /usr/local/include/ros_tut/srv/detail/success__rosidl_typesupport_introspection_c.h
[0.427s] -- Installing: /usr/local/include/ros_tut/srv/detail/add_three_ints__type_support.c
[0.427s] -- Installing: /usr/local/include/ros_tut/srv/detail/add_three_ints__rosidl_typesupport_introspection_c.h
[0.428s] -- Installing: /usr/local/include/ros_tut/srv/detail/success__type_support.c
[0.428s] -- Installing: /usr/local/lib/libros_tut__rosidl_typesupport_introspection_c.so
[0.428s] -- Set runtime path of "/usr/local/lib/libros_tut__rosidl_typesupport_introspection_c.so" to ""
[0.428s] -- Installing: /usr/local/lib/libros_tut__rosidl_typesupport_c.so
[0.429s] -- Set runtime path of "/usr/local/lib/libros_tut__rosidl_typesupport_c.so" to ""
[0.429s] -- Up-to-date: /usr/local/include/ros_tut
[0.429s] -- Up-to-date: /usr/local/include/ros_tut/msg
[0.430s] -- Up-to-date: /usr/local/include/ros_tut/msg/detail
[0.431s] -- Installing: /usr/local/include/ros_tut/msg/detail/distance__traits.hpp
[0.431s] -- Installing: /usr/local/include/ros_tut/msg/detail/num__struct.hpp
[0.433s] -- Installing: /usr/local/include/ros_tut/msg/detail/distance__builder.hpp
[0.433s] -- Installing: /usr/local/include/ros_tut/msg/detail/num__traits.hpp
[0.433s] -- Installing: /usr/local/include/ros_tut/msg/detail/distance__struct.hpp
[0.434s] -- Installing: /usr/local/include/ros_tut/msg/detail/num__builder.hpp
[0.435s] -- Installing: /usr/local/include/ros_tut/msg/distance.hpp
[0.435s] -- Installing: /usr/local/include/ros_tut/msg/num.hpp
[0.435s] -- Up-to-date: /usr/local/include/ros_tut/srv
[0.435s] -- Installing: /usr/local/include/ros_tut/srv/add_three_ints.hpp
[0.435s] -- Up-to-date: /usr/local/include/ros_tut/srv/detail
[0.435s] -- Installing: /usr/local/include/ros_tut/srv/detail/add_three_ints__builder.hpp
[0.435s] -- Installing: /usr/local/include/ros_tut/srv/detail/success__builder.hpp
[0.435s] -- Installing: /usr/local/include/ros_tut/srv/detail/success__traits.hpp
[0.436s] -- Installing: /usr/local/include/ros_tut/srv/detail/success__struct.hpp
[0.436s] -- Installing: /usr/local/include/ros_tut/srv/detail/add_three_ints__traits.hpp
[0.436s] -- Installing: /usr/local/include/ros_tut/srv/detail/add_three_ints__struct.hpp
[0.436s] -- Installing: /usr/local/include/ros_tut/srv/success.hpp
[0.436s] -- Up-to-date: /usr/local/include/ros_tut
[0.436s] -- Up-to-date: /usr/local/include/ros_tut/msg
[0.436s] -- Up-to-date: /usr/local/include/ros_tut/msg/detail
[0.436s] -- Installing: /usr/local/include/ros_tut/msg/detail/num__type_support.cpp
[0.436s] -- Installing: /usr/local/include/ros_tut/msg/detail/num__rosidl_typesupport_introspection_cpp.hpp
[0.436s] -- Installing: /usr/local/include/ros_tut/msg/detail/distance__type_support.cpp
[0.437s] -- Installing: /usr/local/include/ros_tut/msg/detail/distance__rosidl_typesupport_introspection_cpp.hpp
[0.437s] -- Up-to-date: /usr/local/include/ros_tut/srv
[0.437s] -- Up-to-date: /usr/local/include/ros_tut/srv/detail
[0.437s] -- Installing: /usr/local/include/ros_tut/srv/detail/add_three_ints__rosidl_typesupport_introspection_cpp.hpp
[0.437s] -- Installing: /usr/local/include/ros_tut/srv/detail/success__type_support.cpp
[0.437s] -- Installing: /usr/local/include/ros_tut/srv/detail/success__rosidl_typesupport_introspection_cpp.hpp
[0.437s] -- Installing: /usr/local/include/ros_tut/srv/detail/add_three_ints__type_support.cpp
[0.437s] -- Installing: /usr/local/lib/libros_tut__rosidl_typesupport_introspection_cpp.so
[0.438s] -- Set runtime path of "/usr/local/lib/libros_tut__rosidl_typesupport_introspection_cpp.so" to ""
[0.438s] -- Installing: /usr/local/lib/libros_tut__rosidl_typesupport_cpp.so
[0.438s] -- Set runtime path of "/usr/local/lib/libros_tut__rosidl_typesupport_cpp.so" to ""
[0.438s] -- Installing: /usr/local/share/ros_tut/environment/pythonpath.sh
[0.439s] -- Installing: /usr/local/share/ros_tut/environment/pythonpath.dsv
[0.439s] -- Installing: /usr/local/lib/python3/dist-packages/ros_tut/__init__.py
[0.458s] Compiling '/usr/local/lib/python3/dist-packages/ros_tut/__init__.py'...
[0.461s] -- Installing: /usr/local/lib/python3/dist-packages/ros_tut/msg
[0.461s] -- Installing: /usr/local/lib/python3/dist-packages/ros_tut/msg/_num_s.c
[0.461s] -- Installing: /usr/local/lib/python3/dist-packages/ros_tut/msg/_distance_s.c
[0.461s] -- Installing: /usr/local/lib/python3/dist-packages/ros_tut/msg/_num.py
[0.461s] -- Installing: /usr/local/lib/python3/dist-packages/ros_tut/msg/__init__.py
[0.461s] -- Installing: /usr/local/lib/python3/dist-packages/ros_tut/msg/_distance.py
[0.461s] -- Installing: /usr/local/lib/python3/dist-packages/ros_tut/srv
[0.461s] -- Installing: /usr/local/lib/python3/dist-packages/ros_tut/srv/_success_s.c
[0.461s] -- Installing: /usr/local/lib/python3/dist-packages/ros_tut/srv/_add_three_ints.py
[0.462s] -- Installing: /usr/local/lib/python3/dist-packages/ros_tut/srv/__init__.py
[0.462s] -- Installing: /usr/local/lib/python3/dist-packages/ros_tut/srv/_success.py
[0.464s] -- Installing: /usr/local/lib/python3/dist-packages/ros_tut/srv/_add_three_ints_s.c
[0.465s] -- Installing: /usr/local/lib/python3/dist-packages/ros_tut/ros_tut_s__rosidl_typesupport_fastrtps_c.cpython-38-aarch64-linux-gnu.so
[0.466s] -- Set runtime path of "/usr/local/lib/python3/dist-packages/ros_tut/ros_tut_s__rosidl_typesupport_fastrtps_c.cpython-38-aarch64-linux-gnu.so" to ""
[0.466s] -- Installing: /usr/local/lib/python3/dist-packages/ros_tut/ros_tut_s__rosidl_typesupport_introspection_c.cpython-38-aarch64-linux-gnu.so
[0.466s] -- Set runtime path of "/usr/local/lib/python3/dist-packages/ros_tut/ros_tut_s__rosidl_typesupport_introspection_c.cpython-38-aarch64-linux-gnu.so" to ""
[0.466s] -- Installing: /usr/local/lib/python3/dist-packages/ros_tut/ros_tut_s__rosidl_typesupport_c.cpython-38-aarch64-linux-gnu.so
[0.467s] -- Set runtime path of "/usr/local/lib/python3/dist-packages/ros_tut/ros_tut_s__rosidl_typesupport_c.cpython-38-aarch64-linux-gnu.so" to ""
[0.467s] -- Installing: /usr/local/lib/libros_tut__python.so
[0.467s] -- Set runtime path of "/usr/local/lib/libros_tut__python.so" to ""
[0.467s] -- Installing: /usr/local/share/ros_tut/msg/Num.idl
[0.467s] -- Installing: /usr/local/share/ros_tut/srv/AddThreeInts.idl
[0.468s] -- Installing: /usr/local/share/ros_tut/srv/Success.idl
[0.468s] -- Installing: /usr/local/share/ros_tut/msg/Distance.idl
[0.468s] -- Installing: /usr/local/share/ros_tut/msg/Num.msg
[0.470s] -- Installing: /usr/local/share/ros_tut/srv/AddThreeInts.srv
[0.471s] -- Installing: /usr/local/share/ros_tut/srv/AddThreeInts_Request.msg
[0.471s] -- Installing: /usr/local/share/ros_tut/srv/AddThreeInts_Response.msg
[0.472s] -- Installing: /usr/local/share/ros_tut/srv/Success.srv
[0.472s] -- Installing: /usr/local/share/ros_tut/srv/Success_Request.msg
[0.472s] -- Installing: /usr/local/share/ros_tut/srv/Success_Response.msg
[0.472s] -- Installing: /usr/local/share/ros_tut/msg/Distance.msg
[0.473s] -- Installing: /usr/local/lib/libkill_turtles.so
[0.478s] -- Set runtime path of "/usr/local/lib/libkill_turtles.so" to ""
[0.478s] -- Installing: /usr/local/lib/libcircle.so
[0.480s] -- Set runtime path of "/usr/local/lib/libcircle.so" to ""
[0.480s] -- Installing: /usr/local/lib/libspawn.so
[0.482s] -- Set runtime path of "/usr/local/lib/libspawn.so" to ""
[0.482s] -- Installing: /usr/local/lib/libreset.so
[0.484s] -- Set runtime path of "/usr/local/lib/libreset.so" to ""
[0.484s] -- Installing: /usr/local/share/ament_index/resource_index/package_run_dependencies/ros_tut
[0.485s] -- Installing: /usr/local/share/ament_index/resource_index/parent_prefix_path/ros_tut
[0.485s] -- Installing: /usr/local/share/ros_tut/environment/ament_prefix_path.sh
[0.485s] -- Installing: /usr/local/share/ros_tut/environment/ament_prefix_path.dsv
[0.486s] -- Installing: /usr/local/share/ros_tut/environment/path.sh
[0.486s] -- Installing: /usr/local/share/ros_tut/environment/path.dsv
[0.487s] -- Installing: /usr/local/share/ros_tut/local_setup.bash
[0.487s] -- Installing: /usr/local/share/ros_tut/local_setup.sh
[0.487s] -- Installing: /usr/local/share/ros_tut/local_setup.zsh
[0.488s] -- Installing: /usr/local/share/ros_tut/local_setup.dsv
[0.488s] -- Installing: /usr/local/share/ros_tut/package.dsv
[0.488s] -- Installing: /usr/local/share/ament_index/resource_index/packages/ros_tut
[0.491s] -- Installing: /usr/local/share/ros_tut/cmake/ros_tut__rosidl_generator_cExport.cmake
[0.491s] -- Installing: /usr/local/share/ros_tut/cmake/ros_tut__rosidl_generator_cExport-noconfig.cmake
[0.492s] -- Installing: /usr/local/share/ros_tut/cmake/ros_tut__rosidl_typesupport_introspection_cExport.cmake
[0.492s] -- Installing: /usr/local/share/ros_tut/cmake/ros_tut__rosidl_typesupport_introspection_cExport-noconfig.cmake
[0.492s] -- Installing: /usr/local/share/ros_tut/cmake/ros_tut__rosidl_typesupport_cExport.cmake
[0.493s] -- Installing: /usr/local/share/ros_tut/cmake/ros_tut__rosidl_typesupport_cExport-noconfig.cmake
[0.494s] -- Installing: /usr/local/share/ros_tut/cmake/ros_tut__rosidl_generator_cppExport.cmake
[0.495s] -- Installing: /usr/local/share/ros_tut/cmake/ros_tut__rosidl_typesupport_introspection_cppExport.cmake
[0.495s] -- Installing: /usr/local/share/ros_tut/cmake/ros_tut__rosidl_typesupport_introspection_cppExport-noconfig.cmake
[0.498s] -- Installing: /usr/local/share/ros_tut/cmake/ros_tut__rosidl_typesupport_cppExport.cmake
[0.501s] -- Installing: /usr/local/share/ros_tut/cmake/ros_tut__rosidl_typesupport_cppExport-noconfig.cmake
[0.501s] -- Installing: /usr/local/share/ament_index/resource_index/rclcpp_components/ros_tut
[0.501s] -- Installing: /usr/local/share/ros_tut/cmake/rosidl_cmake-extras.cmake
[0.502s] -- Installing: /usr/local/share/ros_tut/cmake/ament_cmake_export_dependencies-extras.cmake
[0.502s] -- Installing: /usr/local/share/ros_tut/cmake/ament_cmake_export_libraries-extras.cmake
[0.503s] -- Installing: /usr/local/share/ros_tut/cmake/ament_cmake_export_targets-extras.cmake
[0.503s] -- Installing: /usr/local/share/ros_tut/cmake/ament_cmake_export_include_directories-extras.cmake
[0.504s] -- Installing: /usr/local/share/ros_tut/cmake/rosidl_cmake_export_typesupport_libraries-extras.cmake
[0.505s] -- Installing: /usr/local/share/ros_tut/cmake/rosidl_cmake_export_typesupport_targets-extras.cmake
[0.505s] -- Installing: /usr/local/share/ros_tut/cmake/ros_tutConfig.cmake
[0.506s] -- Installing: /usr/local/share/ros_tut/cmake/ros_tutConfig-version.cmake
[0.506s] -- Installing: /usr/local/share/ros_tut/package.xml
[0.509s] Invoked command in '/home/ari/ros-tut/build/ros_tut' returned '0': /usr/bin/cmake --install /home/ari/ros-tut/build/ros_tut
