[35m[1mScanning dependencies of target circle[0m
[  1%] Built target ros_tut__cpp
[ 11%] Built target ros_tut__rosidl_generator_c
[ 15%] Built target kill_turtles
[ 27%] Built target ros_tut__rosidl_typesupport_c
[ 35%] Built target ros_tut__rosidl_typesupport_cpp
[ 54%] Built target ros_tut__rosidl_typesupport_introspection_c
[ 54%] Built target ros_tut__rosidl_typesupport_introspection_cpp
[ 56%] [32mBuilding CXX object CMakeFiles/circle.dir/src/circle.cpp.o[0m
[ 66%] Built target ros_tut__rosidl_typesupport_fastrtps_cpp
[ 76%] Built target ros_tut__rosidl_typesupport_fastrtps_c
[ 76%] Built target ros_tut
[ 78%] Built target ros_tut__py
[ 86%] Built target ros_tut__python
[ 90%] Built target ros_tut__rosidl_typesupport_c__pyext
[ 94%] Built target ros_tut__rosidl_typesupport_fastrtps_c__pyext
[ 98%] Built target ros_tut__rosidl_typesupport_introspection_c__pyext
[100%] [32m[1mLinking CXX shared library libcircle.so[0m
[100%] Built target circle
-- Install configuration: ""
-- Up-to-date: /home/ari/ros-tut/install/ros_tut/share/ament_index/resource_index/rosidl_interfaces/ros_tut
-- Up-to-date: /home/ari/ros-tut/install/ros_tut/include/ros_tut
-- Up-to-date: /home/ari/ros-tut/install/ros_tut/include/ros_tut/msg
-- Up-to-date: /home/ari/ros-tut/install/ros_tut/include/ros_tut/msg/detail
-- Up-to-date: /home/ari/ros-tut/install/ros_tut/include/ros_tut/msg/detail/num__type_support.h
-- Up-to-date: /home/ari/ros-tut/install/ros_tut/include/ros_tut/msg/detail/num__functions.c
-- Up-to-date: /home/ari/ros-tut/install/ros_tut/include/ros_tut/msg/detail/num__struct.h
-- Up-to-date: /home/ari/ros-tut/install/ros_tut/include/ros_tut/msg/detail/num__functions.h
-- Up-to-date: /home/ari/ros-tut/install/ros_tut/include/ros_tut/msg/rosidl_generator_c__visibility_control.h
-- Up-to-date: /home/ari/ros-tut/install/ros_tut/include/ros_tut/msg/num.h
-- Up-to-date: /home/ari/ros-tut/install/ros_tut/include/ros_tut/srv
-- Up-to-date: /home/ari/ros-tut/install/ros_tut/include/ros_tut/srv/detail
-- Up-to-date: /home/ari/ros-tut/install/ros_tut/include/ros_tut/srv/detail/success__struct.h
-- Up-to-date: /home/ari/ros-tut/install/ros_tut/include/ros_tut/srv/detail/success__functions.c
-- Up-to-date: /home/ari/ros-tut/install/ros_tut/include/ros_tut/srv/detail/add_three_ints__type_support.h
-- Up-to-date: /home/ari/ros-tut/install/ros_tut/include/ros_tut/srv/detail/success__type_support.h
-- Up-to-date: /home/ari/ros-tut/install/ros_tut/include/ros_tut/srv/detail/success__functions.h
-- Up-to-date: /home/ari/ros-tut/install/ros_tut/include/ros_tut/srv/detail/add_three_ints__functions.h
-- Up-to-date: /home/ari/ros-tut/install/ros_tut/include/ros_tut/srv/detail/add_three_ints__functions.c
-- Up-to-date: /home/ari/ros-tut/install/ros_tut/include/ros_tut/srv/detail/add_three_ints__struct.h
-- Up-to-date: /home/ari/ros-tut/install/ros_tut/include/ros_tut/srv/success.h
-- Up-to-date: /home/ari/ros-tut/install/ros_tut/include/ros_tut/srv/add_three_ints.h
-- Up-to-date: /home/ari/ros-tut/install/ros_tut/share/ros_tut/environment/library_path.sh
-- Up-to-date: /home/ari/ros-tut/install/ros_tut/share/ros_tut/environment/library_path.dsv
-- Up-to-date: /home/ari/ros-tut/install/ros_tut/lib/libros_tut__rosidl_generator_c.so
-- Up-to-date: /home/ari/ros-tut/install/ros_tut/include/ros_tut
-- Up-to-date: /home/ari/ros-tut/install/ros_tut/include/ros_tut/msg
-- Up-to-date: /home/ari/ros-tut/install/ros_tut/include/ros_tut/msg/rosidl_typesupport_fastrtps_c__visibility_control.h
-- Up-to-date: /home/ari/ros-tut/install/ros_tut/include/ros_tut/msg/detail
-- Up-to-date: /home/ari/ros-tut/install/ros_tut/include/ros_tut/msg/detail/num__rosidl_typesupport_fastrtps_c.h
-- Up-to-date: /home/ari/ros-tut/install/ros_tut/include/ros_tut/srv
-- Up-to-date: /home/ari/ros-tut/install/ros_tut/include/ros_tut/srv/detail
-- Up-to-date: /home/ari/ros-tut/install/ros_tut/include/ros_tut/srv/detail/add_three_ints__rosidl_typesupport_fastrtps_c.h
-- Up-to-date: /home/ari/ros-tut/install/ros_tut/include/ros_tut/srv/detail/success__rosidl_typesupport_fastrtps_c.h
-- Up-to-date: /home/ari/ros-tut/install/ros_tut/lib/libros_tut__rosidl_typesupport_fastrtps_c.so
-- Up-to-date: /home/ari/ros-tut/install/ros_tut/include/ros_tut
-- Up-to-date: /home/ari/ros-tut/install/ros_tut/include/ros_tut/msg
-- Up-to-date: /home/ari/ros-tut/install/ros_tut/include/ros_tut/msg/detail
-- Up-to-date: /home/ari/ros-tut/install/ros_tut/include/ros_tut/msg/detail/num__rosidl_typesupport_fastrtps_cpp.hpp
-- Up-to-date: /home/ari/ros-tut/install/ros_tut/include/ros_tut/msg/detail/dds_fastrtps
-- Up-to-date: /home/ari/ros-tut/install/ros_tut/include/ros_tut/msg/rosidl_typesupport_fastrtps_cpp__visibility_control.h
-- Up-to-date: /home/ari/ros-tut/install/ros_tut/include/ros_tut/srv
-- Up-to-date: /home/ari/ros-tut/install/ros_tut/include/ros_tut/srv/detail
-- Up-to-date: /home/ari/ros-tut/install/ros_tut/include/ros_tut/srv/detail/add_three_ints__rosidl_typesupport_fastrtps_cpp.hpp
-- Up-to-date: /home/ari/ros-tut/install/ros_tut/include/ros_tut/srv/detail/success__rosidl_typesupport_fastrtps_cpp.hpp
-- Up-to-date: /home/ari/ros-tut/install/ros_tut/include/ros_tut/srv/detail/dds_fastrtps
-- Up-to-date: /home/ari/ros-tut/install/ros_tut/lib/libros_tut__rosidl_typesupport_fastrtps_cpp.so
-- Up-to-date: /home/ari/ros-tut/install/ros_tut/include/ros_tut
-- Up-to-date: /home/ari/ros-tut/install/ros_tut/include/ros_tut/msg
-- Up-to-date: /home/ari/ros-tut/install/ros_tut/include/ros_tut/msg/detail
-- Up-to-date: /home/ari/ros-tut/install/ros_tut/include/ros_tut/msg/detail/num__type_support.c
-- Up-to-date: /home/ari/ros-tut/install/ros_tut/include/ros_tut/msg/detail/num__rosidl_typesupport_introspection_c.h
-- Up-to-date: /home/ari/ros-tut/install/ros_tut/include/ros_tut/msg/rosidl_typesupport_introspection_c__visibility_control.h
-- Up-to-date: /home/ari/ros-tut/install/ros_tut/include/ros_tut/srv
-- Up-to-date: /home/ari/ros-tut/install/ros_tut/include/ros_tut/srv/detail
-- Up-to-date: /home/ari/ros-tut/install/ros_tut/include/ros_tut/srv/detail/success__rosidl_typesupport_introspection_c.h
-- Up-to-date: /home/ari/ros-tut/install/ros_tut/include/ros_tut/srv/detail/add_three_ints__type_support.c
-- Up-to-date: /home/ari/ros-tut/install/ros_tut/include/ros_tut/srv/detail/add_three_ints__rosidl_typesupport_introspection_c.h
-- Up-to-date: /home/ari/ros-tut/install/ros_tut/include/ros_tut/srv/detail/success__type_support.c
-- Up-to-date: /home/ari/ros-tut/install/ros_tut/lib/libros_tut__rosidl_typesupport_introspection_c.so
-- Up-to-date: /home/ari/ros-tut/install/ros_tut/lib/libros_tut__rosidl_typesupport_c.so
-- Up-to-date: /home/ari/ros-tut/install/ros_tut/include/ros_tut
-- Up-to-date: /home/ari/ros-tut/install/ros_tut/include/ros_tut/msg
-- Up-to-date: /home/ari/ros-tut/install/ros_tut/include/ros_tut/msg/detail
-- Up-to-date: /home/ari/ros-tut/install/ros_tut/include/ros_tut/msg/detail/num__struct.hpp
-- Up-to-date: /home/ari/ros-tut/install/ros_tut/include/ros_tut/msg/detail/num__traits.hpp
-- Up-to-date: /home/ari/ros-tut/install/ros_tut/include/ros_tut/msg/detail/num__builder.hpp
-- Up-to-date: /home/ari/ros-tut/install/ros_tut/include/ros_tut/msg/num.hpp
-- Up-to-date: /home/ari/ros-tut/install/ros_tut/include/ros_tut/srv
-- Up-to-date: /home/ari/ros-tut/install/ros_tut/include/ros_tut/srv/add_three_ints.hpp
-- Up-to-date: /home/ari/ros-tut/install/ros_tut/include/ros_tut/srv/detail
-- Up-to-date: /home/ari/ros-tut/install/ros_tut/include/ros_tut/srv/detail/add_three_ints__builder.hpp
-- Up-to-date: /home/ari/ros-tut/install/ros_tut/include/ros_tut/srv/detail/success__builder.hpp
-- Up-to-date: /home/ari/ros-tut/install/ros_tut/include/ros_tut/srv/detail/success__traits.hpp
-- Up-to-date: /home/ari/ros-tut/install/ros_tut/include/ros_tut/srv/detail/success__struct.hpp
-- Up-to-date: /home/ari/ros-tut/install/ros_tut/include/ros_tut/srv/detail/add_three_ints__traits.hpp
-- Up-to-date: /home/ari/ros-tut/install/ros_tut/include/ros_tut/srv/detail/add_three_ints__struct.hpp
-- Up-to-date: /home/ari/ros-tut/install/ros_tut/include/ros_tut/srv/success.hpp
-- Up-to-date: /home/ari/ros-tut/install/ros_tut/include/ros_tut
-- Up-to-date: /home/ari/ros-tut/install/ros_tut/include/ros_tut/msg
-- Up-to-date: /home/ari/ros-tut/install/ros_tut/include/ros_tut/msg/detail
-- Up-to-date: /home/ari/ros-tut/install/ros_tut/include/ros_tut/msg/detail/num__type_support.cpp
-- Up-to-date: /home/ari/ros-tut/install/ros_tut/include/ros_tut/msg/detail/num__rosidl_typesupport_introspection_cpp.hpp
-- Up-to-date: /home/ari/ros-tut/install/ros_tut/include/ros_tut/srv
-- Up-to-date: /home/ari/ros-tut/install/ros_tut/include/ros_tut/srv/detail
-- Up-to-date: /home/ari/ros-tut/install/ros_tut/include/ros_tut/srv/detail/add_three_ints__rosidl_typesupport_introspection_cpp.hpp
-- Up-to-date: /home/ari/ros-tut/install/ros_tut/include/ros_tut/srv/detail/success__type_support.cpp
-- Up-to-date: /home/ari/ros-tut/install/ros_tut/include/ros_tut/srv/detail/success__rosidl_typesupport_introspection_cpp.hpp
-- Up-to-date: /home/ari/ros-tut/install/ros_tut/include/ros_tut/srv/detail/add_three_ints__type_support.cpp
-- Up-to-date: /home/ari/ros-tut/install/ros_tut/lib/libros_tut__rosidl_typesupport_introspection_cpp.so
-- Up-to-date: /home/ari/ros-tut/install/ros_tut/lib/libros_tut__rosidl_typesupport_cpp.so
-- Up-to-date: /home/ari/ros-tut/install/ros_tut/share/ros_tut/environment/pythonpath.sh
-- Up-to-date: /home/ari/ros-tut/install/ros_tut/share/ros_tut/environment/pythonpath.dsv
-- Up-to-date: /home/ari/ros-tut/install/ros_tut/lib/python3.8/site-packages/ros_tut/__init__.py
-- Up-to-date: /home/ari/ros-tut/install/ros_tut/lib/python3.8/site-packages/ros_tut/msg
-- Up-to-date: /home/ari/ros-tut/install/ros_tut/lib/python3.8/site-packages/ros_tut/msg/_num_s.c
-- Up-to-date: /home/ari/ros-tut/install/ros_tut/lib/python3.8/site-packages/ros_tut/msg/_num.py
-- Up-to-date: /home/ari/ros-tut/install/ros_tut/lib/python3.8/site-packages/ros_tut/msg/__init__.py
-- Up-to-date: /home/ari/ros-tut/install/ros_tut/lib/python3.8/site-packages/ros_tut/srv
-- Up-to-date: /home/ari/ros-tut/install/ros_tut/lib/python3.8/site-packages/ros_tut/srv/_success_s.c
-- Up-to-date: /home/ari/ros-tut/install/ros_tut/lib/python3.8/site-packages/ros_tut/srv/_add_three_ints.py
-- Up-to-date: /home/ari/ros-tut/install/ros_tut/lib/python3.8/site-packages/ros_tut/srv/__init__.py
-- Up-to-date: /home/ari/ros-tut/install/ros_tut/lib/python3.8/site-packages/ros_tut/srv/_success.py
-- Up-to-date: /home/ari/ros-tut/install/ros_tut/lib/python3.8/site-packages/ros_tut/srv/_add_three_ints_s.c
-- Up-to-date: /home/ari/ros-tut/install/ros_tut/lib/python3.8/site-packages/ros_tut/ros_tut_s__rosidl_typesupport_fastrtps_c.cpython-38-aarch64-linux-gnu.so
-- Up-to-date: /home/ari/ros-tut/install/ros_tut/lib/python3.8/site-packages/ros_tut/ros_tut_s__rosidl_typesupport_introspection_c.cpython-38-aarch64-linux-gnu.so
-- Up-to-date: /home/ari/ros-tut/install/ros_tut/lib/python3.8/site-packages/ros_tut/ros_tut_s__rosidl_typesupport_c.cpython-38-aarch64-linux-gnu.so
-- Up-to-date: /home/ari/ros-tut/install/ros_tut/lib/libros_tut__python.so
-- Up-to-date: /home/ari/ros-tut/install/ros_tut/share/ros_tut/msg/Num.idl
-- Up-to-date: /home/ari/ros-tut/install/ros_tut/share/ros_tut/srv/AddThreeInts.idl
-- Up-to-date: /home/ari/ros-tut/install/ros_tut/share/ros_tut/srv/Success.idl
-- Up-to-date: /home/ari/ros-tut/install/ros_tut/share/ros_tut/msg/Num.msg
-- Up-to-date: /home/ari/ros-tut/install/ros_tut/share/ros_tut/srv/AddThreeInts.srv
-- Up-to-date: /home/ari/ros-tut/install/ros_tut/share/ros_tut/srv/AddThreeInts_Request.msg
-- Up-to-date: /home/ari/ros-tut/install/ros_tut/share/ros_tut/srv/AddThreeInts_Response.msg
-- Up-to-date: /home/ari/ros-tut/install/ros_tut/share/ros_tut/srv/Success.srv
-- Up-to-date: /home/ari/ros-tut/install/ros_tut/share/ros_tut/srv/Success_Request.msg
-- Up-to-date: /home/ari/ros-tut/install/ros_tut/share/ros_tut/srv/Success_Response.msg
-- Up-to-date: /home/ari/ros-tut/install/ros_tut/lib/libkill_turtles.so
-- Installing: /home/ari/ros-tut/install/ros_tut/lib/libcircle.so
-- Set runtime path of "/home/ari/ros-tut/install/ros_tut/lib/libcircle.so" to ""
-- Up-to-date: /home/ari/ros-tut/install/ros_tut/share/ament_index/resource_index/package_run_dependencies/ros_tut
-- Up-to-date: /home/ari/ros-tut/install/ros_tut/share/ament_index/resource_index/parent_prefix_path/ros_tut
-- Up-to-date: /home/ari/ros-tut/install/ros_tut/share/ros_tut/environment/ament_prefix_path.sh
-- Up-to-date: /home/ari/ros-tut/install/ros_tut/share/ros_tut/environment/ament_prefix_path.dsv
-- Up-to-date: /home/ari/ros-tut/install/ros_tut/share/ros_tut/environment/path.sh
-- Up-to-date: /home/ari/ros-tut/install/ros_tut/share/ros_tut/environment/path.dsv
-- Up-to-date: /home/ari/ros-tut/install/ros_tut/share/ros_tut/local_setup.bash
-- Up-to-date: /home/ari/ros-tut/install/ros_tut/share/ros_tut/local_setup.sh
-- Up-to-date: /home/ari/ros-tut/install/ros_tut/share/ros_tut/local_setup.zsh
-- Up-to-date: /home/ari/ros-tut/install/ros_tut/share/ros_tut/local_setup.dsv
-- Installing: /home/ari/ros-tut/install/ros_tut/share/ros_tut/package.dsv
-- Up-to-date: /home/ari/ros-tut/install/ros_tut/share/ament_index/resource_index/packages/ros_tut
-- Up-to-date: /home/ari/ros-tut/install/ros_tut/share/ros_tut/cmake/ros_tut__rosidl_generator_cExport.cmake
-- Up-to-date: /home/ari/ros-tut/install/ros_tut/share/ros_tut/cmake/ros_tut__rosidl_generator_cExport-noconfig.cmake
-- Up-to-date: /home/ari/ros-tut/install/ros_tut/share/ros_tut/cmake/ros_tut__rosidl_typesupport_introspection_cExport.cmake
-- Up-to-date: /home/ari/ros-tut/install/ros_tut/share/ros_tut/cmake/ros_tut__rosidl_typesupport_introspection_cExport-noconfig.cmake
-- Up-to-date: /home/ari/ros-tut/install/ros_tut/share/ros_tut/cmake/ros_tut__rosidl_typesupport_cExport.cmake
-- Up-to-date: /home/ari/ros-tut/install/ros_tut/share/ros_tut/cmake/ros_tut__rosidl_typesupport_cExport-noconfig.cmake
-- Up-to-date: /home/ari/ros-tut/install/ros_tut/share/ros_tut/cmake/ros_tut__rosidl_generator_cppExport.cmake
-- Up-to-date: /home/ari/ros-tut/install/ros_tut/share/ros_tut/cmake/ros_tut__rosidl_typesupport_introspection_cppExport.cmake
-- Up-to-date: /home/ari/ros-tut/install/ros_tut/share/ros_tut/cmake/ros_tut__rosidl_typesupport_introspection_cppExport-noconfig.cmake
-- Up-to-date: /home/ari/ros-tut/install/ros_tut/share/ros_tut/cmake/ros_tut__rosidl_typesupport_cppExport.cmake
-- Up-to-date: /home/ari/ros-tut/install/ros_tut/share/ros_tut/cmake/ros_tut__rosidl_typesupport_cppExport-noconfig.cmake
-- Up-to-date: /home/ari/ros-tut/install/ros_tut/share/ament_index/resource_index/rclcpp_components/ros_tut
-- Up-to-date: /home/ari/ros-tut/install/ros_tut/share/ros_tut/cmake/rosidl_cmake-extras.cmake
-- Up-to-date: /home/ari/ros-tut/install/ros_tut/share/ros_tut/cmake/ament_cmake_export_dependencies-extras.cmake
-- Up-to-date: /home/ari/ros-tut/install/ros_tut/share/ros_tut/cmake/ament_cmake_export_libraries-extras.cmake
-- Up-to-date: /home/ari/ros-tut/install/ros_tut/share/ros_tut/cmake/ament_cmake_export_targets-extras.cmake
-- Up-to-date: /home/ari/ros-tut/install/ros_tut/share/ros_tut/cmake/ament_cmake_export_include_directories-extras.cmake
-- Up-to-date: /home/ari/ros-tut/install/ros_tut/share/ros_tut/cmake/rosidl_cmake_export_typesupport_libraries-extras.cmake
-- Up-to-date: /home/ari/ros-tut/install/ros_tut/share/ros_tut/cmake/rosidl_cmake_export_typesupport_targets-extras.cmake
-- Up-to-date: /home/ari/ros-tut/install/ros_tut/share/ros_tut/cmake/ros_tutConfig.cmake
-- Up-to-date: /home/ari/ros-tut/install/ros_tut/share/ros_tut/cmake/ros_tutConfig-version.cmake
-- Up-to-date: /home/ari/ros-tut/install/ros_tut/share/ros_tut/package.xml
