-- Found ament_cmake: 0.9.8 (/opt/ros/foxy/share/ament_cmake/cmake)
-- Using PYTHON_EXECUTABLE: /usr/bin/python3
-- Found rclcpp: 2.3.1 (/opt/ros/foxy/share/rclcpp/cmake)
-- Using all available rosidl_typesupport_c: rosidl_typesupport_fastrtps_c;rosidl_typesupport_introspection_c
-- Found rosidl_adapter: 1.2.1 (/opt/ros/foxy/share/rosidl_adapter/cmake)
-- Found OpenSSL: /usr/lib/aarch64-linux-gnu/libcrypto.so (found version "1.1.1f")  
-- Found FastRTPS: /opt/ros/foxy/include  
-- Using all available rosidl_typesupport_cpp: rosidl_typesupport_fastrtps_cpp;rosidl_typesupport_introspection_cpp
-- Found rmw_implementation_cmake: 1.0.3 (/opt/ros/foxy/share/rmw_implementation_cmake/cmake)
-- Using RMW implementation 'rmw_fastrtps_cpp' as default
-- Looking for pthread.h
-- Looking for pthread.h - found
-- Performing Test CMAKE_HAVE_LIBC_PTHREAD
-- Performing Test CMAKE_HAVE_LIBC_PTHREAD - Failed
-- Looking for pthread_create in pthreads
-- Looking for pthread_create in pthreads - not found
-- Looking for pthread_create in pthread
-- Looking for pthread_create in pthread - found
-- Found Threads: TRUE  
-- Found ament_lint_auto: 0.9.6 (/opt/ros/foxy/share/ament_lint_auto/cmake)
-- Added test 'copyright' to check source files copyright and LICENSE
-- Added test 'cppcheck' to perform static code analysis on C / C++ code
-- Configured cppcheck include dirs: $<BUILD_INTERFACE:/home/ari/ros-tut/include>
-- Configured cppcheck exclude dirs and/or files: 
-- Added test 'cpplint' to check C / C++ code against the Google style
-- Configured cpplint exclude dirs and/or files: 
-- Added test 'flake8' to check Python code syntax and style conventions
-- Added test 'lint_cmake' to check CMake code style
-- Added test 'pep257' to check Python code against some of the style conventions in PEP 257
-- Added test 'uncrustify' to check C / C++ code style
-- Configured uncrustify additional arguments: 
-- Added test 'xmllint' to check XML markup files
-- Configuring done
-- Generating done
-- Build files have been written to: /home/ari/ros-tut/build/ros-tut
[35m[1mScanning dependencies of target talker[0m
[35m[1mScanning dependencies of target listener[0m
[ 33%] Built target my_node
[ 50%] [32mBuilding CXX object CMakeFiles/talker.dir/src/my_publisher.cpp.o[0m
[ 66%] [32mBuilding CXX object CMakeFiles/listener.dir/src/my_subscriber.cpp.o[0m
[ 83%] [32m[1mLinking CXX executable talker[0m
[ 83%] Built target talker
[100%] [32m[1mLinking CXX executable listener[0m
[100%] Built target listener
-- Install configuration: ""
-- Up-to-date: /home/ari/ros-tut/install/ros-tut/lib/ros-tut/my_node
-- Installing: /home/ari/ros-tut/install/ros-tut/lib/ros-tut/talker
-- Set runtime path of "/home/ari/ros-tut/install/ros-tut/lib/ros-tut/talker" to ""
-- Installing: /home/ari/ros-tut/install/ros-tut/lib/ros-tut/listener
-- Set runtime path of "/home/ari/ros-tut/install/ros-tut/lib/ros-tut/listener" to ""
-- Installing: /home/ari/ros-tut/install/ros-tut/share/ament_index/resource_index/package_run_dependencies/ros-tut
-- Up-to-date: /home/ari/ros-tut/install/ros-tut/share/ament_index/resource_index/parent_prefix_path/ros-tut
-- Up-to-date: /home/ari/ros-tut/install/ros-tut/share/ros-tut/environment/ament_prefix_path.sh
-- Installing: /home/ari/ros-tut/install/ros-tut/share/ros-tut/environment/ament_prefix_path.dsv
-- Up-to-date: /home/ari/ros-tut/install/ros-tut/share/ros-tut/environment/path.sh
-- Installing: /home/ari/ros-tut/install/ros-tut/share/ros-tut/environment/path.dsv
-- Up-to-date: /home/ari/ros-tut/install/ros-tut/share/ros-tut/local_setup.bash
-- Up-to-date: /home/ari/ros-tut/install/ros-tut/share/ros-tut/local_setup.sh
-- Up-to-date: /home/ari/ros-tut/install/ros-tut/share/ros-tut/local_setup.zsh
-- Installing: /home/ari/ros-tut/install/ros-tut/share/ros-tut/local_setup.dsv
-- Installing: /home/ari/ros-tut/install/ros-tut/share/ros-tut/package.dsv
-- Up-to-date: /home/ari/ros-tut/install/ros-tut/share/ament_index/resource_index/packages/ros-tut
-- Up-to-date: /home/ari/ros-tut/install/ros-tut/share/ros-tut/cmake/ros-tutConfig.cmake
-- Up-to-date: /home/ari/ros-tut/install/ros-tut/share/ros-tut/cmake/ros-tutConfig-version.cmake
-- Installing: /home/ari/ros-tut/install/ros-tut/share/ros-tut/package.xml
