[0.042s] Invoking command in '/home/ari/ros-tut/build/ros-tut': CMAKE_PREFIX_PATH=/opt/ros/foxy /usr/bin/cmake --build /home/ari/ros-tut/build/ros-tut -- -j8 -l8
[0.150s] -- Found ament_cmake: 0.9.8 (/opt/ros/foxy/share/ament_cmake/cmake)
[0.170s] -- Using PYTHON_EXECUTABLE: /usr/bin/python3
[0.284s] -- Found rclcpp: 2.3.1 (/opt/ros/foxy/share/rclcpp/cmake)
[0.353s] -- Using all available rosidl_typesupport_c: rosidl_typesupport_fastrtps_c;rosidl_typesupport_introspection_c
[0.364s] -- Found rosidl_adapter: 1.2.1 (/opt/ros/foxy/share/rosidl_adapter/cmake)
[0.451s] -- Found OpenSSL: /usr/lib/aarch64-linux-gnu/libcrypto.so (found version "1.1.1f")  
[0.483s] -- Found FastRTPS: /opt/ros/foxy/include  
[0.564s] -- Using all available rosidl_typesupport_cpp: rosidl_typesupport_fastrtps_cpp;rosidl_typesupport_introspection_cpp
[0.623s] -- Found rmw_implementation_cmake: 1.0.3 (/opt/ros/foxy/share/rmw_implementation_cmake/cmake)
[0.629s] -- Using RMW implementation 'rmw_fastrtps_cpp' as default
[0.644s] -- Looking for pthread.h
[0.748s] -- Looking for pthread.h - found
[0.749s] -- Performing Test CMAKE_HAVE_LIBC_PTHREAD
[0.796s] -- Performing Test CMAKE_HAVE_LIBC_PTHREAD - Failed
[0.796s] -- Looking for pthread_create in pthreads
[0.836s] -- Looking for pthread_create in pthreads - not found
[0.836s] -- Looking for pthread_create in pthread
[0.880s] -- Looking for pthread_create in pthread - found
[0.881s] -- Found Threads: TRUE  
[1.007s] -- Found ament_lint_auto: 0.9.6 (/opt/ros/foxy/share/ament_lint_auto/cmake)
[1.056s] -- Added test 'copyright' to check source files copyright and LICENSE
[1.063s] -- Added test 'cppcheck' to perform static code analysis on C / C++ code
[1.064s] -- Configured cppcheck include dirs: $<BUILD_INTERFACE:/home/ari/ros-tut/include>
[1.064s] -- Configured cppcheck exclude dirs and/or files: 
[1.071s] -- Added test 'cpplint' to check C / C++ code against the Google style
[1.071s] -- Configured cpplint exclude dirs and/or files: 
[1.072s] -- Added test 'flake8' to check Python code syntax and style conventions
[1.074s] -- Added test 'lint_cmake' to check CMake code style
[1.076s] -- Added test 'pep257' to check Python code against some of the style conventions in PEP 257
[1.083s] -- Added test 'uncrustify' to check C / C++ code style
[1.083s] -- Configured uncrustify additional arguments: 
[1.084s] -- Added test 'xmllint' to check XML markup files
[1.088s] -- Configuring done
[1.102s] -- Generating done
[1.103s] -- Build files have been written to: /home/ari/ros-tut/build/ros-tut
[1.120s] [35m[1mScanning dependencies of target talker[0m
[1.120s] [35m[1mScanning dependencies of target listener[0m
[1.129s] [ 33%] Built target my_node
[1.216s] [ 50%] [32mBuilding CXX object CMakeFiles/talker.dir/src/my_publisher.cpp.o[0m
[1.220s] [ 66%] [32mBuilding CXX object CMakeFiles/listener.dir/src/my_subscriber.cpp.o[0m
[3.530s] [ 83%] [32m[1mLinking CXX executable talker[0m
[3.682s] [ 83%] Built target talker
[4.373s] [100%] [32m[1mLinking CXX executable listener[0m
[4.522s] [100%] Built target listener
[4.557s] Invoked command in '/home/ari/ros-tut/build/ros-tut' returned '0': CMAKE_PREFIX_PATH=/opt/ros/foxy /usr/bin/cmake --build /home/ari/ros-tut/build/ros-tut -- -j8 -l8
[4.590s] Invoking command in '/home/ari/ros-tut/build/ros-tut': CMAKE_PREFIX_PATH=/opt/ros/foxy /usr/bin/cmake --install /home/ari/ros-tut/build/ros-tut
[4.596s] -- Install configuration: ""
[4.597s] -- Up-to-date: /home/ari/ros-tut/install/ros-tut/lib/ros-tut/my_node
[4.597s] -- Installing: /home/ari/ros-tut/install/ros-tut/lib/ros-tut/talker
[4.600s] -- Set runtime path of "/home/ari/ros-tut/install/ros-tut/lib/ros-tut/talker" to ""
[4.600s] -- Installing: /home/ari/ros-tut/install/ros-tut/lib/ros-tut/listener
[4.602s] -- Set runtime path of "/home/ari/ros-tut/install/ros-tut/lib/ros-tut/listener" to ""
[4.602s] -- Installing: /home/ari/ros-tut/install/ros-tut/share/ament_index/resource_index/package_run_dependencies/ros-tut
[4.603s] -- Up-to-date: /home/ari/ros-tut/install/ros-tut/share/ament_index/resource_index/parent_prefix_path/ros-tut
[4.603s] -- Up-to-date: /home/ari/ros-tut/install/ros-tut/share/ros-tut/environment/ament_prefix_path.sh
[4.603s] -- Installing: /home/ari/ros-tut/install/ros-tut/share/ros-tut/environment/ament_prefix_path.dsv
[4.606s] -- Up-to-date: /home/ari/ros-tut/install/ros-tut/share/ros-tut/environment/path.sh
[4.606s] -- Installing: /home/ari/ros-tut/install/ros-tut/share/ros-tut/environment/path.dsv
[4.606s] -- Up-to-date: /home/ari/ros-tut/install/ros-tut/share/ros-tut/local_setup.bash
[4.606s] -- Up-to-date: /home/ari/ros-tut/install/ros-tut/share/ros-tut/local_setup.sh
[4.607s] -- Up-to-date: /home/ari/ros-tut/install/ros-tut/share/ros-tut/local_setup.zsh
[4.607s] -- Installing: /home/ari/ros-tut/install/ros-tut/share/ros-tut/local_setup.dsv
[4.607s] -- Installing: /home/ari/ros-tut/install/ros-tut/share/ros-tut/package.dsv
[4.607s] -- Up-to-date: /home/ari/ros-tut/install/ros-tut/share/ament_index/resource_index/packages/ros-tut
[4.608s] -- Up-to-date: /home/ari/ros-tut/install/ros-tut/share/ros-tut/cmake/ros-tutConfig.cmake
[4.608s] -- Up-to-date: /home/ari/ros-tut/install/ros-tut/share/ros-tut/cmake/ros-tutConfig-version.cmake
[4.608s] -- Installing: /home/ari/ros-tut/install/ros-tut/share/ros-tut/package.xml
[4.615s] Invoked command in '/home/ari/ros-tut/build/ros-tut' returned '0': CMAKE_PREFIX_PATH=/opt/ros/foxy /usr/bin/cmake --install /home/ari/ros-tut/build/ros-tut
