[0.029s] Invoking command in '/home/ari/ros-tut/build/ros-tut': CMAKE_PREFIX_PATH=${CMAKE_PREFIX_PATH}:/opt/ros/foxy /usr/bin/cmake --build /home/ari/ros-tut/build/ros-tut -- -j8 -l8
[0.127s] -- Found ament_cmake: 0.9.8 (/opt/ros/foxy/share/ament_cmake/cmake)
[0.157s] -- Using PYTHON_EXECUTABLE: /usr/bin/python3
[0.291s] -- Found rclcpp: 2.3.1 (/opt/ros/foxy/share/rclcpp/cmake)
[0.331s] -- Using all available rosidl_typesupport_c: rosidl_typesupport_fastrtps_c;rosidl_typesupport_introspection_c
[0.334s] -- Found rosidl_adapter: 1.2.1 (/opt/ros/foxy/share/rosidl_adapter/cmake)
[0.459s] -- Using all available rosidl_typesupport_cpp: rosidl_typesupport_fastrtps_cpp;rosidl_typesupport_introspection_cpp
[0.495s] -- Found rmw_implementation_cmake: 1.0.3 (/opt/ros/foxy/share/rmw_implementation_cmake/cmake)
[0.496s] -- Using RMW implementation 'rmw_fastrtps_cpp' as default
[0.607s] -- Found example_interfaces: 0.9.1 (/opt/ros/foxy/share/example_interfaces/cmake)
[0.692s] -- Found rosidl_default_generators: 1.0.1 (/opt/ros/foxy/share/rosidl_default_generators/cmake)
[0.707s] CMake Error at /opt/ros/foxy/share/rosidl_cmake/cmake/rosidl_generate_interfaces.cmake:93 (message):
[0.707s]   rosidl_generate_interfaces() the passed file 'msg/Num.msg' doesn't exist
[0.707s]   relative to the CMAKE_CURRENT_SOURCE_DIR '/home/ari/ros-tut'
[0.707s] Call Stack (most recent call first):
[0.707s]   CMakeLists.txt:25 (rosidl_generate_interfaces)
[0.707s] 
[0.707s] 
[0.709s] -- Configuring incomplete, errors occurred!
[0.709s] See also "/home/ari/ros-tut/build/ros-tut/CMakeFiles/CMakeOutput.log".
[0.709s] See also "/home/ari/ros-tut/build/ros-tut/CMakeFiles/CMakeError.log".
[0.718s] make: *** [Makefile:442: cmake_check_build_system] Error 1
[0.721s] Invoked command in '/home/ari/ros-tut/build/ros-tut' returned '2': CMAKE_PREFIX_PATH=${CMAKE_PREFIX_PATH}:/opt/ros/foxy /usr/bin/cmake --build /home/ari/ros-tut/build/ros-tut -- -j8 -l8
