[0.985s] DEBUG:colcon:Command line arguments: ['/home/ari/.local/bin/colcon', 'build', '--packages-select', 'ros_tut']
[0.986s] DEBUG:colcon:Parsed command line arguments: Namespace(ament_cmake_args=None, base_paths=['.'], build_base='build', catkin_cmake_args=None, catkin_skip_building_tests=False, cmake_args=None, cmake_clean_cache=False, cmake_clean_first=False, cmake_force_configure=False, cmake_target=None, cmake_target_skip_unavailable=False, continue_on_error=False, event_handlers=None, executor='parallel', ignore_user_meta=False, install_base='install', log_base=None, log_level=None, main=<bound method BuildVerb.main of <colcon_core.verb.build.BuildVerb object at 0xffff9e3c8c40>>, merge_install=False, metas=['./colcon.meta'], packages_above=None, packages_above_and_dependencies=None, packages_above_depth=None, packages_end=None, packages_ignore=None, packages_ignore_regex=None, packages_select=['ros_tut'], packages_select_build_failed=False, packages_select_by_dep=None, packages_select_regex=None, packages_select_test_failures=False, packages_skip=None, packages_skip_build_finished=False, packages_skip_by_dep=None, packages_skip_regex=None, packages_skip_test_passed=False, packages_skip_up_to=None, packages_start=None, packages_up_to=None, packages_up_to_regex=None, parallel_workers=8, paths=None, symlink_install=False, test_result_base=None, verb_extension=<colcon_core.verb.build.BuildVerb object at 0xffff9e3c8c40>, verb_name='build', verb_parser=<colcon_defaults.argument_parser.defaults.DefaultArgumentsDecorator object at 0xffff9e3561f0>)
[1.008s] Level 1:colcon.colcon_core.package_discovery:discover_packages(colcon_meta) check parameters
[1.008s] Level 1:colcon.colcon_core.package_discovery:discover_packages(recursive) check parameters
[1.008s] Level 1:colcon.colcon_core.package_discovery:discover_packages(ignore) check parameters
[1.008s] Level 1:colcon.colcon_core.package_discovery:discover_packages(path) check parameters
[1.008s] Level 1:colcon.colcon_core.package_discovery:discover_packages(colcon_meta) discover
[1.008s] Level 1:colcon.colcon_core.package_discovery:discover_packages(recursive) discover
[1.008s] INFO:colcon.colcon_core.package_discovery:Crawling recursively for packages in '/home/ari/ros-tut'
[1.008s] Level 1:colcon.colcon_core.package_identification:_identify(.) by extensions ['ignore', 'ignore_ament_install']
[1.009s] Level 1:colcon.colcon_core.package_identification:_identify(.) by extension 'ignore'
[1.009s] Level 1:colcon.colcon_core.package_identification:_identify(.) by extension 'ignore_ament_install'
[1.009s] Level 1:colcon.colcon_core.package_identification:_identify(.) by extensions ['colcon_pkg']
[1.009s] Level 1:colcon.colcon_core.package_identification:_identify(.) by extension 'colcon_pkg'
[1.009s] Level 1:colcon.colcon_core.package_identification:_identify(.) by extensions ['colcon_meta']
[1.009s] Level 1:colcon.colcon_core.package_identification:_identify(.) by extension 'colcon_meta'
[1.009s] Level 1:colcon.colcon_core.package_identification:_identify(.) by extensions ['ros']
[1.009s] Level 1:colcon.colcon_core.package_identification:_identify(.) by extension 'ros'
[1.080s] DEBUG:colcon.colcon_core.package_identification:Package '.' with type 'ros.ament_cmake' and name 'ros_tut'
[1.080s] Level 1:colcon.colcon_core.package_discovery:discover_packages(recursive) using defaults
[1.080s] Level 1:colcon.colcon_core.package_discovery:discover_packages(ignore) discover
[1.080s] Level 1:colcon.colcon_core.package_discovery:discover_packages(ignore) using defaults
[1.080s] Level 1:colcon.colcon_core.package_discovery:discover_packages(path) discover
[1.080s] Level 1:colcon.colcon_core.package_discovery:discover_packages(path) using defaults
[1.139s] Level 5:colcon.colcon_core.verb:set package 'ros_tut' build argument 'cmake_args' from command line to 'None'
[1.139s] Level 5:colcon.colcon_core.verb:set package 'ros_tut' build argument 'cmake_target' from command line to 'None'
[1.140s] Level 5:colcon.colcon_core.verb:set package 'ros_tut' build argument 'cmake_target_skip_unavailable' from command line to 'False'
[1.140s] Level 5:colcon.colcon_core.verb:set package 'ros_tut' build argument 'cmake_clean_cache' from command line to 'False'
[1.140s] Level 5:colcon.colcon_core.verb:set package 'ros_tut' build argument 'cmake_clean_first' from command line to 'False'
[1.140s] Level 5:colcon.colcon_core.verb:set package 'ros_tut' build argument 'cmake_force_configure' from command line to 'False'
[1.140s] Level 5:colcon.colcon_core.verb:set package 'ros_tut' build argument 'ament_cmake_args' from command line to 'None'
[1.140s] Level 5:colcon.colcon_core.verb:set package 'ros_tut' build argument 'catkin_cmake_args' from command line to 'None'
[1.140s] Level 5:colcon.colcon_core.verb:set package 'ros_tut' build argument 'catkin_skip_building_tests' from command line to 'False'
[1.140s] DEBUG:colcon.colcon_core.verb:Building package 'ros_tut' with the following arguments: {'ament_cmake_args': None, 'build_base': '/home/ari/ros-tut/build/ros_tut', 'catkin_cmake_args': None, 'catkin_skip_building_tests': False, 'cmake_args': None, 'cmake_clean_cache': False, 'cmake_clean_first': False, 'cmake_force_configure': False, 'cmake_target': None, 'cmake_target_skip_unavailable': False, 'install_base': '/home/ari/ros-tut/install/ros_tut', 'merge_install': False, 'path': '/home/ari/ros-tut', 'symlink_install': False, 'test_result_base': None}
[1.140s] INFO:colcon.colcon_core.executor:Executing jobs using 'parallel' executor
[1.146s] DEBUG:colcon.colcon_parallel_executor.executor.parallel:run_until_complete
[1.146s] INFO:colcon.colcon_ros.task.ament_cmake.build:Building ROS package in '/home/ari/ros-tut' with build type 'ament_cmake'
[1.146s] INFO:colcon.colcon_cmake.task.cmake.build:Building CMake package in '/home/ari/ros-tut'
[1.165s] INFO:colcon.colcon_core.plugin_system:Skipping extension 'colcon_core.shell.bat': Not used on non-Windows systems
[1.165s] INFO:colcon.colcon_core.shell:Skip shell extension 'powershell' for command environment: Not usable outside of PowerShell
[1.165s] DEBUG:colcon.colcon_core.shell:Skip shell extension 'dsv' for command environment
[1.171s] WARNING:colcon.colcon_ros.prefix_path.ament:The path '/home/ari/ros-tut/install/ros-tut' in the environment variable AMENT_PREFIX_PATH doesn't exist
[1.171s] WARNING:colcon.colcon_ros.prefix_path.catkin:The path '/home/ari/ros-tut/install/ros-tut' in the environment variable CMAKE_PREFIX_PATH doesn't exist
[1.171s] DEBUG:colcon.colcon_core.shell:Ignoring prefix path '/opt/ros/foxy'
[1.190s] DEBUG:colcon.colcon_core.event_handler.log_command:Invoking command in '/home/ari/ros-tut/build/ros_tut': CMAKE_PREFIX_PATH=${CMAKE_PREFIX_PATH}:/opt/ros/foxy /usr/bin/cmake /home/ari/ros-tut -DCMAKE_INSTALL_PREFIX=/home/ari/ros-tut/install/ros_tut
[3.570s] DEBUG:colcon.colcon_core.event_handler.log_command:Invoked command in '/home/ari/ros-tut/build/ros_tut' returned '0': CMAKE_PREFIX_PATH=${CMAKE_PREFIX_PATH}:/opt/ros/foxy /usr/bin/cmake /home/ari/ros-tut -DCMAKE_INSTALL_PREFIX=/home/ari/ros-tut/install/ros_tut
[3.574s] DEBUG:colcon.colcon_core.event_handler.log_command:Invoking command in '/home/ari/ros-tut/build/ros_tut': CMAKE_PREFIX_PATH=${CMAKE_PREFIX_PATH}:/opt/ros/foxy /usr/bin/cmake --build /home/ari/ros-tut/build/ros_tut -- -j8 -l8
[80.421s] DEBUG:colcon.colcon_core.event_handler.log_command:Invoked command in '/home/ari/ros-tut/build/ros_tut' returned '2': CMAKE_PREFIX_PATH=${CMAKE_PREFIX_PATH}:/opt/ros/foxy /usr/bin/cmake --build /home/ari/ros-tut/build/ros_tut -- -j8 -l8
[80.608s] Level 1:colcon.colcon_core.environment:create_environment_scripts_only(ros_tut)
[80.655s] Level 1:colcon.colcon_core.environment:checking '/home/ari/ros-tut/install/ros_tut' for CMake module files
[80.656s] Level 1:colcon.colcon_core.environment:checking '/home/ari/ros-tut/install/ros_tut' for CMake config files
[80.658s] Level 1:colcon.colcon_core.environment:checking '/home/ari/ros-tut/install/ros_tut/bin'
[80.658s] Level 1:colcon.colcon_core.environment:checking '/home/ari/ros-tut/install/ros_tut/lib/pkgconfig/ros_tut.pc'
[80.660s] Level 1:colcon.colcon_core.environment:checking '/home/ari/ros-tut/install/ros_tut/lib/python3.8/site-packages'
[80.672s] INFO:colcon.colcon_core.shell:Creating package script '/home/ari/ros-tut/install/ros_tut/share/ros_tut/package.ps1'
[80.687s] INFO:colcon.colcon_core.shell:Creating package descriptor '/home/ari/ros-tut/install/ros_tut/share/ros_tut/package.dsv'
[80.694s] INFO:colcon.colcon_core.shell:Creating package script '/home/ari/ros-tut/install/ros_tut/share/ros_tut/package.sh'
[80.695s] INFO:colcon.colcon_core.shell:Creating package script '/home/ari/ros-tut/install/ros_tut/share/ros_tut/package.bash'
[80.700s] INFO:colcon.colcon_core.shell:Creating package script '/home/ari/ros-tut/install/ros_tut/share/ros_tut/package.zsh'
[80.708s] Level 1:colcon.colcon_core.environment:create_file_with_runtime_dependencies(/home/ari/ros-tut/install/ros_tut/share/colcon-core/packages/ros_tut)
[80.724s] DEBUG:colcon.colcon_parallel_executor.executor.parallel:closing loop
[80.726s] DEBUG:colcon.colcon_parallel_executor.executor.parallel:loop closed
[80.727s] DEBUG:colcon.colcon_parallel_executor.executor.parallel:run_until_complete finished with '2'
[80.727s] DEBUG:colcon.colcon_core.event_reactor:joining thread
[80.779s] INFO:colcon.colcon_core.plugin_system:Skipping extension 'colcon_notification.desktop_notification.terminal_notifier': Not used on non-Darwin systems
[80.779s] INFO:colcon.colcon_core.plugin_system:Skipping extension 'colcon_notification.desktop_notification.win32': Not used on non-Windows systems
[80.779s] INFO:colcon.colcon_notification.desktop_notification:Sending desktop notification using 'notify2'
[81.263s] DEBUG:colcon.colcon_core.event_reactor:joined thread
[81.276s] INFO:colcon.colcon_core.shell:Creating prefix script '/home/ari/ros-tut/install/local_setup.ps1'
[81.277s] INFO:colcon.colcon_core.shell:Creating prefix util module '/home/ari/ros-tut/install/_local_setup_util_ps1.py'
[81.279s] INFO:colcon.colcon_core.shell:Creating prefix chain script '/home/ari/ros-tut/install/setup.ps1'
[81.284s] INFO:colcon.colcon_core.shell:Creating prefix script '/home/ari/ros-tut/install/local_setup.sh'
[81.286s] INFO:colcon.colcon_core.shell:Creating prefix util module '/home/ari/ros-tut/install/_local_setup_util_sh.py'
[81.286s] INFO:colcon.colcon_core.shell:Creating prefix chain script '/home/ari/ros-tut/install/setup.sh'
[81.290s] INFO:colcon.colcon_core.shell:Creating prefix script '/home/ari/ros-tut/install/local_setup.bash'
[81.290s] INFO:colcon.colcon_core.shell:Creating prefix chain script '/home/ari/ros-tut/install/setup.bash'
[81.295s] INFO:colcon.colcon_core.shell:Creating prefix script '/home/ari/ros-tut/install/local_setup.zsh'
[81.296s] INFO:colcon.colcon_core.shell:Creating prefix chain script '/home/ari/ros-tut/install/setup.zsh'
