[0.334s] DEBUG:colcon:Command line arguments: ['/home/ari/.local/bin/colcon', 'build', '--packages-select', 'ros_tut']
[0.334s] DEBUG:colcon:Parsed command line arguments: Namespace(ament_cmake_args=None, base_paths=['.'], build_base='build', catkin_cmake_args=None, catkin_skip_building_tests=False, cmake_args=None, cmake_clean_cache=False, cmake_clean_first=False, cmake_force_configure=False, cmake_target=None, cmake_target_skip_unavailable=False, continue_on_error=False, event_handlers=None, executor='parallel', ignore_user_meta=False, install_base='install', log_base=None, log_level=None, main=<bound method BuildVerb.main of <colcon_core.verb.build.BuildVerb object at 0xffff905198b0>>, merge_install=False, metas=['./colcon.meta'], packages_above=None, packages_above_and_dependencies=None, packages_above_depth=None, packages_end=None, packages_ignore=None, packages_ignore_regex=None, packages_select=['ros_tut'], packages_select_build_failed=False, packages_select_by_dep=None, packages_select_regex=None, packages_select_test_failures=False, packages_skip=None, packages_skip_build_finished=False, packages_skip_by_dep=None, packages_skip_regex=None, packages_skip_test_passed=False, packages_skip_up_to=None, packages_start=None, packages_up_to=None, packages_up_to_regex=None, parallel_workers=8, paths=None, symlink_install=False, test_result_base=None, verb_extension=<colcon_core.verb.build.BuildVerb object at 0xffff905198b0>, verb_name='build', verb_parser=<colcon_defaults.argument_parser.defaults.DefaultArgumentsDecorator object at 0xffff90519e20>)
[0.345s] Level 1:colcon.colcon_core.package_discovery:discover_packages(colcon_meta) check parameters
[0.345s] Level 1:colcon.colcon_core.package_discovery:discover_packages(recursive) check parameters
[0.345s] Level 1:colcon.colcon_core.package_discovery:discover_packages(ignore) check parameters
[0.345s] Level 1:colcon.colcon_core.package_discovery:discover_packages(path) check parameters
[0.345s] Level 1:colcon.colcon_core.package_discovery:discover_packages(colcon_meta) discover
[0.345s] Level 1:colcon.colcon_core.package_discovery:discover_packages(recursive) discover
[0.345s] INFO:colcon.colcon_core.package_discovery:Crawling recursively for packages in '/home/ari/ros-tut'
[0.345s] Level 1:colcon.colcon_core.package_identification:_identify(.) by extensions ['ignore', 'ignore_ament_install']
[0.345s] Level 1:colcon.colcon_core.package_identification:_identify(.) by extension 'ignore'
[0.345s] Level 1:colcon.colcon_core.package_identification:_identify(.) by extension 'ignore_ament_install'
[0.345s] Level 1:colcon.colcon_core.package_identification:_identify(.) by extensions ['colcon_pkg']
[0.345s] Level 1:colcon.colcon_core.package_identification:_identify(.) by extension 'colcon_pkg'
[0.346s] Level 1:colcon.colcon_core.package_identification:_identify(.) by extensions ['colcon_meta']
[0.346s] Level 1:colcon.colcon_core.package_identification:_identify(.) by extension 'colcon_meta'
[0.346s] Level 1:colcon.colcon_core.package_identification:_identify(.) by extensions ['ros']
[0.346s] Level 1:colcon.colcon_core.package_identification:_identify(.) by extension 'ros'
[0.370s] DEBUG:colcon.colcon_core.package_identification:Package '.' with type 'ros.ament_cmake' and name 'ros_tut'
[0.370s] Level 1:colcon.colcon_core.package_discovery:discover_packages(recursive) using defaults
[0.370s] Level 1:colcon.colcon_core.package_discovery:discover_packages(ignore) discover
[0.370s] Level 1:colcon.colcon_core.package_discovery:discover_packages(ignore) using defaults
[0.370s] Level 1:colcon.colcon_core.package_discovery:discover_packages(path) discover
[0.370s] Level 1:colcon.colcon_core.package_discovery:discover_packages(path) using defaults
[0.409s] Level 5:colcon.colcon_core.verb:set package 'ros_tut' build argument 'cmake_args' from command line to 'None'
[0.409s] Level 5:colcon.colcon_core.verb:set package 'ros_tut' build argument 'cmake_target' from command line to 'None'
[0.409s] Level 5:colcon.colcon_core.verb:set package 'ros_tut' build argument 'cmake_target_skip_unavailable' from command line to 'False'
[0.409s] Level 5:colcon.colcon_core.verb:set package 'ros_tut' build argument 'cmake_clean_cache' from command line to 'False'
[0.409s] Level 5:colcon.colcon_core.verb:set package 'ros_tut' build argument 'cmake_clean_first' from command line to 'False'
[0.409s] Level 5:colcon.colcon_core.verb:set package 'ros_tut' build argument 'cmake_force_configure' from command line to 'False'
[0.409s] Level 5:colcon.colcon_core.verb:set package 'ros_tut' build argument 'ament_cmake_args' from command line to 'None'
[0.409s] Level 5:colcon.colcon_core.verb:set package 'ros_tut' build argument 'catkin_cmake_args' from command line to 'None'
[0.409s] Level 5:colcon.colcon_core.verb:set package 'ros_tut' build argument 'catkin_skip_building_tests' from command line to 'False'
[0.409s] DEBUG:colcon.colcon_core.verb:Building package 'ros_tut' with the following arguments: {'ament_cmake_args': None, 'build_base': '/home/ari/ros-tut/build/ros_tut', 'catkin_cmake_args': None, 'catkin_skip_building_tests': False, 'cmake_args': None, 'cmake_clean_cache': False, 'cmake_clean_first': False, 'cmake_force_configure': False, 'cmake_target': None, 'cmake_target_skip_unavailable': False, 'install_base': '/home/ari/ros-tut/install/ros_tut', 'merge_install': False, 'path': '/home/ari/ros-tut', 'symlink_install': False, 'test_result_base': None}
[0.410s] INFO:colcon.colcon_core.executor:Executing jobs using 'parallel' executor
[0.416s] DEBUG:colcon.colcon_parallel_executor.executor.parallel:run_until_complete
[0.416s] INFO:colcon.colcon_ros.task.ament_cmake.build:Building ROS package in '/home/ari/ros-tut' with build type 'ament_cmake'
[0.417s] INFO:colcon.colcon_cmake.task.cmake.build:Building CMake package in '/home/ari/ros-tut'
[0.423s] INFO:colcon.colcon_core.plugin_system:Skipping extension 'colcon_core.shell.bat': Not used on non-Windows systems
[0.424s] INFO:colcon.colcon_core.shell:Skip shell extension 'powershell' for command environment: Not usable outside of PowerShell
[0.424s] DEBUG:colcon.colcon_core.shell:Skip shell extension 'dsv' for command environment
[0.427s] WARNING:colcon.colcon_ros.prefix_path.ament:The path '/home/ari/ros-tut/install/ros_tut' in the environment variable AMENT_PREFIX_PATH doesn't exist
[0.427s] WARNING:colcon.colcon_ros.prefix_path.catkin:The path '/home/ari/ros-tut/install/ros_tut' in the environment variable CMAKE_PREFIX_PATH doesn't exist
[0.427s] DEBUG:colcon.colcon_core.shell:Ignoring prefix path '/opt/ros/foxy'
[0.436s] DEBUG:colcon.colcon_core.event_handler.log_command:Invoking command in '/home/ari/ros-tut/build/ros_tut': CMAKE_PREFIX_PATH=${CMAKE_PREFIX_PATH}:/opt/ros/foxy /usr/bin/cmake /home/ari/ros-tut -DCMAKE_INSTALL_PREFIX=/home/ari/ros-tut/install/ros_tut
[2.876s] DEBUG:colcon.colcon_core.event_handler.log_command:Invoked command in '/home/ari/ros-tut/build/ros_tut' returned '0': CMAKE_PREFIX_PATH=${CMAKE_PREFIX_PATH}:/opt/ros/foxy /usr/bin/cmake /home/ari/ros-tut -DCMAKE_INSTALL_PREFIX=/home/ari/ros-tut/install/ros_tut
[2.877s] DEBUG:colcon.colcon_core.event_handler.log_command:Invoking command in '/home/ari/ros-tut/build/ros_tut': CMAKE_PREFIX_PATH=${CMAKE_PREFIX_PATH}:/opt/ros/foxy /usr/bin/cmake --build /home/ari/ros-tut/build/ros_tut -- -j8 -l8
[12.951s] DEBUG:colcon.colcon_core.event_handler.log_command:Invoked command in '/home/ari/ros-tut/build/ros_tut' returned '0': CMAKE_PREFIX_PATH=${CMAKE_PREFIX_PATH}:/opt/ros/foxy /usr/bin/cmake --build /home/ari/ros-tut/build/ros_tut -- -j8 -l8
[13.125s] DEBUG:colcon.colcon_core.event_handler.log_command:Invoking command in '/home/ari/ros-tut/build/ros_tut': CMAKE_PREFIX_PATH=${CMAKE_PREFIX_PATH}:/opt/ros/foxy /usr/bin/cmake --install /home/ari/ros-tut/build/ros_tut
[13.266s] Level 1:colcon.colcon_core.environment:create_environment_scripts_only(ros_tut)
[13.274s] DEBUG:colcon.colcon_core.event_handler.log_command:Invoked command in '/home/ari/ros-tut/build/ros_tut' returned '0': CMAKE_PREFIX_PATH=${CMAKE_PREFIX_PATH}:/opt/ros/foxy /usr/bin/cmake --install /home/ari/ros-tut/build/ros_tut
[13.284s] Level 1:colcon.colcon_core.environment:checking '/home/ari/ros-tut/install/ros_tut' for CMake module files
[13.285s] Level 1:colcon.colcon_core.environment:checking '/home/ari/ros-tut/install/ros_tut' for CMake config files
[13.287s] Level 1:colcon.colcon_core.shell:create_environment_hook('ros_tut', 'cmake_prefix_path')
[13.292s] INFO:colcon.colcon_core.shell:Creating environment hook '/home/ari/ros-tut/install/ros_tut/share/ros_tut/hook/cmake_prefix_path.ps1'
[13.294s] INFO:colcon.colcon_core.shell:Creating environment descriptor '/home/ari/ros-tut/install/ros_tut/share/ros_tut/hook/cmake_prefix_path.dsv'
[13.299s] INFO:colcon.colcon_core.shell:Creating environment hook '/home/ari/ros-tut/install/ros_tut/share/ros_tut/hook/cmake_prefix_path.sh'
[13.302s] Level 1:colcon.colcon_core.environment:checking '/home/ari/ros-tut/install/ros_tut/lib'
[13.303s] Level 1:colcon.colcon_core.shell:create_environment_hook('ros_tut', 'ld_library_path_lib')
[13.308s] INFO:colcon.colcon_core.shell:Creating environment hook '/home/ari/ros-tut/install/ros_tut/share/ros_tut/hook/ld_library_path_lib.ps1'
[13.308s] INFO:colcon.colcon_core.shell:Creating environment descriptor '/home/ari/ros-tut/install/ros_tut/share/ros_tut/hook/ld_library_path_lib.dsv'
[13.309s] INFO:colcon.colcon_core.shell:Creating environment hook '/home/ari/ros-tut/install/ros_tut/share/ros_tut/hook/ld_library_path_lib.sh'
[13.309s] Level 1:colcon.colcon_core.environment:checking '/home/ari/ros-tut/install/ros_tut/bin'
[13.309s] Level 1:colcon.colcon_core.environment:checking '/home/ari/ros-tut/install/ros_tut/lib/pkgconfig/ros_tut.pc'
[13.309s] Level 1:colcon.colcon_core.environment:checking '/home/ari/ros-tut/install/ros_tut/lib/python3.8/site-packages'
[13.310s] Level 1:colcon.colcon_core.shell:create_environment_hook('ros_tut', 'pythonpath')
[13.312s] INFO:colcon.colcon_core.shell:Creating environment hook '/home/ari/ros-tut/install/ros_tut/share/ros_tut/hook/pythonpath.ps1'
[13.313s] INFO:colcon.colcon_core.shell:Creating environment descriptor '/home/ari/ros-tut/install/ros_tut/share/ros_tut/hook/pythonpath.dsv'
[13.313s] INFO:colcon.colcon_core.shell:Creating environment hook '/home/ari/ros-tut/install/ros_tut/share/ros_tut/hook/pythonpath.sh'
[13.317s] INFO:colcon.colcon_core.shell:Creating package script '/home/ari/ros-tut/install/ros_tut/share/ros_tut/package.ps1'
[13.319s] INFO:colcon.colcon_core.shell:Creating package descriptor '/home/ari/ros-tut/install/ros_tut/share/ros_tut/package.dsv'
[13.321s] INFO:colcon.colcon_core.shell:Creating package script '/home/ari/ros-tut/install/ros_tut/share/ros_tut/package.sh'
[13.321s] INFO:colcon.colcon_core.shell:Creating package script '/home/ari/ros-tut/install/ros_tut/share/ros_tut/package.bash'
[13.322s] INFO:colcon.colcon_core.shell:Creating package script '/home/ari/ros-tut/install/ros_tut/share/ros_tut/package.zsh'
[13.323s] Level 1:colcon.colcon_core.environment:create_file_with_runtime_dependencies(/home/ari/ros-tut/install/ros_tut/share/colcon-core/packages/ros_tut)
[13.453s] Level 1:colcon.colcon_core.environment:create_environment_scripts_only(ros_tut)
[13.457s] Level 1:colcon.colcon_core.environment:checking '/home/ari/ros-tut/install/ros_tut' for CMake module files
[13.457s] Level 1:colcon.colcon_core.environment:checking '/home/ari/ros-tut/install/ros_tut' for CMake config files
[13.458s] Level 1:colcon.colcon_core.shell:create_environment_hook('ros_tut', 'cmake_prefix_path')
[13.460s] INFO:colcon.colcon_core.shell:Creating environment hook '/home/ari/ros-tut/install/ros_tut/share/ros_tut/hook/cmake_prefix_path.ps1'
[13.462s] INFO:colcon.colcon_core.shell:Creating environment descriptor '/home/ari/ros-tut/install/ros_tut/share/ros_tut/hook/cmake_prefix_path.dsv'
[13.463s] INFO:colcon.colcon_core.shell:Creating environment hook '/home/ari/ros-tut/install/ros_tut/share/ros_tut/hook/cmake_prefix_path.sh'
[13.463s] Level 1:colcon.colcon_core.environment:checking '/home/ari/ros-tut/install/ros_tut/lib'
[13.463s] Level 1:colcon.colcon_core.shell:create_environment_hook('ros_tut', 'ld_library_path_lib')
[13.467s] INFO:colcon.colcon_core.shell:Creating environment hook '/home/ari/ros-tut/install/ros_tut/share/ros_tut/hook/ld_library_path_lib.ps1'
[13.467s] INFO:colcon.colcon_core.shell:Creating environment descriptor '/home/ari/ros-tut/install/ros_tut/share/ros_tut/hook/ld_library_path_lib.dsv'
[13.468s] INFO:colcon.colcon_core.shell:Creating environment hook '/home/ari/ros-tut/install/ros_tut/share/ros_tut/hook/ld_library_path_lib.sh'
[13.469s] Level 1:colcon.colcon_core.environment:checking '/home/ari/ros-tut/install/ros_tut/bin'
[13.469s] Level 1:colcon.colcon_core.environment:checking '/home/ari/ros-tut/install/ros_tut/lib/pkgconfig/ros_tut.pc'
[13.469s] Level 1:colcon.colcon_core.environment:checking '/home/ari/ros-tut/install/ros_tut/lib/python3.8/site-packages'
[13.469s] Level 1:colcon.colcon_core.shell:create_environment_hook('ros_tut', 'pythonpath')
[13.471s] INFO:colcon.colcon_core.shell:Creating environment hook '/home/ari/ros-tut/install/ros_tut/share/ros_tut/hook/pythonpath.ps1'
[13.472s] INFO:colcon.colcon_core.shell:Creating environment descriptor '/home/ari/ros-tut/install/ros_tut/share/ros_tut/hook/pythonpath.dsv'
[13.472s] INFO:colcon.colcon_core.shell:Creating environment hook '/home/ari/ros-tut/install/ros_tut/share/ros_tut/hook/pythonpath.sh'
[13.480s] INFO:colcon.colcon_core.shell:Creating package script '/home/ari/ros-tut/install/ros_tut/share/ros_tut/package.ps1'
[13.481s] INFO:colcon.colcon_core.shell:Creating package descriptor '/home/ari/ros-tut/install/ros_tut/share/ros_tut/package.dsv'
[13.481s] INFO:colcon.colcon_core.shell:Creating package script '/home/ari/ros-tut/install/ros_tut/share/ros_tut/package.sh'
[13.482s] INFO:colcon.colcon_core.shell:Creating package script '/home/ari/ros-tut/install/ros_tut/share/ros_tut/package.bash'
[13.482s] INFO:colcon.colcon_core.shell:Creating package script '/home/ari/ros-tut/install/ros_tut/share/ros_tut/package.zsh'
[13.483s] Level 1:colcon.colcon_core.environment:create_file_with_runtime_dependencies(/home/ari/ros-tut/install/ros_tut/share/colcon-core/packages/ros_tut)
[13.483s] DEBUG:colcon.colcon_parallel_executor.executor.parallel:closing loop
[13.483s] DEBUG:colcon.colcon_parallel_executor.executor.parallel:loop closed
[13.484s] DEBUG:colcon.colcon_parallel_executor.executor.parallel:run_until_complete finished with '0'
[13.484s] DEBUG:colcon.colcon_core.event_reactor:joining thread
[13.498s] INFO:colcon.colcon_core.plugin_system:Skipping extension 'colcon_notification.desktop_notification.terminal_notifier': Not used on non-Darwin systems
[13.498s] INFO:colcon.colcon_core.plugin_system:Skipping extension 'colcon_notification.desktop_notification.win32': Not used on non-Windows systems
[13.498s] INFO:colcon.colcon_notification.desktop_notification:Sending desktop notification using 'notify2'
[13.550s] DEBUG:colcon.colcon_core.event_reactor:joined thread
[13.555s] INFO:colcon.colcon_core.shell:Creating prefix script '/home/ari/ros-tut/install/local_setup.ps1'
[13.557s] INFO:colcon.colcon_core.shell:Creating prefix util module '/home/ari/ros-tut/install/_local_setup_util_ps1.py'
[13.557s] INFO:colcon.colcon_core.shell:Creating prefix chain script '/home/ari/ros-tut/install/setup.ps1'
[13.561s] INFO:colcon.colcon_core.shell:Creating prefix script '/home/ari/ros-tut/install/local_setup.sh'
[13.561s] INFO:colcon.colcon_core.shell:Creating prefix util module '/home/ari/ros-tut/install/_local_setup_util_sh.py'
[13.562s] INFO:colcon.colcon_core.shell:Creating prefix chain script '/home/ari/ros-tut/install/setup.sh'
[13.566s] INFO:colcon.colcon_core.shell:Creating prefix script '/home/ari/ros-tut/install/local_setup.bash'
[13.566s] INFO:colcon.colcon_core.shell:Creating prefix chain script '/home/ari/ros-tut/install/setup.bash'
[13.569s] INFO:colcon.colcon_core.shell:Creating prefix script '/home/ari/ros-tut/install/local_setup.zsh'
[13.569s] INFO:colcon.colcon_core.shell:Creating prefix chain script '/home/ari/ros-tut/install/setup.zsh'
