[0.016s] Invoking command in '/home/ari/ros-tut/build/ros_tut': CMAKE_PREFIX_PATH=${CMAKE_PREFIX_PATH}:/opt/ros/foxy /usr/bin/cmake --build /home/ari/ros-tut/build/ros_tut -- -j8 -l8
[0.075s] [  3%] Built target my_node
[0.082s] [  7%] Built target listener
[0.084s] [ 10%] Built target ros_tut__cpp
[0.084s] [ 12%] Built target talker
[0.085s] [ 21%] Built target ros_tut__rosidl_generator_c
[0.085s] [ 25%] Built target kill_turtles
[0.109s] [ 38%] Built target ros_tut__rosidl_typesupport_fastrtps_cpp
[0.110s] [ 43%] Built target ros_tut__rosidl_typesupport_c
[0.111s] [ 52%] Built target ros_tut__rosidl_typesupport_cpp
[0.113s] [ 63%] Built target ros_tut__rosidl_typesupport_introspection_cpp
[0.113s] [ 70%] Built target ros_tut__rosidl_typesupport_introspection_c
[0.131s] [ 80%] Built target ros_tut__rosidl_typesupport_fastrtps_c
[0.143s] [ 80%] Built target ros_tut
[0.155s] [ 81%] Built target ros_tut__py
[0.173s] [ 89%] Built target ros_tut__python
[0.193s] [ 92%] Built target ros_tut__rosidl_typesupport_c__pyext
[0.194s] [ 96%] Built target ros_tut__rosidl_typesupport_fastrtps_c__pyext
[0.194s] [100%] Built target ros_tut__rosidl_typesupport_introspection_c__pyext
[0.202s] Invoked command in '/home/ari/ros-tut/build/ros_tut' returned '0': CMAKE_PREFIX_PATH=${CMAKE_PREFIX_PATH}:/opt/ros/foxy /usr/bin/cmake --build /home/ari/ros-tut/build/ros_tut -- -j8 -l8
[0.280s] Invoking command in '/home/ari/ros-tut/build/ros_tut': CMAKE_PREFIX_PATH=${CMAKE_PREFIX_PATH}:/opt/ros/foxy /usr/bin/cmake --install /home/ari/ros-tut/build/ros_tut
[0.285s] -- Install configuration: ""
[0.285s] -- Up-to-date: /home/ari/ros-tut/install/ros_tut/share/ament_index/resource_index/rosidl_interfaces/ros_tut
[0.285s] -- Up-to-date: /home/ari/ros-tut/install/ros_tut/include/ros_tut
[0.285s] -- Up-to-date: /home/ari/ros-tut/install/ros_tut/include/ros_tut/msg
[0.285s] -- Up-to-date: /home/ari/ros-tut/install/ros_tut/include/ros_tut/msg/detail
[0.285s] -- Up-to-date: /home/ari/ros-tut/install/ros_tut/include/ros_tut/msg/detail/num__type_support.h
[0.285s] -- Up-to-date: /home/ari/ros-tut/install/ros_tut/include/ros_tut/msg/detail/num__functions.c
[0.285s] -- Up-to-date: /home/ari/ros-tut/install/ros_tut/include/ros_tut/msg/detail/num__struct.h
[0.286s] -- Up-to-date: /home/ari/ros-tut/install/ros_tut/include/ros_tut/msg/detail/num__functions.h
[0.286s] -- Up-to-date: /home/ari/ros-tut/install/ros_tut/include/ros_tut/msg/rosidl_generator_c__visibility_control.h
[0.286s] -- Up-to-date: /home/ari/ros-tut/install/ros_tut/include/ros_tut/msg/num.h
[0.286s] -- Up-to-date: /home/ari/ros-tut/install/ros_tut/include/ros_tut/srv
[0.286s] -- Up-to-date: /home/ari/ros-tut/install/ros_tut/include/ros_tut/srv/detail
[0.286s] -- Up-to-date: /home/ari/ros-tut/install/ros_tut/include/ros_tut/srv/detail/success__struct.h
[0.286s] -- Up-to-date: /home/ari/ros-tut/install/ros_tut/include/ros_tut/srv/detail/success__functions.c
[0.286s] -- Up-to-date: /home/ari/ros-tut/install/ros_tut/include/ros_tut/srv/detail/add_three_ints__type_support.h
[0.286s] -- Up-to-date: /home/ari/ros-tut/install/ros_tut/include/ros_tut/srv/detail/success__type_support.h
[0.286s] -- Up-to-date: /home/ari/ros-tut/install/ros_tut/include/ros_tut/srv/detail/success__functions.h
[0.286s] -- Up-to-date: /home/ari/ros-tut/install/ros_tut/include/ros_tut/srv/detail/add_three_ints__functions.h
[0.287s] -- Up-to-date: /home/ari/ros-tut/install/ros_tut/include/ros_tut/srv/detail/add_three_ints__functions.c
[0.287s] -- Up-to-date: /home/ari/ros-tut/install/ros_tut/include/ros_tut/srv/detail/add_three_ints__struct.h
[0.287s] -- Up-to-date: /home/ari/ros-tut/install/ros_tut/include/ros_tut/srv/success.h
[0.287s] -- Up-to-date: /home/ari/ros-tut/install/ros_tut/include/ros_tut/srv/add_three_ints.h
[0.287s] -- Up-to-date: /home/ari/ros-tut/install/ros_tut/share/ros_tut/environment/library_path.sh
[0.287s] -- Up-to-date: /home/ari/ros-tut/install/ros_tut/share/ros_tut/environment/library_path.dsv
[0.287s] -- Up-to-date: /home/ari/ros-tut/install/ros_tut/lib/libros_tut__rosidl_generator_c.so
[0.287s] -- Up-to-date: /home/ari/ros-tut/install/ros_tut/include/ros_tut
[0.287s] -- Up-to-date: /home/ari/ros-tut/install/ros_tut/include/ros_tut/msg
[0.287s] -- Up-to-date: /home/ari/ros-tut/install/ros_tut/include/ros_tut/msg/rosidl_typesupport_fastrtps_c__visibility_control.h
[0.287s] -- Up-to-date: /home/ari/ros-tut/install/ros_tut/include/ros_tut/msg/detail
[0.287s] -- Up-to-date: /home/ari/ros-tut/install/ros_tut/include/ros_tut/msg/detail/num__rosidl_typesupport_fastrtps_c.h
[0.287s] -- Up-to-date: /home/ari/ros-tut/install/ros_tut/include/ros_tut/srv
[0.287s] -- Up-to-date: /home/ari/ros-tut/install/ros_tut/include/ros_tut/srv/detail
[0.287s] -- Up-to-date: /home/ari/ros-tut/install/ros_tut/include/ros_tut/srv/detail/add_three_ints__rosidl_typesupport_fastrtps_c.h
[0.287s] -- Up-to-date: /home/ari/ros-tut/install/ros_tut/include/ros_tut/srv/detail/success__rosidl_typesupport_fastrtps_c.h
[0.287s] -- Up-to-date: /home/ari/ros-tut/install/ros_tut/lib/libros_tut__rosidl_typesupport_fastrtps_c.so
[0.287s] -- Up-to-date: /home/ari/ros-tut/install/ros_tut/include/ros_tut
[0.287s] -- Up-to-date: /home/ari/ros-tut/install/ros_tut/include/ros_tut/msg
[0.287s] -- Up-to-date: /home/ari/ros-tut/install/ros_tut/include/ros_tut/msg/detail
[0.287s] -- Up-to-date: /home/ari/ros-tut/install/ros_tut/include/ros_tut/msg/detail/num__rosidl_typesupport_fastrtps_cpp.hpp
[0.287s] -- Up-to-date: /home/ari/ros-tut/install/ros_tut/include/ros_tut/msg/detail/dds_fastrtps
[0.287s] -- Up-to-date: /home/ari/ros-tut/install/ros_tut/include/ros_tut/msg/rosidl_typesupport_fastrtps_cpp__visibility_control.h
[0.287s] -- Up-to-date: /home/ari/ros-tut/install/ros_tut/include/ros_tut/srv
[0.288s] -- Up-to-date: /home/ari/ros-tut/install/ros_tut/include/ros_tut/srv/detail
[0.288s] -- Up-to-date: /home/ari/ros-tut/install/ros_tut/include/ros_tut/srv/detail/add_three_ints__rosidl_typesupport_fastrtps_cpp.hpp
[0.288s] -- Up-to-date: /home/ari/ros-tut/install/ros_tut/include/ros_tut/srv/detail/success__rosidl_typesupport_fastrtps_cpp.hpp
[0.288s] -- Up-to-date: /home/ari/ros-tut/install/ros_tut/include/ros_tut/srv/detail/dds_fastrtps
[0.288s] -- Up-to-date: /home/ari/ros-tut/install/ros_tut/lib/libros_tut__rosidl_typesupport_fastrtps_cpp.so
[0.288s] -- Up-to-date: /home/ari/ros-tut/install/ros_tut/include/ros_tut
[0.288s] -- Up-to-date: /home/ari/ros-tut/install/ros_tut/include/ros_tut/msg
[0.288s] -- Up-to-date: /home/ari/ros-tut/install/ros_tut/include/ros_tut/msg/detail
[0.288s] -- Up-to-date: /home/ari/ros-tut/install/ros_tut/include/ros_tut/msg/detail/num__type_support.c
[0.288s] -- Up-to-date: /home/ari/ros-tut/install/ros_tut/include/ros_tut/msg/detail/num__rosidl_typesupport_introspection_c.h
[0.288s] -- Up-to-date: /home/ari/ros-tut/install/ros_tut/include/ros_tut/msg/rosidl_typesupport_introspection_c__visibility_control.h
[0.289s] -- Up-to-date: /home/ari/ros-tut/install/ros_tut/include/ros_tut/srv
[0.289s] -- Up-to-date: /home/ari/ros-tut/install/ros_tut/include/ros_tut/srv/detail
[0.289s] -- Up-to-date: /home/ari/ros-tut/install/ros_tut/include/ros_tut/srv/detail/success__rosidl_typesupport_introspection_c.h
[0.289s] -- Up-to-date: /home/ari/ros-tut/install/ros_tut/include/ros_tut/srv/detail/add_three_ints__type_support.c
[0.289s] -- Up-to-date: /home/ari/ros-tut/install/ros_tut/include/ros_tut/srv/detail/add_three_ints__rosidl_typesupport_introspection_c.h
[0.289s] -- Up-to-date: /home/ari/ros-tut/install/ros_tut/include/ros_tut/srv/detail/success__type_support.c
[0.289s] -- Up-to-date: /home/ari/ros-tut/install/ros_tut/lib/libros_tut__rosidl_typesupport_introspection_c.so
[0.289s] -- Up-to-date: /home/ari/ros-tut/install/ros_tut/lib/libros_tut__rosidl_typesupport_c.so
[0.289s] -- Up-to-date: /home/ari/ros-tut/install/ros_tut/include/ros_tut
[0.289s] -- Up-to-date: /home/ari/ros-tut/install/ros_tut/include/ros_tut/msg
[0.289s] -- Up-to-date: /home/ari/ros-tut/install/ros_tut/include/ros_tut/msg/detail
[0.289s] -- Up-to-date: /home/ari/ros-tut/install/ros_tut/include/ros_tut/msg/detail/num__struct.hpp
[0.289s] -- Up-to-date: /home/ari/ros-tut/install/ros_tut/include/ros_tut/msg/detail/num__traits.hpp
[0.289s] -- Up-to-date: /home/ari/ros-tut/install/ros_tut/include/ros_tut/msg/detail/num__builder.hpp
[0.290s] -- Up-to-date: /home/ari/ros-tut/install/ros_tut/include/ros_tut/msg/num.hpp
[0.290s] -- Up-to-date: /home/ari/ros-tut/install/ros_tut/include/ros_tut/srv
[0.290s] -- Up-to-date: /home/ari/ros-tut/install/ros_tut/include/ros_tut/srv/add_three_ints.hpp
[0.290s] -- Up-to-date: /home/ari/ros-tut/install/ros_tut/include/ros_tut/srv/detail
[0.290s] -- Up-to-date: /home/ari/ros-tut/install/ros_tut/include/ros_tut/srv/detail/add_three_ints__builder.hpp
[0.290s] -- Up-to-date: /home/ari/ros-tut/install/ros_tut/include/ros_tut/srv/detail/success__builder.hpp
[0.290s] -- Up-to-date: /home/ari/ros-tut/install/ros_tut/include/ros_tut/srv/detail/success__traits.hpp
[0.290s] -- Up-to-date: /home/ari/ros-tut/install/ros_tut/include/ros_tut/srv/detail/success__struct.hpp
[0.290s] -- Up-to-date: /home/ari/ros-tut/install/ros_tut/include/ros_tut/srv/detail/add_three_ints__traits.hpp
[0.290s] -- Up-to-date: /home/ari/ros-tut/install/ros_tut/include/ros_tut/srv/detail/add_three_ints__struct.hpp
[0.290s] -- Up-to-date: /home/ari/ros-tut/install/ros_tut/include/ros_tut/srv/success.hpp
[0.290s] -- Up-to-date: /home/ari/ros-tut/install/ros_tut/include/ros_tut
[0.290s] -- Up-to-date: /home/ari/ros-tut/install/ros_tut/include/ros_tut/msg
[0.290s] -- Up-to-date: /home/ari/ros-tut/install/ros_tut/include/ros_tut/msg/detail
[0.290s] -- Up-to-date: /home/ari/ros-tut/install/ros_tut/include/ros_tut/msg/detail/num__type_support.cpp
[0.290s] -- Up-to-date: /home/ari/ros-tut/install/ros_tut/include/ros_tut/msg/detail/num__rosidl_typesupport_introspection_cpp.hpp
[0.290s] -- Up-to-date: /home/ari/ros-tut/install/ros_tut/include/ros_tut/srv
[0.290s] -- Up-to-date: /home/ari/ros-tut/install/ros_tut/include/ros_tut/srv/detail
[0.290s] -- Up-to-date: /home/ari/ros-tut/install/ros_tut/include/ros_tut/srv/detail/add_three_ints__rosidl_typesupport_introspection_cpp.hpp
[0.290s] -- Up-to-date: /home/ari/ros-tut/install/ros_tut/include/ros_tut/srv/detail/success__type_support.cpp
[0.291s] -- Up-to-date: /home/ari/ros-tut/install/ros_tut/include/ros_tut/srv/detail/success__rosidl_typesupport_introspection_cpp.hpp
[0.291s] -- Up-to-date: /home/ari/ros-tut/install/ros_tut/include/ros_tut/srv/detail/add_three_ints__type_support.cpp
[0.291s] -- Up-to-date: /home/ari/ros-tut/install/ros_tut/lib/libros_tut__rosidl_typesupport_introspection_cpp.so
[0.291s] -- Up-to-date: /home/ari/ros-tut/install/ros_tut/lib/libros_tut__rosidl_typesupport_cpp.so
[0.291s] -- Up-to-date: /home/ari/ros-tut/install/ros_tut/share/ros_tut/environment/pythonpath.sh
[0.291s] -- Up-to-date: /home/ari/ros-tut/install/ros_tut/share/ros_tut/environment/pythonpath.dsv
[0.291s] -- Up-to-date: /home/ari/ros-tut/install/ros_tut/lib/python3.8/site-packages/ros_tut/__init__.py
[0.320s] -- Up-to-date: /home/ari/ros-tut/install/ros_tut/lib/python3.8/site-packages/ros_tut/msg
[0.320s] -- Up-to-date: /home/ari/ros-tut/install/ros_tut/lib/python3.8/site-packages/ros_tut/msg/_num_s.c
[0.320s] -- Up-to-date: /home/ari/ros-tut/install/ros_tut/lib/python3.8/site-packages/ros_tut/msg/_num.py
[0.320s] -- Up-to-date: /home/ari/ros-tut/install/ros_tut/lib/python3.8/site-packages/ros_tut/msg/__init__.py
[0.320s] -- Up-to-date: /home/ari/ros-tut/install/ros_tut/lib/python3.8/site-packages/ros_tut/srv
[0.321s] -- Up-to-date: /home/ari/ros-tut/install/ros_tut/lib/python3.8/site-packages/ros_tut/srv/_success_s.c
[0.321s] -- Up-to-date: /home/ari/ros-tut/install/ros_tut/lib/python3.8/site-packages/ros_tut/srv/_add_three_ints.py
[0.321s] -- Up-to-date: /home/ari/ros-tut/install/ros_tut/lib/python3.8/site-packages/ros_tut/srv/__init__.py
[0.321s] -- Up-to-date: /home/ari/ros-tut/install/ros_tut/lib/python3.8/site-packages/ros_tut/srv/_success.py
[0.321s] -- Up-to-date: /home/ari/ros-tut/install/ros_tut/lib/python3.8/site-packages/ros_tut/srv/_add_three_ints_s.c
[0.321s] -- Up-to-date: /home/ari/ros-tut/install/ros_tut/lib/python3.8/site-packages/ros_tut/ros_tut_s__rosidl_typesupport_fastrtps_c.cpython-38-aarch64-linux-gnu.so
[0.321s] -- Up-to-date: /home/ari/ros-tut/install/ros_tut/lib/python3.8/site-packages/ros_tut/ros_tut_s__rosidl_typesupport_introspection_c.cpython-38-aarch64-linux-gnu.so
[0.322s] -- Up-to-date: /home/ari/ros-tut/install/ros_tut/lib/python3.8/site-packages/ros_tut/ros_tut_s__rosidl_typesupport_c.cpython-38-aarch64-linux-gnu.so
[0.322s] -- Up-to-date: /home/ari/ros-tut/install/ros_tut/lib/libros_tut__python.so
[0.322s] -- Up-to-date: /home/ari/ros-tut/install/ros_tut/share/ros_tut/msg/Num.idl
[0.322s] -- Up-to-date: /home/ari/ros-tut/install/ros_tut/share/ros_tut/srv/AddThreeInts.idl
[0.322s] -- Up-to-date: /home/ari/ros-tut/install/ros_tut/share/ros_tut/srv/Success.idl
[0.322s] -- Up-to-date: /home/ari/ros-tut/install/ros_tut/share/ros_tut/msg/Num.msg
[0.322s] -- Up-to-date: /home/ari/ros-tut/install/ros_tut/share/ros_tut/srv/AddThreeInts.srv
[0.323s] -- Up-to-date: /home/ari/ros-tut/install/ros_tut/share/ros_tut/srv/AddThreeInts_Request.msg
[0.323s] -- Up-to-date: /home/ari/ros-tut/install/ros_tut/share/ros_tut/srv/AddThreeInts_Response.msg
[0.323s] -- Up-to-date: /home/ari/ros-tut/install/ros_tut/share/ros_tut/srv/Success.srv
[0.323s] -- Up-to-date: /home/ari/ros-tut/install/ros_tut/share/ros_tut/srv/Success_Request.msg
[0.323s] -- Up-to-date: /home/ari/ros-tut/install/ros_tut/share/ros_tut/srv/Success_Response.msg
[0.323s] -- Up-to-date: /home/ari/ros-tut/install/ros_tut/lib/ros_tut/my_node
[0.323s] -- Up-to-date: /home/ari/ros-tut/install/ros_tut/lib/ros_tut/talker
[0.323s] -- Up-to-date: /home/ari/ros-tut/install/ros_tut/lib/ros_tut/listener
[0.324s] -- Up-to-date: /home/ari/ros-tut/install/ros_tut/lib/ros_tut/libkill_turtles.so
[0.324s] -- Up-to-date: /home/ari/ros-tut/install/ros_tut/share/ament_index/resource_index/package_run_dependencies/ros_tut
[0.324s] -- Up-to-date: /home/ari/ros-tut/install/ros_tut/share/ament_index/resource_index/parent_prefix_path/ros_tut
[0.324s] -- Up-to-date: /home/ari/ros-tut/install/ros_tut/share/ros_tut/environment/ament_prefix_path.sh
[0.324s] -- Up-to-date: /home/ari/ros-tut/install/ros_tut/share/ros_tut/environment/ament_prefix_path.dsv
[0.324s] -- Up-to-date: /home/ari/ros-tut/install/ros_tut/share/ros_tut/environment/path.sh
[0.324s] -- Up-to-date: /home/ari/ros-tut/install/ros_tut/share/ros_tut/environment/path.dsv
[0.324s] -- Up-to-date: /home/ari/ros-tut/install/ros_tut/share/ros_tut/local_setup.bash
[0.324s] -- Up-to-date: /home/ari/ros-tut/install/ros_tut/share/ros_tut/local_setup.sh
[0.324s] -- Up-to-date: /home/ari/ros-tut/install/ros_tut/share/ros_tut/local_setup.zsh
[0.325s] -- Up-to-date: /home/ari/ros-tut/install/ros_tut/share/ros_tut/local_setup.dsv
[0.325s] -- Up-to-date: /home/ari/ros-tut/install/ros_tut/share/ros_tut/package.dsv
[0.325s] -- Up-to-date: /home/ari/ros-tut/install/ros_tut/share/ament_index/resource_index/packages/ros_tut
[0.325s] -- Up-to-date: /home/ari/ros-tut/install/ros_tut/share/ros_tut/cmake/ros_tut__rosidl_generator_cExport.cmake
[0.325s] -- Up-to-date: /home/ari/ros-tut/install/ros_tut/share/ros_tut/cmake/ros_tut__rosidl_generator_cExport-noconfig.cmake
[0.325s] -- Up-to-date: /home/ari/ros-tut/install/ros_tut/share/ros_tut/cmake/ros_tut__rosidl_typesupport_introspection_cExport.cmake
[0.325s] -- Up-to-date: /home/ari/ros-tut/install/ros_tut/share/ros_tut/cmake/ros_tut__rosidl_typesupport_introspection_cExport-noconfig.cmake
[0.326s] -- Up-to-date: /home/ari/ros-tut/install/ros_tut/share/ros_tut/cmake/ros_tut__rosidl_typesupport_cExport.cmake
[0.326s] -- Up-to-date: /home/ari/ros-tut/install/ros_tut/share/ros_tut/cmake/ros_tut__rosidl_typesupport_cExport-noconfig.cmake
[0.326s] -- Up-to-date: /home/ari/ros-tut/install/ros_tut/share/ros_tut/cmake/ros_tut__rosidl_generator_cppExport.cmake
[0.326s] -- Up-to-date: /home/ari/ros-tut/install/ros_tut/share/ros_tut/cmake/ros_tut__rosidl_typesupport_introspection_cppExport.cmake
[0.326s] -- Up-to-date: /home/ari/ros-tut/install/ros_tut/share/ros_tut/cmake/ros_tut__rosidl_typesupport_introspection_cppExport-noconfig.cmake
[0.326s] -- Up-to-date: /home/ari/ros-tut/install/ros_tut/share/ros_tut/cmake/ros_tut__rosidl_typesupport_cppExport.cmake
[0.326s] -- Up-to-date: /home/ari/ros-tut/install/ros_tut/share/ros_tut/cmake/ros_tut__rosidl_typesupport_cppExport-noconfig.cmake
[0.326s] -- Up-to-date: /home/ari/ros-tut/install/ros_tut/share/ament_index/resource_index/rclcpp_components/ros_tut
[0.326s] -- Up-to-date: /home/ari/ros-tut/install/ros_tut/share/ros_tut/cmake/rosidl_cmake-extras.cmake
[0.326s] -- Up-to-date: /home/ari/ros-tut/install/ros_tut/share/ros_tut/cmake/ament_cmake_export_dependencies-extras.cmake
[0.326s] -- Up-to-date: /home/ari/ros-tut/install/ros_tut/share/ros_tut/cmake/ament_cmake_export_libraries-extras.cmake
[0.326s] -- Up-to-date: /home/ari/ros-tut/install/ros_tut/share/ros_tut/cmake/ament_cmake_export_targets-extras.cmake
[0.326s] -- Up-to-date: /home/ari/ros-tut/install/ros_tut/share/ros_tut/cmake/ament_cmake_export_include_directories-extras.cmake
[0.326s] -- Up-to-date: /home/ari/ros-tut/install/ros_tut/share/ros_tut/cmake/rosidl_cmake_export_typesupport_libraries-extras.cmake
[0.327s] -- Up-to-date: /home/ari/ros-tut/install/ros_tut/share/ros_tut/cmake/rosidl_cmake_export_typesupport_targets-extras.cmake
[0.327s] -- Up-to-date: /home/ari/ros-tut/install/ros_tut/share/ros_tut/cmake/ros_tutConfig.cmake
[0.327s] -- Up-to-date: /home/ari/ros-tut/install/ros_tut/share/ros_tut/cmake/ros_tutConfig-version.cmake
[0.327s] -- Up-to-date: /home/ari/ros-tut/install/ros_tut/share/ros_tut/package.xml
[0.329s] Invoked command in '/home/ari/ros-tut/build/ros_tut' returned '0': CMAKE_PREFIX_PATH=${CMAKE_PREFIX_PATH}:/opt/ros/foxy /usr/bin/cmake --install /home/ari/ros-tut/build/ros_tut
