-- Found ament_cmake: 0.9.8 (/opt/ros/foxy/share/ament_cmake/cmake)
-- Using PYTHON_EXECUTABLE: /usr/bin/python3
-- Found rclcpp: 2.3.1 (/opt/ros/foxy/share/rclcpp/cmake)
-- Using all available rosidl_typesupport_c: rosidl_typesupport_fastrtps_c;rosidl_typesupport_introspection_c
-- Found rosidl_adapter: 1.2.1 (/opt/ros/foxy/share/rosidl_adapter/cmake)
-- Using all available rosidl_typesupport_cpp: rosidl_typesupport_fastrtps_cpp;rosidl_typesupport_introspection_cpp
-- Found rmw_implementation_cmake: 1.0.3 (/opt/ros/foxy/share/rmw_implementation_cmake/cmake)
-- Using RMW implementation 'rmw_fastrtps_cpp' as default
-- Found example_interfaces: 0.9.1 (/opt/ros/foxy/share/example_interfaces/cmake)
-- Found ament_lint_auto: 0.9.6 (/opt/ros/foxy/share/ament_lint_auto/cmake)
-- Added test 'copyright' to check source files copyright and LICENSE
-- Added test 'cppcheck' to perform static code analysis on C / C++ code
-- Configured cppcheck include dirs: $<BUILD_INTERFACE:/home/ari/ros-tut/include>
-- Configured cppcheck exclude dirs and/or files: 
-- Added test 'cpplint' to check C / C++ code against the Google style
-- Configured cpplint exclude dirs and/or files: 
-- Added test 'flake8' to check Python code syntax and style conventions
-- Added test 'lint_cmake' to check CMake code style
-- Added test 'pep257' to check Python code against some of the style conventions in PEP 257
-- Added test 'uncrustify' to check C / C++ code style
-- Configured uncrustify additional arguments: 
-- Added test 'xmllint' to check XML markup files
-- Configuring done
-- Generating done
-- Build files have been written to: /home/ari/ros-tut/build/ros-tut
[35m[1mScanning dependencies of target server[0m
[35m[1mScanning dependencies of target client[0m
[ 20%] Built target my_node
[ 40%] Built target listener
[ 60%] Built target talker
[ 70%] [32mBuilding CXX object CMakeFiles/client.dir/src/add_two_ints_client.cpp.o[0m
[ 80%] [32mBuilding CXX object CMakeFiles/server.dir/src/add_two_ints_server.cpp.o[0m
[ 90%] [32m[1mLinking CXX executable server[0m
[100%] [32m[1mLinking CXX executable client[0m
[100%] Built target server
[100%] Built target client
-- Install configuration: ""
-- Up-to-date: /home/ari/ros-tut/install/ros-tut/lib/ros-tut/my_node
-- Up-to-date: /home/ari/ros-tut/install/ros-tut/lib/ros-tut/talker
-- Up-to-date: /home/ari/ros-tut/install/ros-tut/lib/ros-tut/listener
-- Installing: /home/ari/ros-tut/install/ros-tut/lib/ros-tut/server
-- Set runtime path of "/home/ari/ros-tut/install/ros-tut/lib/ros-tut/server" to ""
-- Installing: /home/ari/ros-tut/install/ros-tut/lib/ros-tut/client
-- Set runtime path of "/home/ari/ros-tut/install/ros-tut/lib/ros-tut/client" to ""
-- Up-to-date: /home/ari/ros-tut/install/ros-tut/share/ament_index/resource_index/package_run_dependencies/ros-tut
-- Up-to-date: /home/ari/ros-tut/install/ros-tut/share/ament_index/resource_index/parent_prefix_path/ros-tut
-- Up-to-date: /home/ari/ros-tut/install/ros-tut/share/ros-tut/environment/ament_prefix_path.sh
-- Installing: /home/ari/ros-tut/install/ros-tut/share/ros-tut/environment/ament_prefix_path.dsv
-- Up-to-date: /home/ari/ros-tut/install/ros-tut/share/ros-tut/environment/path.sh
-- Installing: /home/ari/ros-tut/install/ros-tut/share/ros-tut/environment/path.dsv
-- Up-to-date: /home/ari/ros-tut/install/ros-tut/share/ros-tut/local_setup.bash
-- Up-to-date: /home/ari/ros-tut/install/ros-tut/share/ros-tut/local_setup.sh
-- Up-to-date: /home/ari/ros-tut/install/ros-tut/share/ros-tut/local_setup.zsh
-- Installing: /home/ari/ros-tut/install/ros-tut/share/ros-tut/local_setup.dsv
-- Installing: /home/ari/ros-tut/install/ros-tut/share/ros-tut/package.dsv
-- Up-to-date: /home/ari/ros-tut/install/ros-tut/share/ament_index/resource_index/packages/ros-tut
-- Up-to-date: /home/ari/ros-tut/install/ros-tut/share/ros-tut/cmake/ros-tutConfig.cmake
-- Up-to-date: /home/ari/ros-tut/install/ros-tut/share/ros-tut/cmake/ros-tutConfig-version.cmake
-- Up-to-date: /home/ari/ros-tut/install/ros-tut/share/ros-tut/package.xml
