[0.036s] Invoking command in '/home/ari/ros-tut/build/ros-tut': CMAKE_PREFIX_PATH=/opt/ros/foxy /usr/bin/cmake --build /home/ari/ros-tut/build/ros-tut -- -j8 -l8
[0.239s] -- Found ament_cmake: 0.9.8 (/opt/ros/foxy/share/ament_cmake/cmake)
[0.256s] -- Using PYTHON_EXECUTABLE: /usr/bin/python3
[0.369s] -- Found rclcpp: 2.3.1 (/opt/ros/foxy/share/rclcpp/cmake)
[0.522s] -- Using all available rosidl_typesupport_c: rosidl_typesupport_fastrtps_c;rosidl_typesupport_introspection_c
[0.532s] -- Found rosidl_adapter: 1.2.1 (/opt/ros/foxy/share/rosidl_adapter/cmake)
[0.675s] -- Using all available rosidl_typesupport_cpp: rosidl_typesupport_fastrtps_cpp;rosidl_typesupport_introspection_cpp
[0.726s] -- Found rmw_implementation_cmake: 1.0.3 (/opt/ros/foxy/share/rmw_implementation_cmake/cmake)
[0.729s] -- Using RMW implementation 'rmw_fastrtps_cpp' as default
[0.850s] -- Found example_interfaces: 0.9.1 (/opt/ros/foxy/share/example_interfaces/cmake)
[0.949s] -- Found ament_lint_auto: 0.9.6 (/opt/ros/foxy/share/ament_lint_auto/cmake)
[0.997s] -- Added test 'copyright' to check source files copyright and LICENSE
[1.014s] -- Added test 'cppcheck' to perform static code analysis on C / C++ code
[1.014s] -- Configured cppcheck include dirs: $<BUILD_INTERFACE:/home/ari/ros-tut/include>
[1.014s] -- Configured cppcheck exclude dirs and/or files: 
[1.022s] -- Added test 'cpplint' to check C / C++ code against the Google style
[1.022s] -- Configured cpplint exclude dirs and/or files: 
[1.025s] -- Added test 'flake8' to check Python code syntax and style conventions
[1.027s] -- Added test 'lint_cmake' to check CMake code style
[1.029s] -- Added test 'pep257' to check Python code against some of the style conventions in PEP 257
[1.038s] -- Added test 'uncrustify' to check C / C++ code style
[1.038s] -- Configured uncrustify additional arguments: 
[1.038s] -- Added test 'xmllint' to check XML markup files
[1.042s] -- Configuring done
[1.070s] -- Generating done
[1.073s] -- Build files have been written to: /home/ari/ros-tut/build/ros-tut
[1.102s] [35m[1mScanning dependencies of target server[0m
[1.102s] [35m[1mScanning dependencies of target client[0m
[1.122s] [ 20%] Built target my_node
[1.163s] [ 40%] Built target listener
[1.163s] [ 60%] Built target talker
[1.215s] [ 70%] [32mBuilding CXX object CMakeFiles/client.dir/src/add_two_ints_client.cpp.o[0m
[1.220s] [ 80%] [32mBuilding CXX object CMakeFiles/server.dir/src/add_two_ints_server.cpp.o[0m
[3.057s] [ 90%] [32m[1mLinking CXX executable server[0m
[3.135s] [100%] [32m[1mLinking CXX executable client[0m
[3.224s] [100%] Built target server
[3.234s] [100%] Built target client
[3.243s] Invoked command in '/home/ari/ros-tut/build/ros-tut' returned '0': CMAKE_PREFIX_PATH=/opt/ros/foxy /usr/bin/cmake --build /home/ari/ros-tut/build/ros-tut -- -j8 -l8
[3.278s] Invoking command in '/home/ari/ros-tut/build/ros-tut': CMAKE_PREFIX_PATH=/opt/ros/foxy /usr/bin/cmake --install /home/ari/ros-tut/build/ros-tut
[3.283s] -- Install configuration: ""
[3.283s] -- Up-to-date: /home/ari/ros-tut/install/ros-tut/lib/ros-tut/my_node
[3.285s] -- Up-to-date: /home/ari/ros-tut/install/ros-tut/lib/ros-tut/talker
[3.286s] -- Up-to-date: /home/ari/ros-tut/install/ros-tut/lib/ros-tut/listener
[3.286s] -- Installing: /home/ari/ros-tut/install/ros-tut/lib/ros-tut/server
[3.286s] -- Set runtime path of "/home/ari/ros-tut/install/ros-tut/lib/ros-tut/server" to ""
[3.286s] -- Installing: /home/ari/ros-tut/install/ros-tut/lib/ros-tut/client
[3.287s] -- Set runtime path of "/home/ari/ros-tut/install/ros-tut/lib/ros-tut/client" to ""
[3.287s] -- Up-to-date: /home/ari/ros-tut/install/ros-tut/share/ament_index/resource_index/package_run_dependencies/ros-tut
[3.287s] -- Up-to-date: /home/ari/ros-tut/install/ros-tut/share/ament_index/resource_index/parent_prefix_path/ros-tut
[3.287s] -- Up-to-date: /home/ari/ros-tut/install/ros-tut/share/ros-tut/environment/ament_prefix_path.sh
[3.288s] -- Installing: /home/ari/ros-tut/install/ros-tut/share/ros-tut/environment/ament_prefix_path.dsv
[3.289s] -- Up-to-date: /home/ari/ros-tut/install/ros-tut/share/ros-tut/environment/path.sh
[3.289s] -- Installing: /home/ari/ros-tut/install/ros-tut/share/ros-tut/environment/path.dsv
[3.289s] -- Up-to-date: /home/ari/ros-tut/install/ros-tut/share/ros-tut/local_setup.bash
[3.289s] -- Up-to-date: /home/ari/ros-tut/install/ros-tut/share/ros-tut/local_setup.sh
[3.289s] -- Up-to-date: /home/ari/ros-tut/install/ros-tut/share/ros-tut/local_setup.zsh
[3.289s] -- Installing: /home/ari/ros-tut/install/ros-tut/share/ros-tut/local_setup.dsv
[3.289s] -- Installing: /home/ari/ros-tut/install/ros-tut/share/ros-tut/package.dsv
[3.289s] -- Up-to-date: /home/ari/ros-tut/install/ros-tut/share/ament_index/resource_index/packages/ros-tut
[3.290s] -- Up-to-date: /home/ari/ros-tut/install/ros-tut/share/ros-tut/cmake/ros-tutConfig.cmake
[3.290s] -- Up-to-date: /home/ari/ros-tut/install/ros-tut/share/ros-tut/cmake/ros-tutConfig-version.cmake
[3.290s] -- Up-to-date: /home/ari/ros-tut/install/ros-tut/share/ros-tut/package.xml
[3.293s] Invoked command in '/home/ari/ros-tut/build/ros-tut' returned '0': CMAKE_PREFIX_PATH=/opt/ros/foxy /usr/bin/cmake --install /home/ari/ros-tut/build/ros-tut
